Start auto log messages stack - Iteration 1.	[MsgId: MMSG-10545]
Starting action Action.	[MsgId: MMSG-15919]
Action.c(3): Notify: Transaction "03_Choose_flight" started.	[MsgId: MMSG-16999]
Action.c(5): web_set_sockets_option started  	[MsgId: MMSG-26355]
Action.c(5): Error -27755: Unknown SSL version AUTO: use one of '2', '3', '2&3', 'TLS', 'TLS1.1', 'TLS1.2'  	[MsgId: MERR-27755]
End auto log messages stack.	[MsgId: MMSG-10544]


Start auto log messages stack - Iteration 1.	[MsgId: MMSG-10545]
Starting action Action.	[MsgId: MMSG-15919]
Action.c(3): Notify: Transaction "03_Choose_flight" started.	[MsgId: MMSG-16999]
Action.c(5): web_set_sockets_option started  	[MsgId: MMSG-26355]
Action.c(5): Error -27755: Unknown SSL version AUTO: use one of '2', '3', '2&3', 'TLS', 'TLS1.1', 'TLS1.2'  	[MsgId: MERR-27755]
End auto log messages stack.	[MsgId: MMSG-10544]


Start auto log messages stack - Iteration 2.	[MsgId: MMSG-10545]
Starting action Action.	[MsgId: MMSG-15919]
Action.c(3): Notify: Transaction "03_Choose_flight" started.	[MsgId: MMSG-16999]
Action.c(5): web_set_sockets_option started  	[MsgId: MMSG-26355]
Action.c(5): Error -27755: Unknown SSL version AUTO: use one of '2', '3', '2&3', 'TLS', 'TLS1.1', 'TLS1.2'  	[MsgId: MERR-27755]
End auto log messages stack.	[MsgId: MMSG-10544]


Start auto log messages stack - Iteration 2.	[MsgId: MMSG-10545]
Starting action Action.	[MsgId: MMSG-15919]
Action.c(3): Notify: Transaction "03_Choose_flight" started.	[MsgId: MMSG-16999]
Action.c(5): web_set_sockets_option started  	[MsgId: MMSG-26355]
Action.c(5): Error -27755: Unknown SSL version AUTO: use one of '2', '3', '2&3', 'TLS', 'TLS1.1', 'TLS1.2'  	[MsgId: MERR-27755]
End auto log messages stack.	[MsgId: MMSG-10544]


Start auto log messages stack - Iteration 3.	[MsgId: MMSG-10545]
Starting action Action.	[MsgId: MMSG-15919]
Action.c(3): Notify: Transaction "03_Choose_flight" started.	[MsgId: MMSG-16999]
Action.c(5): web_set_sockets_option started  	[MsgId: MMSG-26355]
Action.c(5): Error -27755: Unknown SSL version AUTO: use one of '2', '3', '2&3', 'TLS', 'TLS1.1', 'TLS1.2'  	[MsgId: MERR-27755]
End auto log messages stack.	[MsgId: MMSG-10544]


Start auto log messages stack - Iteration 3.	[MsgId: MMSG-10545]
Starting action Action.	[MsgId: MMSG-15919]
Action.c(3): Notify: Transaction "03_Choose_flight" started.	[MsgId: MMSG-16999]
Action.c(5): web_set_sockets_option started  	[MsgId: MMSG-26355]
Action.c(5): Error -27755: Unknown SSL version AUTO: use one of '2', '3', '2&3', 'TLS', 'TLS1.1', 'TLS1.2'  	[MsgId: MERR-27755]
End auto log messages stack.	[MsgId: MMSG-10544]


Start auto log messages stack - Iteration 4.	[MsgId: MMSG-10545]
Starting action Action.	[MsgId: MMSG-15919]
Action.c(3): Notify: Transaction "03_Choose_flight" started.	[MsgId: MMSG-16999]
Action.c(5): web_set_sockets_option started  	[MsgId: MMSG-26355]
Action.c(5): Error -27755: Unknown SSL version AUTO: use one of '2', '3', '2&3', 'TLS', 'TLS1.1', 'TLS1.2'  	[MsgId: MERR-27755]
End auto log messages stack.	[MsgId: MMSG-10544]


Start auto log messages stack - Iteration 4.	[MsgId: MMSG-10545]
Starting action Action.	[MsgId: MMSG-15919]
Action.c(3): Notify: Transaction "03_Choose_flight" started.	[MsgId: MMSG-16999]
Action.c(5): web_set_sockets_option started  	[MsgId: MMSG-26355]
Action.c(5): Error -27755: Unknown SSL version AUTO: use one of '2', '3', '2&3', 'TLS', 'TLS1.1', 'TLS1.2'  	[MsgId: MERR-27755]
End auto log messages stack.	[MsgId: MMSG-10544]


Start auto log messages stack - Iteration 5.	[MsgId: MMSG-10545]
Starting action Action.	[MsgId: MMSG-15919]
Action.c(3): Notify: Transaction "03_Choose_flight" started.	[MsgId: MMSG-16999]
Action.c(5): web_set_sockets_option started  	[MsgId: MMSG-26355]
Action.c(5): Error -27755: Unknown SSL version AUTO: use one of '2', '3', '2&3', 'TLS', 'TLS1.1', 'TLS1.2'  	[MsgId: MERR-27755]
End auto log messages stack.	[MsgId: MMSG-10544]


Start auto log messages stack - Iteration 5.	[MsgId: MMSG-10545]
Starting action Action.	[MsgId: MMSG-15919]
Action.c(3): Notify: Transaction "03_Choose_flight" started.	[MsgId: MMSG-16999]
Action.c(5): web_set_sockets_option started  	[MsgId: MMSG-26355]
Action.c(5): Error -27755: Unknown SSL version AUTO: use one of '2', '3', '2&3', 'TLS', 'TLS1.1', 'TLS1.2'  	[MsgId: MERR-27755]
End auto log messages stack.	[MsgId: MMSG-10544]


Start auto log messages stack - Iteration 6.	[MsgId: MMSG-10545]
Starting action Action.	[MsgId: MMSG-15919]
Action.c(3): Notify: Transaction "03_Choose_flight" started.	[MsgId: MMSG-16999]
Action.c(5): web_set_sockets_option started  	[MsgId: MMSG-26355]
Action.c(5): Error -27755: Unknown SSL version AUTO: use one of '2', '3', '2&3', 'TLS', 'TLS1.1', 'TLS1.2'  	[MsgId: MERR-27755]
End auto log messages stack.	[MsgId: MMSG-10544]


Start auto log messages stack - Iteration 6.	[MsgId: MMSG-10545]
Starting action Action.	[MsgId: MMSG-15919]
Action.c(3): Notify: Transaction "03_Choose_flight" started.	[MsgId: MMSG-16999]
Action.c(5): web_set_sockets_option started  	[MsgId: MMSG-26355]
Action.c(5): Error -27755: Unknown SSL version AUTO: use one of '2', '3', '2&3', 'TLS', 'TLS1.1', 'TLS1.2'  	[MsgId: MERR-27755]
End auto log messages stack.	[MsgId: MMSG-10544]


Start auto log messages stack - Iteration 7.	[MsgId: MMSG-10545]
Starting action Action.	[MsgId: MMSG-15919]
Action.c(3): Notify: Transaction "03_Choose_flight" started.	[MsgId: MMSG-16999]
Action.c(5): web_set_sockets_option started  	[MsgId: MMSG-26355]
Action.c(5): Error -27755: Unknown SSL version AUTO: use one of '2', '3', '2&3', 'TLS', 'TLS1.1', 'TLS1.2'  	[MsgId: MERR-27755]
End auto log messages stack.	[MsgId: MMSG-10544]


Start auto log messages stack - Iteration 7.	[MsgId: MMSG-10545]
Starting action Action.	[MsgId: MMSG-15919]
Action.c(3): Notify: Transaction "03_Choose_flight" started.	[MsgId: MMSG-16999]
Action.c(5): web_set_sockets_option started  	[MsgId: MMSG-26355]
Action.c(5): Error -27755: Unknown SSL version AUTO: use one of '2', '3', '2&3', 'TLS', 'TLS1.1', 'TLS1.2'  	[MsgId: MERR-27755]
End auto log messages stack.	[MsgId: MMSG-10544]


Start auto log messages stack - Iteration 8.	[MsgId: MMSG-10545]
Starting action Action.	[MsgId: MMSG-15919]
Action.c(3): Notify: Transaction "03_Choose_flight" started.	[MsgId: MMSG-16999]
Action.c(5): web_set_sockets_option started  	[MsgId: MMSG-26355]
Action.c(5): Error -27755: Unknown SSL version AUTO: use one of '2', '3', '2&3', 'TLS', 'TLS1.1', 'TLS1.2'  	[MsgId: MERR-27755]
End auto log messages stack.	[MsgId: MMSG-10544]


