Virtual User Script started at: 20.09.2020 15:59:12	[MsgId: MMSG-15967]
Starting action vuser_init.	[MsgId: MMSG-15919]
Web Turbo Replay of LoadRunner 12.55.0 for Windows 10; build 911 (июл 24 2017 19:46:00)  	[MsgId: MMSG-26983]
Run mode: HTML  	[MsgId: MMSG-26993]
Replay user agent: Mozilla/5.0 (Windows NT 10.0; WOW64) AppleWebKit/537.36 (KHTML, like Gecko) Chrome/85.0.4183.102 Safari/537.36  	[MsgId: MMSG-26988]
Run-Time Settings file: "C:\Users\Сабина\AppData\Local\Temp\lr5tmpdirIEE.288\lrcfg6ro.289\cfgNFf.304"  	[MsgId: MMSG-27141]
Ending action vuser_init.	[MsgId: MMSG-15918]
Running Vuser...	[MsgId: MMSG-15964]
Starting iteration 1.	[MsgId: MMSG-15968]
Maximum number of concurrent connections per server: 6  	[MsgId: MMSG-26989]
Starting action Action.	[MsgId: MMSG-15919]
Action.c(3): Notify: Transaction "01_Cancel_flight" started.	[MsgId: MMSG-16999]
Action.c(5): web_set_sockets_option started  	[MsgId: MMSG-26355]
Action.c(5): Error -27755: Unknown SSL version AUTO: use one of '2', '3', '2&3', 'TLS', 'TLS1.1', 'TLS1.2'  	[MsgId: MERR-27755]
Action.c(5): web_set_sockets_option highest severity level was "ERROR"  	[MsgId: MMSG-26391]
Action.c(5): Notify: Transaction "01_Cancel_flight" ended with a "Fail" status (Duration: 0,0254).	[MsgId: MMSG-16873]
Action.c(5): Notify: Transaction "01_Cancel_flight" has 1 error message(s).	[MsgId: MMSG-16818]
Action.c(5): Notify: The 1st error message associated with transaction "01_Cancel_flight" is "Error -27755: Unknown SSL version AUTO: use one of '2', '3', '2&3', 'TLS', 'TLS1.1', 'TLS1.2'"	[MsgId: MMSG-16819]
Ending action Action.	[MsgId: MMSG-15918]
Ending iteration 1.	[MsgId: MMSG-15965]
Waiting 149,9420 seconds for iteration pacing.	[MsgId: MMSG-15996]
Virtual User Script started at: 20.09.2020 15:59:58	[MsgId: MMSG-15967]
Starting action vuser_init.	[MsgId: MMSG-15919]
Web Turbo Replay of LoadRunner 12.55.0 for Windows 10; build 911 (июл 24 2017 19:46:00)  	[MsgId: MMSG-26983]
Run mode: HTML  	[MsgId: MMSG-26993]
Replay user agent: Mozilla/5.0 (Windows NT 10.0; WOW64) AppleWebKit/537.36 (KHTML, like Gecko) Chrome/85.0.4183.102 Safari/537.36  	[MsgId: MMSG-26988]
Run-Time Settings file: "C:\Users\Сабина\AppData\Local\Temp\lr5tmpdirIEE.288\lrcfg6ro.289\cfgNFf.304"  	[MsgId: MMSG-27141]
Ending action vuser_init.	[MsgId: MMSG-15918]
Running Vuser...	[MsgId: MMSG-15964]
Starting iteration 1.	[MsgId: MMSG-15968]
Maximum number of concurrent connections per server: 6  	[MsgId: MMSG-26989]
Starting action Action.	[MsgId: MMSG-15919]
Action.c(3): Notify: Transaction "01_Cancel_flight" started.	[MsgId: MMSG-16999]
Action.c(5): web_set_sockets_option started  	[MsgId: MMSG-26355]
Action.c(5): Error -27755: Unknown SSL version AUTO: use one of '2', '3', '2&3', 'TLS', 'TLS1.1', 'TLS1.2'  	[MsgId: MERR-27755]
Action.c(5): web_set_sockets_option highest severity level was "ERROR"  	[MsgId: MMSG-26391]
Action.c(5): Notify: Transaction "01_Cancel_flight" ended with a "Fail" status (Duration: 0,0009).	[MsgId: MMSG-16873]
Action.c(5): Notify: Transaction "01_Cancel_flight" has 1 error message(s).	[MsgId: MMSG-16818]
Action.c(5): Notify: The 1st error message associated with transaction "01_Cancel_flight" is "Error -27755: Unknown SSL version AUTO: use one of '2', '3', '2&3', 'TLS', 'TLS1.1', 'TLS1.2'"	[MsgId: MMSG-16819]
Ending action Action.	[MsgId: MMSG-15918]
Ending iteration 1.	[MsgId: MMSG-15965]
Waiting 149,9980 seconds for iteration pacing.	[MsgId: MMSG-15996]
Action was aborted.	[MsgId: MMSG-10694]
Action was aborted.	[MsgId: MMSG-10694]
Ending Vuser...	[MsgId: MMSG-15966]
Ending Vuser...	[MsgId: MMSG-15966]
Starting action vuser_end.	[MsgId: MMSG-15919]
Starting action vuser_end.	[MsgId: MMSG-15919]
Ending action vuser_end.	[MsgId: MMSG-15918]
Ending action vuser_end.	[MsgId: MMSG-15918]
Vuser Terminated.	[MsgId: MMSG-15963]
Vuser Terminated.	[MsgId: MMSG-15963]
Vuser 1 (thread 8752), ended OK."	[MsgId: MMSG-10695]
Vuser 0 (thread 6488), ended OK."	[MsgId: MMSG-10695]
