Virtual User Script started at: 22.09.2020 14:34:34	[MsgId: MMSG-15967]
Starting action vuser_init.	[MsgId: MMSG-15919]
Web Turbo Replay of LoadRunner 12.55.0 for Windows 10; build 911 (июл 24 2017 19:46:00)  	[MsgId: MMSG-26983]
Run mode: HTML  	[MsgId: MMSG-26993]
Replay user agent: Mozilla/5.0 (Windows NT 10.0; WOW64) AppleWebKit/537.36 (KHTML, like Gecko) Chrome/85.0.4183.102 Safari/537.36  	[MsgId: MMSG-26988]
Run-Time Settings file: "C:\Users\Сабина\AppData\Local\Temp\lr5tmpdirwUu.84\lrcfgzDl.307\cfgMi6.347"  	[MsgId: MMSG-27141]
Ending action vuser_init.	[MsgId: MMSG-15918]
Running Vuser...	[MsgId: MMSG-15964]
Starting iteration 1.	[MsgId: MMSG-15968]
Maximum number of concurrent connections per server: 6  	[MsgId: MMSG-26989]
Starting action Action.	[MsgId: MMSG-15919]
Action.c(3): Notify: Transaction "01_Cancel_flight" started.	[MsgId: MMSG-16999]
Action.c(5): web_set_sockets_option started  	[MsgId: MMSG-26355]
Action.c(5): web_set_sockets_option was successful  	[MsgId: MMSG-26392]
Action.c(7): web_add_auto_header("Sec-Fetch-Site") started  	[MsgId: MMSG-26355]
Action.c(7): web_add_auto_header("Sec-Fetch-Site") was successful  	[MsgId: MMSG-26392]
Action.c(10): web_add_auto_header("Sec-Fetch-Dest") started  	[MsgId: MMSG-26355]
Action.c(10): web_add_auto_header("Sec-Fetch-Dest") was successful  	[MsgId: MMSG-26392]
Action.c(13): web_add_auto_header("Sec-Fetch-Mode") started  	[MsgId: MMSG-26355]
Action.c(13): web_add_auto_header("Sec-Fetch-Mode") was successful  	[MsgId: MMSG-26392]
Action.c(16): web_add_auto_header("Sec-Fetch-User") started  	[MsgId: MMSG-26355]
Action.c(16): web_add_auto_header("Sec-Fetch-User") was successful  	[MsgId: MMSG-26392]
Action.c(19): web_add_auto_header("Upgrade-Insecure-Requests") started  	[MsgId: MMSG-26355]
Action.c(19): web_add_auto_header("Upgrade-Insecure-Requests") was successful  	[MsgId: MMSG-26392]
Action.c(22): Notify: Transaction "connection" started.	[MsgId: MMSG-16999]
Action.c(25): web_reg_save_param started  	[MsgId: MMSG-26355]
Action.c(25): Registering web_reg_save_param was successful  	[MsgId: MMSG-26390]
Action.c(31): web_reg_find started  	[MsgId: MMSG-26355]
Action.c(31): Registering web_reg_find was successful  	[MsgId: MMSG-26390]
Action.c(34): web_url("WebTours") started  	[MsgId: MMSG-26355]
Action.c(34): Detected non-resource "http://localhost:1080/WebTours/header.html" in "http://localhost:1080/WebTours/"  	[MsgId: MMSG-26574]
Action.c(34): Detected non-resource "http://localhost:1080/cgi-bin/welcome.pl?signOff=true" in "http://localhost:1080/WebTours/"  	[MsgId: MMSG-26574]
Action.c(34): Found resource "http://localhost:1080/WebTours/images/hp_logo.png" in HTML "http://localhost:1080/WebTours/header.html"  	[MsgId: MMSG-26659]
Action.c(34): Found resource "http://localhost:1080/WebTours/images/webtours.png" in HTML "http://localhost:1080/WebTours/header.html"  	[MsgId: MMSG-26659]
Action.c(34): Detected non-resource "http://localhost:1080/cgi-bin/nav.pl?in=home" in "http://localhost:1080/cgi-bin/welcome.pl?signOff=true"  	[MsgId: MMSG-26574]
Action.c(34): Detected non-resource "http://localhost:1080/WebTours/home.html" in "http://localhost:1080/cgi-bin/welcome.pl?signOff=true"  	[MsgId: MMSG-26574]
Action.c(34): Notify: Saving Parameter "userSession = 129669.864236533zzzQiQDpztVzzzzHtAAVQpDzVif".	[MsgId: MMSG-13798]
Action.c(34): Found resource "http://localhost:1080/WebTours/images/mer_login.gif" in HTML "http://localhost:1080/cgi-bin/nav.pl?in=home"  	[MsgId: MMSG-26659]
Action.c(34): Registered web_reg_find successful for "Text=A Session ID has been created and loaded into a cookie called MSO." (count=1)  	[MsgId: MMSG-26364]
Action.c(34): web_url("WebTours") was successful, 10079 body bytes, 2371 header bytes, 24 chunking overhead bytes  	[MsgId: MMSG-26385]
Action.c(44): Notify: Transaction "connection" ended with a "Pass" status (Duration: 0,4059 Wasted Time: 0,0003).	[MsgId: MMSG-16871]
Action.c(46): web_remove_auto_header("Sec-Fetch-User") started  	[MsgId: MMSG-26355]
Action.c(46): Previous automatically added web header for "Sec-Fetch-User" removed  	[MsgId: MMSG-26587]
Action.c(46): web_remove/revert_auto_header("Sec-Fetch-User") was successful  	[MsgId: MMSG-26392]
Action.c(48): web_add_auto_header("Sec-Fetch-Dest") started  	[MsgId: MMSG-26355]
Action.c(48): web_add_auto_header("Sec-Fetch-Dest") was successful  	[MsgId: MMSG-26392]
Action.c(51): web_remove_auto_header("Upgrade-Insecure-Requests") started  	[MsgId: MMSG-26355]
Action.c(51): Previous automatically added web header for "Upgrade-Insecure-Requests" removed  	[MsgId: MMSG-26587]
Action.c(51): web_remove/revert_auto_header("Upgrade-Insecure-Requests") was successful  	[MsgId: MMSG-26392]
Action.c(53): web_add_header("Origin") started  	[MsgId: MMSG-26355]
Action.c(53): web_add_header("Origin") was successful  	[MsgId: MMSG-26392]
Action.c(56): web_add_auto_header("Sec-Fetch-Site") started  	[MsgId: MMSG-26355]
Action.c(56): web_add_auto_header("Sec-Fetch-Site") was successful  	[MsgId: MMSG-26392]
Action.c(59): Notify: Transaction "login" started.	[MsgId: MMSG-16999]
Action.c(62): web_reg_find started  	[MsgId: MMSG-26355]
Action.c(62): Registering web_reg_find was successful  	[MsgId: MMSG-26390]
Action.c(65): web_submit_data("login.pl") started  	[MsgId: MMSG-26355]
Action.c(65): Notify: Parameter Substitution: parameter "userSession" =  "129669.864236533zzzQiQDpztVzzzzHtAAVQpDzVif"	[MsgId: MMSG-13992]
Action.c(65): Notify: Parameter Substitution: parameter "login" =  "VUser12"	[MsgId: MMSG-13992]
Action.c(65): Notify: Next row for parameter password = 12 [table  = password].	[MsgId: MMSG-13876]
Action.c(65): Notify: Parameter Substitution: parameter "password" =  "VUser12"	[MsgId: MMSG-13992]
Action.c(65): Detected non-resource "http://localhost:1080/cgi-bin/nav.pl?page=menu&in=home" in "http://localhost:1080/cgi-bin/login.pl"  	[MsgId: MMSG-26574]
Action.c(65): Detected non-resource "http://localhost:1080/cgi-bin/login.pl?intro=true" in "http://localhost:1080/cgi-bin/login.pl"  	[MsgId: MMSG-26574]
Action.c(65): Found resource "http://localhost:1080/WebTours/images/flights.gif" in HTML "http://localhost:1080/cgi-bin/nav.pl?page=menu&in=home"  	[MsgId: MMSG-26659]
Action.c(65): Found resource "http://localhost:1080/WebTours/images/itinerary.gif" in HTML "http://localhost:1080/cgi-bin/nav.pl?page=menu&in=home"  	[MsgId: MMSG-26659]
Action.c(65): Found resource "http://localhost:1080/WebTours/images/in_home.gif" in HTML "http://localhost:1080/cgi-bin/nav.pl?page=menu&in=home"  	[MsgId: MMSG-26659]
Action.c(65): Found resource "http://localhost:1080/WebTours/images/signoff.gif" in HTML "http://localhost:1080/cgi-bin/nav.pl?page=menu&in=home"  	[MsgId: MMSG-26659]
Action.c(65): Registered web_reg_find successful for "Text=User password was correct - added a cookie with the user's default" (count=1)  	[MsgId: MMSG-26364]
Action.c(65): web_submit_data("login.pl") was successful, 5782 body bytes, 2026 header bytes, 36 chunking overhead bytes  	[MsgId: MMSG-26385]
Action.c(82): Notify: Transaction "login" ended with a "Pass" status (Duration: 0,5340 Wasted Time: 0,0002).	[MsgId: MMSG-16871]
Action.c(84): web_add_auto_header("Sec-Fetch-User") started  	[MsgId: MMSG-26355]
Action.c(84): web_add_auto_header("Sec-Fetch-User") was successful  	[MsgId: MMSG-26392]
Action.c(87): web_add_auto_header("Upgrade-Insecure-Requests") started  	[MsgId: MMSG-26355]
Action.c(87): web_add_auto_header("Upgrade-Insecure-Requests") was successful  	[MsgId: MMSG-26392]
Action.c(90): Think time - Waiting 5,00 seconds (according to limit).	[MsgId: MMSG-15946]
Action.c(90): lr_think_time: 5,00 seconds (recorded think time was 6,00 seconds).	[MsgId: MMSG-15947]
Action.c(92): web_url("Search Flights Button") started  	[MsgId: MMSG-26355]
Action.c(92): Detected non-resource "http://localhost:1080/cgi-bin/nav.pl?page=menu&in=flights" in "http://localhost:1080/cgi-bin/welcome.pl?page=search"  	[MsgId: MMSG-26574]
Action.c(92): Detected non-resource "http://localhost:1080/cgi-bin/reservations.pl?page=welcome" in "http://localhost:1080/cgi-bin/welcome.pl?page=search"  	[MsgId: MMSG-26574]
Action.c(92): Found resource "http://localhost:1080/WebTours/images/in_flights.gif" in HTML "http://localhost:1080/cgi-bin/nav.pl?page=menu&in=flights"  	[MsgId: MMSG-26659]
Action.c(92): Resource "http://localhost:1080/WebTours/images/itinerary.gif" is in the cache already and will not be downloaded again  	[MsgId: MMSG-26655]
Action.c(92): Found resource "http://localhost:1080/WebTours/images/home.gif" in HTML "http://localhost:1080/cgi-bin/nav.pl?page=menu&in=flights"  	[MsgId: MMSG-26659]
Action.c(92): Resource "http://localhost:1080/WebTours/images/signoff.gif" is in the cache already and will not be downloaded again  	[MsgId: MMSG-26655]
Action.c(92): Found resource "http://localhost:1080/WebTours/images/button_next.gif" in HTML "http://localhost:1080/cgi-bin/reservations.pl?page=welcome"  	[MsgId: MMSG-26659]
Action.c(92): web_url("Search Flights Button") was successful, 8516 body bytes, 1620 header bytes, 43 chunking overhead bytes  	[MsgId: MMSG-26385]
Action.c(102): web_add_auto_header("Origin") started  	[MsgId: MMSG-26355]
Action.c(102): web_add_auto_header("Origin") was successful  	[MsgId: MMSG-26392]
Action.c(105): Think time - Waiting 5,00 seconds (according to limit).	[MsgId: MMSG-15946]
Action.c(105): lr_think_time: 5,00 seconds (recorded think time was 22,00 seconds).	[MsgId: MMSG-15947]
Action.c(107): Notify: Transaction "insert_info_for_ticket_search" started.	[MsgId: MMSG-16999]
Action.c(110): web_reg_find started  	[MsgId: MMSG-26355]
Action.c(110): Notify: Parameter Substitution: parameter "departure" =  "Los Angeles"	[MsgId: MMSG-13992]
Action.c(110): Notify: Next row for parameter arrival = 10 [table  = arrival].	[MsgId: MMSG-13876]
Action.c(110): Notify: Parameter Substitution: parameter "arrival" =  "Seattle"	[MsgId: MMSG-13992]
Action.c(110): Notify: Parameter Substitution: parameter "departDate" =  "02/19/2021"	[MsgId: MMSG-13992]
Action.c(110): Registering web_reg_find was successful  	[MsgId: MMSG-26390]
Action.c(114): web_reg_save_param_attrib started  	[MsgId: MMSG-26355]
Action.c(114): Notify: Parameter Substitution: parameter "randIndex" =  "1"	[MsgId: MMSG-13992]
Action.c(114): Registering web_reg_save_param_attrib was successful  	[MsgId: MMSG-26390]
Action.c(125): web_reg_save_param started  	[MsgId: MMSG-26355]
Action.c(125): Notify: Parameter Substitution: parameter "randIndex" =  "1"	[MsgId: MMSG-13992]
Action.c(125): Registering web_reg_save_param was successful  	[MsgId: MMSG-26390]
Action.c(131): web_reg_save_param started  	[MsgId: MMSG-26355]
Action.c(131): Notify: Parameter Substitution: parameter "randIndex" =  "1"	[MsgId: MMSG-13992]
Action.c(131): Registering web_reg_save_param was successful  	[MsgId: MMSG-26390]
Action.c(137): web_submit_data("reservations.pl") started  	[MsgId: MMSG-26355]
Action.c(137): Notify: Parameter Substitution: parameter "departure" =  "Los Angeles"	[MsgId: MMSG-13992]
Action.c(137): Notify: Parameter Substitution: parameter "departDate" =  "02/19/2021"	[MsgId: MMSG-13992]
Action.c(137): Notify: Next row for parameter arrival = 10 [table  = arrival].	[MsgId: MMSG-13876]
Action.c(137): Notify: Parameter Substitution: parameter "arrival" =  "Seattle"	[MsgId: MMSG-13992]
Action.c(137): Notify: Parameter Substitution: parameter "returnDate" =  "05/30/2021"	[MsgId: MMSG-13992]
Action.c(137): Notify: Parameter Substitution: parameter "numPassengers" =  "1"	[MsgId: MMSG-13992]
Action.c(137): Notify: Parameter Substitution: parameter "seatPref" =  "None"	[MsgId: MMSG-13992]
Action.c(137): Notify: Parameter Substitution: parameter "seatType" =  "Coach"	[MsgId: MMSG-13992]
Action.c(137): Notify: Saving Parameter "flight_id = 370".	[MsgId: MMSG-13798]
Action.c(137): Notify: Saving Parameter "flight_time = 8a".	[MsgId: MMSG-13798]
Action.c(137): Resource "http://localhost:1080/WebTours/images/button_next.gif" is in the cache already and will not be downloaded again  	[MsgId: MMSG-26655]
Action.c(137): Notify: Saving Parameter "outboundFlight_id = 370;174;02/19/2021".	[MsgId: MMSG-13798]
Action.c(137): Registered web_reg_find successful for "Text=Flight departing from <B>Los Angeles</B> to <B>Seattle</B> on <B>02/19/2021</B>" (count=1)  	[MsgId: MMSG-26364]
Action.c(137): web_submit_data("reservations.pl") was successful, 2448 body bytes, 256 header bytes, 12 chunking overhead bytes  	[MsgId: MMSG-26385]
Action.c(161): Notify: Transaction "insert_info_for_ticket_search" ended with a "Pass" status (Duration: 0,3305 Wasted Time: 0,0945).	[MsgId: MMSG-16871]
Action.c(163): Think time - Waiting 5,00 seconds (according to limit).	[MsgId: MMSG-15946]
Action.c(163): lr_think_time: 5,00 seconds (recorded think time was 28,00 seconds).	[MsgId: MMSG-15947]
Action.c(165): Notify: Transaction "choose_the_flight" started.	[MsgId: MMSG-16999]
Action.c(168): web_reg_find started  	[MsgId: MMSG-26355]
Action.c(168): Registering web_reg_find was successful  	[MsgId: MMSG-26390]
Action.c(175): web_submit_data("reservations.pl_2") started  	[MsgId: MMSG-26355]
Action.c(175): Notify: Parameter Substitution: parameter "outboundFlight_id" =  "370;174;02/19/2021"	[MsgId: MMSG-13992]
Action.c(175): Notify: Parameter Substitution: parameter "numPassengers" =  "1"	[MsgId: MMSG-13992]
Action.c(175): Notify: Parameter Substitution: parameter "seatType" =  "Coach"	[MsgId: MMSG-13992]
Action.c(175): Notify: Parameter Substitution: parameter "seatPref" =  "None"	[MsgId: MMSG-13992]
Action.c(175): Resource "http://localhost:1080/WebTours/images/button_next.gif" is in the cache already and will not be downloaded again  	[MsgId: MMSG-26655]
Action.c(175): Registered web_reg_find successful for "Text=Flight Reservation" (count=1)  	[MsgId: MMSG-26364]
Action.c(175): web_submit_data("reservations.pl_2") was successful, 2674 body bytes, 256 header bytes, 12 chunking overhead bytes  	[MsgId: MMSG-26385]
Action.c(193): Notify: Transaction "choose_the_flight" ended with a "Pass" status (Duration: 0,1981 Wasted Time: 0,0000).	[MsgId: MMSG-16871]
Action.c(195): web_remove_auto_header("Origin") started  	[MsgId: MMSG-26355]
Action.c(195): Previous automatically added web header for "Origin" removed  	[MsgId: MMSG-26587]
Action.c(195): web_remove/revert_auto_header("Origin") was successful  	[MsgId: MMSG-26392]
Action.c(197): web_remove_auto_header("Sec-Fetch-User") started  	[MsgId: MMSG-26355]
Action.c(197): Previous automatically added web header for "Sec-Fetch-User" removed  	[MsgId: MMSG-26587]
Action.c(197): web_remove/revert_auto_header("Sec-Fetch-User") was successful  	[MsgId: MMSG-26392]
Action.c(199): web_remove_auto_header("Upgrade-Insecure-Requests") started  	[MsgId: MMSG-26355]
Action.c(199): Previous automatically added web header for "Upgrade-Insecure-Requests" removed  	[MsgId: MMSG-26587]
Action.c(199): web_remove/revert_auto_header("Upgrade-Insecure-Requests") was successful  	[MsgId: MMSG-26392]
Action.c(201): web_add_header("Origin") started  	[MsgId: MMSG-26355]
Action.c(201): web_add_header("Origin") was successful  	[MsgId: MMSG-26392]
Action.c(204): Think time - Waiting 5,00 seconds (according to limit).	[MsgId: MMSG-15946]
Action.c(204): lr_think_time: 5,00 seconds (recorded think time was 27,00 seconds).	[MsgId: MMSG-15947]
Action.c(206): Notify: Transaction "insert_payment_info" started.	[MsgId: MMSG-16999]
Action.c(209): web_reg_find started  	[MsgId: MMSG-26355]
Action.c(209): Notify: Parameter Substitution: parameter "departDate" =  "02/19/2021"	[MsgId: MMSG-13992]
Action.c(209): Notify: Parameter Substitution: parameter "flight_time" =  "8a"	[MsgId: MMSG-13992]
Action.c(209): Notify: Parameter Substitution: parameter "flight_id" =  "370"	[MsgId: MMSG-13992]
Action.c(209): Notify: Parameter Substitution: parameter "departure" =  "Los Angeles"	[MsgId: MMSG-13992]
Action.c(209): Notify: Next row for parameter arrival = 10 [table  = arrival].	[MsgId: MMSG-13876]
Action.c(209): Notify: Parameter Substitution: parameter "arrival" =  "Seattle"	[MsgId: MMSG-13992]
Action.c(209): Registering web_reg_find was successful  	[MsgId: MMSG-26390]
Action.c(218): web_submit_data("reservations.pl_3") started  	[MsgId: MMSG-26355]
Action.c(218): Notify: Next row for parameter firstName = 12 [table  = firstName].	[MsgId: MMSG-13876]
Action.c(218): Notify: Parameter Substitution: parameter "firstName" =  "Sebastian"	[MsgId: MMSG-13992]
Action.c(218): Notify: Next row for parameter lastName = 12 [table  = lastName].	[MsgId: MMSG-13876]
Action.c(218): Notify: Parameter Substitution: parameter "lastName" =  "Grey"	[MsgId: MMSG-13992]
Action.c(218): Notify: Next row for parameter address1 = 12 [table  = address1].	[MsgId: MMSG-13876]
Action.c(218): Notify: Parameter Substitution: parameter "address1" =  "Norrington st., 1"	[MsgId: MMSG-13992]
Action.c(218): Notify: Next row for parameter address2 = 12 [table  = address2].	[MsgId: MMSG-13876]
Action.c(218): Notify: Parameter Substitution: parameter "address2" =  "Paris"	[MsgId: MMSG-13992]
Action.c(218): Notify: Next row for parameter pass1 = 12 [table  = pass1].	[MsgId: MMSG-13876]
Action.c(218): Notify: Parameter Substitution: parameter "pass1" =  "Sebastian Grey"	[MsgId: MMSG-13992]
Action.c(218): Notify: Next row for parameter creditCard = 12 [table  = creditCard].	[MsgId: MMSG-13876]
Action.c(218): Notify: Parameter Substitution: parameter "creditCard" =  "4415526755410008"	[MsgId: MMSG-13992]
Action.c(218): Notify: Next row for parameter expDate = 12 [table  = expDate].	[MsgId: MMSG-13876]
Action.c(218): Notify: Parameter Substitution: parameter "expDate" =  "04/21"	[MsgId: MMSG-13992]
Action.c(218): Notify: Parameter Substitution: parameter "numPassengers" =  "1"	[MsgId: MMSG-13992]
Action.c(218): Notify: Parameter Substitution: parameter "seatType" =  "Coach"	[MsgId: MMSG-13992]
Action.c(218): Notify: Parameter Substitution: parameter "seatPref" =  "None"	[MsgId: MMSG-13992]
Action.c(218): Notify: Parameter Substitution: parameter "outboundFlight_id" =  "370;174;02/19/2021"	[MsgId: MMSG-13992]
Action.c(218): Found resource "http://localhost:1080/WebTours/images/bookanother.gif" in HTML "http://localhost:1080/cgi-bin/reservations.pl"  	[MsgId: MMSG-26659]
Action.c(218): Registered web_reg_find successful for "Text=02/19/2021 :  8am : Flight 370 leaves Los Angeles  for Seattle." (count=1)  	[MsgId: MMSG-26364]
Action.c(218): web_submit_data("reservations.pl_3") was successful, 3300 body bytes, 654 header bytes, 12 chunking overhead bytes  	[MsgId: MMSG-26385]
Action.c(247): Notify: Transaction "insert_payment_info" ended with a "Pass" status (Duration: 0,1979 Wasted Time: 0,0000).	[MsgId: MMSG-16871]
Action.c(249): web_add_auto_header("Sec-Fetch-User") started  	[MsgId: MMSG-26355]
Action.c(249): web_add_auto_header("Sec-Fetch-User") was successful  	[MsgId: MMSG-26392]
Action.c(252): web_add_auto_header("Upgrade-Insecure-Requests") started  	[MsgId: MMSG-26355]
Action.c(252): web_add_auto_header("Upgrade-Insecure-Requests") was successful  	[MsgId: MMSG-26392]
Action.c(255): Think time - Waiting 5,00 seconds (according to limit).	[MsgId: MMSG-15946]
Action.c(255): lr_think_time: 5,00 seconds (recorded think time was 10,00 seconds).	[MsgId: MMSG-15947]
Action.c(257): Notify: Transaction "view_itinerary" started.	[MsgId: MMSG-16999]
Action.c(260): web_reg_find started  	[MsgId: MMSG-26355]
Action.c(260): Registering web_reg_find was successful  	[MsgId: MMSG-26390]
Action.c(265): web_reg_save_param started  	[MsgId: MMSG-26355]
Action.c(265): Registering web_reg_save_param was successful  	[MsgId: MMSG-26390]
Action.c(271): web_reg_save_param started  	[MsgId: MMSG-26355]
Action.c(271): Registering web_reg_save_param was successful  	[MsgId: MMSG-26390]
Action.c(277): web_url("Itinerary Button") started  	[MsgId: MMSG-26355]
Action.c(277): Detected non-resource "http://localhost:1080/cgi-bin/nav.pl?page=menu&in=itinerary" in "http://localhost:1080/cgi-bin/welcome.pl?page=itinerary"  	[MsgId: MMSG-26574]
Action.c(277): Detected non-resource "http://localhost:1080/cgi-bin/itinerary.pl" in "http://localhost:1080/cgi-bin/welcome.pl?page=itinerary"  	[MsgId: MMSG-26574]
Action.c(277): Resource "http://localhost:1080/WebTours/images/flights.gif" is in the cache already and will not be downloaded again  	[MsgId: MMSG-26655]
Action.c(277): Found resource "http://localhost:1080/WebTours/images/in_itinerary.gif" in HTML "http://localhost:1080/cgi-bin/nav.pl?page=menu&in=itinerary"  	[MsgId: MMSG-26659]
Action.c(277): Resource "http://localhost:1080/WebTours/images/home.gif" is in the cache already and will not be downloaded again  	[MsgId: MMSG-26655]
Action.c(277): Resource "http://localhost:1080/WebTours/images/signoff.gif" is in the cache already and will not be downloaded again  	[MsgId: MMSG-26655]
Action.c(277): Notify: Saving Parameter "flightsNum_1 = 1".	[MsgId: MMSG-13798]
Action.c(277): Notify: Saving Parameter "flightID_1 = 0-0-1".	[MsgId: MMSG-13798]
Action.c(277): Notify: Saving Parameter "flightsNum_2 = 2".	[MsgId: MMSG-13798]
Action.c(277): Notify: Saving Parameter "flightID_2 = 0-16-1".	[MsgId: MMSG-13798]
Action.c(277): Notify: Saving Parameter "flightsNum_3 = 3".	[MsgId: MMSG-13798]
Action.c(277): Notify: Saving Parameter "flightID_3 = 0-2-,".	[MsgId: MMSG-13798]
Action.c(277): Notify: Saving Parameter "flightsNum_4 = 4".	[MsgId: MMSG-13798]
Action.c(277): Notify: Saving Parameter "flightID_4 = 0-3-".	[MsgId: MMSG-13798]
Action.c(277): Notify: Saving Parameter "flightsNum_5 = 5".	[MsgId: MMSG-13798]
Action.c(277): Notify: Saving Parameter "flightID_5 = 0-4.18580975041615e+016-1C".	[MsgId: MMSG-13798]
Action.c(277): Notify: Saving Parameter "flightsNum_6 = 6".	[MsgId: MMSG-13798]
Action.c(277): Notify: Saving Parameter "flightID_6 = 0-4.95504051964692e+016-1C".	[MsgId: MMSG-13798]
Action.c(277): Notify: Saving Parameter "flightsNum_7 = 7".	[MsgId: MMSG-13798]
Action.c(277): Notify: Saving Parameter "flightID_7 = 0-5.72427128887769e+016-1C".	[MsgId: MMSG-13798]
Action.c(277): Notify: Saving Parameter "flightsNum_8 = 8".	[MsgId: MMSG-13798]
Action.c(277): Notify: Saving Parameter "flightID_8 = 0-6.49350205810846e+016-1C".	[MsgId: MMSG-13798]
Action.c(277): Notify: Saving Parameter "flightsNum_9 = 9".	[MsgId: MMSG-13798]
Action.c(277): Notify: Saving Parameter "flightID_9 = 0-7.26273282733923e+016-1B".	[MsgId: MMSG-13798]
Action.c(277): Notify: Saving Parameter "flightsNum_10 = 10".	[MsgId: MMSG-13798]
Action.c(277): Notify: Saving Parameter "flightID_10 = 0-7-1C".	[MsgId: MMSG-13798]
Action.c(277): Found resource "http://localhost:1080/WebTours/images/cancelreservation.gif" in HTML "http://localhost:1080/cgi-bin/itinerary.pl"  	[MsgId: MMSG-26659]
Action.c(277): Found resource "http://localhost:1080/WebTours/images/cancelallreservations.gif" in HTML "http://localhost:1080/cgi-bin/itinerary.pl"  	[MsgId: MMSG-26659]
Action.c(277): Registered web_reg_find successful for "Text=Flight Transaction Summary" (count=1)  	[MsgId: MMSG-26364]
Action.c(277): Notify: Saving Parameter "flightID_count = 10".	[MsgId: MMSG-13798]
Action.c(277): Notify: Saving Parameter "flightsNum_count = 10".	[MsgId: MMSG-13798]
Action.c(277): web_url("Itinerary Button") was successful, 17548 body bytes, 1618 header bytes, 59 chunking overhead bytes  	[MsgId: MMSG-26385]
Action.c(287): Notify: Transaction "view_itinerary" ended with a "Pass" status (Duration: 0,3936 Wasted Time: 0,0029).	[MsgId: MMSG-16871]
Action.c(289): web_add_header("Origin") started  	[MsgId: MMSG-26355]
Action.c(289): web_add_header("Origin") was successful  	[MsgId: MMSG-26392]
Action.c(292): lr_think_time: 5,00 seconds.	[MsgId: MMSG-15948]
Action.c(294): Notify: Transaction "cancel_flight" started.	[MsgId: MMSG-16999]
Action.c(296): Notify: Parameter Substitution: parameter "flightsNum_count" =  "10"	[MsgId: MMSG-13992]
Action.c(296): Notify: Parameter Substitution: parameter "flightsNum_1" =  "1"	[MsgId: MMSG-13992]
Action.c(296): Notify: Saving Parameter "randomFlightNum = 1".	[MsgId: MMSG-13798]
Action.c(299): Notify: Parameter Substitution: parameter "randomFlightNum" =  "1"	[MsgId: MMSG-13992]
Action.c(299): Notify: Saving Parameter "randFlightNumInt = 1".	[MsgId: MMSG-13798]
Action.c(302): web_reg_find started  	[MsgId: MMSG-26355]
Action.c(302): Registering web_reg_find was successful  	[MsgId: MMSG-26390]
Action.c(306): web_submit_form("itinerary.pl") started  	[MsgId: MMSG-26355]
Action.c(306): Notify: Parameter Substitution: parameter "randomFlightNum" =  "1"	[MsgId: MMSG-13992]
Action.c(306): Submitting form to "http://localhost:1080/cgi-bin/itinerary.pl", Target Frame=""  	[MsgId: MMSG-27978]
Action.c(306): Downloading resource "http://localhost:1080/cgi-bin/itinerary.pl" (specified by argument number 13)  	[MsgId: MMSG-26577]
Action.c(306): Resource "http://localhost:1080/WebTours/images/cancelreservation.gif" is in the cache already and will not be downloaded again  	[MsgId: MMSG-26655]
Action.c(306): Resource "http://localhost:1080/WebTours/images/cancelallreservations.gif" is in the cache already and will not be downloaded again  	[MsgId: MMSG-26655]
Action.c(306): Registered web_reg_find successful for "Text= Flight flightID_randFlightNumInt leaves "  	[MsgId: MMSG-26362]
Action.c(306): web_submit_form("itinerary.pl") was successful, 19136 body bytes, 512 header bytes, 54 chunking overhead bytes  	[MsgId: MMSG-26385]
Action.c(316): Notify: Transaction "cancel_flight" ended with a "Pass" status (Duration: 0,3860 Wasted Time: 0,0002).	[MsgId: MMSG-16871]
Action.c(318): web_remove_auto_header("Sec-Fetch-User") started  	[MsgId: MMSG-26355]
Action.c(318): Previous automatically added web header for "Sec-Fetch-User" removed  	[MsgId: MMSG-26587]
Action.c(318): web_remove/revert_auto_header("Sec-Fetch-User") was successful  	[MsgId: MMSG-26392]
Action.c(320): web_add_header("Sec-Fetch-User") started  	[MsgId: MMSG-26355]
Action.c(320): web_add_header("Sec-Fetch-User") was successful  	[MsgId: MMSG-26392]
Action.c(323): Think time - Waiting 5,00 seconds (according to limit).	[MsgId: MMSG-15946]
Action.c(323): lr_think_time: 5,00 seconds (recorded think time was 22,00 seconds).	[MsgId: MMSG-15947]
Action.c(325): Notify: Transaction "logout" started.	[MsgId: MMSG-16999]
Action.c(328): web_reg_find started  	[MsgId: MMSG-26355]
Action.c(328): Registering web_reg_find was successful  	[MsgId: MMSG-26390]
Action.c(331): web_url("welcome.pl") started  	[MsgId: MMSG-26355]
Virtual User Script started at: 22.09.2020 14:35:12	[MsgId: MMSG-15967]
Starting action vuser_init.	[MsgId: MMSG-15919]
Web Turbo Replay of LoadRunner 12.55.0 for Windows 10; build 911 (июл 24 2017 19:46:00)  	[MsgId: MMSG-26983]
Run mode: HTML  	[MsgId: MMSG-26993]
Replay user agent: Mozilla/5.0 (Windows NT 10.0; WOW64) AppleWebKit/537.36 (KHTML, like Gecko) Chrome/85.0.4183.102 Safari/537.36  	[MsgId: MMSG-26988]
Run-Time Settings file: "C:\Users\Сабина\AppData\Local\Temp\lr5tmpdirwUu.84\lrcfgzDl.307\cfgMi6.347"  	[MsgId: MMSG-27141]
Ending action vuser_init.	[MsgId: MMSG-15918]
Running Vuser...	[MsgId: MMSG-15964]
Starting iteration 1.	[MsgId: MMSG-15968]
Maximum number of concurrent connections per server: 6  	[MsgId: MMSG-26989]
Starting action Action.	[MsgId: MMSG-15919]
Action.c(3): Notify: Transaction "01_Cancel_flight" started.	[MsgId: MMSG-16999]
Action.c(5): web_set_sockets_option started  	[MsgId: MMSG-26355]
Action.c(5): web_set_sockets_option was successful  	[MsgId: MMSG-26392]
Action.c(7): web_add_auto_header("Sec-Fetch-Site") started  	[MsgId: MMSG-26355]
Action.c(7): web_add_auto_header("Sec-Fetch-Site") was successful  	[MsgId: MMSG-26392]
Action.c(10): web_add_auto_header("Sec-Fetch-Dest") started  	[MsgId: MMSG-26355]
Action.c(10): web_add_auto_header("Sec-Fetch-Dest") was successful  	[MsgId: MMSG-26392]
Action.c(13): web_add_auto_header("Sec-Fetch-Mode") started  	[MsgId: MMSG-26355]
Action.c(13): web_add_auto_header("Sec-Fetch-Mode") was successful  	[MsgId: MMSG-26392]
Action.c(16): web_add_auto_header("Sec-Fetch-User") started  	[MsgId: MMSG-26355]
Action.c(16): web_add_auto_header("Sec-Fetch-User") was successful  	[MsgId: MMSG-26392]
Action.c(19): web_add_auto_header("Upgrade-Insecure-Requests") started  	[MsgId: MMSG-26355]
Action.c(19): web_add_auto_header("Upgrade-Insecure-Requests") was successful  	[MsgId: MMSG-26392]
Action.c(22): Notify: Transaction "connection" started.	[MsgId: MMSG-16999]
Action.c(25): web_reg_save_param started  	[MsgId: MMSG-26355]
Action.c(25): Registering web_reg_save_param was successful  	[MsgId: MMSG-26390]
Action.c(31): web_reg_find started  	[MsgId: MMSG-26355]
Action.c(31): Registering web_reg_find was successful  	[MsgId: MMSG-26390]
Action.c(34): web_url("WebTours") started  	[MsgId: MMSG-26355]
Action.c(34): Detected non-resource "http://localhost:1080/WebTours/header.html" in "http://localhost:1080/WebTours/"  	[MsgId: MMSG-26574]
Action.c(34): Detected non-resource "http://localhost:1080/cgi-bin/welcome.pl?signOff=true" in "http://localhost:1080/WebTours/"  	[MsgId: MMSG-26574]
Action.c(34): Found resource "http://localhost:1080/WebTours/images/hp_logo.png" in HTML "http://localhost:1080/WebTours/header.html"  	[MsgId: MMSG-26659]
Action.c(34): Found resource "http://localhost:1080/WebTours/images/webtours.png" in HTML "http://localhost:1080/WebTours/header.html"  	[MsgId: MMSG-26659]
Action.c(331): Detected non-resource "http://localhost:1080/cgi-bin/nav.pl?in=home" in "http://localhost:1080/cgi-bin/welcome.pl?signOff=1"  	[MsgId: MMSG-26574]
Action.c(331): Detected non-resource "http://localhost:1080/WebTours/home.html" in "http://localhost:1080/cgi-bin/welcome.pl?signOff=1"  	[MsgId: MMSG-26574]
Action.c(331): Retrieving data from cache for "http://localhost:1080/WebTours/home.html"  	[MsgId: MMSG-26558]
Action.c(34): Detected non-resource "http://localhost:1080/cgi-bin/nav.pl?in=home" in "http://localhost:1080/cgi-bin/welcome.pl?signOff=true"  	[MsgId: MMSG-26574]
Action.c(34): Detected non-resource "http://localhost:1080/WebTours/home.html" in "http://localhost:1080/cgi-bin/welcome.pl?signOff=true"  	[MsgId: MMSG-26574]
Action.c(331): Resource "http://localhost:1080/WebTours/images/mer_login.gif" is in the cache already and will not be downloaded again  	[MsgId: MMSG-26655]
Action.c(331): Registered web_reg_find successful for "Text=A Session ID has been created and loaded into a cookie called MSO." (count=1)  	[MsgId: MMSG-26364]
Action.c(331): web_url("welcome.pl") was successful, 2176 body bytes, 584 header bytes, 24 chunking overhead bytes  	[MsgId: MMSG-26385]
Action.c(341): Notify: Transaction "logout" ended with a "Pass" status (Duration: 0,3447 Wasted Time: 0,0000).	[MsgId: MMSG-16871]
Action.c(343): Notify: Transaction "01_Cancel_flight" ended with a "Pass" status (Duration: 38,6873 Think Time: 35,0512 Wasted Time: 0,0982).	[MsgId: MMSG-16870]
Ending action Action.	[MsgId: MMSG-15918]
Ending iteration 1.	[MsgId: MMSG-15965]
Waiting 158,3120 seconds for iteration pacing.	[MsgId: MMSG-15996]
Action.c(34): Notify: Saving Parameter "userSession = 129669.867395707zzzQiQDpiAtVzzzHtAAVQpDzcicf".	[MsgId: MMSG-13798]
Action.c(34): Found resource "http://localhost:1080/WebTours/images/mer_login.gif" in HTML "http://localhost:1080/cgi-bin/nav.pl?in=home"  	[MsgId: MMSG-26659]
Action.c(34): Registered web_reg_find successful for "Text=A Session ID has been created and loaded into a cookie called MSO." (count=1)  	[MsgId: MMSG-26364]
Action.c(34): web_url("WebTours") was successful, 10080 body bytes, 2371 header bytes, 24 chunking overhead bytes  	[MsgId: MMSG-26385]
Action.c(44): Notify: Transaction "connection" ended with a "Pass" status (Duration: 0,3621 Wasted Time: 0,0003).	[MsgId: MMSG-16871]
Action.c(46): web_remove_auto_header("Sec-Fetch-User") started  	[MsgId: MMSG-26355]
Action.c(46): Previous automatically added web header for "Sec-Fetch-User" removed  	[MsgId: MMSG-26587]
Action.c(46): web_remove/revert_auto_header("Sec-Fetch-User") was successful  	[MsgId: MMSG-26392]
Action.c(48): web_add_auto_header("Sec-Fetch-Dest") started  	[MsgId: MMSG-26355]
Action.c(48): web_add_auto_header("Sec-Fetch-Dest") was successful  	[MsgId: MMSG-26392]
Action.c(51): web_remove_auto_header("Upgrade-Insecure-Requests") started  	[MsgId: MMSG-26355]
Action.c(51): Previous automatically added web header for "Upgrade-Insecure-Requests" removed  	[MsgId: MMSG-26587]
Action.c(51): web_remove/revert_auto_header("Upgrade-Insecure-Requests") was successful  	[MsgId: MMSG-26392]
Action.c(53): web_add_header("Origin") started  	[MsgId: MMSG-26355]
Action.c(53): web_add_header("Origin") was successful  	[MsgId: MMSG-26392]
Action.c(56): web_add_auto_header("Sec-Fetch-Site") started  	[MsgId: MMSG-26355]
Action.c(56): web_add_auto_header("Sec-Fetch-Site") was successful  	[MsgId: MMSG-26392]
Action.c(59): Notify: Transaction "login" started.	[MsgId: MMSG-16999]
Action.c(62): web_reg_find started  	[MsgId: MMSG-26355]
Action.c(62): Registering web_reg_find was successful  	[MsgId: MMSG-26390]
Action.c(65): web_submit_data("login.pl") started  	[MsgId: MMSG-26355]
Action.c(65): Notify: Parameter Substitution: parameter "userSession" =  "129669.867395707zzzQiQDpiAtVzzzHtAAVQpDzcicf"	[MsgId: MMSG-13992]
Action.c(65): Notify: Parameter Substitution: parameter "login" =  "VUser4"	[MsgId: MMSG-13992]
Action.c(65): Notify: Next row for parameter password = 4 [table  = password].	[MsgId: MMSG-13876]
Action.c(65): Notify: Parameter Substitution: parameter "password" =  "VUser4"	[MsgId: MMSG-13992]
Action.c(65): Detected non-resource "http://localhost:1080/cgi-bin/nav.pl?page=menu&in=home" in "http://localhost:1080/cgi-bin/login.pl"  	[MsgId: MMSG-26574]
Action.c(65): Detected non-resource "http://localhost:1080/cgi-bin/login.pl?intro=true" in "http://localhost:1080/cgi-bin/login.pl"  	[MsgId: MMSG-26574]
Action.c(65): Found resource "http://localhost:1080/WebTours/images/flights.gif" in HTML "http://localhost:1080/cgi-bin/nav.pl?page=menu&in=home"  	[MsgId: MMSG-26659]
Action.c(65): Found resource "http://localhost:1080/WebTours/images/itinerary.gif" in HTML "http://localhost:1080/cgi-bin/nav.pl?page=menu&in=home"  	[MsgId: MMSG-26659]
Action.c(65): Found resource "http://localhost:1080/WebTours/images/in_home.gif" in HTML "http://localhost:1080/cgi-bin/nav.pl?page=menu&in=home"  	[MsgId: MMSG-26659]
Action.c(65): Found resource "http://localhost:1080/WebTours/images/signoff.gif" in HTML "http://localhost:1080/cgi-bin/nav.pl?page=menu&in=home"  	[MsgId: MMSG-26659]
Action.c(65): Registered web_reg_find successful for "Text=User password was correct - added a cookie with the user's default" (count=1)  	[MsgId: MMSG-26364]
Action.c(65): web_submit_data("login.pl") was successful, 5781 body bytes, 2026 header bytes, 36 chunking overhead bytes  	[MsgId: MMSG-26385]
Action.c(82): Notify: Transaction "login" ended with a "Pass" status (Duration: 0,3963 Wasted Time: 0,0000).	[MsgId: MMSG-16871]
Action.c(84): web_add_auto_header("Sec-Fetch-User") started  	[MsgId: MMSG-26355]
Action.c(84): web_add_auto_header("Sec-Fetch-User") was successful  	[MsgId: MMSG-26392]
Action.c(87): web_add_auto_header("Upgrade-Insecure-Requests") started  	[MsgId: MMSG-26355]
Action.c(87): web_add_auto_header("Upgrade-Insecure-Requests") was successful  	[MsgId: MMSG-26392]
Action.c(90): Think time - Waiting 5,00 seconds (according to limit).	[MsgId: MMSG-15946]
Action.c(90): lr_think_time: 5,00 seconds (recorded think time was 6,00 seconds).	[MsgId: MMSG-15947]
Action.c(92): web_url("Search Flights Button") started  	[MsgId: MMSG-26355]
Action.c(92): Detected non-resource "http://localhost:1080/cgi-bin/nav.pl?page=menu&in=flights" in "http://localhost:1080/cgi-bin/welcome.pl?page=search"  	[MsgId: MMSG-26574]
Action.c(92): Detected non-resource "http://localhost:1080/cgi-bin/reservations.pl?page=welcome" in "http://localhost:1080/cgi-bin/welcome.pl?page=search"  	[MsgId: MMSG-26574]
Action.c(92): Found resource "http://localhost:1080/WebTours/images/in_flights.gif" in HTML "http://localhost:1080/cgi-bin/nav.pl?page=menu&in=flights"  	[MsgId: MMSG-26659]
Action.c(92): Resource "http://localhost:1080/WebTours/images/itinerary.gif" is in the cache already and will not be downloaded again  	[MsgId: MMSG-26655]
Action.c(92): Found resource "http://localhost:1080/WebTours/images/home.gif" in HTML "http://localhost:1080/cgi-bin/nav.pl?page=menu&in=flights"  	[MsgId: MMSG-26659]
Action.c(92): Resource "http://localhost:1080/WebTours/images/signoff.gif" is in the cache already and will not be downloaded again  	[MsgId: MMSG-26655]
Action.c(92): Found resource "http://localhost:1080/WebTours/images/button_next.gif" in HTML "http://localhost:1080/cgi-bin/reservations.pl?page=welcome"  	[MsgId: MMSG-26659]
Action.c(92): web_url("Search Flights Button") was successful, 8516 body bytes, 1620 header bytes, 43 chunking overhead bytes  	[MsgId: MMSG-26385]
Action.c(102): web_add_auto_header("Origin") started  	[MsgId: MMSG-26355]
Action.c(102): web_add_auto_header("Origin") was successful  	[MsgId: MMSG-26392]
Action.c(105): Think time - Waiting 5,00 seconds (according to limit).	[MsgId: MMSG-15946]
Action.c(105): lr_think_time: 5,00 seconds (recorded think time was 22,00 seconds).	[MsgId: MMSG-15947]
Action.c(107): Notify: Transaction "insert_info_for_ticket_search" started.	[MsgId: MMSG-16999]
Action.c(110): web_reg_find started  	[MsgId: MMSG-26355]
Action.c(110): Notify: Parameter Substitution: parameter "departure" =  "London"	[MsgId: MMSG-13992]
Action.c(110): Notify: Next row for parameter arrival = 2 [table  = arrival].	[MsgId: MMSG-13876]
Action.c(110): Notify: Parameter Substitution: parameter "arrival" =  "Los Angeles"	[MsgId: MMSG-13992]
Action.c(110): Notify: Parameter Substitution: parameter "departDate" =  "02/19/2021"	[MsgId: MMSG-13992]
Action.c(110): Registering web_reg_find was successful  	[MsgId: MMSG-26390]
Action.c(114): web_reg_save_param_attrib started  	[MsgId: MMSG-26355]
Action.c(114): Notify: Parameter Substitution: parameter "randIndex" =  "4"	[MsgId: MMSG-13992]
Action.c(114): Registering web_reg_save_param_attrib was successful  	[MsgId: MMSG-26390]
Action.c(125): web_reg_save_param started  	[MsgId: MMSG-26355]
Action.c(125): Notify: Parameter Substitution: parameter "randIndex" =  "4"	[MsgId: MMSG-13992]
Action.c(125): Registering web_reg_save_param was successful  	[MsgId: MMSG-26390]
Action.c(131): web_reg_save_param started  	[MsgId: MMSG-26355]
Action.c(131): Notify: Parameter Substitution: parameter "randIndex" =  "4"	[MsgId: MMSG-13992]
Action.c(131): Registering web_reg_save_param was successful  	[MsgId: MMSG-26390]
Action.c(137): web_submit_data("reservations.pl") started  	[MsgId: MMSG-26355]
Action.c(137): Notify: Parameter Substitution: parameter "departure" =  "London"	[MsgId: MMSG-13992]
Action.c(137): Notify: Parameter Substitution: parameter "departDate" =  "02/19/2021"	[MsgId: MMSG-13992]
Action.c(137): Notify: Next row for parameter arrival = 2 [table  = arrival].	[MsgId: MMSG-13876]
Action.c(137): Notify: Parameter Substitution: parameter "arrival" =  "Los Angeles"	[MsgId: MMSG-13992]
Action.c(137): Notify: Parameter Substitution: parameter "returnDate" =  "05/30/2021"	[MsgId: MMSG-13992]
Action.c(137): Notify: Parameter Substitution: parameter "numPassengers" =  "1"	[MsgId: MMSG-13992]
Action.c(137): Notify: Parameter Substitution: parameter "seatPref" =  "Aisle"	[MsgId: MMSG-13992]
Action.c(137): Notify: Parameter Substitution: parameter "seatType" =  "Coach"	[MsgId: MMSG-13992]
Action.c(137): Notify: Saving Parameter "flight_id = 233".	[MsgId: MMSG-13798]
Action.c(137): Notify: Saving Parameter "flight_time = 11p".	[MsgId: MMSG-13798]
Action.c(137): Resource "http://localhost:1080/WebTours/images/button_next.gif" is in the cache already and will not be downloaded again  	[MsgId: MMSG-26655]
Action.c(137): Notify: Saving Parameter "outboundFlight_id = 233;632;02/19/2021".	[MsgId: MMSG-13798]
Action.c(137): Registered web_reg_find successful for "Text=Flight departing from <B>London</B> to <B>Los Angeles</B> on <B>02/19/2021</B>" (count=1)  	[MsgId: MMSG-26364]
Action.c(137): web_submit_data("reservations.pl") was successful, 2447 body bytes, 256 header bytes, 12 chunking overhead bytes  	[MsgId: MMSG-26385]
Action.c(161): Notify: Transaction "insert_info_for_ticket_search" ended with a "Pass" status (Duration: 0,1972 Wasted Time: 0,0017).	[MsgId: MMSG-16871]
Action.c(163): Think time - Waiting 5,00 seconds (according to limit).	[MsgId: MMSG-15946]
Action.c(163): lr_think_time: 5,00 seconds (recorded think time was 28,00 seconds).	[MsgId: MMSG-15947]
Action.c(165): Notify: Transaction "choose_the_flight" started.	[MsgId: MMSG-16999]
Action.c(168): web_reg_find started  	[MsgId: MMSG-26355]
Action.c(168): Registering web_reg_find was successful  	[MsgId: MMSG-26390]
Action.c(175): web_submit_data("reservations.pl_2") started  	[MsgId: MMSG-26355]
Action.c(175): Notify: Parameter Substitution: parameter "outboundFlight_id" =  "233;632;02/19/2021"	[MsgId: MMSG-13992]
Action.c(175): Notify: Parameter Substitution: parameter "numPassengers" =  "1"	[MsgId: MMSG-13992]
Action.c(175): Notify: Parameter Substitution: parameter "seatType" =  "Coach"	[MsgId: MMSG-13992]
Action.c(175): Notify: Parameter Substitution: parameter "seatPref" =  "Aisle"	[MsgId: MMSG-13992]
Action.c(175): Resource "http://localhost:1080/WebTours/images/button_next.gif" is in the cache already and will not be downloaded again  	[MsgId: MMSG-26655]
Action.c(175): Registered web_reg_find successful for "Text=Flight Reservation" (count=1)  	[MsgId: MMSG-26364]
Action.c(175): web_submit_data("reservations.pl_2") was successful, 2675 body bytes, 255 header bytes, 12 chunking overhead bytes  	[MsgId: MMSG-26385]
Action.c(193): Notify: Transaction "choose_the_flight" ended with a "Pass" status (Duration: 0,2003 Wasted Time: 0,0000).	[MsgId: MMSG-16871]
Action.c(195): web_remove_auto_header("Origin") started  	[MsgId: MMSG-26355]
Action.c(195): Previous automatically added web header for "Origin" removed  	[MsgId: MMSG-26587]
Action.c(195): web_remove/revert_auto_header("Origin") was successful  	[MsgId: MMSG-26392]
Action.c(197): web_remove_auto_header("Sec-Fetch-User") started  	[MsgId: MMSG-26355]
Action.c(197): Previous automatically added web header for "Sec-Fetch-User" removed  	[MsgId: MMSG-26587]
Action.c(197): web_remove/revert_auto_header("Sec-Fetch-User") was successful  	[MsgId: MMSG-26392]
Action.c(199): web_remove_auto_header("Upgrade-Insecure-Requests") started  	[MsgId: MMSG-26355]
Action.c(199): Previous automatically added web header for "Upgrade-Insecure-Requests" removed  	[MsgId: MMSG-26587]
Action.c(199): web_remove/revert_auto_header("Upgrade-Insecure-Requests") was successful  	[MsgId: MMSG-26392]
Action.c(201): web_add_header("Origin") started  	[MsgId: MMSG-26355]
Action.c(201): web_add_header("Origin") was successful  	[MsgId: MMSG-26392]
Action.c(204): Think time - Waiting 5,00 seconds (according to limit).	[MsgId: MMSG-15946]
Action.c(204): lr_think_time: 5,00 seconds (recorded think time was 27,00 seconds).	[MsgId: MMSG-15947]
Action.c(206): Notify: Transaction "insert_payment_info" started.	[MsgId: MMSG-16999]
Action.c(209): web_reg_find started  	[MsgId: MMSG-26355]
Action.c(209): Notify: Parameter Substitution: parameter "departDate" =  "02/19/2021"	[MsgId: MMSG-13992]
Action.c(209): Notify: Parameter Substitution: parameter "flight_time" =  "11p"	[MsgId: MMSG-13992]
Action.c(209): Notify: Parameter Substitution: parameter "flight_id" =  "233"	[MsgId: MMSG-13992]
Action.c(209): Notify: Parameter Substitution: parameter "departure" =  "London"	[MsgId: MMSG-13992]
Action.c(209): Notify: Next row for parameter arrival = 2 [table  = arrival].	[MsgId: MMSG-13876]
Action.c(209): Notify: Parameter Substitution: parameter "arrival" =  "Los Angeles"	[MsgId: MMSG-13992]
Action.c(209): Registering web_reg_find was successful  	[MsgId: MMSG-26390]
Action.c(218): web_submit_data("reservations.pl_3") started  	[MsgId: MMSG-26355]
Action.c(218): Notify: Next row for parameter firstName = 4 [table  = firstName].	[MsgId: MMSG-13876]
Action.c(218): Notify: Parameter Substitution: parameter "firstName" =  "Jon"	[MsgId: MMSG-13992]
Action.c(218): Notify: Next row for parameter lastName = 4 [table  = lastName].	[MsgId: MMSG-13876]
Action.c(218): Notify: Parameter Substitution: parameter "lastName" =  "King"	[MsgId: MMSG-13992]
Action.c(218): Notify: Next row for parameter address1 = 4 [table  = address1].	[MsgId: MMSG-13876]
Action.c(218): Notify: Parameter Substitution: parameter "address1" =  "Boston st., 63"	[MsgId: MMSG-13992]
Action.c(218): Notify: Next row for parameter address2 = 4 [table  = address2].	[MsgId: MMSG-13876]
Action.c(218): Notify: Parameter Substitution: parameter "address2" =  "London"	[MsgId: MMSG-13992]
Action.c(218): Notify: Next row for parameter pass1 = 4 [table  = pass1].	[MsgId: MMSG-13876]
Action.c(218): Notify: Parameter Substitution: parameter "pass1" =  "Jon King"	[MsgId: MMSG-13992]
Action.c(218): Notify: Next row for parameter creditCard = 4 [table  = creditCard].	[MsgId: MMSG-13876]
Action.c(218): Notify: Parameter Substitution: parameter "creditCard" =  "4213218995030072"	[MsgId: MMSG-13992]
Action.c(218): Notify: Next row for parameter expDate = 4 [table  = expDate].	[MsgId: MMSG-13876]
Action.c(218): Notify: Parameter Substitution: parameter "expDate" =  "12/22"	[MsgId: MMSG-13992]
Action.c(218): Notify: Parameter Substitution: parameter "numPassengers" =  "1"	[MsgId: MMSG-13992]
Action.c(218): Notify: Parameter Substitution: parameter "seatType" =  "Coach"	[MsgId: MMSG-13992]
Action.c(218): Notify: Parameter Substitution: parameter "seatPref" =  "Aisle"	[MsgId: MMSG-13992]
Action.c(218): Notify: Parameter Substitution: parameter "outboundFlight_id" =  "233;632;02/19/2021"	[MsgId: MMSG-13992]
Action.c(218): Found resource "http://localhost:1080/WebTours/images/bookanother.gif" in HTML "http://localhost:1080/cgi-bin/reservations.pl"  	[MsgId: MMSG-26659]
Action.c(218): Registered web_reg_find successful for "Text=02/19/2021 :  11pm : Flight 233 leaves London  for Los Angeles." (count=1)  	[MsgId: MMSG-26364]
Action.c(218): web_submit_data("reservations.pl_3") was successful, 3293 body bytes, 654 header bytes, 12 chunking overhead bytes  	[MsgId: MMSG-26385]
Action.c(247): Notify: Transaction "insert_payment_info" ended with a "Pass" status (Duration: 0,2257 Wasted Time: 0,0000).	[MsgId: MMSG-16871]
Action.c(249): web_add_auto_header("Sec-Fetch-User") started  	[MsgId: MMSG-26355]
Action.c(249): web_add_auto_header("Sec-Fetch-User") was successful  	[MsgId: MMSG-26392]
Action.c(252): web_add_auto_header("Upgrade-Insecure-Requests") started  	[MsgId: MMSG-26355]
Action.c(252): web_add_auto_header("Upgrade-Insecure-Requests") was successful  	[MsgId: MMSG-26392]
Action.c(255): Think time - Waiting 5,00 seconds (according to limit).	[MsgId: MMSG-15946]
Action.c(255): lr_think_time: 5,00 seconds (recorded think time was 10,00 seconds).	[MsgId: MMSG-15947]
Action.c(257): Notify: Transaction "view_itinerary" started.	[MsgId: MMSG-16999]
Action.c(260): web_reg_find started  	[MsgId: MMSG-26355]
Action.c(260): Registering web_reg_find was successful  	[MsgId: MMSG-26390]
Action.c(265): web_reg_save_param started  	[MsgId: MMSG-26355]
Action.c(265): Registering web_reg_save_param was successful  	[MsgId: MMSG-26390]
Action.c(271): web_reg_save_param started  	[MsgId: MMSG-26355]
Action.c(271): Registering web_reg_save_param was successful  	[MsgId: MMSG-26390]
Action.c(277): web_url("Itinerary Button") started  	[MsgId: MMSG-26355]
Action.c(277): Detected non-resource "http://localhost:1080/cgi-bin/nav.pl?page=menu&in=itinerary" in "http://localhost:1080/cgi-bin/welcome.pl?page=itinerary"  	[MsgId: MMSG-26574]
Action.c(277): Detected non-resource "http://localhost:1080/cgi-bin/itinerary.pl" in "http://localhost:1080/cgi-bin/welcome.pl?page=itinerary"  	[MsgId: MMSG-26574]
Action.c(277): Resource "http://localhost:1080/WebTours/images/flights.gif" is in the cache already and will not be downloaded again  	[MsgId: MMSG-26655]
Action.c(277): Found resource "http://localhost:1080/WebTours/images/in_itinerary.gif" in HTML "http://localhost:1080/cgi-bin/nav.pl?page=menu&in=itinerary"  	[MsgId: MMSG-26659]
Action.c(277): Resource "http://localhost:1080/WebTours/images/home.gif" is in the cache already and will not be downloaded again  	[MsgId: MMSG-26655]
Action.c(277): Resource "http://localhost:1080/WebTours/images/signoff.gif" is in the cache already and will not be downloaded again  	[MsgId: MMSG-26655]
Action.c(277): Notify: Saving Parameter "flightsNum_1 = 1".	[MsgId: MMSG-13798]
Action.c(277): Notify: Saving Parameter "flightID_1 = 0-0-JK".	[MsgId: MMSG-13798]
Action.c(277): Notify: Saving Parameter "flightsNum_2 = 2".	[MsgId: MMSG-13798]
Action.c(277): Notify: Saving Parameter "flightID_2 = 0-1-".	[MsgId: MMSG-13798]
Action.c(277): Notify: Saving Parameter "flightsNum_3 = 3".	[MsgId: MMSG-13798]
Action.c(277): Notify: Saving Parameter "flightID_3 = 0-2-".	[MsgId: MMSG-13798]
Action.c(277): Notify: Saving Parameter "flightsNum_4 = 4".	[MsgId: MMSG-13798]
Action.c(277): Notify: Saving Parameter "flightID_4 = 0-0-B".	[MsgId: MMSG-13798]
Action.c(277): Notify: Saving Parameter "flightsNum_5 = 5".	[MsgId: MMSG-13798]
Action.c(277): Notify: Saving Parameter "flightID_5 = 30-3-".	[MsgId: MMSG-13798]
Action.c(277): Notify: Saving Parameter "flightsNum_6 = 6".	[MsgId: MMSG-13798]
Action.c(277): Notify: Saving Parameter "flightID_6 = 0-46209-01".	[MsgId: MMSG-13798]
Action.c(277): Notify: Saving Parameter "flightsNum_7 = 7".	[MsgId: MMSG-13798]
Action.c(277): Notify: Saving Parameter "flightID_7 = 267-54-1".	[MsgId: MMSG-13798]
Action.c(277): Notify: Saving Parameter "flightsNum_8 = 8".	[MsgId: MMSG-13798]
Action.c(277): Notify: Saving Parameter "flightID_8 = 0-62-J".	[MsgId: MMSG-13798]
Action.c(277): Notify: Saving Parameter "flightsNum_9 = 9".	[MsgId: MMSG-13798]
Action.c(277): Notify: Saving Parameter "flightID_9 = 0-6-J".	[MsgId: MMSG-13798]
Action.c(277): Found resource "http://localhost:1080/WebTours/images/cancelreservation.gif" in HTML "http://localhost:1080/cgi-bin/itinerary.pl"  	[MsgId: MMSG-26659]
Action.c(277): Found resource "http://localhost:1080/WebTours/images/cancelallreservations.gif" in HTML "http://localhost:1080/cgi-bin/itinerary.pl"  	[MsgId: MMSG-26659]
Action.c(277): Registered web_reg_find successful for "Text=Flight Transaction Summary" (count=1)  	[MsgId: MMSG-26364]
Action.c(277): Notify: Saving Parameter "flightID_count = 9".	[MsgId: MMSG-13798]
Action.c(277): Notify: Saving Parameter "flightsNum_count = 9".	[MsgId: MMSG-13798]
Action.c(277): web_url("Itinerary Button") was successful, 16103 body bytes, 1618 header bytes, 51 chunking overhead bytes  	[MsgId: MMSG-26385]
Action.c(287): Notify: Transaction "view_itinerary" ended with a "Pass" status (Duration: 0,3776 Wasted Time: 0,0041).	[MsgId: MMSG-16871]
Action.c(289): web_add_header("Origin") started  	[MsgId: MMSG-26355]
Action.c(289): web_add_header("Origin") was successful  	[MsgId: MMSG-26392]
Action.c(292): lr_think_time: 5,00 seconds.	[MsgId: MMSG-15948]
Action.c(294): Notify: Transaction "cancel_flight" started.	[MsgId: MMSG-16999]
Action.c(296): Notify: Parameter Substitution: parameter "flightsNum_count" =  "9"	[MsgId: MMSG-13992]
Action.c(296): Notify: Parameter Substitution: parameter "flightsNum_8" =  "8"	[MsgId: MMSG-13992]
Action.c(296): Notify: Saving Parameter "randomFlightNum = 8".	[MsgId: MMSG-13798]
Action.c(299): Notify: Parameter Substitution: parameter "randomFlightNum" =  "8"	[MsgId: MMSG-13992]
Action.c(299): Notify: Saving Parameter "randFlightNumInt = 8".	[MsgId: MMSG-13798]
Action.c(302): web_reg_find started  	[MsgId: MMSG-26355]
Action.c(302): Registering web_reg_find was successful  	[MsgId: MMSG-26390]
Action.c(306): web_submit_form("itinerary.pl") started  	[MsgId: MMSG-26355]
Action.c(306): Notify: Parameter Substitution: parameter "randomFlightNum" =  "8"	[MsgId: MMSG-13992]
Action.c(306): Submitting form to "http://localhost:1080/cgi-bin/itinerary.pl", Target Frame=""  	[MsgId: MMSG-27978]
Action.c(306): Downloading resource "http://localhost:1080/cgi-bin/itinerary.pl" (specified by argument number 13)  	[MsgId: MMSG-26577]
Action.c(306): Resource "http://localhost:1080/WebTours/images/cancelreservation.gif" is in the cache already and will not be downloaded again  	[MsgId: MMSG-26655]
Action.c(306): Resource "http://localhost:1080/WebTours/images/cancelallreservations.gif" is in the cache already and will not be downloaded again  	[MsgId: MMSG-26655]
Action.c(306): Registered web_reg_find successful for "Text= Flight flightID_randFlightNumInt leaves "  	[MsgId: MMSG-26362]
Action.c(306): web_submit_form("itinerary.pl") was successful, 18772 body bytes, 512 header bytes, 54 chunking overhead bytes  	[MsgId: MMSG-26385]
Action.c(316): Notify: Transaction "cancel_flight" ended with a "Pass" status (Duration: 0,3755 Wasted Time: 0,0002).	[MsgId: MMSG-16871]
Action.c(318): web_remove_auto_header("Sec-Fetch-User") started  	[MsgId: MMSG-26355]
Action.c(318): Previous automatically added web header for "Sec-Fetch-User" removed  	[MsgId: MMSG-26587]
Action.c(318): web_remove/revert_auto_header("Sec-Fetch-User") was successful  	[MsgId: MMSG-26392]
Action.c(320): web_add_header("Sec-Fetch-User") started  	[MsgId: MMSG-26355]
Action.c(320): web_add_header("Sec-Fetch-User") was successful  	[MsgId: MMSG-26392]
Action.c(323): Think time - Waiting 5,00 seconds (according to limit).	[MsgId: MMSG-15946]
Action.c(323): lr_think_time: 5,00 seconds (recorded think time was 22,00 seconds).	[MsgId: MMSG-15947]
Action.c(325): Notify: Transaction "logout" started.	[MsgId: MMSG-16999]
Action.c(328): web_reg_find started  	[MsgId: MMSG-26355]
Action.c(328): Registering web_reg_find was successful  	[MsgId: MMSG-26390]
Action.c(331): web_url("welcome.pl") started  	[MsgId: MMSG-26355]
Action.c(331): Detected non-resource "http://localhost:1080/cgi-bin/nav.pl?in=home" in "http://localhost:1080/cgi-bin/welcome.pl?signOff=1"  	[MsgId: MMSG-26574]
Action.c(331): Detected non-resource "http://localhost:1080/WebTours/home.html" in "http://localhost:1080/cgi-bin/welcome.pl?signOff=1"  	[MsgId: MMSG-26574]
Action.c(331): Retrieving data from cache for "http://localhost:1080/WebTours/home.html"  	[MsgId: MMSG-26558]
Action.c(331): Resource "http://localhost:1080/WebTours/images/mer_login.gif" is in the cache already and will not be downloaded again  	[MsgId: MMSG-26655]
Action.c(331): Registered web_reg_find successful for "Text=A Session ID has been created and loaded into a cookie called MSO." (count=1)  	[MsgId: MMSG-26364]
Action.c(331): web_url("welcome.pl") was successful, 2175 body bytes, 584 header bytes, 24 chunking overhead bytes  	[MsgId: MMSG-26385]
Action.c(341): Notify: Transaction "logout" ended with a "Pass" status (Duration: 0,3836 Wasted Time: 0,0000).	[MsgId: MMSG-16871]
Action.c(343): Notify: Transaction "01_Cancel_flight" ended with a "Pass" status (Duration: 37,9356 Think Time: 35,0188 Wasted Time: 0,0064).	[MsgId: MMSG-16870]
Ending action Action.	[MsgId: MMSG-15918]
Ending iteration 1.	[MsgId: MMSG-15965]
Waiting 159,0630 seconds for iteration pacing.	[MsgId: MMSG-15996]
Virtual User Script started at: 22.09.2020 14:35:53	[MsgId: MMSG-15967]
Starting action vuser_init.	[MsgId: MMSG-15919]
Web Turbo Replay of LoadRunner 12.55.0 for Windows 10; build 911 (июл 24 2017 19:46:00)  	[MsgId: MMSG-26983]
Run mode: HTML  	[MsgId: MMSG-26993]
Replay user agent: Mozilla/5.0 (Windows NT 10.0; WOW64) AppleWebKit/537.36 (KHTML, like Gecko) Chrome/85.0.4183.102 Safari/537.36  	[MsgId: MMSG-26988]
Run-Time Settings file: "C:\Users\Сабина\AppData\Local\Temp\lr5tmpdirwUu.84\lrcfgzDl.307\cfgMi6.347"  	[MsgId: MMSG-27141]
Ending action vuser_init.	[MsgId: MMSG-15918]
Running Vuser...	[MsgId: MMSG-15964]
Starting iteration 1.	[MsgId: MMSG-15968]
Maximum number of concurrent connections per server: 6  	[MsgId: MMSG-26989]
Starting action Action.	[MsgId: MMSG-15919]
Action.c(3): Notify: Transaction "01_Cancel_flight" started.	[MsgId: MMSG-16999]
Action.c(5): web_set_sockets_option started  	[MsgId: MMSG-26355]
Action.c(5): web_set_sockets_option was successful  	[MsgId: MMSG-26392]
Action.c(7): web_add_auto_header("Sec-Fetch-Site") started  	[MsgId: MMSG-26355]
Action.c(7): web_add_auto_header("Sec-Fetch-Site") was successful  	[MsgId: MMSG-26392]
Action.c(10): web_add_auto_header("Sec-Fetch-Dest") started  	[MsgId: MMSG-26355]
Action.c(10): web_add_auto_header("Sec-Fetch-Dest") was successful  	[MsgId: MMSG-26392]
Action.c(13): web_add_auto_header("Sec-Fetch-Mode") started  	[MsgId: MMSG-26355]
Action.c(13): web_add_auto_header("Sec-Fetch-Mode") was successful  	[MsgId: MMSG-26392]
Action.c(16): web_add_auto_header("Sec-Fetch-User") started  	[MsgId: MMSG-26355]
Action.c(16): web_add_auto_header("Sec-Fetch-User") was successful  	[MsgId: MMSG-26392]
Action.c(19): web_add_auto_header("Upgrade-Insecure-Requests") started  	[MsgId: MMSG-26355]
Action.c(19): web_add_auto_header("Upgrade-Insecure-Requests") was successful  	[MsgId: MMSG-26392]
Action.c(22): Notify: Transaction "connection" started.	[MsgId: MMSG-16999]
Action.c(25): web_reg_save_param started  	[MsgId: MMSG-26355]
Action.c(25): Registering web_reg_save_param was successful  	[MsgId: MMSG-26390]
Action.c(31): web_reg_find started  	[MsgId: MMSG-26355]
Action.c(31): Registering web_reg_find was successful  	[MsgId: MMSG-26390]
Action.c(34): web_url("WebTours") started  	[MsgId: MMSG-26355]
Action.c(34): Detected non-resource "http://localhost:1080/WebTours/header.html" in "http://localhost:1080/WebTours/"  	[MsgId: MMSG-26574]
Action.c(34): Detected non-resource "http://localhost:1080/cgi-bin/welcome.pl?signOff=true" in "http://localhost:1080/WebTours/"  	[MsgId: MMSG-26574]
Action.c(34): Found resource "http://localhost:1080/WebTours/images/hp_logo.png" in HTML "http://localhost:1080/WebTours/header.html"  	[MsgId: MMSG-26659]
Action.c(34): Found resource "http://localhost:1080/WebTours/images/webtours.png" in HTML "http://localhost:1080/WebTours/header.html"  	[MsgId: MMSG-26659]
Action.c(34): Detected non-resource "http://localhost:1080/cgi-bin/nav.pl?in=home" in "http://localhost:1080/cgi-bin/welcome.pl?signOff=true"  	[MsgId: MMSG-26574]
Action.c(34): Detected non-resource "http://localhost:1080/WebTours/home.html" in "http://localhost:1080/cgi-bin/welcome.pl?signOff=true"  	[MsgId: MMSG-26574]
Action.c(34): Notify: Saving Parameter "userSession = 129669.870635885zzzQiQDpQHAiDDDDtAAVQpDzDicf".	[MsgId: MMSG-13798]
Action.c(34): Found resource "http://localhost:1080/WebTours/images/mer_login.gif" in HTML "http://localhost:1080/cgi-bin/nav.pl?in=home"  	[MsgId: MMSG-26659]
Action.c(34): Registered web_reg_find successful for "Text=A Session ID has been created and loaded into a cookie called MSO." (count=1)  	[MsgId: MMSG-26364]
Action.c(34): web_url("WebTours") was successful, 10080 body bytes, 2371 header bytes, 24 chunking overhead bytes  	[MsgId: MMSG-26385]
Action.c(44): Notify: Transaction "connection" ended with a "Pass" status (Duration: 0,3368 Wasted Time: 0,0003).	[MsgId: MMSG-16871]
Action.c(46): web_remove_auto_header("Sec-Fetch-User") started  	[MsgId: MMSG-26355]
Action.c(46): Previous automatically added web header for "Sec-Fetch-User" removed  	[MsgId: MMSG-26587]
Action.c(46): web_remove/revert_auto_header("Sec-Fetch-User") was successful  	[MsgId: MMSG-26392]
Action.c(48): web_add_auto_header("Sec-Fetch-Dest") started  	[MsgId: MMSG-26355]
Action.c(48): web_add_auto_header("Sec-Fetch-Dest") was successful  	[MsgId: MMSG-26392]
Action.c(51): web_remove_auto_header("Upgrade-Insecure-Requests") started  	[MsgId: MMSG-26355]
Action.c(51): Previous automatically added web header for "Upgrade-Insecure-Requests" removed  	[MsgId: MMSG-26587]
Action.c(51): web_remove/revert_auto_header("Upgrade-Insecure-Requests") was successful  	[MsgId: MMSG-26392]
Action.c(53): web_add_header("Origin") started  	[MsgId: MMSG-26355]
Action.c(53): web_add_header("Origin") was successful  	[MsgId: MMSG-26392]
Action.c(56): web_add_auto_header("Sec-Fetch-Site") started  	[MsgId: MMSG-26355]
Action.c(56): web_add_auto_header("Sec-Fetch-Site") was successful  	[MsgId: MMSG-26392]
Action.c(59): Notify: Transaction "login" started.	[MsgId: MMSG-16999]
Action.c(62): web_reg_find started  	[MsgId: MMSG-26355]
Action.c(62): Registering web_reg_find was successful  	[MsgId: MMSG-26390]
Action.c(65): web_submit_data("login.pl") started  	[MsgId: MMSG-26355]
Action.c(65): Notify: Parameter Substitution: parameter "userSession" =  "129669.870635885zzzQiQDpQHAiDDDDtAAVQpDzDicf"	[MsgId: MMSG-13992]
Action.c(65): Notify: Parameter Substitution: parameter "login" =  "VUser15"	[MsgId: MMSG-13992]
Action.c(65): Notify: Next row for parameter password = 15 [table  = password].	[MsgId: MMSG-13876]
Action.c(65): Notify: Parameter Substitution: parameter "password" =  "VUser15"	[MsgId: MMSG-13992]
Action.c(65): Detected non-resource "http://localhost:1080/cgi-bin/nav.pl?page=menu&in=home" in "http://localhost:1080/cgi-bin/login.pl"  	[MsgId: MMSG-26574]
Action.c(65): Detected non-resource "http://localhost:1080/cgi-bin/login.pl?intro=true" in "http://localhost:1080/cgi-bin/login.pl"  	[MsgId: MMSG-26574]
Action.c(65): Found resource "http://localhost:1080/WebTours/images/flights.gif" in HTML "http://localhost:1080/cgi-bin/nav.pl?page=menu&in=home"  	[MsgId: MMSG-26659]
Action.c(65): Found resource "http://localhost:1080/WebTours/images/itinerary.gif" in HTML "http://localhost:1080/cgi-bin/nav.pl?page=menu&in=home"  	[MsgId: MMSG-26659]
Action.c(65): Found resource "http://localhost:1080/WebTours/images/in_home.gif" in HTML "http://localhost:1080/cgi-bin/nav.pl?page=menu&in=home"  	[MsgId: MMSG-26659]
Action.c(65): Found resource "http://localhost:1080/WebTours/images/signoff.gif" in HTML "http://localhost:1080/cgi-bin/nav.pl?page=menu&in=home"  	[MsgId: MMSG-26659]
Action.c(65): Registered web_reg_find successful for "Text=User password was correct - added a cookie with the user's default" (count=1)  	[MsgId: MMSG-26364]
Action.c(65): web_submit_data("login.pl") was successful, 5782 body bytes, 2026 header bytes, 36 chunking overhead bytes  	[MsgId: MMSG-26385]
Action.c(82): Notify: Transaction "login" ended with a "Pass" status (Duration: 0,4125 Wasted Time: 0,0000).	[MsgId: MMSG-16871]
Action.c(84): web_add_auto_header("Sec-Fetch-User") started  	[MsgId: MMSG-26355]
Action.c(84): web_add_auto_header("Sec-Fetch-User") was successful  	[MsgId: MMSG-26392]
Action.c(87): web_add_auto_header("Upgrade-Insecure-Requests") started  	[MsgId: MMSG-26355]
Action.c(87): web_add_auto_header("Upgrade-Insecure-Requests") was successful  	[MsgId: MMSG-26392]
Action.c(90): Think time - Waiting 5,00 seconds (according to limit).	[MsgId: MMSG-15946]
Action.c(90): lr_think_time: 5,00 seconds (recorded think time was 6,00 seconds).	[MsgId: MMSG-15947]
Action.c(92): web_url("Search Flights Button") started  	[MsgId: MMSG-26355]
Action.c(92): Detected non-resource "http://localhost:1080/cgi-bin/nav.pl?page=menu&in=flights" in "http://localhost:1080/cgi-bin/welcome.pl?page=search"  	[MsgId: MMSG-26574]
Action.c(92): Detected non-resource "http://localhost:1080/cgi-bin/reservations.pl?page=welcome" in "http://localhost:1080/cgi-bin/welcome.pl?page=search"  	[MsgId: MMSG-26574]
Action.c(92): Found resource "http://localhost:1080/WebTours/images/in_flights.gif" in HTML "http://localhost:1080/cgi-bin/nav.pl?page=menu&in=flights"  	[MsgId: MMSG-26659]
Action.c(92): Resource "http://localhost:1080/WebTours/images/itinerary.gif" is in the cache already and will not be downloaded again  	[MsgId: MMSG-26655]
Action.c(92): Found resource "http://localhost:1080/WebTours/images/home.gif" in HTML "http://localhost:1080/cgi-bin/nav.pl?page=menu&in=flights"  	[MsgId: MMSG-26659]
Action.c(92): Resource "http://localhost:1080/WebTours/images/signoff.gif" is in the cache already and will not be downloaded again  	[MsgId: MMSG-26655]
Action.c(92): Found resource "http://localhost:1080/WebTours/images/button_next.gif" in HTML "http://localhost:1080/cgi-bin/reservations.pl?page=welcome"  	[MsgId: MMSG-26659]
Action.c(92): web_url("Search Flights Button") was successful, 8516 body bytes, 1620 header bytes, 43 chunking overhead bytes  	[MsgId: MMSG-26385]
Action.c(102): web_add_auto_header("Origin") started  	[MsgId: MMSG-26355]
Action.c(102): web_add_auto_header("Origin") was successful  	[MsgId: MMSG-26392]
Action.c(105): Think time - Waiting 5,00 seconds (according to limit).	[MsgId: MMSG-15946]
Action.c(105): lr_think_time: 5,00 seconds (recorded think time was 22,00 seconds).	[MsgId: MMSG-15947]
Action.c(107): Notify: Transaction "insert_info_for_ticket_search" started.	[MsgId: MMSG-16999]
Action.c(110): web_reg_find started  	[MsgId: MMSG-26355]
Action.c(110): Notify: Parameter Substitution: parameter "departure" =  "Zurich"	[MsgId: MMSG-13992]
Action.c(110): Notify: Next row for parameter arrival = 6 [table  = arrival].	[MsgId: MMSG-13876]
Action.c(110): Notify: Parameter Substitution: parameter "arrival" =  "Denver"	[MsgId: MMSG-13992]
Action.c(110): Notify: Parameter Substitution: parameter "departDate" =  "02/19/2021"	[MsgId: MMSG-13992]
Action.c(110): Registering web_reg_find was successful  	[MsgId: MMSG-26390]
Action.c(114): web_reg_save_param_attrib started  	[MsgId: MMSG-26355]
Action.c(114): Notify: Parameter Substitution: parameter "randIndex" =  "3"	[MsgId: MMSG-13992]
Action.c(114): Registering web_reg_save_param_attrib was successful  	[MsgId: MMSG-26390]
Action.c(125): web_reg_save_param started  	[MsgId: MMSG-26355]
Action.c(125): Notify: Parameter Substitution: parameter "randIndex" =  "3"	[MsgId: MMSG-13992]
Action.c(125): Registering web_reg_save_param was successful  	[MsgId: MMSG-26390]
Action.c(131): web_reg_save_param started  	[MsgId: MMSG-26355]
Action.c(131): Notify: Parameter Substitution: parameter "randIndex" =  "3"	[MsgId: MMSG-13992]
Action.c(131): Registering web_reg_save_param was successful  	[MsgId: MMSG-26390]
Action.c(137): web_submit_data("reservations.pl") started  	[MsgId: MMSG-26355]
Action.c(137): Notify: Parameter Substitution: parameter "departure" =  "Zurich"	[MsgId: MMSG-13992]
Action.c(137): Notify: Parameter Substitution: parameter "departDate" =  "02/19/2021"	[MsgId: MMSG-13992]
Action.c(137): Notify: Next row for parameter arrival = 6 [table  = arrival].	[MsgId: MMSG-13876]
Action.c(137): Notify: Parameter Substitution: parameter "arrival" =  "Denver"	[MsgId: MMSG-13992]
Action.c(137): Notify: Parameter Substitution: parameter "returnDate" =  "05/30/2021"	[MsgId: MMSG-13992]
Action.c(137): Notify: Parameter Substitution: parameter "numPassengers" =  "1"	[MsgId: MMSG-13992]
Action.c(137): Notify: Parameter Substitution: parameter "seatPref" =  "None"	[MsgId: MMSG-13992]
Action.c(137): Notify: Parameter Substitution: parameter "seatType" =  "Business"	[MsgId: MMSG-13992]
Action.c(137): Notify: Saving Parameter "flight_id = 902".	[MsgId: MMSG-13798]
Action.c(137): Notify: Saving Parameter "flight_time = 5p".	[MsgId: MMSG-13798]
Action.c(137): Resource "http://localhost:1080/WebTours/images/button_next.gif" is in the cache already and will not be downloaded again  	[MsgId: MMSG-26655]
Action.c(137): Notify: Saving Parameter "outboundFlight_id = 902;577;02/19/2021".	[MsgId: MMSG-13798]
Action.c(137): Registered web_reg_find successful for "Text=Flight departing from <B>Zurich</B> to <B>Denver</B> on <B>02/19/2021</B>" (count=1)  	[MsgId: MMSG-26364]
Action.c(137): web_submit_data("reservations.pl") was successful, 2439 body bytes, 256 header bytes, 12 chunking overhead bytes  	[MsgId: MMSG-26385]
Action.c(161): Notify: Transaction "insert_info_for_ticket_search" ended with a "Pass" status (Duration: 0,2327 Wasted Time: 0,0016).	[MsgId: MMSG-16871]
Action.c(163): Think time - Waiting 5,00 seconds (according to limit).	[MsgId: MMSG-15946]
Action.c(163): lr_think_time: 5,00 seconds (recorded think time was 28,00 seconds).	[MsgId: MMSG-15947]
Action.c(165): Notify: Transaction "choose_the_flight" started.	[MsgId: MMSG-16999]
Action.c(168): web_reg_find started  	[MsgId: MMSG-26355]
Action.c(168): Registering web_reg_find was successful  	[MsgId: MMSG-26390]
Action.c(175): web_submit_data("reservations.pl_2") started  	[MsgId: MMSG-26355]
Action.c(175): Notify: Parameter Substitution: parameter "outboundFlight_id" =  "902;577;02/19/2021"	[MsgId: MMSG-13992]
Action.c(175): Notify: Parameter Substitution: parameter "numPassengers" =  "1"	[MsgId: MMSG-13992]
Action.c(175): Notify: Parameter Substitution: parameter "seatType" =  "Business"	[MsgId: MMSG-13992]
Action.c(175): Notify: Parameter Substitution: parameter "seatPref" =  "None"	[MsgId: MMSG-13992]
Action.c(175): Resource "http://localhost:1080/WebTours/images/button_next.gif" is in the cache already and will not be downloaded again  	[MsgId: MMSG-26655]
Action.c(175): Registered web_reg_find successful for "Text=Flight Reservation" (count=1)  	[MsgId: MMSG-26364]
Action.c(175): web_submit_data("reservations.pl_2") was successful, 2677 body bytes, 255 header bytes, 12 chunking overhead bytes  	[MsgId: MMSG-26385]
Action.c(193): Notify: Transaction "choose_the_flight" ended with a "Pass" status (Duration: 0,2152 Wasted Time: 0,0000).	[MsgId: MMSG-16871]
Action.c(195): web_remove_auto_header("Origin") started  	[MsgId: MMSG-26355]
Action.c(195): Previous automatically added web header for "Origin" removed  	[MsgId: MMSG-26587]
Action.c(195): web_remove/revert_auto_header("Origin") was successful  	[MsgId: MMSG-26392]
Action.c(197): web_remove_auto_header("Sec-Fetch-User") started  	[MsgId: MMSG-26355]
Action.c(197): Previous automatically added web header for "Sec-Fetch-User" removed  	[MsgId: MMSG-26587]
Action.c(197): web_remove/revert_auto_header("Sec-Fetch-User") was successful  	[MsgId: MMSG-26392]
Action.c(199): web_remove_auto_header("Upgrade-Insecure-Requests") started  	[MsgId: MMSG-26355]
Action.c(199): Previous automatically added web header for "Upgrade-Insecure-Requests" removed  	[MsgId: MMSG-26587]
Action.c(199): web_remove/revert_auto_header("Upgrade-Insecure-Requests") was successful  	[MsgId: MMSG-26392]
Action.c(201): web_add_header("Origin") started  	[MsgId: MMSG-26355]
Action.c(201): web_add_header("Origin") was successful  	[MsgId: MMSG-26392]
Action.c(204): Think time - Waiting 5,00 seconds (according to limit).	[MsgId: MMSG-15946]
Action.c(204): lr_think_time: 5,00 seconds (recorded think time was 27,00 seconds).	[MsgId: MMSG-15947]
Action.c(206): Notify: Transaction "insert_payment_info" started.	[MsgId: MMSG-16999]
Action.c(209): web_reg_find started  	[MsgId: MMSG-26355]
Action.c(209): Notify: Parameter Substitution: parameter "departDate" =  "02/19/2021"	[MsgId: MMSG-13992]
Action.c(209): Notify: Parameter Substitution: parameter "flight_time" =  "5p"	[MsgId: MMSG-13992]
Action.c(209): Notify: Parameter Substitution: parameter "flight_id" =  "902"	[MsgId: MMSG-13992]
Action.c(209): Notify: Parameter Substitution: parameter "departure" =  "Zurich"	[MsgId: MMSG-13992]
Action.c(209): Notify: Next row for parameter arrival = 6 [table  = arrival].	[MsgId: MMSG-13876]
Action.c(209): Notify: Parameter Substitution: parameter "arrival" =  "Denver"	[MsgId: MMSG-13992]
Action.c(209): Registering web_reg_find was successful  	[MsgId: MMSG-26390]
Action.c(218): web_submit_data("reservations.pl_3") started  	[MsgId: MMSG-26355]
Action.c(218): Notify: Next row for parameter firstName = 15 [table  = firstName].	[MsgId: MMSG-13876]
Action.c(218): Notify: Parameter Substitution: parameter "firstName" =  "Hanna"	[MsgId: MMSG-13992]
Action.c(218): Notify: Next row for parameter lastName = 15 [table  = lastName].	[MsgId: MMSG-13876]
Action.c(218): Notify: Parameter Substitution: parameter "lastName" =  "Cherry"	[MsgId: MMSG-13992]
Action.c(218): Notify: Next row for parameter address1 = 15 [table  = address1].	[MsgId: MMSG-13876]
Action.c(218): Notify: Parameter Substitution: parameter "address1" =  "Jockinsson st., 635"	[MsgId: MMSG-13992]
Action.c(218): Notify: Next row for parameter address2 = 15 [table  = address2].	[MsgId: MMSG-13876]
Action.c(218): Notify: Parameter Substitution: parameter "address2" =  "New-York"	[MsgId: MMSG-13992]
Action.c(218): Notify: Next row for parameter pass1 = 15 [table  = pass1].	[MsgId: MMSG-13876]
Action.c(218): Notify: Parameter Substitution: parameter "pass1" =  "Hanna Cherry"	[MsgId: MMSG-13992]
Action.c(218): Notify: Next row for parameter creditCard = 15 [table  = creditCard].	[MsgId: MMSG-13876]
Action.c(218): Notify: Parameter Substitution: parameter "creditCard" =  "3636977774122005"	[MsgId: MMSG-13992]
Action.c(218): Notify: Next row for parameter expDate = 15 [table  = expDate].	[MsgId: MMSG-13876]
Action.c(218): Notify: Parameter Substitution: parameter "expDate" =  "08/24"	[MsgId: MMSG-13992]
Action.c(218): Notify: Parameter Substitution: parameter "numPassengers" =  "1"	[MsgId: MMSG-13992]
Action.c(218): Notify: Parameter Substitution: parameter "seatType" =  "Business"	[MsgId: MMSG-13992]
Action.c(218): Notify: Parameter Substitution: parameter "seatPref" =  "None"	[MsgId: MMSG-13992]
Action.c(218): Notify: Parameter Substitution: parameter "outboundFlight_id" =  "902;577;02/19/2021"	[MsgId: MMSG-13992]
Action.c(218): Found resource "http://localhost:1080/WebTours/images/bookanother.gif" in HTML "http://localhost:1080/cgi-bin/reservations.pl"  	[MsgId: MMSG-26659]
Action.c(218): Registered web_reg_find successful for "Text=02/19/2021 :  5pm : Flight 902 leaves Zurich  for Denver." (count=1)  	[MsgId: MMSG-26364]
Action.c(218): web_submit_data("reservations.pl_3") was successful, 3289 body bytes, 654 header bytes, 12 chunking overhead bytes  	[MsgId: MMSG-26385]
Action.c(247): Notify: Transaction "insert_payment_info" ended with a "Pass" status (Duration: 0,2210 Wasted Time: 0,0000).	[MsgId: MMSG-16871]
Action.c(249): web_add_auto_header("Sec-Fetch-User") started  	[MsgId: MMSG-26355]
Action.c(249): web_add_auto_header("Sec-Fetch-User") was successful  	[MsgId: MMSG-26392]
Action.c(252): web_add_auto_header("Upgrade-Insecure-Requests") started  	[MsgId: MMSG-26355]
Action.c(252): web_add_auto_header("Upgrade-Insecure-Requests") was successful  	[MsgId: MMSG-26392]
Action.c(255): Think time - Waiting 5,00 seconds (according to limit).	[MsgId: MMSG-15946]
Action.c(255): lr_think_time: 5,00 seconds (recorded think time was 10,00 seconds).	[MsgId: MMSG-15947]
Action.c(257): Notify: Transaction "view_itinerary" started.	[MsgId: MMSG-16999]
Action.c(260): web_reg_find started  	[MsgId: MMSG-26355]
Action.c(260): Registering web_reg_find was successful  	[MsgId: MMSG-26390]
Action.c(265): web_reg_save_param started  	[MsgId: MMSG-26355]
Action.c(265): Registering web_reg_save_param was successful  	[MsgId: MMSG-26390]
Action.c(271): web_reg_save_param started  	[MsgId: MMSG-26355]
Action.c(271): Registering web_reg_save_param was successful  	[MsgId: MMSG-26390]
Action.c(277): web_url("Itinerary Button") started  	[MsgId: MMSG-26355]
Action.c(277): Detected non-resource "http://localhost:1080/cgi-bin/nav.pl?page=menu&in=itinerary" in "http://localhost:1080/cgi-bin/welcome.pl?page=itinerary"  	[MsgId: MMSG-26574]
Action.c(277): Detected non-resource "http://localhost:1080/cgi-bin/itinerary.pl" in "http://localhost:1080/cgi-bin/welcome.pl?page=itinerary"  	[MsgId: MMSG-26574]
Action.c(277): Resource "http://localhost:1080/WebTours/images/flights.gif" is in the cache already and will not be downloaded again  	[MsgId: MMSG-26655]
Action.c(277): Found resource "http://localhost:1080/WebTours/images/in_itinerary.gif" in HTML "http://localhost:1080/cgi-bin/nav.pl?page=menu&in=itinerary"  	[MsgId: MMSG-26659]
Action.c(277): Resource "http://localhost:1080/WebTours/images/home.gif" is in the cache already and will not be downloaded again  	[MsgId: MMSG-26655]
Action.c(277): Resource "http://localhost:1080/WebTours/images/signoff.gif" is in the cache already and will not be downloaded again  	[MsgId: MMSG-26655]
Action.c(277): Notify: Saving Parameter "flightsNum_1 = 1".	[MsgId: MMSG-13798]
Action.c(277): Notify: Saving Parameter "flightID_1 = 74292681-799-HC".	[MsgId: MMSG-13798]
Action.c(277): Notify: Saving Parameter "flightsNum_2 = 2".	[MsgId: MMSG-13798]
Action.c(277): Notify: Saving Parameter "flightID_2 = 74276031-1604-HC".	[MsgId: MMSG-13798]
Action.c(277): Notify: Saving Parameter "flightsNum_3 = 3".	[MsgId: MMSG-13798]
Action.c(277): Notify: Saving Parameter "flightID_3 = 74261492-2330-HC".	[MsgId: MMSG-13798]
Action.c(277): Notify: Saving Parameter "flightsNum_4 = 4".	[MsgId: MMSG-13798]
Action.c(277): Notify: Saving Parameter "flightID_4 = 74261525-3090-HC".	[MsgId: MMSG-13798]
Action.c(277): Notify: Saving Parameter "flightsNum_5 = 5".	[MsgId: MMSG-13798]
Action.c(277): Notify: Saving Parameter "flightID_5 = 74264487-3858-HC".	[MsgId: MMSG-13798]
Action.c(277): Notify: Saving Parameter "flightsNum_6 = 6".	[MsgId: MMSG-13798]
Action.c(277): Notify: Saving Parameter "flightID_6 = 74284864-4641-HC".	[MsgId: MMSG-13798]
Action.c(277): Notify: Saving Parameter "flightsNum_7 = 7".	[MsgId: MMSG-13798]
Action.c(277): Notify: Saving Parameter "flightID_7 = 74290131-5426-HC".	[MsgId: MMSG-13798]
Action.c(277): Notify: Saving Parameter "flightsNum_8 = 8".	[MsgId: MMSG-13798]
Action.c(277): Notify: Saving Parameter "flightID_8 = 74292681-6184-HC".	[MsgId: MMSG-13798]
Action.c(277): Notify: Saving Parameter "flightsNum_9 = 9".	[MsgId: MMSG-13798]
Action.c(277): Notify: Saving Parameter "flightID_9 = 74267922-6993-HC".	[MsgId: MMSG-13798]
Action.c(277): Notify: Saving Parameter "flightsNum_10 = 10".	[MsgId: MMSG-13798]
Action.c(277): Notify: Saving Parameter "flightID_10 = 74288294-7765-HC".	[MsgId: MMSG-13798]
Action.c(277): Notify: Saving Parameter "flightsNum_11 = 11".	[MsgId: MMSG-13798]
Action.c(277): Notify: Saving Parameter "flightID_11 = 74278195-8483-HC".	[MsgId: MMSG-13798]
Action.c(277): Notify: Saving Parameter "flightsNum_12 = 12".	[MsgId: MMSG-13798]
Action.c(277): Notify: Saving Parameter "flightID_12 = 74267851-9307-HC".	[MsgId: MMSG-13798]
Action.c(277): Notify: Saving Parameter "flightsNum_13 = 13".	[MsgId: MMSG-13798]
Action.c(277): Notify: Saving Parameter "flightID_13 = 74272969-10013-HC".	[MsgId: MMSG-13798]
Action.c(277): Notify: Saving Parameter "flightsNum_14 = 14".	[MsgId: MMSG-13798]
Action.c(277): Notify: Saving Parameter "flightID_14 = 74275983-10811-HC".	[MsgId: MMSG-13798]
Action.c(277): Notify: Saving Parameter "flightsNum_15 = 15".	[MsgId: MMSG-13798]
Action.c(277): Notify: Saving Parameter "flightID_15 = 74264523-11547-HC".	[MsgId: MMSG-13798]
Action.c(277): Notify: Saving Parameter "flightsNum_16 = 16".	[MsgId: MMSG-13798]
Action.c(277): Notify: Saving Parameter "flightID_16 = 74264559-12315-HC".	[MsgId: MMSG-13798]
Action.c(277): Notify: Saving Parameter "flightsNum_17 = 17".	[MsgId: MMSG-13798]
Action.c(277): Notify: Saving Parameter "flightID_17 = 74292688-13121-HC".	[MsgId: MMSG-13798]
Action.c(277): Found resource "http://localhost:1080/WebTours/images/cancelreservation.gif" in HTML "http://localhost:1080/cgi-bin/itinerary.pl"  	[MsgId: MMSG-26659]
Action.c(277): Found resource "http://localhost:1080/WebTours/images/cancelallreservations.gif" in HTML "http://localhost:1080/cgi-bin/itinerary.pl"  	[MsgId: MMSG-26659]
Action.c(277): Registered web_reg_find successful for "Text=Flight Transaction Summary" (count=1)  	[MsgId: MMSG-26364]
Action.c(277): Notify: Saving Parameter "flightID_count = 17".	[MsgId: MMSG-13798]
Action.c(277): Notify: Saving Parameter "flightsNum_count = 17".	[MsgId: MMSG-13798]
Action.c(277): web_url("Itinerary Button") was successful, 25444 body bytes, 1618 header bytes, 75 chunking overhead bytes  	[MsgId: MMSG-26385]
Action.c(287): Notify: Transaction "view_itinerary" ended with a "Pass" status (Duration: 0,3883 Wasted Time: 0,0048).	[MsgId: MMSG-16871]
Action.c(289): web_add_header("Origin") started  	[MsgId: MMSG-26355]
Action.c(289): web_add_header("Origin") was successful  	[MsgId: MMSG-26392]
Action.c(292): lr_think_time: 5,00 seconds.	[MsgId: MMSG-15948]
Action.c(294): Notify: Transaction "cancel_flight" started.	[MsgId: MMSG-16999]
Action.c(296): Notify: Parameter Substitution: parameter "flightsNum_count" =  "17"	[MsgId: MMSG-13992]
Action.c(296): Notify: Parameter Substitution: parameter "flightsNum_12" =  "12"	[MsgId: MMSG-13992]
Action.c(296): Notify: Saving Parameter "randomFlightNum = 12".	[MsgId: MMSG-13798]
Action.c(299): Notify: Parameter Substitution: parameter "randomFlightNum" =  "12"	[MsgId: MMSG-13992]
Action.c(299): Notify: Saving Parameter "randFlightNumInt = 12".	[MsgId: MMSG-13798]
Action.c(302): web_reg_find started  	[MsgId: MMSG-26355]
Action.c(302): Registering web_reg_find was successful  	[MsgId: MMSG-26390]
Action.c(306): web_submit_form("itinerary.pl") started  	[MsgId: MMSG-26355]
Action.c(306): Notify: Parameter Substitution: parameter "randomFlightNum" =  "12"	[MsgId: MMSG-13992]
Action.c(306): Submitting form to "http://localhost:1080/cgi-bin/itinerary.pl", Target Frame=""  	[MsgId: MMSG-27978]
Action.c(306): Downloading resource "http://localhost:1080/cgi-bin/itinerary.pl" (specified by argument number 13)  	[MsgId: MMSG-26577]
Action.c(306): Resource "http://localhost:1080/WebTours/images/cancelreservation.gif" is in the cache already and will not be downloaded again  	[MsgId: MMSG-26655]
Action.c(306): Resource "http://localhost:1080/WebTours/images/cancelallreservations.gif" is in the cache already and will not be downloaded again  	[MsgId: MMSG-26655]
Action.c(306): Registered web_reg_find successful for "Text= Flight flightID_randFlightNumInt leaves "  	[MsgId: MMSG-26362]
Action.c(306): web_submit_form("itinerary.pl") was successful, 39818 body bytes, 512 header bytes, 86 chunking overhead bytes  	[MsgId: MMSG-26385]
Action.c(316): Notify: Transaction "cancel_flight" ended with a "Pass" status (Duration: 0,3853 Wasted Time: 0,0004).	[MsgId: MMSG-16871]
Action.c(318): web_remove_auto_header("Sec-Fetch-User") started  	[MsgId: MMSG-26355]
Action.c(318): Previous automatically added web header for "Sec-Fetch-User" removed  	[MsgId: MMSG-26587]
Action.c(318): web_remove/revert_auto_header("Sec-Fetch-User") was successful  	[MsgId: MMSG-26392]
Action.c(320): web_add_header("Sec-Fetch-User") started  	[MsgId: MMSG-26355]
Action.c(320): web_add_header("Sec-Fetch-User") was successful  	[MsgId: MMSG-26392]
Action.c(323): Think time - Waiting 5,00 seconds (according to limit).	[MsgId: MMSG-15946]
Action.c(323): lr_think_time: 5,00 seconds (recorded think time was 22,00 seconds).	[MsgId: MMSG-15947]
Action.c(325): Notify: Transaction "logout" started.	[MsgId: MMSG-16999]
Action.c(328): web_reg_find started  	[MsgId: MMSG-26355]
Action.c(328): Registering web_reg_find was successful  	[MsgId: MMSG-26390]
Action.c(331): web_url("welcome.pl") started  	[MsgId: MMSG-26355]
Action.c(331): Detected non-resource "http://localhost:1080/cgi-bin/nav.pl?in=home" in "http://localhost:1080/cgi-bin/welcome.pl?signOff=1"  	[MsgId: MMSG-26574]
Action.c(331): Detected non-resource "http://localhost:1080/WebTours/home.html" in "http://localhost:1080/cgi-bin/welcome.pl?signOff=1"  	[MsgId: MMSG-26574]
Action.c(331): Retrieving data from cache for "http://localhost:1080/WebTours/home.html"  	[MsgId: MMSG-26558]
Action.c(331): Resource "http://localhost:1080/WebTours/images/mer_login.gif" is in the cache already and will not be downloaded again  	[MsgId: MMSG-26655]
Action.c(331): Registered web_reg_find successful for "Text=A Session ID has been created and loaded into a cookie called MSO." (count=1)  	[MsgId: MMSG-26364]
Action.c(331): web_url("welcome.pl") was successful, 2176 body bytes, 584 header bytes, 24 chunking overhead bytes  	[MsgId: MMSG-26385]
Action.c(341): Notify: Transaction "logout" ended with a "Pass" status (Duration: 0,6769 Wasted Time: 0,0000).	[MsgId: MMSG-16871]
Action.c(343): Notify: Transaction "01_Cancel_flight" ended with a "Pass" status (Duration: 38,3690 Think Time: 35,0059 Wasted Time: 0,0073).	[MsgId: MMSG-16870]
Ending action Action.	[MsgId: MMSG-15918]
Ending iteration 1.	[MsgId: MMSG-15965]
Waiting 158,6290 seconds for iteration pacing.	[MsgId: MMSG-15996]
Action was aborted.	[MsgId: MMSG-10694]
Ending Vuser...	[MsgId: MMSG-15966]
Starting action vuser_end.	[MsgId: MMSG-15919]
Ending action vuser_end.	[MsgId: MMSG-15918]
Vuser Terminated.	[MsgId: MMSG-15963]
Action was aborted.	[MsgId: MMSG-10694]
Ending Vuser...	[MsgId: MMSG-15966]
Starting action vuser_end.	[MsgId: MMSG-15919]
Action was aborted.	[MsgId: MMSG-10694]
Ending action vuser_end.	[MsgId: MMSG-15918]
Vuser Terminated.	[MsgId: MMSG-15963]
Ending Vuser...	[MsgId: MMSG-15966]
Starting action vuser_end.	[MsgId: MMSG-15919]
Ending action vuser_end.	[MsgId: MMSG-15918]
Vuser Terminated.	[MsgId: MMSG-15963]
Vuser 2 (thread 10496), ended OK."	[MsgId: MMSG-10695]
Vuser 0 (thread 6904), ended OK."	[MsgId: MMSG-10695]
Vuser 1 (thread 6960), ended OK."	[MsgId: MMSG-10695]
