Virtual User Script started at: 21.09.2020 20:15:27	[MsgId: MMSG-15967]
Starting action vuser_init.	[MsgId: MMSG-15919]
Web Turbo Replay of LoadRunner 12.55.0 for Windows 10; build 911 (июл 24 2017 19:46:00)  	[MsgId: MMSG-26983]
Run mode: HTML  	[MsgId: MMSG-26993]
Replay user agent: Mozilla/5.0 (Windows NT 10.0; WOW64) AppleWebKit/537.36 (KHTML, like Gecko) Chrome/85.0.4183.102 Safari/537.36  	[MsgId: MMSG-26988]
Run-Time Settings file: "C:\Users\Сабина\AppData\Local\Temp\lr5tmpdiryp3.10\lrcfgVCl.11\cfg0zF.26"  	[MsgId: MMSG-27141]
Ending action vuser_init.	[MsgId: MMSG-15918]
Running Vuser...	[MsgId: MMSG-15964]
Starting iteration 1.	[MsgId: MMSG-15968]
Maximum number of concurrent connections per server: 6  	[MsgId: MMSG-26989]
Starting action Action.	[MsgId: MMSG-15919]
Action.c(3): Notify: Transaction "01_Cancel_flight" started.	[MsgId: MMSG-16999]
Action.c(5): web_set_sockets_option started  	[MsgId: MMSG-26355]
Action.c(5): web_set_sockets_option was successful  	[MsgId: MMSG-26392]
Action.c(7): web_add_auto_header("Sec-Fetch-Site") started  	[MsgId: MMSG-26355]
Action.c(7): web_add_auto_header("Sec-Fetch-Site") was successful  	[MsgId: MMSG-26392]
Action.c(10): web_add_auto_header("Sec-Fetch-Dest") started  	[MsgId: MMSG-26355]
Action.c(10): web_add_auto_header("Sec-Fetch-Dest") was successful  	[MsgId: MMSG-26392]
Action.c(13): web_add_auto_header("Sec-Fetch-Mode") started  	[MsgId: MMSG-26355]
Action.c(13): web_add_auto_header("Sec-Fetch-Mode") was successful  	[MsgId: MMSG-26392]
Action.c(16): web_add_auto_header("Sec-Fetch-User") started  	[MsgId: MMSG-26355]
Action.c(16): web_add_auto_header("Sec-Fetch-User") was successful  	[MsgId: MMSG-26392]
Action.c(19): web_add_auto_header("Upgrade-Insecure-Requests") started  	[MsgId: MMSG-26355]
Action.c(19): web_add_auto_header("Upgrade-Insecure-Requests") was successful  	[MsgId: MMSG-26392]
Action.c(22): Notify: Transaction "connection" started.	[MsgId: MMSG-16999]
Action.c(25): web_reg_save_param started  	[MsgId: MMSG-26355]
Action.c(25): Registering web_reg_save_param was successful  	[MsgId: MMSG-26390]
Action.c(31): web_reg_find started  	[MsgId: MMSG-26355]
Action.c(31): Registering web_reg_find was successful  	[MsgId: MMSG-26390]
Action.c(34): web_url("WebTours") started  	[MsgId: MMSG-26355]
Action.c(34): Error -27792: Failed to connect to server "localhost:1080": [10061] Connection refused  	[MsgId: MERR-27792]
Action.c(34): Error -26377: No match found for the requested parameter "userSession". Either the specified boundaries were not found in the response or the matched text is longer than current max html parameter size of 256 bytes. The total length of the response is 0 bytes. You can use "web_set_max_html_param_len" to increase the max parameter size.  	[MsgId: MERR-26377]
Action.c(34): Notify: Saving Parameter "userSession = ".	[MsgId: MMSG-13798]
Action.c(34): Error -26366: "Text=A Session ID has been created and loaded into a cookie called MSO." not found for web_reg_find  	[MsgId: MERR-26366]
Action.c(34): Error -26374: The above "not found" error(s) may be explained by header and body byte counts being 0 and 0, respectively.  	[MsgId: MERR-26374]
Action.c(34): web_url("WebTours") highest severity level was "ERROR", 0 body bytes, 0 header bytes  	[MsgId: MMSG-26388]
Action.c(34): Notify: Transaction "connection" ended with a "Fail" status (Duration: 2,0301).	[MsgId: MMSG-16873]
Action.c(34): Notify: Transaction "connection" has 4 error message(s).	[MsgId: MMSG-16818]
Action.c(34): Notify: The 1st error message associated with transaction "connection" is "Error -27792: Failed to connect to server "localhost:1080": [10061] Connection refused"	[MsgId: MMSG-16819]
Action.c(34): Notify: The 2nd error message associated with transaction "connection" is "Error -26377: No match found for the requested parameter "userSession". Either the specified boundaries were not found in the response or the matched text is longer than current max html parameter size of 256 bytes. The total length of the response is 0 bytes. You can use "web_set_max_html_param_len" to increase the max parameter size."	[MsgId: MMSG-16819]
Action.c(34): Notify: The 3rd error message associated with transaction "connection" is "Error -26366: "Text=A Session ID has been created and loaded into a cookie called MSO." not found for web_reg_find"	[MsgId: MMSG-16819]
Action.c(34): Notify: The 4th error message associated with transaction "connection" is "Error -26374: The above "not found" error(s) may be explained by header and body byte counts being 0 and 0, respectively."	[MsgId: MMSG-16819]
Action.c(34): Notify: Transaction "01_Cancel_flight" ended with a "Fail" status (Duration: 2,0326).	[MsgId: MMSG-16873]
Action.c(34): Notify: Transaction "01_Cancel_flight" has 4 error message(s).	[MsgId: MMSG-16818]
Action.c(34): Notify: The 1st error message associated with transaction "01_Cancel_flight" is "Error -27792: Failed to connect to server "localhost:1080": [10061] Connection refused"	[MsgId: MMSG-16819]
Action.c(34): Notify: The 2nd error message associated with transaction "01_Cancel_flight" is "Error -26377: No match found for the requested parameter "userSession". Either the specified boundaries were not found in the response or the matched text is longer than current max html parameter size of 256 bytes. The total length of the response is 0 bytes. You can use "web_set_max_html_param_len" to increase the max parameter size."	[MsgId: MMSG-16819]
Action.c(34): Notify: The 3rd error message associated with transaction "01_Cancel_flight" is "Error -26366: "Text=A Session ID has been created and loaded into a cookie called MSO." not found for web_reg_find"	[MsgId: MMSG-16819]
Action.c(34): Notify: The 4th error message associated with transaction "01_Cancel_flight" is "Error -26374: The above "not found" error(s) may be explained by header and body byte counts being 0 and 0, respectively."	[MsgId: MMSG-16819]
Ending action Action.	[MsgId: MMSG-15918]
Ending iteration 1.	[MsgId: MMSG-15965]
Waiting 197,9640 seconds for iteration pacing.	[MsgId: MMSG-15996]
Virtual User Script started at: 21.09.2020 20:16:27	[MsgId: MMSG-15967]
Starting action vuser_init.	[MsgId: MMSG-15919]
Web Turbo Replay of LoadRunner 12.55.0 for Windows 10; build 911 (июл 24 2017 19:46:00)  	[MsgId: MMSG-26983]
Run mode: HTML  	[MsgId: MMSG-26993]
Replay user agent: Mozilla/5.0 (Windows NT 10.0; WOW64) AppleWebKit/537.36 (KHTML, like Gecko) Chrome/85.0.4183.102 Safari/537.36  	[MsgId: MMSG-26988]
Run-Time Settings file: "C:\Users\Сабина\AppData\Local\Temp\lr5tmpdiryp3.10\lrcfgVCl.11\cfg0zF.26"  	[MsgId: MMSG-27141]
Ending action vuser_init.	[MsgId: MMSG-15918]
Running Vuser...	[MsgId: MMSG-15964]
Starting iteration 1.	[MsgId: MMSG-15968]
Maximum number of concurrent connections per server: 6  	[MsgId: MMSG-26989]
Starting action Action.	[MsgId: MMSG-15919]
Action.c(3): Notify: Transaction "01_Cancel_flight" started.	[MsgId: MMSG-16999]
Action.c(5): web_set_sockets_option started  	[MsgId: MMSG-26355]
Action.c(5): web_set_sockets_option was successful  	[MsgId: MMSG-26392]
Action.c(7): web_add_auto_header("Sec-Fetch-Site") started  	[MsgId: MMSG-26355]
Action.c(7): web_add_auto_header("Sec-Fetch-Site") was successful  	[MsgId: MMSG-26392]
Action.c(10): web_add_auto_header("Sec-Fetch-Dest") started  	[MsgId: MMSG-26355]
Action.c(10): web_add_auto_header("Sec-Fetch-Dest") was successful  	[MsgId: MMSG-26392]
Action.c(13): web_add_auto_header("Sec-Fetch-Mode") started  	[MsgId: MMSG-26355]
Action.c(13): web_add_auto_header("Sec-Fetch-Mode") was successful  	[MsgId: MMSG-26392]
Action.c(16): web_add_auto_header("Sec-Fetch-User") started  	[MsgId: MMSG-26355]
Action.c(16): web_add_auto_header("Sec-Fetch-User") was successful  	[MsgId: MMSG-26392]
Action.c(19): web_add_auto_header("Upgrade-Insecure-Requests") started  	[MsgId: MMSG-26355]
Action.c(19): web_add_auto_header("Upgrade-Insecure-Requests") was successful  	[MsgId: MMSG-26392]
Action.c(22): Notify: Transaction "connection" started.	[MsgId: MMSG-16999]
Action.c(25): web_reg_save_param started  	[MsgId: MMSG-26355]
Action.c(25): Registering web_reg_save_param was successful  	[MsgId: MMSG-26390]
Action.c(31): web_reg_find started  	[MsgId: MMSG-26355]
Action.c(31): Registering web_reg_find was successful  	[MsgId: MMSG-26390]
Action.c(34): web_url("WebTours") started  	[MsgId: MMSG-26355]
Action.c(34): Error -27792: Failed to connect to server "localhost:1080": [10061] Connection refused  	[MsgId: MERR-27792]
Action.c(34): Error -26377: No match found for the requested parameter "userSession". Either the specified boundaries were not found in the response or the matched text is longer than current max html parameter size of 256 bytes. The total length of the response is 0 bytes. You can use "web_set_max_html_param_len" to increase the max parameter size.  	[MsgId: MERR-26377]
Action.c(34): Notify: Saving Parameter "userSession = ".	[MsgId: MMSG-13798]
Action.c(34): Error -26366: "Text=A Session ID has been created and loaded into a cookie called MSO." not found for web_reg_find  	[MsgId: MERR-26366]
Action.c(34): Error -26374: The above "not found" error(s) may be explained by header and body byte counts being 0 and 0, respectively.  	[MsgId: MERR-26374]
Action.c(34): web_url("WebTours") highest severity level was "ERROR", 0 body bytes, 0 header bytes  	[MsgId: MMSG-26388]
Action.c(34): Notify: Transaction "connection" ended with a "Fail" status (Duration: 2,0450).	[MsgId: MMSG-16873]
Action.c(34): Notify: Transaction "connection" has 4 error message(s).	[MsgId: MMSG-16818]
Action.c(34): Notify: The 1st error message associated with transaction "connection" is "Error -27792: Failed to connect to server "localhost:1080": [10061] Connection refused"	[MsgId: MMSG-16819]
Action.c(34): Notify: The 2nd error message associated with transaction "connection" is "Error -26377: No match found for the requested parameter "userSession". Either the specified boundaries were not found in the response or the matched text is longer than current max html parameter size of 256 bytes. The total length of the response is 0 bytes. You can use "web_set_max_html_param_len" to increase the max parameter size."	[MsgId: MMSG-16819]
Action.c(34): Notify: The 3rd error message associated with transaction "connection" is "Error -26366: "Text=A Session ID has been created and loaded into a cookie called MSO." not found for web_reg_find"	[MsgId: MMSG-16819]
Action.c(34): Notify: The 4th error message associated with transaction "connection" is "Error -26374: The above "not found" error(s) may be explained by header and body byte counts being 0 and 0, respectively."	[MsgId: MMSG-16819]
Action.c(34): Notify: Transaction "01_Cancel_flight" ended with a "Fail" status (Duration: 2,0472).	[MsgId: MMSG-16873]
Action.c(34): Notify: Transaction "01_Cancel_flight" has 4 error message(s).	[MsgId: MMSG-16818]
Action.c(34): Notify: The 1st error message associated with transaction "01_Cancel_flight" is "Error -27792: Failed to connect to server "localhost:1080": [10061] Connection refused"	[MsgId: MMSG-16819]
Action.c(34): Notify: The 2nd error message associated with transaction "01_Cancel_flight" is "Error -26377: No match found for the requested parameter "userSession". Either the specified boundaries were not found in the response or the matched text is longer than current max html parameter size of 256 bytes. The total length of the response is 0 bytes. You can use "web_set_max_html_param_len" to increase the max parameter size."	[MsgId: MMSG-16819]
Action.c(34): Notify: The 3rd error message associated with transaction "01_Cancel_flight" is "Error -26366: "Text=A Session ID has been created and loaded into a cookie called MSO." not found for web_reg_find"	[MsgId: MMSG-16819]
Action.c(34): Notify: The 4th error message associated with transaction "01_Cancel_flight" is "Error -26374: The above "not found" error(s) may be explained by header and body byte counts being 0 and 0, respectively."	[MsgId: MMSG-16819]
Ending action Action.	[MsgId: MMSG-15918]
Ending iteration 1.	[MsgId: MMSG-15965]
Waiting 197,9500 seconds for iteration pacing.	[MsgId: MMSG-15996]
Virtual User Script started at: 21.09.2020 20:17:42	[MsgId: MMSG-15967]
Starting action vuser_init.	[MsgId: MMSG-15919]
Web Turbo Replay of LoadRunner 12.55.0 for Windows 10; build 911 (июл 24 2017 19:46:00)  	[MsgId: MMSG-26983]
Run mode: HTML  	[MsgId: MMSG-26993]
Replay user agent: Mozilla/5.0 (Windows NT 10.0; WOW64) AppleWebKit/537.36 (KHTML, like Gecko) Chrome/85.0.4183.102 Safari/537.36  	[MsgId: MMSG-26988]
Run-Time Settings file: "C:\Users\Сабина\AppData\Local\Temp\lr5tmpdiryp3.10\lrcfgVCl.11\cfg0zF.26"  	[MsgId: MMSG-27141]
Ending action vuser_init.	[MsgId: MMSG-15918]
Running Vuser...	[MsgId: MMSG-15964]
Starting iteration 1.	[MsgId: MMSG-15968]
Maximum number of concurrent connections per server: 6  	[MsgId: MMSG-26989]
Starting action Action.	[MsgId: MMSG-15919]
Action.c(3): Notify: Transaction "01_Cancel_flight" started.	[MsgId: MMSG-16999]
Action.c(5): web_set_sockets_option started  	[MsgId: MMSG-26355]
Action.c(5): web_set_sockets_option was successful  	[MsgId: MMSG-26392]
Action.c(7): web_add_auto_header("Sec-Fetch-Site") started  	[MsgId: MMSG-26355]
Action.c(7): web_add_auto_header("Sec-Fetch-Site") was successful  	[MsgId: MMSG-26392]
Action.c(10): web_add_auto_header("Sec-Fetch-Dest") started  	[MsgId: MMSG-26355]
Action.c(10): web_add_auto_header("Sec-Fetch-Dest") was successful  	[MsgId: MMSG-26392]
Action.c(13): web_add_auto_header("Sec-Fetch-Mode") started  	[MsgId: MMSG-26355]
Action.c(13): web_add_auto_header("Sec-Fetch-Mode") was successful  	[MsgId: MMSG-26392]
Action.c(16): web_add_auto_header("Sec-Fetch-User") started  	[MsgId: MMSG-26355]
Action.c(16): web_add_auto_header("Sec-Fetch-User") was successful  	[MsgId: MMSG-26392]
Action.c(19): web_add_auto_header("Upgrade-Insecure-Requests") started  	[MsgId: MMSG-26355]
Action.c(19): web_add_auto_header("Upgrade-Insecure-Requests") was successful  	[MsgId: MMSG-26392]
Action.c(22): Notify: Transaction "connection" started.	[MsgId: MMSG-16999]
Action.c(25): web_reg_save_param started  	[MsgId: MMSG-26355]
Action.c(25): Registering web_reg_save_param was successful  	[MsgId: MMSG-26390]
Action.c(31): web_reg_find started  	[MsgId: MMSG-26355]
Action.c(31): Registering web_reg_find was successful  	[MsgId: MMSG-26390]
Action.c(34): web_url("WebTours") started  	[MsgId: MMSG-26355]
Action.c(34): Error -27792: Failed to connect to server "localhost:1080": [10061] Connection refused  	[MsgId: MERR-27792]
Action.c(34): Error -26377: No match found for the requested parameter "userSession". Either the specified boundaries were not found in the response or the matched text is longer than current max html parameter size of 256 bytes. The total length of the response is 0 bytes. You can use "web_set_max_html_param_len" to increase the max parameter size.  	[MsgId: MERR-26377]
Action.c(34): Notify: Saving Parameter "userSession = ".	[MsgId: MMSG-13798]
Action.c(34): Error -26366: "Text=A Session ID has been created and loaded into a cookie called MSO." not found for web_reg_find  	[MsgId: MERR-26366]
Action.c(34): Error -26374: The above "not found" error(s) may be explained by header and body byte counts being 0 and 0, respectively.  	[MsgId: MERR-26374]
Action.c(34): web_url("WebTours") highest severity level was "ERROR", 0 body bytes, 0 header bytes  	[MsgId: MMSG-26388]
Action.c(34): Notify: Transaction "connection" ended with a "Fail" status (Duration: 2,0455).	[MsgId: MMSG-16873]
Action.c(34): Notify: Transaction "connection" has 4 error message(s).	[MsgId: MMSG-16818]
Action.c(34): Notify: The 1st error message associated with transaction "connection" is "Error -27792: Failed to connect to server "localhost:1080": [10061] Connection refused"	[MsgId: MMSG-16819]
Action.c(34): Notify: The 2nd error message associated with transaction "connection" is "Error -26377: No match found for the requested parameter "userSession". Either the specified boundaries were not found in the response or the matched text is longer than current max html parameter size of 256 bytes. The total length of the response is 0 bytes. You can use "web_set_max_html_param_len" to increase the max parameter size."	[MsgId: MMSG-16819]
Action.c(34): Notify: The 3rd error message associated with transaction "connection" is "Error -26366: "Text=A Session ID has been created and loaded into a cookie called MSO." not found for web_reg_find"	[MsgId: MMSG-16819]
Action.c(34): Notify: The 4th error message associated with transaction "connection" is "Error -26374: The above "not found" error(s) may be explained by header and body byte counts being 0 and 0, respectively."	[MsgId: MMSG-16819]
Action.c(34): Notify: Transaction "01_Cancel_flight" ended with a "Fail" status (Duration: 2,0477).	[MsgId: MMSG-16873]
Action.c(34): Notify: Transaction "01_Cancel_flight" has 4 error message(s).	[MsgId: MMSG-16818]
Action.c(34): Notify: The 1st error message associated with transaction "01_Cancel_flight" is "Error -27792: Failed to connect to server "localhost:1080": [10061] Connection refused"	[MsgId: MMSG-16819]
Action.c(34): Notify: The 2nd error message associated with transaction "01_Cancel_flight" is "Error -26377: No match found for the requested parameter "userSession". Either the specified boundaries were not found in the response or the matched text is longer than current max html parameter size of 256 bytes. The total length of the response is 0 bytes. You can use "web_set_max_html_param_len" to increase the max parameter size."	[MsgId: MMSG-16819]
Action.c(34): Notify: The 3rd error message associated with transaction "01_Cancel_flight" is "Error -26366: "Text=A Session ID has been created and loaded into a cookie called MSO." not found for web_reg_find"	[MsgId: MMSG-16819]
Action.c(34): Notify: The 4th error message associated with transaction "01_Cancel_flight" is "Error -26374: The above "not found" error(s) may be explained by header and body byte counts being 0 and 0, respectively."	[MsgId: MMSG-16819]
Ending action Action.	[MsgId: MMSG-15918]
Ending iteration 1.	[MsgId: MMSG-15965]
Waiting 197,9490 seconds for iteration pacing.	[MsgId: MMSG-15996]
Virtual User Script started at: 21.09.2020 20:18:27	[MsgId: MMSG-15967]
Starting action vuser_init.	[MsgId: MMSG-15919]
Web Turbo Replay of LoadRunner 12.55.0 for Windows 10; build 911 (июл 24 2017 19:46:00)  	[MsgId: MMSG-26983]
Run mode: HTML  	[MsgId: MMSG-26993]
Replay user agent: Mozilla/5.0 (Windows NT 10.0; WOW64) AppleWebKit/537.36 (KHTML, like Gecko) Chrome/85.0.4183.102 Safari/537.36  	[MsgId: MMSG-26988]
Run-Time Settings file: "C:\Users\Сабина\AppData\Local\Temp\lr5tmpdiryp3.10\lrcfgVCl.11\cfg0zF.26"  	[MsgId: MMSG-27141]
Ending action vuser_init.	[MsgId: MMSG-15918]
Running Vuser...	[MsgId: MMSG-15964]
Starting iteration 1.	[MsgId: MMSG-15968]
Maximum number of concurrent connections per server: 6  	[MsgId: MMSG-26989]
Starting action Action.	[MsgId: MMSG-15919]
Action.c(3): Notify: Transaction "01_Cancel_flight" started.	[MsgId: MMSG-16999]
Action.c(5): web_set_sockets_option started  	[MsgId: MMSG-26355]
Action.c(5): web_set_sockets_option was successful  	[MsgId: MMSG-26392]
Action.c(7): web_add_auto_header("Sec-Fetch-Site") started  	[MsgId: MMSG-26355]
Action.c(7): web_add_auto_header("Sec-Fetch-Site") was successful  	[MsgId: MMSG-26392]
Action.c(10): web_add_auto_header("Sec-Fetch-Dest") started  	[MsgId: MMSG-26355]
Action.c(10): web_add_auto_header("Sec-Fetch-Dest") was successful  	[MsgId: MMSG-26392]
Action.c(13): web_add_auto_header("Sec-Fetch-Mode") started  	[MsgId: MMSG-26355]
Action.c(13): web_add_auto_header("Sec-Fetch-Mode") was successful  	[MsgId: MMSG-26392]
Action.c(16): web_add_auto_header("Sec-Fetch-User") started  	[MsgId: MMSG-26355]
Action.c(16): web_add_auto_header("Sec-Fetch-User") was successful  	[MsgId: MMSG-26392]
Action.c(19): web_add_auto_header("Upgrade-Insecure-Requests") started  	[MsgId: MMSG-26355]
Action.c(19): web_add_auto_header("Upgrade-Insecure-Requests") was successful  	[MsgId: MMSG-26392]
Action.c(22): Notify: Transaction "connection" started.	[MsgId: MMSG-16999]
Action.c(25): web_reg_save_param started  	[MsgId: MMSG-26355]
Action.c(25): Registering web_reg_save_param was successful  	[MsgId: MMSG-26390]
Action.c(31): web_reg_find started  	[MsgId: MMSG-26355]
Action.c(31): Registering web_reg_find was successful  	[MsgId: MMSG-26390]
Action.c(34): web_url("WebTours") started  	[MsgId: MMSG-26355]
Action.c(34): Error -27792: Failed to connect to server "localhost:1080": [10061] Connection refused  	[MsgId: MERR-27792]
Action.c(34): Error -26377: No match found for the requested parameter "userSession". Either the specified boundaries were not found in the response or the matched text is longer than current max html parameter size of 256 bytes. The total length of the response is 0 bytes. You can use "web_set_max_html_param_len" to increase the max parameter size.  	[MsgId: MERR-26377]
Action.c(34): Notify: Saving Parameter "userSession = ".	[MsgId: MMSG-13798]
Action.c(34): Error -26366: "Text=A Session ID has been created and loaded into a cookie called MSO." not found for web_reg_find  	[MsgId: MERR-26366]
Action.c(34): Error -26374: The above "not found" error(s) may be explained by header and body byte counts being 0 and 0, respectively.  	[MsgId: MERR-26374]
Action.c(34): web_url("WebTours") highest severity level was "ERROR", 0 body bytes, 0 header bytes  	[MsgId: MMSG-26388]
Action.c(34): Notify: Transaction "connection" ended with a "Fail" status (Duration: 2,0605).	[MsgId: MMSG-16873]
Action.c(34): Notify: Transaction "connection" has 4 error message(s).	[MsgId: MMSG-16818]
Action.c(34): Notify: The 1st error message associated with transaction "connection" is "Error -27792: Failed to connect to server "localhost:1080": [10061] Connection refused"	[MsgId: MMSG-16819]
Action.c(34): Notify: The 2nd error message associated with transaction "connection" is "Error -26377: No match found for the requested parameter "userSession". Either the specified boundaries were not found in the response or the matched text is longer than current max html parameter size of 256 bytes. The total length of the response is 0 bytes. You can use "web_set_max_html_param_len" to increase the max parameter size."	[MsgId: MMSG-16819]
Action.c(34): Notify: The 3rd error message associated with transaction "connection" is "Error -26366: "Text=A Session ID has been created and loaded into a cookie called MSO." not found for web_reg_find"	[MsgId: MMSG-16819]
Action.c(34): Notify: The 4th error message associated with transaction "connection" is "Error -26374: The above "not found" error(s) may be explained by header and body byte counts being 0 and 0, respectively."	[MsgId: MMSG-16819]
Action.c(34): Notify: Transaction "01_Cancel_flight" ended with a "Fail" status (Duration: 2,0625).	[MsgId: MMSG-16873]
Action.c(34): Notify: Transaction "01_Cancel_flight" has 4 error message(s).	[MsgId: MMSG-16818]
Action.c(34): Notify: The 1st error message associated with transaction "01_Cancel_flight" is "Error -27792: Failed to connect to server "localhost:1080": [10061] Connection refused"	[MsgId: MMSG-16819]
Action.c(34): Notify: The 2nd error message associated with transaction "01_Cancel_flight" is "Error -26377: No match found for the requested parameter "userSession". Either the specified boundaries were not found in the response or the matched text is longer than current max html parameter size of 256 bytes. The total length of the response is 0 bytes. You can use "web_set_max_html_param_len" to increase the max parameter size."	[MsgId: MMSG-16819]
Action.c(34): Notify: The 3rd error message associated with transaction "01_Cancel_flight" is "Error -26366: "Text=A Session ID has been created and loaded into a cookie called MSO." not found for web_reg_find"	[MsgId: MMSG-16819]
Action.c(34): Notify: The 4th error message associated with transaction "01_Cancel_flight" is "Error -26374: The above "not found" error(s) may be explained by header and body byte counts being 0 and 0, respectively."	[MsgId: MMSG-16819]
Ending action Action.	[MsgId: MMSG-15918]
Ending iteration 1.	[MsgId: MMSG-15965]
Waiting 197,9340 seconds for iteration pacing.	[MsgId: MMSG-15996]
Starting iteration 2.	[MsgId: MMSG-15968]
Notify: Next row for parameter seatPref = 2 [table  = seatPref].	[MsgId: MMSG-13876]
Notify: Getting new value for parameter 'seatPref': table = '..\Parameters\seatPref.dat' column = '0' row = '2'.	[MsgId: MMSG-13877]
Notify: Next row for parameter numPassengers = 1 [table  = numPassengers].	[MsgId: MMSG-13876]
Notify: Getting new value for parameter 'numPassengers': table = '..\Parameters\numPassengers.dat' column = '0' row = '1'.	[MsgId: MMSG-13877]
Notify: Next row for parameter departure = 4 [table  = departure].	[MsgId: MMSG-13876]
Notify: Getting new value for parameter 'departure': table = '..\Parameters\departure.dat' column = '0' row = '4'.	[MsgId: MMSG-13877]
Notify: Next row for parameter seatType = 2 [table  = seatType].	[MsgId: MMSG-13876]
Notify: Getting new value for parameter 'seatType': table = '..\Parameters\seatType.dat' column = '0' row = '2'.	[MsgId: MMSG-13877]
Notify: Next row for parameter login = 7 [table  = login].	[MsgId: MMSG-13876]
Notify: Getting new value for parameter 'login': table = '..\Parameters\login.dat' column = '0' row = '7'.	[MsgId: MMSG-13877]
Notify: Next row for parameter creditCard = 7 [table  = creditCard].	[MsgId: MMSG-13876]
Notify: Getting new value for parameter 'creditCard': table = '..\Parameters\login.dat' column = '7' row = '7'.	[MsgId: MMSG-13877]
Notify: Next row for parameter expDate = 7 [table  = expDate].	[MsgId: MMSG-13876]
Notify: Getting new value for parameter 'expDate': table = '..\Parameters\login.dat' column = '8' row = '7'.	[MsgId: MMSG-13877]
Notify: Next row for parameter lastName = 7 [table  = lastName].	[MsgId: MMSG-13876]
Notify: Getting new value for parameter 'lastName': table = '..\Parameters\login.dat' column = '3' row = '7'.	[MsgId: MMSG-13877]
Notify: Next row for parameter pass1 = 7 [table  = pass1].	[MsgId: MMSG-13876]
Notify: Getting new value for parameter 'pass1': table = '..\Parameters\login.dat' column = '6' row = '7'.	[MsgId: MMSG-13877]
Notify: Next row for parameter password = 7 [table  = password].	[MsgId: MMSG-13876]
Notify: Getting new value for parameter 'password': table = '..\Parameters\login.dat' column = '1' row = '7'.	[MsgId: MMSG-13877]
Notify: Next row for parameter firstName = 7 [table  = firstName].	[MsgId: MMSG-13876]
Notify: Getting new value for parameter 'firstName': table = '..\Parameters\login.dat' column = '2' row = '7'.	[MsgId: MMSG-13877]
Notify: Next row for parameter address2 = 7 [table  = address2].	[MsgId: MMSG-13876]
Notify: Getting new value for parameter 'address2': table = '..\Parameters\login.dat' column = '5' row = '7'.	[MsgId: MMSG-13877]
Notify: Next row for parameter address1 = 7 [table  = address1].	[MsgId: MMSG-13876]
Notify: Getting new value for parameter 'address1': table = '..\Parameters\login.dat' column = '4' row = '7'.	[MsgId: MMSG-13877]
Notify: Next row for parameter arrival = 4 [table  = arrival].	[MsgId: MMSG-13876]
Notify: Getting new value for parameter 'arrival': table = '..\Parameters\departure.dat' column = '1' row = '4'.	[MsgId: MMSG-13877]
Starting action Action.	[MsgId: MMSG-15919]
Action.c(3): Notify: Transaction "01_Cancel_flight" started.	[MsgId: MMSG-16999]
Action.c(5): web_set_sockets_option started  	[MsgId: MMSG-26355]
Action.c(5): web_set_sockets_option was successful  	[MsgId: MMSG-26392]
Action.c(7): web_add_auto_header("Sec-Fetch-Site") started  	[MsgId: MMSG-26355]
Action.c(7): web_add_auto_header("Sec-Fetch-Site") was successful  	[MsgId: MMSG-26392]
Action.c(10): web_add_auto_header("Sec-Fetch-Dest") started  	[MsgId: MMSG-26355]
Action.c(10): web_add_auto_header("Sec-Fetch-Dest") was successful  	[MsgId: MMSG-26392]
Action.c(13): web_add_auto_header("Sec-Fetch-Mode") started  	[MsgId: MMSG-26355]
Action.c(13): web_add_auto_header("Sec-Fetch-Mode") was successful  	[MsgId: MMSG-26392]
Action.c(16): web_add_auto_header("Sec-Fetch-User") started  	[MsgId: MMSG-26355]
Action.c(16): web_add_auto_header("Sec-Fetch-User") was successful  	[MsgId: MMSG-26392]
Action.c(19): web_add_auto_header("Upgrade-Insecure-Requests") started  	[MsgId: MMSG-26355]
Action.c(19): web_add_auto_header("Upgrade-Insecure-Requests") was successful  	[MsgId: MMSG-26392]
Action.c(22): Notify: Transaction "connection" started.	[MsgId: MMSG-16999]
Action.c(25): web_reg_save_param started  	[MsgId: MMSG-26355]
Action.c(25): Registering web_reg_save_param was successful  	[MsgId: MMSG-26390]
Action.c(31): web_reg_find started  	[MsgId: MMSG-26355]
Action.c(31): Registering web_reg_find was successful  	[MsgId: MMSG-26390]
Action.c(34): web_url("WebTours") started  	[MsgId: MMSG-26355]
Action.c(34): Error -27792: Failed to connect to server "localhost:1080": [10061] Connection refused  	[MsgId: MERR-27792]
Action.c(34): Error -26377: No match found for the requested parameter "userSession". Either the specified boundaries were not found in the response or the matched text is longer than current max html parameter size of 256 bytes. The total length of the response is 0 bytes. You can use "web_set_max_html_param_len" to increase the max parameter size.  	[MsgId: MERR-26377]
Action.c(34): Notify: Saving Parameter "userSession = ".	[MsgId: MMSG-13798]
Action.c(34): Error -26366: "Text=A Session ID has been created and loaded into a cookie called MSO." not found for web_reg_find  	[MsgId: MERR-26366]
Action.c(34): Error -26374: The above "not found" error(s) may be explained by header and body byte counts being 0 and 0, respectively.  	[MsgId: MERR-26374]
Action.c(34): web_url("WebTours") highest severity level was "ERROR", 0 body bytes, 0 header bytes  	[MsgId: MMSG-26388]
Action.c(34): Notify: Transaction "connection" ended with a "Fail" status (Duration: 2,0278).	[MsgId: MMSG-16873]
Action.c(34): Notify: Transaction "connection" has 4 error message(s).	[MsgId: MMSG-16818]
Action.c(34): Notify: The 1st error message associated with transaction "connection" is "Error -27792: Failed to connect to server "localhost:1080": [10061] Connection refused"	[MsgId: MMSG-16819]
Action.c(34): Notify: The 2nd error message associated with transaction "connection" is "Error -26377: No match found for the requested parameter "userSession". Either the specified boundaries were not found in the response or the matched text is longer than current max html parameter size of 256 bytes. The total length of the response is 0 bytes. You can use "web_set_max_html_param_len" to increase the max parameter size."	[MsgId: MMSG-16819]
Action.c(34): Notify: The 3rd error message associated with transaction "connection" is "Error -26366: "Text=A Session ID has been created and loaded into a cookie called MSO." not found for web_reg_find"	[MsgId: MMSG-16819]
Action.c(34): Notify: The 4th error message associated with transaction "connection" is "Error -26374: The above "not found" error(s) may be explained by header and body byte counts being 0 and 0, respectively."	[MsgId: MMSG-16819]
Action.c(34): Notify: Transaction "01_Cancel_flight" ended with a "Fail" status (Duration: 2,0298).	[MsgId: MMSG-16873]
Action.c(34): Notify: Transaction "01_Cancel_flight" has 4 error message(s).	[MsgId: MMSG-16818]
Action.c(34): Notify: The 1st error message associated with transaction "01_Cancel_flight" is "Error -27792: Failed to connect to server "localhost:1080": [10061] Connection refused"	[MsgId: MMSG-16819]
Action.c(34): Notify: The 2nd error message associated with transaction "01_Cancel_flight" is "Error -26377: No match found for the requested parameter "userSession". Either the specified boundaries were not found in the response or the matched text is longer than current max html parameter size of 256 bytes. The total length of the response is 0 bytes. You can use "web_set_max_html_param_len" to increase the max parameter size."	[MsgId: MMSG-16819]
Action.c(34): Notify: The 3rd error message associated with transaction "01_Cancel_flight" is "Error -26366: "Text=A Session ID has been created and loaded into a cookie called MSO." not found for web_reg_find"	[MsgId: MMSG-16819]
Action.c(34): Notify: The 4th error message associated with transaction "01_Cancel_flight" is "Error -26374: The above "not found" error(s) may be explained by header and body byte counts being 0 and 0, respectively."	[MsgId: MMSG-16819]
Ending action Action.	[MsgId: MMSG-15918]
Ending iteration 2.	[MsgId: MMSG-15965]
Waiting 197,9640 seconds for iteration pacing.	[MsgId: MMSG-15996]
Starting iteration 2.	[MsgId: MMSG-15968]
Notify: Next row for parameter seatPref = 2 [table  = seatPref].	[MsgId: MMSG-13876]
Notify: Getting new value for parameter 'seatPref': table = '..\Parameters\seatPref.dat' column = '0' row = '2'.	[MsgId: MMSG-13877]
Notify: Next row for parameter numPassengers = 1 [table  = numPassengers].	[MsgId: MMSG-13876]
Notify: Getting new value for parameter 'numPassengers': table = '..\Parameters\numPassengers.dat' column = '0' row = '1'.	[MsgId: MMSG-13877]
Notify: Next row for parameter departure = 10 [table  = departure].	[MsgId: MMSG-13876]
Notify: Getting new value for parameter 'departure': table = '..\Parameters\departure.dat' column = '0' row = '10'.	[MsgId: MMSG-13877]
Notify: Next row for parameter seatType = 3 [table  = seatType].	[MsgId: MMSG-13876]
Notify: Getting new value for parameter 'seatType': table = '..\Parameters\seatType.dat' column = '0' row = '3'.	[MsgId: MMSG-13877]
Notify: Next row for parameter login = 5 [table  = login].	[MsgId: MMSG-13876]
Notify: Getting new value for parameter 'login': table = '..\Parameters\login.dat' column = '0' row = '5'.	[MsgId: MMSG-13877]
Notify: Next row for parameter creditCard = 5 [table  = creditCard].	[MsgId: MMSG-13876]
Notify: Getting new value for parameter 'creditCard': table = '..\Parameters\login.dat' column = '7' row = '5'.	[MsgId: MMSG-13877]
Notify: Next row for parameter expDate = 5 [table  = expDate].	[MsgId: MMSG-13876]
Notify: Getting new value for parameter 'expDate': table = '..\Parameters\login.dat' column = '8' row = '5'.	[MsgId: MMSG-13877]
Notify: Next row for parameter lastName = 5 [table  = lastName].	[MsgId: MMSG-13876]
Notify: Getting new value for parameter 'lastName': table = '..\Parameters\login.dat' column = '3' row = '5'.	[MsgId: MMSG-13877]
Notify: Next row for parameter pass1 = 5 [table  = pass1].	[MsgId: MMSG-13876]
Notify: Getting new value for parameter 'pass1': table = '..\Parameters\login.dat' column = '6' row = '5'.	[MsgId: MMSG-13877]
Notify: Next row for parameter password = 5 [table  = password].	[MsgId: MMSG-13876]
Notify: Getting new value for parameter 'password': table = '..\Parameters\login.dat' column = '1' row = '5'.	[MsgId: MMSG-13877]
Notify: Next row for parameter firstName = 5 [table  = firstName].	[MsgId: MMSG-13876]
Notify: Getting new value for parameter 'firstName': table = '..\Parameters\login.dat' column = '2' row = '5'.	[MsgId: MMSG-13877]
Notify: Next row for parameter address2 = 5 [table  = address2].	[MsgId: MMSG-13876]
Notify: Getting new value for parameter 'address2': table = '..\Parameters\login.dat' column = '5' row = '5'.	[MsgId: MMSG-13877]
Notify: Next row for parameter address1 = 5 [table  = address1].	[MsgId: MMSG-13876]
Notify: Getting new value for parameter 'address1': table = '..\Parameters\login.dat' column = '4' row = '5'.	[MsgId: MMSG-13877]
Notify: Next row for parameter arrival = 10 [table  = arrival].	[MsgId: MMSG-13876]
Notify: Getting new value for parameter 'arrival': table = '..\Parameters\departure.dat' column = '1' row = '10'.	[MsgId: MMSG-13877]
Starting action Action.	[MsgId: MMSG-15919]
Action.c(3): Notify: Transaction "01_Cancel_flight" started.	[MsgId: MMSG-16999]
Action.c(5): web_set_sockets_option started  	[MsgId: MMSG-26355]
Action.c(5): web_set_sockets_option was successful  	[MsgId: MMSG-26392]
Action.c(7): web_add_auto_header("Sec-Fetch-Site") started  	[MsgId: MMSG-26355]
Action.c(7): web_add_auto_header("Sec-Fetch-Site") was successful  	[MsgId: MMSG-26392]
Action.c(10): web_add_auto_header("Sec-Fetch-Dest") started  	[MsgId: MMSG-26355]
Action.c(10): web_add_auto_header("Sec-Fetch-Dest") was successful  	[MsgId: MMSG-26392]
Action.c(13): web_add_auto_header("Sec-Fetch-Mode") started  	[MsgId: MMSG-26355]
Action.c(13): web_add_auto_header("Sec-Fetch-Mode") was successful  	[MsgId: MMSG-26392]
Action.c(16): web_add_auto_header("Sec-Fetch-User") started  	[MsgId: MMSG-26355]
Action.c(16): web_add_auto_header("Sec-Fetch-User") was successful  	[MsgId: MMSG-26392]
Action.c(19): web_add_auto_header("Upgrade-Insecure-Requests") started  	[MsgId: MMSG-26355]
Action.c(19): web_add_auto_header("Upgrade-Insecure-Requests") was successful  	[MsgId: MMSG-26392]
Action.c(22): Notify: Transaction "connection" started.	[MsgId: MMSG-16999]
Action.c(25): web_reg_save_param started  	[MsgId: MMSG-26355]
Action.c(25): Registering web_reg_save_param was successful  	[MsgId: MMSG-26390]
Action.c(31): web_reg_find started  	[MsgId: MMSG-26355]
Action.c(31): Registering web_reg_find was successful  	[MsgId: MMSG-26390]
Action.c(34): web_url("WebTours") started  	[MsgId: MMSG-26355]
Action.c(34): Error -27792: Failed to connect to server "localhost:1080": [10061] Connection refused  	[MsgId: MERR-27792]
Action.c(34): Error -26377: No match found for the requested parameter "userSession". Either the specified boundaries were not found in the response or the matched text is longer than current max html parameter size of 256 bytes. The total length of the response is 0 bytes. You can use "web_set_max_html_param_len" to increase the max parameter size.  	[MsgId: MERR-26377]
Action.c(34): Notify: Saving Parameter "userSession = ".	[MsgId: MMSG-13798]
Action.c(34): Error -26366: "Text=A Session ID has been created and loaded into a cookie called MSO." not found for web_reg_find  	[MsgId: MERR-26366]
Action.c(34): Error -26374: The above "not found" error(s) may be explained by header and body byte counts being 0 and 0, respectively.  	[MsgId: MERR-26374]
Action.c(34): web_url("WebTours") highest severity level was "ERROR", 0 body bytes, 0 header bytes  	[MsgId: MMSG-26388]
Action.c(34): Notify: Transaction "connection" ended with a "Fail" status (Duration: 2,0584).	[MsgId: MMSG-16873]
Action.c(34): Notify: Transaction "connection" has 4 error message(s).	[MsgId: MMSG-16818]
Action.c(34): Notify: The 1st error message associated with transaction "connection" is "Error -27792: Failed to connect to server "localhost:1080": [10061] Connection refused"	[MsgId: MMSG-16819]
Action.c(34): Notify: The 2nd error message associated with transaction "connection" is "Error -26377: No match found for the requested parameter "userSession". Either the specified boundaries were not found in the response or the matched text is longer than current max html parameter size of 256 bytes. The total length of the response is 0 bytes. You can use "web_set_max_html_param_len" to increase the max parameter size."	[MsgId: MMSG-16819]
Action.c(34): Notify: The 3rd error message associated with transaction "connection" is "Error -26366: "Text=A Session ID has been created and loaded into a cookie called MSO." not found for web_reg_find"	[MsgId: MMSG-16819]
Action.c(34): Notify: The 4th error message associated with transaction "connection" is "Error -26374: The above "not found" error(s) may be explained by header and body byte counts being 0 and 0, respectively."	[MsgId: MMSG-16819]
Action.c(34): Notify: Transaction "01_Cancel_flight" ended with a "Fail" status (Duration: 2,0604).	[MsgId: MMSG-16873]
Action.c(34): Notify: Transaction "01_Cancel_flight" has 4 error message(s).	[MsgId: MMSG-16818]
Action.c(34): Notify: The 1st error message associated with transaction "01_Cancel_flight" is "Error -27792: Failed to connect to server "localhost:1080": [10061] Connection refused"	[MsgId: MMSG-16819]
Action.c(34): Notify: The 2nd error message associated with transaction "01_Cancel_flight" is "Error -26377: No match found for the requested parameter "userSession". Either the specified boundaries were not found in the response or the matched text is longer than current max html parameter size of 256 bytes. The total length of the response is 0 bytes. You can use "web_set_max_html_param_len" to increase the max parameter size."	[MsgId: MMSG-16819]
Action.c(34): Notify: The 3rd error message associated with transaction "01_Cancel_flight" is "Error -26366: "Text=A Session ID has been created and loaded into a cookie called MSO." not found for web_reg_find"	[MsgId: MMSG-16819]
Action.c(34): Notify: The 4th error message associated with transaction "01_Cancel_flight" is "Error -26374: The above "not found" error(s) may be explained by header and body byte counts being 0 and 0, respectively."	[MsgId: MMSG-16819]
Ending action Action.	[MsgId: MMSG-15918]
Ending iteration 2.	[MsgId: MMSG-15965]
Waiting 197,9340 seconds for iteration pacing.	[MsgId: MMSG-15996]
Action was aborted.	[MsgId: MMSG-10694]
Ending Vuser...	[MsgId: MMSG-15966]
Starting action vuser_end.	[MsgId: MMSG-15919]
Ending action vuser_end.	[MsgId: MMSG-15918]
Vuser Terminated.	[MsgId: MMSG-15963]
Action was aborted.	[MsgId: MMSG-10694]
Ending Vuser...	[MsgId: MMSG-15966]
Starting action vuser_end.	[MsgId: MMSG-15919]
Ending action vuser_end.	[MsgId: MMSG-15918]
Vuser Terminated.	[MsgId: MMSG-15963]
Action was aborted.	[MsgId: MMSG-10694]
Ending Vuser...	[MsgId: MMSG-15966]
Starting action vuser_end.	[MsgId: MMSG-15919]
Ending action vuser_end.	[MsgId: MMSG-15918]
Vuser Terminated.	[MsgId: MMSG-15963]
Action was aborted.	[MsgId: MMSG-10694]
Ending Vuser...	[MsgId: MMSG-15966]
Starting action vuser_end.	[MsgId: MMSG-15919]
Ending action vuser_end.	[MsgId: MMSG-15918]
Vuser Terminated.	[MsgId: MMSG-15963]
Vuser 1 (thread 3464), ended OK."	[MsgId: MMSG-10695]
Vuser 0 (thread 10208), ended OK."	[MsgId: MMSG-10695]
Vuser 2 (thread 280), ended OK."	[MsgId: MMSG-10695]
Vuser 3 (thread 9004), ended OK."	[MsgId: MMSG-10695]
