Action.c(92): Found resource "http://localhost:1080/WebTours/images/home.gif" in HTML "http://localhost:1080/cgi-bin/nav.pl?page=menu&in=flights"  	[MsgId: MMSG-26659]
Action.c(92): Resource "http://localhost:1080/WebTours/images/signoff.gif" is in the cache already and will not be downloaded again  	[MsgId: MMSG-26655]
Action.c(92): Found resource "http://localhost:1080/WebTours/images/button_next.gif" in HTML "http://localhost:1080/cgi-bin/reservations.pl?page=welcome"  	[MsgId: MMSG-26659]
Action.c(92): web_url("Search Flights Button") was successful, 8516 body bytes, 1620 header bytes, 43 chunking overhead bytes  	[MsgId: MMSG-26385]
Action.c(102): web_add_auto_header("Origin") started  	[MsgId: MMSG-26355]
Action.c(102): web_add_auto_header("Origin") was successful  	[MsgId: MMSG-26392]
Action.c(105): Think time - Waiting 5,00 seconds (according to limit).	[MsgId: MMSG-15946]
Action.c(105): lr_think_time: 5,00 seconds (recorded think time was 22,00 seconds).	[MsgId: MMSG-15947]
Action.c(107): Notify: Transaction "insert_info_for_ticket_search" started.	[MsgId: MMSG-16999]
Action.c(110): web_reg_find started  	[MsgId: MMSG-26355]
Action.c(110): Notify: Parameter Substitution: parameter "departure" =  "San Francisco"	[MsgId: MMSG-13992]
Action.c(110): Notify: Next row for parameter arrival = 9 [table  = arrival].	[MsgId: MMSG-13876]
Action.c(110): Notify: Parameter Substitution: parameter "arrival" =  "Zurich"	[MsgId: MMSG-13992]
Action.c(110): Notify: Parameter Substitution: parameter "departDate" =  "02/18/2021"	[MsgId: MMSG-13992]
Action.c(110): Registering web_reg_find was successful  	[MsgId: MMSG-26390]
Action.c(114): web_reg_save_param_attrib started  	[MsgId: MMSG-26355]
Action.c(114): Notify: Parameter Substitution: parameter "randIndex" =  "2"	[MsgId: MMSG-13992]
Action.c(114): Registering web_reg_save_param_attrib was successful  	[MsgId: MMSG-26390]
Action.c(125): web_reg_save_param started  	[MsgId: MMSG-26355]
Action.c(125): Notify: Parameter Substitution: parameter "randIndex" =  "2"	[MsgId: MMSG-13992]
Action.c(125): Registering web_reg_save_param was successful  	[MsgId: MMSG-26390]
Action.c(131): web_reg_save_param started  	[MsgId: MMSG-26355]
Action.c(131): Notify: Parameter Substitution: parameter "randIndex" =  "2"	[MsgId: MMSG-13992]
Action.c(131): Registering web_reg_save_param was successful  	[MsgId: MMSG-26390]
Action.c(137): web_submit_data("reservations.pl") started  	[MsgId: MMSG-26355]
Action.c(137): Notify: Parameter Substitution: parameter "departure" =  "San Francisco"	[MsgId: MMSG-13992]
Action.c(137): Notify: Parameter Substitution: parameter "departDate" =  "02/18/2021"	[MsgId: MMSG-13992]
Action.c(137): Notify: Next row for parameter arrival = 9 [table  = arrival].	[MsgId: MMSG-13876]
Action.c(137): Notify: Parameter Substitution: parameter "arrival" =  "Zurich"	[MsgId: MMSG-13992]
Action.c(137): Notify: Parameter Substitution: parameter "returnDate" =  "05/29/2021"	[MsgId: MMSG-13992]
Action.c(137): Notify: Parameter Substitution: parameter "numPassengers" =  "1"	[MsgId: MMSG-13992]
Action.c(137): Notify: Parameter Substitution: parameter "seatPref" =  "Aisle"	[MsgId: MMSG-13992]
Action.c(137): Notify: Parameter Substitution: parameter "seatType" =  "Business"	[MsgId: MMSG-13992]
Action.c(137): Notify: Saving Parameter "flight_id = 691".	[MsgId: MMSG-13798]
Action.c(137): Notify: Saving Parameter "flight_time = 1p".	[MsgId: MMSG-13798]
Action.c(137): Resource "http://localhost:1080/WebTours/images/button_next.gif" is in the cache already and will not be downloaded again  	[MsgId: MMSG-26655]
Action.c(137): Notify: Saving Parameter "outboundFlight_id = 691;485;02/18/2021".	[MsgId: MMSG-13798]
Action.c(137): Registered web_reg_find successful for "Text=Flight departing from <B>San Francisco</B> to <B>Zurich</B> on <B>02/18/2021</B>" (count=1)  	[MsgId: MMSG-26364]
Action.c(137): web_submit_data("reservations.pl") was successful, 2454 body bytes, 256 header bytes, 12 chunking overhead bytes  	[MsgId: MMSG-26385]
Action.c(161): Notify: Transaction "insert_info_for_ticket_search" ended with a "Pass" status (Duration: 0,2017 Wasted Time: 0,0015).	[MsgId: MMSG-16871]
Action.c(163): Think time - Waiting 5,00 seconds (according to limit).	[MsgId: MMSG-15946]
Action.c(163): lr_think_time: 5,00 seconds (recorded think time was 28,00 seconds).	[MsgId: MMSG-15947]
Action.c(165): Notify: Transaction "choose_the_flight" started.	[MsgId: MMSG-16999]
Action.c(168): web_reg_find started  	[MsgId: MMSG-26355]
Action.c(168): Registering web_reg_find was successful  	[MsgId: MMSG-26390]
Action.c(175): web_submit_data("reservations.pl_2") started  	[MsgId: MMSG-26355]
Action.c(175): Notify: Parameter Substitution: parameter "outboundFlight_id" =  "691;485;02/18/2021"	[MsgId: MMSG-13992]
Action.c(175): Notify: Parameter Substitution: parameter "numPassengers" =  "1"	[MsgId: MMSG-13992]
Action.c(175): Notify: Parameter Substitution: parameter "seatType" =  "Business"	[MsgId: MMSG-13992]
Action.c(175): Notify: Parameter Substitution: parameter "seatPref" =  "Aisle"	[MsgId: MMSG-13992]
Action.c(175): Resource "http://localhost:1080/WebTours/images/button_next.gif" is in the cache already and will not be downloaded again  	[MsgId: MMSG-26655]
Action.c(175): Registered web_reg_find successful for "Text=Flight Reservation" (count=1)  	[MsgId: MMSG-26364]
Action.c(175): web_submit_data("reservations.pl_2") was successful, 2678 body bytes, 255 header bytes, 12 chunking overhead bytes  	[MsgId: MMSG-26385]
Action.c(193): Notify: Transaction "choose_the_flight" ended with a "Pass" status (Duration: 0,2186 Wasted Time: 0,0000).	[MsgId: MMSG-16871]
Action.c(195): web_remove_auto_header("Origin") started  	[MsgId: MMSG-26355]
Action.c(195): Previous automatically added web header for "Origin" removed  	[MsgId: MMSG-26587]
Action.c(195): web_remove/revert_auto_header("Origin") was successful  	[MsgId: MMSG-26392]
Action.c(197): web_remove_auto_header("Sec-Fetch-User") started  	[MsgId: MMSG-26355]
Action.c(197): Previous automatically added web header for "Sec-Fetch-User" removed  	[MsgId: MMSG-26587]
Action.c(197): web_remove/revert_auto_header("Sec-Fetch-User") was successful  	[MsgId: MMSG-26392]
Action.c(199): web_remove_auto_header("Upgrade-Insecure-Requests") started  	[MsgId: MMSG-26355]
Action.c(199): Previous automatically added web header for "Upgrade-Insecure-Requests" removed  	[MsgId: MMSG-26587]
Action.c(199): web_remove/revert_auto_header("Upgrade-Insecure-Requests") was successful  	[MsgId: MMSG-26392]
Action.c(201): web_add_header("Origin") started  	[MsgId: MMSG-26355]
Action.c(201): web_add_header("Origin") was successful  	[MsgId: MMSG-26392]
Action.c(204): Think time - Waiting 5,00 seconds (according to limit).	[MsgId: MMSG-15946]
Action.c(204): lr_think_time: 5,00 seconds (recorded think time was 27,00 seconds).	[MsgId: MMSG-15947]
Action.c(206): Notify: Transaction "insert_payment_info" started.	[MsgId: MMSG-16999]
Action.c(209): web_reg_find started  	[MsgId: MMSG-26355]
Action.c(209): Notify: Parameter Substitution: parameter "departDate" =  "02/18/2021"	[MsgId: MMSG-13992]
Action.c(209): Notify: Parameter Substitution: parameter "flight_time" =  "1p"	[MsgId: MMSG-13992]
Action.c(209): Notify: Parameter Substitution: parameter "flight_id" =  "691"	[MsgId: MMSG-13992]
Action.c(209): Notify: Parameter Substitution: parameter "departure" =  "San Francisco"	[MsgId: MMSG-13992]
Action.c(209): Notify: Next row for parameter arrival = 9 [table  = arrival].	[MsgId: MMSG-13876]
Action.c(209): Notify: Parameter Substitution: parameter "arrival" =  "Zurich"	[MsgId: MMSG-13992]
Action.c(209): Registering web_reg_find was successful  	[MsgId: MMSG-26390]
Action.c(218): web_submit_data("reservations.pl_3") started  	[MsgId: MMSG-26355]
Action.c(218): Notify: Next row for parameter firstName = 10 [table  = firstName].	[MsgId: MMSG-13876]
Action.c(218): Notify: Parameter Substitution: parameter "firstName" =  "Daniela"	[MsgId: MMSG-13992]
Action.c(218): Notify: Next row for parameter lastName = 10 [table  = lastName].	[MsgId: MMSG-13876]
Action.c(218): Notify: Parameter Substitution: parameter "lastName" =  "Hurt"	[MsgId: MMSG-13992]
Action.c(218): Notify: Next row for parameter address1 = 10 [table  = address1].	[MsgId: MMSG-13876]
Action.c(218): Notify: Parameter Substitution: parameter "address1" =  "Fazenda st., 90"	[MsgId: MMSG-13992]
Action.c(218): Notify: Next row for parameter address2 = 10 [table  = address2].	[MsgId: MMSG-13876]
Action.c(218): Notify: Parameter Substitution: parameter "address2" =  "Berlin"	[MsgId: MMSG-13992]
Action.c(218): Notify: Next row for parameter pass1 = 10 [table  = pass1].	[MsgId: MMSG-13876]
Action.c(218): Notify: Parameter Substitution: parameter "pass1" =  "Daniela Hurt"	[MsgId: MMSG-13992]
Action.c(218): Notify: Next row for parameter creditCard = 10 [table  = creditCard].	[MsgId: MMSG-13876]
Action.c(218): Notify: Parameter Substitution: parameter "creditCard" =  "8036041133066589"	[MsgId: MMSG-13992]
Action.c(218): Notify: Next row for parameter expDate = 10 [table  = expDate].	[MsgId: MMSG-13876]
Action.c(218): Notify: Parameter Substitution: parameter "expDate" =  "02/23"	[MsgId: MMSG-13992]
Action.c(218): Notify: Parameter Substitution: parameter "numPassengers" =  "1"	[MsgId: MMSG-13992]
Action.c(218): Notify: Parameter Substitution: parameter "seatType" =  "Business"	[MsgId: MMSG-13992]
Action.c(218): Notify: Parameter Substitution: parameter "seatPref" =  "Aisle"	[MsgId: MMSG-13992]
Action.c(218): Notify: Parameter Substitution: parameter "outboundFlight_id" =  "691;485;02/18/2021"	[MsgId: MMSG-13992]
Action.c(218): Found resource "http://localhost:1080/WebTours/images/bookanother.gif" in HTML "http://localhost:1080/cgi-bin/reservations.pl"  	[MsgId: MMSG-26659]
Action.c(218): Registered web_reg_find successful for "Text=02/18/2021 :  1pm : Flight 691 leaves San Francisco  for Zurich." (count=1)  	[MsgId: MMSG-26364]
Action.c(218): web_submit_data("reservations.pl_3") was successful, 3303 body bytes, 654 header bytes, 12 chunking overhead bytes  	[MsgId: MMSG-26385]
Action.c(247): Notify: Transaction "insert_payment_info" ended with a "Pass" status (Duration: 0,2060 Wasted Time: 0,0000).	[MsgId: MMSG-16871]
Action.c(249): web_add_auto_header("Sec-Fetch-User") started  	[MsgId: MMSG-26355]
Action.c(249): web_add_auto_header("Sec-Fetch-User") was successful  	[MsgId: MMSG-26392]
Action.c(252): web_add_auto_header("Upgrade-Insecure-Requests") started  	[MsgId: MMSG-26355]
Action.c(252): web_add_auto_header("Upgrade-Insecure-Requests") was successful  	[MsgId: MMSG-26392]
Action.c(255): Think time - Waiting 5,00 seconds (according to limit).	[MsgId: MMSG-15946]
Action.c(255): lr_think_time: 5,00 seconds (recorded think time was 10,00 seconds).	[MsgId: MMSG-15947]
Action.c(257): Notify: Transaction "view_itinerary" started.	[MsgId: MMSG-16999]
Action.c(260): web_reg_find started  	[MsgId: MMSG-26355]
Action.c(260): Registering web_reg_find was successful  	[MsgId: MMSG-26390]
Action.c(265): web_reg_save_param started  	[MsgId: MMSG-26355]
Action.c(265): Registering web_reg_save_param was successful  	[MsgId: MMSG-26390]
Action.c(271): web_reg_save_param started  	[MsgId: MMSG-26355]
Action.c(271): Registering web_reg_save_param was successful  	[MsgId: MMSG-26390]
Action.c(277): web_url("Itinerary Button") started  	[MsgId: MMSG-26355]
Action.c(277): Detected non-resource "http://localhost:1080/cgi-bin/nav.pl?page=menu&in=itinerary" in "http://localhost:1080/cgi-bin/welcome.pl?page=itinerary"  	[MsgId: MMSG-26574]
Action.c(277): Detected non-resource "http://localhost:1080/cgi-bin/itinerary.pl" in "http://localhost:1080/cgi-bin/welcome.pl?page=itinerary"  	[MsgId: MMSG-26574]
Action.c(277): Resource "http://localhost:1080/WebTours/images/flights.gif" is in the cache already and will not be downloaded again  	[MsgId: MMSG-26655]
Action.c(277): Found resource "http://localhost:1080/WebTours/images/in_itinerary.gif" in HTML "http://localhost:1080/cgi-bin/nav.pl?page=menu&in=itinerary"  	[MsgId: MMSG-26659]
Action.c(277): Resource "http://localhost:1080/WebTours/images/home.gif" is in the cache already and will not be downloaded again  	[MsgId: MMSG-26655]
Action.c(277): Resource "http://localhost:1080/WebTours/images/signoff.gif" is in the cache already and will not be downloaded again  	[MsgId: MMSG-26655]
Action.c(277): Notify: Saving Parameter "flightsNum_1 = 1".	[MsgId: MMSG-13798]
Action.c(277): Notify: Saving Parameter "flightID_1 = 611567446-7773-JB".	[MsgId: MMSG-13798]
Action.c(277): Notify: Saving Parameter "flightsNum_2 = 2".	[MsgId: MMSG-13798]
Action.c(277): Notify: Saving Parameter "flightID_2 = 78-1-OK".	[MsgId: MMSG-13798]
Action.c(277): Notify: Saving Parameter "flightsNum_3 = 3".	[MsgId: MMSG-13798]
Action.c(277): Notify: Saving Parameter "flightID_3 = 297631153076540-0-".	[MsgId: MMSG-13798]
Action.c(277): Notify: Saving Parameter "flightsNum_4 = 4".	[MsgId: MMSG-13798]
Action.c(277): Notify: Saving Parameter "flightID_4 = 0-0-".	[MsgId: MMSG-13798]
Action.c(277): Notify: Saving Parameter "flightsNum_5 = 5".	[MsgId: MMSG-13798]
Action.c(277): Notify: Saving Parameter "flightID_5 = 0-3-".	[MsgId: MMSG-13798]
Action.c(277): Notify: Saving Parameter "flightsNum_6 = 6".	[MsgId: MMSG-13798]
Action.c(277): Notify: Saving Parameter "flightID_6 = 0-4-1B".	[MsgId: MMSG-13798]
Action.c(277): Notify: Saving Parameter "flightsNum_7 = 7".	[MsgId: MMSG-13798]
Action.c(277): Notify: Saving Parameter "flightID_7 = 0-0- ".	[MsgId: MMSG-13798]
Action.c(277): Notify: Saving Parameter "flightsNum_8 = 8".	[MsgId: MMSG-13798]
Action.c(277): Notify: Saving Parameter "flightID_8 = 3-6686-".	[MsgId: MMSG-13798]
Action.c(277): Notify: Saving Parameter "flightsNum_9 = 9".	[MsgId: MMSG-13798]
Action.c(277): Notify: Saving Parameter "flightID_9 = 0-7.54123393331282e+016-F".	[MsgId: MMSG-13798]
Action.c(277): Notify: Saving Parameter "flightsNum_10 = 10".	[MsgId: MMSG-13798]
Action.c(277): Notify: Saving Parameter "flightID_10 = 0-8.31046470254358e+016-1C".	[MsgId: MMSG-13798]
Action.c(277): Notify: Saving Parameter "flightsNum_11 = 11".	[MsgId: MMSG-13798]
Action.c(277): Notify: Saving Parameter "flightID_11 = 0-9.07969547177435e+016-1C".	[MsgId: MMSG-13798]
Action.c(277): Notify: Saving Parameter "flightsNum_12 = 12".	[MsgId: MMSG-13798]
Action.c(277): Notify: Saving Parameter "flightID_12 = 0-9.84892624100512e+016-1C".	[MsgId: MMSG-13798]
Action.c(277): Notify: Saving Parameter "flightsNum_13 = 13".	[MsgId: MMSG-13798]
Action.c(277): Notify: Saving Parameter "flightID_13 = 0-1.06181570102359e+017-1C".	[MsgId: MMSG-13798]
Action.c(277): Notify: Saving Parameter "flightsNum_14 = 14".	[MsgId: MMSG-13798]
Action.c(277): Notify: Saving Parameter "flightID_14 = 0-1.13873877794667e+017-1C".	[MsgId: MMSG-13798]
Action.c(277): Notify: Saving Parameter "flightsNum_15 = 15".	[MsgId: MMSG-13798]
Action.c(277): Notify: Saving Parameter "flightID_15 = 0-1.21566185486974e+017-1C".	[MsgId: MMSG-13798]
Action.c(277): Notify: Saving Parameter "flightsNum_16 = 16".	[MsgId: MMSG-13798]
Action.c(277): Notify: Saving Parameter "flightID_16 = 0-1.29258493179282e+017-1C".	[MsgId: MMSG-13798]
Action.c(277): Notify: Saving Parameter "flightsNum_17 = 17".	[MsgId: MMSG-13798]
Action.c(277): Notify: Saving Parameter "flightID_17 = 0-1.3695080087159e+017-1B".	[MsgId: MMSG-13798]
Action.c(277): Notify: Saving Parameter "flightsNum_18 = 18".	[MsgId: MMSG-13798]
Action.c(277): Notify: Saving Parameter "flightID_18 = 0-1.44643108563897e+017-1B".	[MsgId: MMSG-13798]
Action.c(277): Notify: Saving Parameter "flightsNum_19 = 19".	[MsgId: MMSG-13798]
Action.c(277): Notify: Saving Parameter "flightID_19 = 0-1.52335416256205e+017-1C".	[MsgId: MMSG-13798]
Action.c(277): Notify: Saving Parameter "flightsNum_20 = 20".	[MsgId: MMSG-13798]
Action.c(277): Notify: Saving Parameter "flightID_20 = 0-1.60027723948513e+017-1C".	[MsgId: MMSG-13798]
Action.c(277): Notify: Saving Parameter "flightsNum_21 = 21".	[MsgId: MMSG-13798]
Action.c(277): Notify: Saving Parameter "flightID_21 = 0-16-1B".	[MsgId: MMSG-13798]
Action.c(277): Found resource "http://localhost:1080/WebTours/images/cancelreservation.gif" in HTML "http://localhost:1080/cgi-bin/itinerary.pl"  	[MsgId: MMSG-26659]
Action.c(277): Found resource "http://localhost:1080/WebTours/images/cancelallreservations.gif" in HTML "http://localhost:1080/cgi-bin/itinerary.pl"  	[MsgId: MMSG-26659]
Action.c(277): Registered web_reg_find successful for "Text=Flight Transaction Summary" (count=1)  	[MsgId: MMSG-26364]
Action.c(277): Notify: Saving Parameter "flightID_count = 21".	[MsgId: MMSG-13798]
Action.c(277): Notify: Saving Parameter "flightsNum_count = 21".	[MsgId: MMSG-13798]
Action.c(277): web_url("Itinerary Button") was successful, 30758 body bytes, 1618 header bytes, 83 chunking overhead bytes  	[MsgId: MMSG-26385]
Action.c(287): Notify: Transaction "view_itinerary" ended with a "Pass" status (Duration: 0,4303 Wasted Time: 0,0077).	[MsgId: MMSG-16871]
Action.c(289): web_add_header("Origin") started  	[MsgId: MMSG-26355]
Action.c(289): web_add_header("Origin") was successful  	[MsgId: MMSG-26392]
Action.c(292): lr_think_time: 5,00 seconds.	[MsgId: MMSG-15948]
Starting iteration 9.	[MsgId: MMSG-15968]
Notify: Next row for parameter seatPref = 1 [table  = seatPref].	[MsgId: MMSG-13876]
Notify: Getting new value for parameter 'seatPref': table = '..\Parameters\seatPref.dat' column = '0' row = '1'.	[MsgId: MMSG-13877]
Notify: Next row for parameter numPassengers = 1 [table  = numPassengers].	[MsgId: MMSG-13876]
Notify: Getting new value for parameter 'numPassengers': table = '..\Parameters\numPassengers.dat' column = '0' row = '1'.	[MsgId: MMSG-13877]
Notify: Next row for parameter departure = 4 [table  = departure].	[MsgId: MMSG-13876]
Notify: Getting new value for parameter 'departure': table = '..\Parameters\departure.dat' column = '0' row = '4'.	[MsgId: MMSG-13877]
Notify: Next row for parameter seatType = 2 [table  = seatType].	[MsgId: MMSG-13876]
Notify: Getting new value for parameter 'seatType': table = '..\Parameters\seatType.dat' column = '0' row = '2'.	[MsgId: MMSG-13877]
Notify: Next row for parameter login = 12 [table  = login].	[MsgId: MMSG-13876]
Notify: Getting new value for parameter 'login': table = '..\Parameters\login.dat' column = '0' row = '12'.	[MsgId: MMSG-13877]
Notify: Next row for parameter creditCard = 12 [table  = creditCard].	[MsgId: MMSG-13876]
Notify: Getting new value for parameter 'creditCard': table = '..\Parameters\login.dat' column = '7' row = '12'.	[MsgId: MMSG-13877]
Notify: Next row for parameter expDate = 12 [table  = expDate].	[MsgId: MMSG-13876]
Notify: Getting new value for parameter 'expDate': table = '..\Parameters\login.dat' column = '8' row = '12'.	[MsgId: MMSG-13877]
Notify: Next row for parameter lastName = 12 [table  = lastName].	[MsgId: MMSG-13876]
Notify: Getting new value for parameter 'lastName': table = '..\Parameters\login.dat' column = '3' row = '12'.	[MsgId: MMSG-13877]
Notify: Next row for parameter pass1 = 12 [table  = pass1].	[MsgId: MMSG-13876]
Notify: Getting new value for parameter 'pass1': table = '..\Parameters\login.dat' column = '6' row = '12'.	[MsgId: MMSG-13877]
Notify: Next row for parameter password = 12 [table  = password].	[MsgId: MMSG-13876]
Notify: Getting new value for parameter 'password': table = '..\Parameters\login.dat' column = '1' row = '12'.	[MsgId: MMSG-13877]
Notify: Next row for parameter firstName = 12 [table  = firstName].	[MsgId: MMSG-13876]
Notify: Getting new value for parameter 'firstName': table = '..\Parameters\login.dat' column = '2' row = '12'.	[MsgId: MMSG-13877]
Notify: Next row for parameter address2 = 12 [table  = address2].	[MsgId: MMSG-13876]
Notify: Getting new value for parameter 'address2': table = '..\Parameters\login.dat' column = '5' row = '12'.	[MsgId: MMSG-13877]
Notify: Next row for parameter address1 = 12 [table  = address1].	[MsgId: MMSG-13876]
Notify: Getting new value for parameter 'address1': table = '..\Parameters\login.dat' column = '4' row = '12'.	[MsgId: MMSG-13877]
Notify: Next row for parameter arrival = 4 [table  = arrival].	[MsgId: MMSG-13876]
Notify: Getting new value for parameter 'arrival': table = '..\Parameters\departure.dat' column = '1' row = '4'.	[MsgId: MMSG-13877]
Starting action Action.	[MsgId: MMSG-15919]
Action.c(3): Notify: Transaction "01_Cancel_flight" started.	[MsgId: MMSG-16999]
Action.c(5): web_set_sockets_option started  	[MsgId: MMSG-26355]
Action.c(5): web_set_sockets_option was successful  	[MsgId: MMSG-26392]
Action.c(7): web_add_auto_header("Sec-Fetch-Site") started  	[MsgId: MMSG-26355]
Action.c(7): web_add_auto_header("Sec-Fetch-Site") was successful  	[MsgId: MMSG-26392]
Action.c(10): web_add_auto_header("Sec-Fetch-Dest") started  	[MsgId: MMSG-26355]
Action.c(10): web_add_auto_header("Sec-Fetch-Dest") was successful  	[MsgId: MMSG-26392]
Action.c(13): web_add_auto_header("Sec-Fetch-Mode") started  	[MsgId: MMSG-26355]
Action.c(13): web_add_auto_header("Sec-Fetch-Mode") was successful  	[MsgId: MMSG-26392]
Action.c(16): web_add_auto_header("Sec-Fetch-User") started  	[MsgId: MMSG-26355]
Action.c(16): web_add_auto_header("Sec-Fetch-User") was successful  	[MsgId: MMSG-26392]
Action.c(19): web_add_auto_header("Upgrade-Insecure-Requests") started  	[MsgId: MMSG-26355]
Action.c(19): web_add_auto_header("Upgrade-Insecure-Requests") was successful  	[MsgId: MMSG-26392]
Action.c(22): Notify: Transaction "connection" started.	[MsgId: MMSG-16999]
Action.c(25): web_reg_save_param started  	[MsgId: MMSG-26355]
Action.c(25): Registering web_reg_save_param was successful  	[MsgId: MMSG-26390]
Action.c(31): web_reg_find started  	[MsgId: MMSG-26355]
Action.c(31): Registering web_reg_find was successful  	[MsgId: MMSG-26390]
Action.c(34): web_url("WebTours") started  	[MsgId: MMSG-26355]
Action.c(34): Detected non-resource "http://localhost:1080/WebTours/header.html" in "http://localhost:1080/WebTours/"  	[MsgId: MMSG-26574]
Action.c(34): Detected non-resource "http://localhost:1080/cgi-bin/welcome.pl?signOff=true" in "http://localhost:1080/WebTours/"  	[MsgId: MMSG-26574]
Action.c(34): Found resource "http://localhost:1080/WebTours/images/hp_logo.png" in HTML "http://localhost:1080/WebTours/header.html"  	[MsgId: MMSG-26659]
Action.c(34): Found resource "http://localhost:1080/WebTours/images/webtours.png" in HTML "http://localhost:1080/WebTours/header.html"  	[MsgId: MMSG-26659]
Action.c(34): Detected non-resource "http://localhost:1080/cgi-bin/nav.pl?in=home" in "http://localhost:1080/cgi-bin/welcome.pl?signOff=true"  	[MsgId: MMSG-26574]
Action.c(34): Detected non-resource "http://localhost:1080/WebTours/home.html" in "http://localhost:1080/cgi-bin/welcome.pl?signOff=true"  	[MsgId: MMSG-26574]
Action.c(34): Notify: Saving Parameter "userSession = 129665.351721345zzzQzzVpfcQVzzzHtAAVHpQzQVHf".	[MsgId: MMSG-13798]
Action.c(34): Found resource "http://localhost:1080/WebTours/images/mer_login.gif" in HTML "http://localhost:1080/cgi-bin/nav.pl?in=home"  	[MsgId: MMSG-26659]
Action.c(34): Registered web_reg_find successful for "Text=A Session ID has been created and loaded into a cookie called MSO." (count=1)  	[MsgId: MMSG-26364]
Action.c(34): web_url("WebTours") was successful, 10080 body bytes, 2371 header bytes, 24 chunking overhead bytes  	[MsgId: MMSG-26385]
Action.c(44): Notify: Transaction "connection" ended with a "Pass" status (Duration: 0,3556 Wasted Time: 0,0003).	[MsgId: MMSG-16871]
Action.c(46): web_remove_auto_header("Sec-Fetch-User") started  	[MsgId: MMSG-26355]
Action.c(46): Previous automatically added web header for "Sec-Fetch-User" removed  	[MsgId: MMSG-26587]
Action.c(46): web_remove/revert_auto_header("Sec-Fetch-User") was successful  	[MsgId: MMSG-26392]
Action.c(48): web_add_auto_header("Sec-Fetch-Dest") started  	[MsgId: MMSG-26355]
Action.c(48): web_add_auto_header("Sec-Fetch-Dest") was successful  	[MsgId: MMSG-26392]
Action.c(51): web_remove_auto_header("Upgrade-Insecure-Requests") started  	[MsgId: MMSG-26355]
Action.c(51): Previous automatically added web header for "Upgrade-Insecure-Requests" removed  	[MsgId: MMSG-26587]
Action.c(51): web_remove/revert_auto_header("Upgrade-Insecure-Requests") was successful  	[MsgId: MMSG-26392]
Action.c(53): web_add_header("Origin") started  	[MsgId: MMSG-26355]
Action.c(53): web_add_header("Origin") was successful  	[MsgId: MMSG-26392]
Action.c(56): web_add_auto_header("Sec-Fetch-Site") started  	[MsgId: MMSG-26355]
Action.c(56): web_add_auto_header("Sec-Fetch-Site") was successful  	[MsgId: MMSG-26392]
Action.c(59): Notify: Transaction "login" started.	[MsgId: MMSG-16999]
Action.c(62): web_reg_find started  	[MsgId: MMSG-26355]
Action.c(62): Registering web_reg_find was successful  	[MsgId: MMSG-26390]
Action.c(65): web_submit_data("login.pl") started  	[MsgId: MMSG-26355]
Action.c(65): Notify: Parameter Substitution: parameter "userSession" =  "129665.351721345zzzQzzVpfcQVzzzHtAAVHpQzQVHf"	[MsgId: MMSG-13992]
Action.c(65): Notify: Parameter Substitution: parameter "login" =  "VUser12"	[MsgId: MMSG-13992]
Action.c(65): Notify: Next row for parameter password = 12 [table  = password].	[MsgId: MMSG-13876]
Action.c(65): Notify: Parameter Substitution: parameter "password" =  "VUser12"	[MsgId: MMSG-13992]
Action.c(65): Detected non-resource "http://localhost:1080/cgi-bin/nav.pl?page=menu&in=home" in "http://localhost:1080/cgi-bin/login.pl"  	[MsgId: MMSG-26574]
Action.c(65): Detected non-resource "http://localhost:1080/cgi-bin/login.pl?intro=true" in "http://localhost:1080/cgi-bin/login.pl"  	[MsgId: MMSG-26574]
Action.c(65): Found resource "http://localhost:1080/WebTours/images/flights.gif" in HTML "http://localhost:1080/cgi-bin/nav.pl?page=menu&in=home"  	[MsgId: MMSG-26659]
Action.c(65): Found resource "http://localhost:1080/WebTours/images/itinerary.gif" in HTML "http://localhost:1080/cgi-bin/nav.pl?page=menu&in=home"  	[MsgId: MMSG-26659]
Action.c(65): Found resource "http://localhost:1080/WebTours/images/in_home.gif" in HTML "http://localhost:1080/cgi-bin/nav.pl?page=menu&in=home"  	[MsgId: MMSG-26659]
Action.c(65): Found resource "http://localhost:1080/WebTours/images/signoff.gif" in HTML "http://localhost:1080/cgi-bin/nav.pl?page=menu&in=home"  	[MsgId: MMSG-26659]
Action.c(65): Registered web_reg_find successful for "Text=User password was correct - added a cookie with the user's default" (count=1)  	[MsgId: MMSG-26364]
Action.c(65): web_submit_data("login.pl") was successful, 5782 body bytes, 2026 header bytes, 36 chunking overhead bytes  	[MsgId: MMSG-26385]
Action.c(82): Notify: Transaction "login" ended with a "Pass" status (Duration: 0,4963 Wasted Time: 0,0000).	[MsgId: MMSG-16871]
Action.c(84): web_add_auto_header("Sec-Fetch-User") started  	[MsgId: MMSG-26355]
Action.c(84): web_add_auto_header("Sec-Fetch-User") was successful  	[MsgId: MMSG-26392]
Action.c(87): web_add_auto_header("Upgrade-Insecure-Requests") started  	[MsgId: MMSG-26355]
Action.c(87): web_add_auto_header("Upgrade-Insecure-Requests") was successful  	[MsgId: MMSG-26392]
Action.c(90): Think time - Waiting 5,00 seconds (according to limit).	[MsgId: MMSG-15946]
Action.c(90): lr_think_time: 5,00 seconds (recorded think time was 6,00 seconds).	[MsgId: MMSG-15947]
Action.c(294): Notify: Transaction "cancel_flight" started.	[MsgId: MMSG-16999]
Action.c(296): Notify: Parameter Substitution: parameter "flightsNum_count" =  "21"	[MsgId: MMSG-13992]
Action.c(296): Notify: Parameter Substitution: parameter "flightsNum_20" =  "20"	[MsgId: MMSG-13992]
Action.c(296): Notify: Saving Parameter "randomFlightNum = 20".	[MsgId: MMSG-13798]
Action.c(299): Notify: Parameter Substitution: parameter "randomFlightNum" =  "20"	[MsgId: MMSG-13992]
Action.c(299): Notify: Saving Parameter "randFlightNumInt = 20".	[MsgId: MMSG-13798]
Action.c(302): web_reg_find started  	[MsgId: MMSG-26355]
Action.c(302): Registering web_reg_find was successful  	[MsgId: MMSG-26390]
Action.c(306): web_submit_form("itinerary.pl") started  	[MsgId: MMSG-26355]
Action.c(306): Notify: Parameter Substitution: parameter "randomFlightNum" =  "20"	[MsgId: MMSG-13992]
Action.c(306): Submitting form to "http://localhost:1080/cgi-bin/itinerary.pl", Target Frame=""  	[MsgId: MMSG-27978]
Action.c(306): Downloading resource "http://localhost:1080/cgi-bin/itinerary.pl" (specified by argument number 13)  	[MsgId: MMSG-26577]
Action.c(306): Resource "http://localhost:1080/WebTours/images/cancelreservation.gif" is in the cache already and will not be downloaded again  	[MsgId: MMSG-26655]
Action.c(306): Resource "http://localhost:1080/WebTours/images/cancelallreservations.gif" is in the cache already and will not be downloaded again  	[MsgId: MMSG-26655]
Action.c(306): Registered web_reg_find successful for "Text= Flight flightID_randFlightNumInt leaves "  	[MsgId: MMSG-26362]
Action.c(306): web_submit_form("itinerary.pl") was successful, 42048 body bytes, 512 header bytes, 102 chunking overhead bytes  	[MsgId: MMSG-26385]
Action.c(316): Notify: Transaction "cancel_flight" ended with a "Pass" status (Duration: 0,7506 Wasted Time: 0,0004).	[MsgId: MMSG-16871]
Action.c(318): web_remove_auto_header("Sec-Fetch-User") started  	[MsgId: MMSG-26355]
Action.c(318): Previous automatically added web header for "Sec-Fetch-User" removed  	[MsgId: MMSG-26587]
Action.c(318): web_remove/revert_auto_header("Sec-Fetch-User") was successful  	[MsgId: MMSG-26392]
Action.c(320): web_add_header("Sec-Fetch-User") started  	[MsgId: MMSG-26355]
Action.c(320): web_add_header("Sec-Fetch-User") was successful  	[MsgId: MMSG-26392]
Action.c(323): Think time - Waiting 5,00 seconds (according to limit).	[MsgId: MMSG-15946]
Action.c(323): lr_think_time: 5,00 seconds (recorded think time was 22,00 seconds).	[MsgId: MMSG-15947]
Action.c(92): web_url("Search Flights Button") started  	[MsgId: MMSG-26355]
Action.c(92): Detected non-resource "http://localhost:1080/cgi-bin/nav.pl?page=menu&in=flights" in "http://localhost:1080/cgi-bin/welcome.pl?page=search"  	[MsgId: MMSG-26574]
Action.c(92): Detected non-resource "http://localhost:1080/cgi-bin/reservations.pl?page=welcome" in "http://localhost:1080/cgi-bin/welcome.pl?page=search"  	[MsgId: MMSG-26574]
Action.c(92): Found resource "http://localhost:1080/WebTours/images/in_flights.gif" in HTML "http://localhost:1080/cgi-bin/nav.pl?page=menu&in=flights"  	[MsgId: MMSG-26659]
Action.c(92): Resource "http://localhost:1080/WebTours/images/itinerary.gif" is in the cache already and will not be downloaded again  	[MsgId: MMSG-26655]
Action.c(92): Found resource "http://localhost:1080/WebTours/images/home.gif" in HTML "http://localhost:1080/cgi-bin/nav.pl?page=menu&in=flights"  	[MsgId: MMSG-26659]
Action.c(92): Resource "http://localhost:1080/WebTours/images/signoff.gif" is in the cache already and will not be downloaded again  	[MsgId: MMSG-26655]
Action.c(92): Found resource "http://localhost:1080/WebTours/images/button_next.gif" in HTML "http://localhost:1080/cgi-bin/reservations.pl?page=welcome"  	[MsgId: MMSG-26659]
Action.c(92): web_url("Search Flights Button") was successful, 8516 body bytes, 1620 header bytes, 43 chunking overhead bytes  	[MsgId: MMSG-26385]
Action.c(102): web_add_auto_header("Origin") started  	[MsgId: MMSG-26355]
Action.c(102): web_add_auto_header("Origin") was successful  	[MsgId: MMSG-26392]
Action.c(105): Think time - Waiting 5,00 seconds (according to limit).	[MsgId: MMSG-15946]
Action.c(105): lr_think_time: 5,00 seconds (recorded think time was 22,00 seconds).	[MsgId: MMSG-15947]
Action.c(325): Notify: Transaction "logout" started.	[MsgId: MMSG-16999]
Action.c(328): web_reg_find started  	[MsgId: MMSG-26355]
Action.c(328): Registering web_reg_find was successful  	[MsgId: MMSG-26390]
Action.c(331): web_url("welcome.pl") started  	[MsgId: MMSG-26355]
Action.c(331): Detected non-resource "http://localhost:1080/cgi-bin/nav.pl?in=home" in "http://localhost:1080/cgi-bin/welcome.pl?signOff=1"  	[MsgId: MMSG-26574]
Action.c(331): Detected non-resource "http://localhost:1080/WebTours/home.html" in "http://localhost:1080/cgi-bin/welcome.pl?signOff=1"  	[MsgId: MMSG-26574]
Action.c(331): Retrieving data from cache for "http://localhost:1080/WebTours/home.html"  	[MsgId: MMSG-26558]
Action.c(331): Resource "http://localhost:1080/WebTours/images/mer_login.gif" is in the cache already and will not be downloaded again  	[MsgId: MMSG-26655]
Action.c(331): Registered web_reg_find successful for "Text=A Session ID has been created and loaded into a cookie called MSO." (count=1)  	[MsgId: MMSG-26364]
Action.c(331): web_url("welcome.pl") was successful, 2171 body bytes, 584 header bytes, 24 chunking overhead bytes  	[MsgId: MMSG-26385]
Action.c(341): Notify: Transaction "logout" ended with a "Pass" status (Duration: 0,4610 Wasted Time: 0,0000).	[MsgId: MMSG-16871]
Action.c(343): Notify: Transaction "01_Cancel_flight" ended with a "Pass" status (Duration: 38,4502 Think Time: 35,0213 Wasted Time: 0,0101).	[MsgId: MMSG-16870]
Ending action Action.	[MsgId: MMSG-15918]
Action was aborted.	[MsgId: MMSG-10694]
Ending Vuser...	[MsgId: MMSG-15966]
Starting action vuser_end.	[MsgId: MMSG-15919]
Ending action vuser_end.	[MsgId: MMSG-15918]
Vuser Terminated.	[MsgId: MMSG-15963]
Vuser 1 (thread 600), ended OK."	[MsgId: MMSG-10695]
Action.c(107): Notify: Transaction "insert_info_for_ticket_search" started.	[MsgId: MMSG-16999]
Action.c(110): web_reg_find started  	[MsgId: MMSG-26355]
Action.c(110): Notify: Parameter Substitution: parameter "departure" =  "Denver"	[MsgId: MMSG-13992]
Action.c(110): Notify: Next row for parameter arrival = 4 [table  = arrival].	[MsgId: MMSG-13876]
Action.c(110): Notify: Parameter Substitution: parameter "arrival" =  "San Francisco"	[MsgId: MMSG-13992]
Action.c(110): Notify: Parameter Substitution: parameter "departDate" =  "02/18/2021"	[MsgId: MMSG-13992]
Action.c(110): Registering web_reg_find was successful  	[MsgId: MMSG-26390]
Action.c(114): web_reg_save_param_attrib started  	[MsgId: MMSG-26355]
Action.c(114): Notify: Parameter Substitution: parameter "randIndex" =  "3"	[MsgId: MMSG-13992]
Action.c(114): Registering web_reg_save_param_attrib was successful  	[MsgId: MMSG-26390]
Action.c(125): web_reg_save_param started  	[MsgId: MMSG-26355]
Action.c(125): Notify: Parameter Substitution: parameter "randIndex" =  "3"	[MsgId: MMSG-13992]
Action.c(125): Registering web_reg_save_param was successful  	[MsgId: MMSG-26390]
Action.c(131): web_reg_save_param started  	[MsgId: MMSG-26355]
Action.c(131): Notify: Parameter Substitution: parameter "randIndex" =  "3"	[MsgId: MMSG-13992]
Action.c(131): Registering web_reg_save_param was successful  	[MsgId: MMSG-26390]
Action.c(137): web_submit_data("reservations.pl") started  	[MsgId: MMSG-26355]
Action.c(137): Notify: Parameter Substitution: parameter "departure" =  "Denver"	[MsgId: MMSG-13992]
Action.c(137): Notify: Parameter Substitution: parameter "departDate" =  "02/18/2021"	[MsgId: MMSG-13992]
Action.c(137): Notify: Next row for parameter arrival = 4 [table  = arrival].	[MsgId: MMSG-13876]
Action.c(137): Notify: Parameter Substitution: parameter "arrival" =  "San Francisco"	[MsgId: MMSG-13992]
Action.c(137): Notify: Parameter Substitution: parameter "returnDate" =  "05/29/2021"	[MsgId: MMSG-13992]
Action.c(137): Notify: Parameter Substitution: parameter "numPassengers" =  "1"	[MsgId: MMSG-13992]
Action.c(137): Notify: Parameter Substitution: parameter "seatPref" =  "Aisle"	[MsgId: MMSG-13992]
Action.c(137): Notify: Parameter Substitution: parameter "seatType" =  "Business"	[MsgId: MMSG-13992]
Action.c(137): Notify: Saving Parameter "flight_id = 062".	[MsgId: MMSG-13798]
Action.c(137): Notify: Saving Parameter "flight_time = 5p".	[MsgId: MMSG-13798]
Action.c(137): Resource "http://localhost:1080/WebTours/images/button_next.gif" is in the cache already and will not be downloaded again  	[MsgId: MMSG-26655]
Action.c(137): Notify: Saving Parameter "outboundFlight_id = 062;277;02/18/2021".	[MsgId: MMSG-13798]
Action.c(137): Registered web_reg_find successful for "Text=Flight departing from <B>Denver</B> to <B>San Francisco</B> on <B>02/18/2021</B>" (count=1)  	[MsgId: MMSG-26364]
Action.c(137): web_submit_data("reservations.pl") was successful, 2454 body bytes, 256 header bytes, 12 chunking overhead bytes  	[MsgId: MMSG-26385]
Action.c(161): Notify: Transaction "insert_info_for_ticket_search" ended with a "Pass" status (Duration: 0,2056 Wasted Time: 0,0016).	[MsgId: MMSG-16871]
Action.c(163): Think time - Waiting 5,00 seconds (according to limit).	[MsgId: MMSG-15946]
Action.c(163): lr_think_time: 5,00 seconds (recorded think time was 28,00 seconds).	[MsgId: MMSG-15947]
Action.c(165): Notify: Transaction "choose_the_flight" started.	[MsgId: MMSG-16999]
Action.c(168): web_reg_find started  	[MsgId: MMSG-26355]
Action.c(168): Registering web_reg_find was successful  	[MsgId: MMSG-26390]
Action.c(175): web_submit_data("reservations.pl_2") started  	[MsgId: MMSG-26355]
Action.c(175): Notify: Parameter Substitution: parameter "outboundFlight_id" =  "062;277;02/18/2021"	[MsgId: MMSG-13992]
Action.c(175): Notify: Parameter Substitution: parameter "numPassengers" =  "1"	[MsgId: MMSG-13992]
Action.c(175): Notify: Parameter Substitution: parameter "seatType" =  "Business"	[MsgId: MMSG-13992]
Action.c(175): Notify: Parameter Substitution: parameter "seatPref" =  "Aisle"	[MsgId: MMSG-13992]
Action.c(175): Resource "http://localhost:1080/WebTours/images/button_next.gif" is in the cache already and will not be downloaded again  	[MsgId: MMSG-26655]
Action.c(175): Registered web_reg_find successful for "Text=Flight Reservation" (count=1)  	[MsgId: MMSG-26364]
Action.c(175): web_submit_data("reservations.pl_2") was successful, 2678 body bytes, 255 header bytes, 12 chunking overhead bytes  	[MsgId: MMSG-26385]
Action.c(193): Notify: Transaction "choose_the_flight" ended with a "Pass" status (Duration: 0,2038 Wasted Time: 0,0000).	[MsgId: MMSG-16871]
Action.c(195): web_remove_auto_header("Origin") started  	[MsgId: MMSG-26355]
Action.c(195): Previous automatically added web header for "Origin" removed  	[MsgId: MMSG-26587]
Action.c(195): web_remove/revert_auto_header("Origin") was successful  	[MsgId: MMSG-26392]
Action.c(197): web_remove_auto_header("Sec-Fetch-User") started  	[MsgId: MMSG-26355]
Action.c(197): Previous automatically added web header for "Sec-Fetch-User" removed  	[MsgId: MMSG-26587]
Action.c(197): web_remove/revert_auto_header("Sec-Fetch-User") was successful  	[MsgId: MMSG-26392]
Action.c(199): web_remove_auto_header("Upgrade-Insecure-Requests") started  	[MsgId: MMSG-26355]
Action.c(199): Previous automatically added web header for "Upgrade-Insecure-Requests" removed  	[MsgId: MMSG-26587]
Action.c(199): web_remove/revert_auto_header("Upgrade-Insecure-Requests") was successful  	[MsgId: MMSG-26392]
Action.c(201): web_add_header("Origin") started  	[MsgId: MMSG-26355]
Action.c(201): web_add_header("Origin") was successful  	[MsgId: MMSG-26392]
Action.c(204): Think time - Waiting 5,00 seconds (according to limit).	[MsgId: MMSG-15946]
Action.c(204): lr_think_time: 5,00 seconds (recorded think time was 27,00 seconds).	[MsgId: MMSG-15947]
Action.c(206): Notify: Transaction "insert_payment_info" started.	[MsgId: MMSG-16999]
Action.c(209): web_reg_find started  	[MsgId: MMSG-26355]
Action.c(209): Notify: Parameter Substitution: parameter "departDate" =  "02/18/2021"	[MsgId: MMSG-13992]
Action.c(209): Notify: Parameter Substitution: parameter "flight_time" =  "5p"	[MsgId: MMSG-13992]
Action.c(209): Notify: Parameter Substitution: parameter "flight_id" =  "062"	[MsgId: MMSG-13992]
Action.c(209): Notify: Parameter Substitution: parameter "departure" =  "Denver"	[MsgId: MMSG-13992]
Action.c(209): Notify: Next row for parameter arrival = 4 [table  = arrival].	[MsgId: MMSG-13876]
Action.c(209): Notify: Parameter Substitution: parameter "arrival" =  "San Francisco"	[MsgId: MMSG-13992]
Action.c(209): Registering web_reg_find was successful  	[MsgId: MMSG-26390]
Action.c(218): web_submit_data("reservations.pl_3") started  	[MsgId: MMSG-26355]
Action.c(218): Notify: Next row for parameter firstName = 12 [table  = firstName].	[MsgId: MMSG-13876]
Action.c(218): Notify: Parameter Substitution: parameter "firstName" =  "Sebastian"	[MsgId: MMSG-13992]
Action.c(218): Notify: Next row for parameter lastName = 12 [table  = lastName].	[MsgId: MMSG-13876]
Action.c(218): Notify: Parameter Substitution: parameter "lastName" =  "Grey"	[MsgId: MMSG-13992]
Action.c(218): Notify: Next row for parameter address1 = 12 [table  = address1].	[MsgId: MMSG-13876]
Action.c(218): Notify: Parameter Substitution: parameter "address1" =  "Norrington st., 1"	[MsgId: MMSG-13992]
Action.c(218): Notify: Next row for parameter address2 = 12 [table  = address2].	[MsgId: MMSG-13876]
Action.c(218): Notify: Parameter Substitution: parameter "address2" =  "Paris"	[MsgId: MMSG-13992]
Action.c(218): Notify: Next row for parameter pass1 = 12 [table  = pass1].	[MsgId: MMSG-13876]
Action.c(218): Notify: Parameter Substitution: parameter "pass1" =  "Sebastian Grey"	[MsgId: MMSG-13992]
Action.c(218): Notify: Next row for parameter creditCard = 12 [table  = creditCard].	[MsgId: MMSG-13876]
Action.c(218): Notify: Parameter Substitution: parameter "creditCard" =  "4415526755410008"	[MsgId: MMSG-13992]
Action.c(218): Notify: Next row for parameter expDate = 12 [table  = expDate].	[MsgId: MMSG-13876]
Action.c(218): Notify: Parameter Substitution: parameter "expDate" =  "04/21"	[MsgId: MMSG-13992]
Action.c(218): Notify: Parameter Substitution: parameter "numPassengers" =  "1"	[MsgId: MMSG-13992]
Action.c(218): Notify: Parameter Substitution: parameter "seatType" =  "Business"	[MsgId: MMSG-13992]
Action.c(218): Notify: Parameter Substitution: parameter "seatPref" =  "Aisle"	[MsgId: MMSG-13992]
Action.c(218): Notify: Parameter Substitution: parameter "outboundFlight_id" =  "062;277;02/18/2021"	[MsgId: MMSG-13992]
Action.c(218): Found resource "http://localhost:1080/WebTours/images/bookanother.gif" in HTML "http://localhost:1080/cgi-bin/reservations.pl"  	[MsgId: MMSG-26659]
Action.c(218): Registered web_reg_find successful for "Text=02/18/2021 :  5pm : Flight 062 leaves Denver  for San Francisco." (count=1)  	[MsgId: MMSG-26364]
Action.c(218): web_submit_data("reservations.pl_3") was successful, 3305 body bytes, 654 header bytes, 12 chunking overhead bytes  	[MsgId: MMSG-26385]
Action.c(247): Notify: Transaction "insert_payment_info" ended with a "Pass" status (Duration: 0,2005 Wasted Time: 0,0000).	[MsgId: MMSG-16871]
Action.c(249): web_add_auto_header("Sec-Fetch-User") started  	[MsgId: MMSG-26355]
Action.c(249): web_add_auto_header("Sec-Fetch-User") was successful  	[MsgId: MMSG-26392]
Action.c(252): web_add_auto_header("Upgrade-Insecure-Requests") started  	[MsgId: MMSG-26355]
Action.c(252): web_add_auto_header("Upgrade-Insecure-Requests") was successful  	[MsgId: MMSG-26392]
Action.c(255): Think time - Waiting 5,00 seconds (according to limit).	[MsgId: MMSG-15946]
Action.c(255): lr_think_time: 5,00 seconds (recorded think time was 10,00 seconds).	[MsgId: MMSG-15947]
Action.c(257): Notify: Transaction "view_itinerary" started.	[MsgId: MMSG-16999]
Action.c(260): web_reg_find started  	[MsgId: MMSG-26355]
Action.c(260): Registering web_reg_find was successful  	[MsgId: MMSG-26390]
Action.c(265): web_reg_save_param started  	[MsgId: MMSG-26355]
Action.c(265): Registering web_reg_save_param was successful  	[MsgId: MMSG-26390]
Action.c(271): web_reg_save_param started  	[MsgId: MMSG-26355]
Action.c(271): Registering web_reg_save_param was successful  	[MsgId: MMSG-26390]
Action.c(277): web_url("Itinerary Button") started  	[MsgId: MMSG-26355]
Action.c(277): Detected non-resource "http://localhost:1080/cgi-bin/nav.pl?page=menu&in=itinerary" in "http://localhost:1080/cgi-bin/welcome.pl?page=itinerary"  	[MsgId: MMSG-26574]
Action.c(277): Detected non-resource "http://localhost:1080/cgi-bin/itinerary.pl" in "http://localhost:1080/cgi-bin/welcome.pl?page=itinerary"  	[MsgId: MMSG-26574]
Action.c(277): Resource "http://localhost:1080/WebTours/images/flights.gif" is in the cache already and will not be downloaded again  	[MsgId: MMSG-26655]
Action.c(277): Found resource "http://localhost:1080/WebTours/images/in_itinerary.gif" in HTML "http://localhost:1080/cgi-bin/nav.pl?page=menu&in=itinerary"  	[MsgId: MMSG-26659]
Action.c(277): Resource "http://localhost:1080/WebTours/images/home.gif" is in the cache already and will not be downloaded again  	[MsgId: MMSG-26655]
Action.c(277): Resource "http://localhost:1080/WebTours/images/signoff.gif" is in the cache already and will not be downloaded again  	[MsgId: MMSG-26655]
Action.c(277): Notify: Saving Parameter "flightsNum_1 = 1".	[MsgId: MMSG-13798]
Action.c(277): Notify: Saving Parameter "flightID_1 = 0-0-1".	[MsgId: MMSG-13798]
Action.c(277): Notify: Saving Parameter "flightsNum_2 = 2".	[MsgId: MMSG-13798]
Action.c(277): Notify: Saving Parameter "flightID_2 = 0-1-".	[MsgId: MMSG-13798]
Action.c(277): Notify: Saving Parameter "flightsNum_3 = 3".	[MsgId: MMSG-13798]
Action.c(277): Notify: Saving Parameter "flightID_3 = 0-2-".	[MsgId: MMSG-13798]
Action.c(277): Notify: Saving Parameter "flightsNum_4 = 4".	[MsgId: MMSG-13798]
Action.c(277): Notify: Saving Parameter "flightID_4 = 0-30-00".	[MsgId: MMSG-13798]
Action.c(277): Notify: Saving Parameter "flightsNum_5 = 5".	[MsgId: MMSG-13798]
Action.c(277): Notify: Saving Parameter "flightID_5 = 0-3-SG".	[MsgId: MMSG-13798]
Action.c(277): Notify: Saving Parameter "flightsNum_6 = 6".	[MsgId: MMSG-13798]
Action.c(277): Notify: Saving Parameter "flightID_6 = 0-0-P".	[MsgId: MMSG-13798]
Action.c(277): Notify: Saving Parameter "flightsNum_7 = 7".	[MsgId: MMSG-13798]
Action.c(277): Notify: Saving Parameter "flightID_7 = 0-5.72427128887769e+016-40".	[MsgId: MMSG-13798]
Action.c(277): Notify: Saving Parameter "flightsNum_8 = 8".	[MsgId: MMSG-13798]
Action.c(277): Notify: Saving Parameter "flightID_8 = 0-6-1B".	[MsgId: MMSG-13798]
Action.c(277): Found resource "http://localhost:1080/WebTours/images/cancelreservation.gif" in HTML "http://localhost:1080/cgi-bin/itinerary.pl"  	[MsgId: MMSG-26659]
Action.c(277): Found resource "http://localhost:1080/WebTours/images/cancelallreservations.gif" in HTML "http://localhost:1080/cgi-bin/itinerary.pl"  	[MsgId: MMSG-26659]
Action.c(277): Registered web_reg_find successful for "Text=Flight Transaction Summary" (count=1)  	[MsgId: MMSG-26364]
Action.c(277): Notify: Saving Parameter "flightID_count = 8".	[MsgId: MMSG-13798]
Action.c(277): Notify: Saving Parameter "flightsNum_count = 8".	[MsgId: MMSG-13798]
Action.c(277): web_url("Itinerary Button") was successful, 15016 body bytes, 1618 header bytes, 51 chunking overhead bytes  	[MsgId: MMSG-26385]
Action.c(287): Notify: Transaction "view_itinerary" ended with a "Pass" status (Duration: 0,3641 Wasted Time: 0,0023).	[MsgId: MMSG-16871]
Action.c(289): web_add_header("Origin") started  	[MsgId: MMSG-26355]
Action.c(289): web_add_header("Origin") was successful  	[MsgId: MMSG-26392]
Action.c(292): lr_think_time: 5,00 seconds.	[MsgId: MMSG-15948]
Action.c(294): Notify: Transaction "cancel_flight" started.	[MsgId: MMSG-16999]
Action.c(296): Notify: Parameter Substitution: parameter "flightsNum_count" =  "8"	[MsgId: MMSG-13992]
Action.c(296): Notify: Parameter Substitution: parameter "flightsNum_8" =  "8"	[MsgId: MMSG-13992]
Action.c(296): Notify: Saving Parameter "randomFlightNum = 8".	[MsgId: MMSG-13798]
Action.c(299): Notify: Parameter Substitution: parameter "randomFlightNum" =  "8"	[MsgId: MMSG-13992]
Action.c(299): Notify: Saving Parameter "randFlightNumInt = 8".	[MsgId: MMSG-13798]
Action.c(302): web_reg_find started  	[MsgId: MMSG-26355]
Action.c(302): Registering web_reg_find was successful  	[MsgId: MMSG-26390]
Action.c(306): web_submit_form("itinerary.pl") started  	[MsgId: MMSG-26355]
Action.c(306): Notify: Parameter Substitution: parameter "randomFlightNum" =  "8"	[MsgId: MMSG-13992]
Action.c(306): Submitting form to "http://localhost:1080/cgi-bin/itinerary.pl", Target Frame=""  	[MsgId: MMSG-27978]
Action.c(306): Downloading resource "http://localhost:1080/cgi-bin/itinerary.pl" (specified by argument number 13)  	[MsgId: MMSG-26577]
Action.c(306): Resource "http://localhost:1080/WebTours/images/cancelreservation.gif" is in the cache already and will not be downloaded again  	[MsgId: MMSG-26655]
Action.c(306): Resource "http://localhost:1080/WebTours/images/cancelallreservations.gif" is in the cache already and will not be downloaded again  	[MsgId: MMSG-26655]
Action.c(306): Registered web_reg_find successful for "Text= Flight flightID_randFlightNumInt leaves "  	[MsgId: MMSG-26362]
Action.c(306): web_submit_form("itinerary.pl") was successful, 16534 body bytes, 512 header bytes, 52 chunking overhead bytes  	[MsgId: MMSG-26385]
Action.c(316): Notify: Transaction "cancel_flight" ended with a "Pass" status (Duration: 0,3829 Wasted Time: 0,0001).	[MsgId: MMSG-16871]
Action.c(318): web_remove_auto_header("Sec-Fetch-User") started  	[MsgId: MMSG-26355]
Action.c(318): Previous automatically added web header for "Sec-Fetch-User" removed  	[MsgId: MMSG-26587]
Action.c(318): web_remove/revert_auto_header("Sec-Fetch-User") was successful  	[MsgId: MMSG-26392]
Action.c(320): web_add_header("Sec-Fetch-User") started  	[MsgId: MMSG-26355]
Action.c(320): web_add_header("Sec-Fetch-User") was successful  	[MsgId: MMSG-26392]
Action.c(323): Think time - Waiting 5,00 seconds (according to limit).	[MsgId: MMSG-15946]
Action.c(323): lr_think_time: 5,00 seconds (recorded think time was 22,00 seconds).	[MsgId: MMSG-15947]
Action.c(325): Notify: Transaction "logout" started.	[MsgId: MMSG-16999]
Action.c(328): web_reg_find started  	[MsgId: MMSG-26355]
Action.c(328): Registering web_reg_find was successful  	[MsgId: MMSG-26390]
Action.c(331): web_url("welcome.pl") started  	[MsgId: MMSG-26355]
Action.c(331): Detected non-resource "http://localhost:1080/cgi-bin/nav.pl?in=home" in "http://localhost:1080/cgi-bin/welcome.pl?signOff=1"  	[MsgId: MMSG-26574]
Action.c(331): Detected non-resource "http://localhost:1080/WebTours/home.html" in "http://localhost:1080/cgi-bin/welcome.pl?signOff=1"  	[MsgId: MMSG-26574]
Action.c(331): Retrieving data from cache for "http://localhost:1080/WebTours/home.html"  	[MsgId: MMSG-26558]
Action.c(331): Resource "http://localhost:1080/WebTours/images/mer_login.gif" is in the cache already and will not be downloaded again  	[MsgId: MMSG-26655]
Action.c(331): Registered web_reg_find successful for "Text=A Session ID has been created and loaded into a cookie called MSO." (count=1)  	[MsgId: MMSG-26364]
Action.c(331): web_url("welcome.pl") was successful, 2172 body bytes, 584 header bytes, 24 chunking overhead bytes  	[MsgId: MMSG-26385]
Action.c(341): Notify: Transaction "logout" ended with a "Pass" status (Duration: 0,3272 Wasted Time: 0,0000).	[MsgId: MMSG-16871]
Action.c(343): Notify: Transaction "01_Cancel_flight" ended with a "Pass" status (Duration: 37,9547 Think Time: 35,0065 Wasted Time: 0,0044).	[MsgId: MMSG-16870]
Ending action Action.	[MsgId: MMSG-15918]
Action was aborted.	[MsgId: MMSG-10694]
Ending Vuser...	[MsgId: MMSG-15966]
Starting action vuser_end.	[MsgId: MMSG-15919]
Ending action vuser_end.	[MsgId: MMSG-15918]
Vuser Terminated.	[MsgId: MMSG-15963]
Vuser 2 (thread 6224), ended OK."	[MsgId: MMSG-10695]
Starting iteration 9.	[MsgId: MMSG-15968]
Notify: Next row for parameter seatPref = 2 [table  = seatPref].	[MsgId: MMSG-13876]
Notify: Getting new value for parameter 'seatPref': table = '..\Parameters\seatPref.dat' column = '0' row = '2'.	[MsgId: MMSG-13877]
Notify: Next row for parameter numPassengers = 1 [table  = numPassengers].	[MsgId: MMSG-13876]
Notify: Getting new value for parameter 'numPassengers': table = '..\Parameters\numPassengers.dat' column = '0' row = '1'.	[MsgId: MMSG-13877]
Notify: Next row for parameter departure = 7 [table  = departure].	[MsgId: MMSG-13876]
Notify: Getting new value for parameter 'departure': table = '..\Parameters\departure.dat' column = '0' row = '7'.	[MsgId: MMSG-13877]
Notify: Next row for parameter seatType = 1 [table  = seatType].	[MsgId: MMSG-13876]
Notify: Getting new value for parameter 'seatType': table = '..\Parameters\seatType.dat' column = '0' row = '1'.	[MsgId: MMSG-13877]
Notify: Next row for parameter login = 7 [table  = login].	[MsgId: MMSG-13876]
Notify: Getting new value for parameter 'login': table = '..\Parameters\login.dat' column = '0' row = '7'.	[MsgId: MMSG-13877]
Notify: Next row for parameter creditCard = 7 [table  = creditCard].	[MsgId: MMSG-13876]
Notify: Getting new value for parameter 'creditCard': table = '..\Parameters\login.dat' column = '7' row = '7'.	[MsgId: MMSG-13877]
Notify: Next row for parameter expDate = 7 [table  = expDate].	[MsgId: MMSG-13876]
Notify: Getting new value for parameter 'expDate': table = '..\Parameters\login.dat' column = '8' row = '7'.	[MsgId: MMSG-13877]
Notify: Next row for parameter lastName = 7 [table  = lastName].	[MsgId: MMSG-13876]
Notify: Getting new value for parameter 'lastName': table = '..\Parameters\login.dat' column = '3' row = '7'.	[MsgId: MMSG-13877]
Notify: Next row for parameter pass1 = 7 [table  = pass1].	[MsgId: MMSG-13876]
Notify: Getting new value for parameter 'pass1': table = '..\Parameters\login.dat' column = '6' row = '7'.	[MsgId: MMSG-13877]
Notify: Next row for parameter password = 7 [table  = password].	[MsgId: MMSG-13876]
Notify: Getting new value for parameter 'password': table = '..\Parameters\login.dat' column = '1' row = '7'.	[MsgId: MMSG-13877]
Notify: Next row for parameter firstName = 7 [table  = firstName].	[MsgId: MMSG-13876]
Notify: Getting new value for parameter 'firstName': table = '..\Parameters\login.dat' column = '2' row = '7'.	[MsgId: MMSG-13877]
Notify: Next row for parameter address2 = 7 [table  = address2].	[MsgId: MMSG-13876]
Notify: Getting new value for parameter 'address2': table = '..\Parameters\login.dat' column = '5' row = '7'.	[MsgId: MMSG-13877]
Notify: Next row for parameter address1 = 7 [table  = address1].	[MsgId: MMSG-13876]
Notify: Getting new value for parameter 'address1': table = '..\Parameters\login.dat' column = '4' row = '7'.	[MsgId: MMSG-13877]
Notify: Next row for parameter arrival = 7 [table  = arrival].	[MsgId: MMSG-13876]
Notify: Getting new value for parameter 'arrival': table = '..\Parameters\departure.dat' column = '1' row = '7'.	[MsgId: MMSG-13877]
Starting action Action.	[MsgId: MMSG-15919]
Action.c(3): Notify: Transaction "01_Cancel_flight" started.	[MsgId: MMSG-16999]
Action.c(5): web_set_sockets_option started  	[MsgId: MMSG-26355]
Action.c(5): web_set_sockets_option was successful  	[MsgId: MMSG-26392]
Action.c(7): web_add_auto_header("Sec-Fetch-Site") started  	[MsgId: MMSG-26355]
Action.c(7): web_add_auto_header("Sec-Fetch-Site") was successful  	[MsgId: MMSG-26392]
Action.c(10): web_add_auto_header("Sec-Fetch-Dest") started  	[MsgId: MMSG-26355]
Action.c(10): web_add_auto_header("Sec-Fetch-Dest") was successful  	[MsgId: MMSG-26392]
Action.c(13): web_add_auto_header("Sec-Fetch-Mode") started  	[MsgId: MMSG-26355]
Action.c(13): web_add_auto_header("Sec-Fetch-Mode") was successful  	[MsgId: MMSG-26392]
Action.c(16): web_add_auto_header("Sec-Fetch-User") started  	[MsgId: MMSG-26355]
Action.c(16): web_add_auto_header("Sec-Fetch-User") was successful  	[MsgId: MMSG-26392]
Action.c(19): web_add_auto_header("Upgrade-Insecure-Requests") started  	[MsgId: MMSG-26355]
Action.c(19): web_add_auto_header("Upgrade-Insecure-Requests") was successful  	[MsgId: MMSG-26392]
Action.c(22): Notify: Transaction "connection" started.	[MsgId: MMSG-16999]
Action.c(25): web_reg_save_param started  	[MsgId: MMSG-26355]
Action.c(25): Registering web_reg_save_param was successful  	[MsgId: MMSG-26390]
Action.c(31): web_reg_find started  	[MsgId: MMSG-26355]
Action.c(31): Registering web_reg_find was successful  	[MsgId: MMSG-26390]
Action.c(34): web_url("WebTours") started  	[MsgId: MMSG-26355]
Action.c(34): Detected non-resource "http://localhost:1080/WebTours/header.html" in "http://localhost:1080/WebTours/"  	[MsgId: MMSG-26574]
Action.c(34): Detected non-resource "http://localhost:1080/cgi-bin/welcome.pl?signOff=true" in "http://localhost:1080/WebTours/"  	[MsgId: MMSG-26574]
Action.c(34): Found resource "http://localhost:1080/WebTours/images/hp_logo.png" in HTML "http://localhost:1080/WebTours/header.html"  	[MsgId: MMSG-26659]
Action.c(34): Found resource "http://localhost:1080/WebTours/images/webtours.png" in HTML "http://localhost:1080/WebTours/header.html"  	[MsgId: MMSG-26659]
Action.c(34): Detected non-resource "http://localhost:1080/cgi-bin/nav.pl?in=home" in "http://localhost:1080/cgi-bin/welcome.pl?signOff=true"  	[MsgId: MMSG-26574]
Action.c(34): Detected non-resource "http://localhost:1080/WebTours/home.html" in "http://localhost:1080/cgi-bin/welcome.pl?signOff=true"  	[MsgId: MMSG-26574]
Action.c(34): Notify: Saving Parameter "userSession = 129665.354961523zzzQzzVpzQfiDDDDtAAVHpQHAVHf".	[MsgId: MMSG-13798]
Action.c(34): Found resource "http://localhost:1080/WebTours/images/mer_login.gif" in HTML "http://localhost:1080/cgi-bin/nav.pl?in=home"  	[MsgId: MMSG-26659]
Action.c(34): Registered web_reg_find successful for "Text=A Session ID has been created and loaded into a cookie called MSO." (count=1)  	[MsgId: MMSG-26364]
Action.c(34): web_url("WebTours") was successful, 10080 body bytes, 2371 header bytes, 24 chunking overhead bytes  	[MsgId: MMSG-26385]
Action.c(44): Notify: Transaction "connection" ended with a "Pass" status (Duration: 0,3261 Wasted Time: 0,0003).	[MsgId: MMSG-16871]
Action.c(46): web_remove_auto_header("Sec-Fetch-User") started  	[MsgId: MMSG-26355]
Action.c(46): Previous automatically added web header for "Sec-Fetch-User" removed  	[MsgId: MMSG-26587]
Action.c(46): web_remove/revert_auto_header("Sec-Fetch-User") was successful  	[MsgId: MMSG-26392]
Action.c(48): web_add_auto_header("Sec-Fetch-Dest") started  	[MsgId: MMSG-26355]
Action.c(48): web_add_auto_header("Sec-Fetch-Dest") was successful  	[MsgId: MMSG-26392]
Action.c(51): web_remove_auto_header("Upgrade-Insecure-Requests") started  	[MsgId: MMSG-26355]
Action.c(51): Previous automatically added web header for "Upgrade-Insecure-Requests" removed  	[MsgId: MMSG-26587]
Action.c(51): web_remove/revert_auto_header("Upgrade-Insecure-Requests") was successful  	[MsgId: MMSG-26392]
Action.c(53): web_add_header("Origin") started  	[MsgId: MMSG-26355]
Action.c(53): web_add_header("Origin") was successful  	[MsgId: MMSG-26392]
Action.c(56): web_add_auto_header("Sec-Fetch-Site") started  	[MsgId: MMSG-26355]
Action.c(56): web_add_auto_header("Sec-Fetch-Site") was successful  	[MsgId: MMSG-26392]
Action.c(59): Notify: Transaction "login" started.	[MsgId: MMSG-16999]
Action.c(62): web_reg_find started  	[MsgId: MMSG-26355]
Action.c(62): Registering web_reg_find was successful  	[MsgId: MMSG-26390]
Action.c(65): web_submit_data("login.pl") started  	[MsgId: MMSG-26355]
Action.c(65): Notify: Parameter Substitution: parameter "userSession" =  "129665.354961523zzzQzzVpzQfiDDDDtAAVHpQHAVHf"	[MsgId: MMSG-13992]
Action.c(65): Notify: Parameter Substitution: parameter "login" =  "VUser7"	[MsgId: MMSG-13992]
Action.c(65): Notify: Next row for parameter password = 7 [table  = password].	[MsgId: MMSG-13876]
Action.c(65): Notify: Parameter Substitution: parameter "password" =  "VUser7"	[MsgId: MMSG-13992]
Action.c(65): Detected non-resource "http://localhost:1080/cgi-bin/nav.pl?page=menu&in=home" in "http://localhost:1080/cgi-bin/login.pl"  	[MsgId: MMSG-26574]
Action.c(65): Detected non-resource "http://localhost:1080/cgi-bin/login.pl?intro=true" in "http://localhost:1080/cgi-bin/login.pl"  	[MsgId: MMSG-26574]
Action.c(65): Found resource "http://localhost:1080/WebTours/images/flights.gif" in HTML "http://localhost:1080/cgi-bin/nav.pl?page=menu&in=home"  	[MsgId: MMSG-26659]
Action.c(65): Found resource "http://localhost:1080/WebTours/images/itinerary.gif" in HTML "http://localhost:1080/cgi-bin/nav.pl?page=menu&in=home"  	[MsgId: MMSG-26659]
Action.c(65): Found resource "http://localhost:1080/WebTours/images/in_home.gif" in HTML "http://localhost:1080/cgi-bin/nav.pl?page=menu&in=home"  	[MsgId: MMSG-26659]
Action.c(65): Found resource "http://localhost:1080/WebTours/images/signoff.gif" in HTML "http://localhost:1080/cgi-bin/nav.pl?page=menu&in=home"  	[MsgId: MMSG-26659]
Action.c(65): Registered web_reg_find successful for "Text=User password was correct - added a cookie with the user's default" (count=1)  	[MsgId: MMSG-26364]
Action.c(65): web_submit_data("login.pl") was successful, 5781 body bytes, 2026 header bytes, 36 chunking overhead bytes  	[MsgId: MMSG-26385]
Action.c(82): Notify: Transaction "login" ended with a "Pass" status (Duration: 0,4652 Wasted Time: 0,0000).	[MsgId: MMSG-16871]
Action.c(84): web_add_auto_header("Sec-Fetch-User") started  	[MsgId: MMSG-26355]
Action.c(84): web_add_auto_header("Sec-Fetch-User") was successful  	[MsgId: MMSG-26392]
Action.c(87): web_add_auto_header("Upgrade-Insecure-Requests") started  	[MsgId: MMSG-26355]
Action.c(87): web_add_auto_header("Upgrade-Insecure-Requests") was successful  	[MsgId: MMSG-26392]
Action.c(90): Think time - Waiting 5,00 seconds (according to limit).	[MsgId: MMSG-15946]
Action.c(90): lr_think_time: 5,00 seconds (recorded think time was 6,00 seconds).	[MsgId: MMSG-15947]
Action.c(92): web_url("Search Flights Button") started  	[MsgId: MMSG-26355]
Action.c(92): Detected non-resource "http://localhost:1080/cgi-bin/nav.pl?page=menu&in=flights" in "http://localhost:1080/cgi-bin/welcome.pl?page=search"  	[MsgId: MMSG-26574]
Action.c(92): Detected non-resource "http://localhost:1080/cgi-bin/reservations.pl?page=welcome" in "http://localhost:1080/cgi-bin/welcome.pl?page=search"  	[MsgId: MMSG-26574]
Action.c(92): Found resource "http://localhost:1080/WebTours/images/in_flights.gif" in HTML "http://localhost:1080/cgi-bin/nav.pl?page=menu&in=flights"  	[MsgId: MMSG-26659]
Action.c(92): Resource "http://localhost:1080/WebTours/images/itinerary.gif" is in the cache already and will not be downloaded again  	[MsgId: MMSG-26655]
Action.c(92): Found resource "http://localhost:1080/WebTours/images/home.gif" in HTML "http://localhost:1080/cgi-bin/nav.pl?page=menu&in=flights"  	[MsgId: MMSG-26659]
Action.c(92): Resource "http://localhost:1080/WebTours/images/signoff.gif" is in the cache already and will not be downloaded again  	[MsgId: MMSG-26655]
Action.c(92): Found resource "http://localhost:1080/WebTours/images/button_next.gif" in HTML "http://localhost:1080/cgi-bin/reservations.pl?page=welcome"  	[MsgId: MMSG-26659]
Action.c(92): web_url("Search Flights Button") was successful, 8516 body bytes, 1620 header bytes, 43 chunking overhead bytes  	[MsgId: MMSG-26385]
Action.c(102): web_add_auto_header("Origin") started  	[MsgId: MMSG-26355]
Action.c(102): web_add_auto_header("Origin") was successful  	[MsgId: MMSG-26392]
Action.c(105): Think time - Waiting 5,00 seconds (according to limit).	[MsgId: MMSG-15946]
Action.c(105): lr_think_time: 5,00 seconds (recorded think time was 22,00 seconds).	[MsgId: MMSG-15947]
Action.c(107): Notify: Transaction "insert_info_for_ticket_search" started.	[MsgId: MMSG-16999]
Action.c(110): web_reg_find started  	[MsgId: MMSG-26355]
Action.c(110): Notify: Parameter Substitution: parameter "departure" =  "Sydney"	[MsgId: MMSG-13992]
Action.c(110): Notify: Next row for parameter arrival = 7 [table  = arrival].	[MsgId: MMSG-13876]
Action.c(110): Notify: Parameter Substitution: parameter "arrival" =  "Los Angeles"	[MsgId: MMSG-13992]
Action.c(110): Notify: Parameter Substitution: parameter "departDate" =  "02/18/2021"	[MsgId: MMSG-13992]
Action.c(110): Registering web_reg_find was successful  	[MsgId: MMSG-26390]
Action.c(114): web_reg_save_param_attrib started  	[MsgId: MMSG-26355]
Action.c(114): Notify: Parameter Substitution: parameter "randIndex" =  "3"	[MsgId: MMSG-13992]
Action.c(114): Registering web_reg_save_param_attrib was successful  	[MsgId: MMSG-26390]
Action.c(125): web_reg_save_param started  	[MsgId: MMSG-26355]
Action.c(125): Notify: Parameter Substitution: parameter "randIndex" =  "3"	[MsgId: MMSG-13992]
Action.c(125): Registering web_reg_save_param was successful  	[MsgId: MMSG-26390]
Action.c(131): web_reg_save_param started  	[MsgId: MMSG-26355]
Action.c(131): Notify: Parameter Substitution: parameter "randIndex" =  "3"	[MsgId: MMSG-13992]
Action.c(131): Registering web_reg_save_param was successful  	[MsgId: MMSG-26390]
Action.c(137): web_submit_data("reservations.pl") started  	[MsgId: MMSG-26355]
Action.c(137): Notify: Parameter Substitution: parameter "departure" =  "Sydney"	[MsgId: MMSG-13992]
Action.c(137): Notify: Parameter Substitution: parameter "departDate" =  "02/18/2021"	[MsgId: MMSG-13992]
Action.c(137): Notify: Next row for parameter arrival = 7 [table  = arrival].	[MsgId: MMSG-13876]
Action.c(137): Notify: Parameter Substitution: parameter "arrival" =  "Los Angeles"	[MsgId: MMSG-13992]
Action.c(137): Notify: Parameter Substitution: parameter "returnDate" =  "05/29/2021"	[MsgId: MMSG-13992]
Action.c(137): Notify: Parameter Substitution: parameter "numPassengers" =  "1"	[MsgId: MMSG-13992]
Action.c(137): Notify: Parameter Substitution: parameter "seatPref" =  "Window"	[MsgId: MMSG-13992]
Action.c(137): Notify: Parameter Substitution: parameter "seatType" =  "Coach"	[MsgId: MMSG-13992]
Action.c(137): Notify: Saving Parameter "flight_id = 832".	[MsgId: MMSG-13798]
Action.c(137): Notify: Saving Parameter "flight_time = 5p".	[MsgId: MMSG-13798]
Action.c(137): Resource "http://localhost:1080/WebTours/images/button_next.gif" is in the cache already and will not be downloaded again  	[MsgId: MMSG-26655]
Action.c(137): Notify: Saving Parameter "outboundFlight_id = 832;633;02/18/2021".	[MsgId: MMSG-13798]
Action.c(137): Registered web_reg_find successful for "Text=Flight departing from <B>Sydney</B> to <B>Los Angeles</B> on <B>02/18/2021</B>" (count=1)  	[MsgId: MMSG-26364]
Action.c(137): web_submit_data("reservations.pl") was successful, 2448 body bytes, 256 header bytes, 12 chunking overhead bytes  	[MsgId: MMSG-26385]
Action.c(161): Notify: Transaction "insert_info_for_ticket_search" ended with a "Pass" status (Duration: 0,1947 Wasted Time: 0,0016).	[MsgId: MMSG-16871]
Action.c(163): Think time - Waiting 5,00 seconds (according to limit).	[MsgId: MMSG-15946]
Action.c(163): lr_think_time: 5,00 seconds (recorded think time was 28,00 seconds).	[MsgId: MMSG-15947]
Action.c(165): Notify: Transaction "choose_the_flight" started.	[MsgId: MMSG-16999]
Action.c(168): web_reg_find started  	[MsgId: MMSG-26355]
Action.c(168): Registering web_reg_find was successful  	[MsgId: MMSG-26390]
Action.c(175): web_submit_data("reservations.pl_2") started  	[MsgId: MMSG-26355]
Action.c(175): Notify: Parameter Substitution: parameter "outboundFlight_id" =  "832;633;02/18/2021"	[MsgId: MMSG-13992]
Action.c(175): Notify: Parameter Substitution: parameter "numPassengers" =  "1"	[MsgId: MMSG-13992]
Action.c(175): Notify: Parameter Substitution: parameter "seatType" =  "Coach"	[MsgId: MMSG-13992]
Action.c(175): Notify: Parameter Substitution: parameter "seatPref" =  "Window"	[MsgId: MMSG-13992]
Action.c(175): Resource "http://localhost:1080/WebTours/images/button_next.gif" is in the cache already and will not be downloaded again  	[MsgId: MMSG-26655]
Action.c(175): Registered web_reg_find successful for "Text=Flight Reservation" (count=1)  	[MsgId: MMSG-26364]
Action.c(175): web_submit_data("reservations.pl_2") was successful, 2676 body bytes, 255 header bytes, 12 chunking overhead bytes  	[MsgId: MMSG-26385]
Action.c(193): Notify: Transaction "choose_the_flight" ended with a "Pass" status (Duration: 0,2054 Wasted Time: 0,0000).	[MsgId: MMSG-16871]
Action.c(195): web_remove_auto_header("Origin") started  	[MsgId: MMSG-26355]
Action.c(195): Previous automatically added web header for "Origin" removed  	[MsgId: MMSG-26587]
Action.c(195): web_remove/revert_auto_header("Origin") was successful  	[MsgId: MMSG-26392]
Action.c(197): web_remove_auto_header("Sec-Fetch-User") started  	[MsgId: MMSG-26355]
Action.c(197): Previous automatically added web header for "Sec-Fetch-User" removed  	[MsgId: MMSG-26587]
Action.c(197): web_remove/revert_auto_header("Sec-Fetch-User") was successful  	[MsgId: MMSG-26392]
Action.c(199): web_remove_auto_header("Upgrade-Insecure-Requests") started  	[MsgId: MMSG-26355]
Action.c(199): Previous automatically added web header for "Upgrade-Insecure-Requests" removed  	[MsgId: MMSG-26587]
Action.c(199): web_remove/revert_auto_header("Upgrade-Insecure-Requests") was successful  	[MsgId: MMSG-26392]
Action.c(201): web_add_header("Origin") started  	[MsgId: MMSG-26355]
Action.c(201): web_add_header("Origin") was successful  	[MsgId: MMSG-26392]
Action.c(204): Think time - Waiting 5,00 seconds (according to limit).	[MsgId: MMSG-15946]
Action.c(204): lr_think_time: 5,00 seconds (recorded think time was 27,00 seconds).	[MsgId: MMSG-15947]
Action.c(206): Notify: Transaction "insert_payment_info" started.	[MsgId: MMSG-16999]
Action.c(209): web_reg_find started  	[MsgId: MMSG-26355]
Action.c(209): Notify: Parameter Substitution: parameter "departDate" =  "02/18/2021"	[MsgId: MMSG-13992]
Action.c(209): Notify: Parameter Substitution: parameter "flight_time" =  "5p"	[MsgId: MMSG-13992]
Action.c(209): Notify: Parameter Substitution: parameter "flight_id" =  "832"	[MsgId: MMSG-13992]
Action.c(209): Notify: Parameter Substitution: parameter "departure" =  "Sydney"	[MsgId: MMSG-13992]
Action.c(209): Notify: Next row for parameter arrival = 7 [table  = arrival].	[MsgId: MMSG-13876]
Action.c(209): Notify: Parameter Substitution: parameter "arrival" =  "Los Angeles"	[MsgId: MMSG-13992]
Action.c(209): Registering web_reg_find was successful  	[MsgId: MMSG-26390]
Action.c(218): web_submit_data("reservations.pl_3") started  	[MsgId: MMSG-26355]
Action.c(218): Notify: Next row for parameter firstName = 7 [table  = firstName].	[MsgId: MMSG-13876]
Action.c(218): Notify: Parameter Substitution: parameter "firstName" =  "Jason"	[MsgId: MMSG-13992]
Action.c(218): Notify: Next row for parameter lastName = 7 [table  = lastName].	[MsgId: MMSG-13876]
Action.c(218): Notify: Parameter Substitution: parameter "lastName" =  "Momoa"	[MsgId: MMSG-13992]
Action.c(218): Notify: Next row for parameter address1 = 7 [table  = address1].	[MsgId: MMSG-13876]
Action.c(218): Notify: Parameter Substitution: parameter "address1" =  "Garden st., 65"	[MsgId: MMSG-13992]
Action.c(218): Notify: Next row for parameter address2 = 7 [table  = address2].	[MsgId: MMSG-13876]
Action.c(218): Notify: Parameter Substitution: parameter "address2" =  "London"	[MsgId: MMSG-13992]
Action.c(218): Notify: Next row for parameter pass1 = 7 [table  = pass1].	[MsgId: MMSG-13876]
Action.c(218): Notify: Parameter Substitution: parameter "pass1" =  "Jason Momoa"	[MsgId: MMSG-13992]
Action.c(218): Notify: Next row for parameter creditCard = 7 [table  = creditCard].	[MsgId: MMSG-13876]
Action.c(218): Notify: Parameter Substitution: parameter "creditCard" =  "6651132558520002"	[MsgId: MMSG-13992]
Action.c(218): Notify: Next row for parameter expDate = 7 [table  = expDate].	[MsgId: MMSG-13876]
Action.c(218): Notify: Parameter Substitution: parameter "expDate" =  "03/26"	[MsgId: MMSG-13992]
Action.c(218): Notify: Parameter Substitution: parameter "numPassengers" =  "1"	[MsgId: MMSG-13992]
Action.c(218): Notify: Parameter Substitution: parameter "seatType" =  "Coach"	[MsgId: MMSG-13992]
Action.c(218): Notify: Parameter Substitution: parameter "seatPref" =  "Window"	[MsgId: MMSG-13992]
Action.c(218): Notify: Parameter Substitution: parameter "outboundFlight_id" =  "832;633;02/18/2021"	[MsgId: MMSG-13992]
Action.c(218): Found resource "http://localhost:1080/WebTours/images/bookanother.gif" in HTML "http://localhost:1080/cgi-bin/reservations.pl"  	[MsgId: MMSG-26659]
Action.c(218): Registered web_reg_find successful for "Text=02/18/2021 :  5pm : Flight 832 leaves Sydney  for Los Angeles." (count=1)  	[MsgId: MMSG-26364]
Action.c(218): web_submit_data("reservations.pl_3") was successful, 3295 body bytes, 654 header bytes, 12 chunking overhead bytes  	[MsgId: MMSG-26385]
Action.c(247): Notify: Transaction "insert_payment_info" ended with a "Pass" status (Duration: 0,2246 Wasted Time: 0,0001).	[MsgId: MMSG-16871]
Action.c(249): web_add_auto_header("Sec-Fetch-User") started  	[MsgId: MMSG-26355]
Action.c(249): web_add_auto_header("Sec-Fetch-User") was successful  	[MsgId: MMSG-26392]
Action.c(252): web_add_auto_header("Upgrade-Insecure-Requests") started  	[MsgId: MMSG-26355]
Action.c(252): web_add_auto_header("Upgrade-Insecure-Requests") was successful  	[MsgId: MMSG-26392]
Action.c(255): Think time - Waiting 5,00 seconds (according to limit).	[MsgId: MMSG-15946]
Action.c(255): lr_think_time: 5,00 seconds (recorded think time was 10,00 seconds).	[MsgId: MMSG-15947]
Action.c(257): Notify: Transaction "view_itinerary" started.	[MsgId: MMSG-16999]
Action.c(260): web_reg_find started  	[MsgId: MMSG-26355]
Action.c(260): Registering web_reg_find was successful  	[MsgId: MMSG-26390]
Action.c(265): web_reg_save_param started  	[MsgId: MMSG-26355]
Action.c(265): Registering web_reg_save_param was successful  	[MsgId: MMSG-26390]
Action.c(271): web_reg_save_param started  	[MsgId: MMSG-26355]
Action.c(271): Registering web_reg_save_param was successful  	[MsgId: MMSG-26390]
Action.c(277): web_url("Itinerary Button") started  	[MsgId: MMSG-26355]
Action.c(277): Detected non-resource "http://localhost:1080/cgi-bin/nav.pl?page=menu&in=itinerary" in "http://localhost:1080/cgi-bin/welcome.pl?page=itinerary"  	[MsgId: MMSG-26574]
Action.c(277): Detected non-resource "http://localhost:1080/cgi-bin/itinerary.pl" in "http://localhost:1080/cgi-bin/welcome.pl?page=itinerary"  	[MsgId: MMSG-26574]
Action.c(277): Resource "http://localhost:1080/WebTours/images/flights.gif" is in the cache already and will not be downloaded again  	[MsgId: MMSG-26655]
Action.c(277): Found resource "http://localhost:1080/WebTours/images/in_itinerary.gif" in HTML "http://localhost:1080/cgi-bin/nav.pl?page=menu&in=itinerary"  	[MsgId: MMSG-26659]
Action.c(277): Resource "http://localhost:1080/WebTours/images/home.gif" is in the cache already and will not be downloaded again  	[MsgId: MMSG-26655]
Action.c(277): Resource "http://localhost:1080/WebTours/images/signoff.gif" is in the cache already and will not be downloaded again  	[MsgId: MMSG-26655]
Action.c(277): Notify: Saving Parameter "flightsNum_1 = 1".	[MsgId: MMSG-13798]
Action.c(277): Notify: Saving Parameter "flightID_1 = 0-0-".	[MsgId: MMSG-13798]
Action.c(277): Notify: Saving Parameter "flightsNum_2 = 2".	[MsgId: MMSG-13798]
Action.c(277): Notify: Saving Parameter "flightID_2 = 0-1-".	[MsgId: MMSG-13798]
Action.c(277): Notify: Saving Parameter "flightsNum_3 = 3".	[MsgId: MMSG-13798]
Action.c(277): Notify: Saving Parameter "flightID_3 = 0-23078-d".	[MsgId: MMSG-13798]
Action.c(277): Notify: Saving Parameter "flightsNum_4 = 4".	[MsgId: MMSG-13798]
Action.c(277): Notify: Saving Parameter "flightID_4 = 0-31-1C".	[MsgId: MMSG-13798]
Action.c(277): Notify: Saving Parameter "flightsNum_5 = 5".	[MsgId: MMSG-13798]
Action.c(277): Notify: Saving Parameter "flightID_5 = 3-3-".	[MsgId: MMSG-13798]
Action.c(277): Notify: Saving Parameter "flightsNum_6 = 6".	[MsgId: MMSG-13798]
Action.c(277): Notify: Saving Parameter "flightID_6 = 3-0-G".	[MsgId: MMSG-13798]
Action.c(277): Notify: Saving Parameter "flightsNum_7 = 7".	[MsgId: MMSG-13798]
Action.c(277): Notify: Saving Parameter "flightID_7 = 3-5-G".	[MsgId: MMSG-13798]
Action.c(277): Found resource "http://localhost:1080/WebTours/images/cancelreservation.gif" in HTML "http://localhost:1080/cgi-bin/itinerary.pl"  	[MsgId: MMSG-26659]
Action.c(277): Found resource "http://localhost:1080/WebTours/images/cancelallreservations.gif" in HTML "http://localhost:1080/cgi-bin/itinerary.pl"  	[MsgId: MMSG-26659]
Action.c(277): Registered web_reg_find successful for "Text=Flight Transaction Summary" (count=1)  	[MsgId: MMSG-26364]
Action.c(277): Notify: Saving Parameter "flightID_count = 7".	[MsgId: MMSG-13798]
Action.c(277): Notify: Saving Parameter "flightsNum_count = 7".	[MsgId: MMSG-13798]
Action.c(277): web_url("Itinerary Button") was successful, 13839 body bytes, 1618 header bytes, 51 chunking overhead bytes  	[MsgId: MMSG-26385]
Action.c(287): Notify: Transaction "view_itinerary" ended with a "Pass" status (Duration: 0,3958 Wasted Time: 0,0020).	[MsgId: MMSG-16871]
Action.c(289): web_add_header("Origin") started  	[MsgId: MMSG-26355]
Action.c(289): web_add_header("Origin") was successful  	[MsgId: MMSG-26392]
Action.c(292): lr_think_time: 5,00 seconds.	[MsgId: MMSG-15948]
Action.c(294): Notify: Transaction "cancel_flight" started.	[MsgId: MMSG-16999]
Action.c(296): Notify: Parameter Substitution: parameter "flightsNum_count" =  "7"	[MsgId: MMSG-13992]
Action.c(296): Notify: Parameter Substitution: parameter "flightsNum_5" =  "5"	[MsgId: MMSG-13992]
Action.c(296): Notify: Saving Parameter "randomFlightNum = 5".	[MsgId: MMSG-13798]
Action.c(299): Notify: Parameter Substitution: parameter "randomFlightNum" =  "5"	[MsgId: MMSG-13992]
Action.c(299): Notify: Saving Parameter "randFlightNumInt = 5".	[MsgId: MMSG-13798]
Action.c(302): web_reg_find started  	[MsgId: MMSG-26355]
Action.c(302): Registering web_reg_find was successful  	[MsgId: MMSG-26390]
Action.c(306): web_submit_form("itinerary.pl") started  	[MsgId: MMSG-26355]
Action.c(306): Notify: Parameter Substitution: parameter "randomFlightNum" =  "5"	[MsgId: MMSG-13992]
Action.c(306): Submitting form to "http://localhost:1080/cgi-bin/itinerary.pl", Target Frame=""  	[MsgId: MMSG-27978]
Action.c(306): Downloading resource "http://localhost:1080/cgi-bin/itinerary.pl" (specified by argument number 13)  	[MsgId: MMSG-26577]
Action.c(306): Resource "http://localhost:1080/WebTours/images/cancelreservation.gif" is in the cache already and will not be downloaded again  	[MsgId: MMSG-26655]
Action.c(306): Resource "http://localhost:1080/WebTours/images/cancelallreservations.gif" is in the cache already and will not be downloaded again  	[MsgId: MMSG-26655]
Action.c(306): Registered web_reg_find successful for "Text= Flight flightID_randFlightNumInt leaves "  	[MsgId: MMSG-26362]
Action.c(306): web_submit_form("itinerary.pl") was successful, 16490 body bytes, 512 header bytes, 52 chunking overhead bytes  	[MsgId: MMSG-26385]
Action.c(316): Notify: Transaction "cancel_flight" ended with a "Pass" status (Duration: 0,4052 Wasted Time: 0,0001).	[MsgId: MMSG-16871]
Action.c(318): web_remove_auto_header("Sec-Fetch-User") started  	[MsgId: MMSG-26355]
Action.c(318): Previous automatically added web header for "Sec-Fetch-User" removed  	[MsgId: MMSG-26587]
Action.c(318): web_remove/revert_auto_header("Sec-Fetch-User") was successful  	[MsgId: MMSG-26392]
Action.c(320): web_add_header("Sec-Fetch-User") started  	[MsgId: MMSG-26355]
Action.c(320): web_add_header("Sec-Fetch-User") was successful  	[MsgId: MMSG-26392]
Action.c(323): Think time - Waiting 5,00 seconds (according to limit).	[MsgId: MMSG-15946]
Action.c(323): lr_think_time: 5,00 seconds (recorded think time was 22,00 seconds).	[MsgId: MMSG-15947]
Action.c(325): Notify: Transaction "logout" started.	[MsgId: MMSG-16999]
Action.c(328): web_reg_find started  	[MsgId: MMSG-26355]
Action.c(328): Registering web_reg_find was successful  	[MsgId: MMSG-26390]
Action.c(331): web_url("welcome.pl") started  	[MsgId: MMSG-26355]
Action.c(331): Detected non-resource "http://localhost:1080/cgi-bin/nav.pl?in=home" in "http://localhost:1080/cgi-bin/welcome.pl?signOff=1"  	[MsgId: MMSG-26574]
Action.c(331): Detected non-resource "http://localhost:1080/WebTours/home.html" in "http://localhost:1080/cgi-bin/welcome.pl?signOff=1"  	[MsgId: MMSG-26574]
Action.c(331): Retrieving data from cache for "http://localhost:1080/WebTours/home.html"  	[MsgId: MMSG-26558]
Action.c(331): Resource "http://localhost:1080/WebTours/images/mer_login.gif" is in the cache already and will not be downloaded again  	[MsgId: MMSG-26655]
Action.c(331): Registered web_reg_find successful for "Text=A Session ID has been created and loaded into a cookie called MSO." (count=1)  	[MsgId: MMSG-26364]
Action.c(331): web_url("welcome.pl") was successful, 2176 body bytes, 584 header bytes, 24 chunking overhead bytes  	[MsgId: MMSG-26385]
Action.c(341): Notify: Transaction "logout" ended with a "Pass" status (Duration: 0,3255 Wasted Time: 0,0000).	[MsgId: MMSG-16871]
Action.c(343): Notify: Transaction "01_Cancel_flight" ended with a "Pass" status (Duration: 38,0228 Think Time: 35,0073 Wasted Time: 0,0042).	[MsgId: MMSG-16870]
Ending action Action.	[MsgId: MMSG-15918]
Action was aborted.	[MsgId: MMSG-10694]
Ending Vuser...	[MsgId: MMSG-15966]
Starting action vuser_end.	[MsgId: MMSG-15919]
Ending action vuser_end.	[MsgId: MMSG-15918]
Vuser Terminated.	[MsgId: MMSG-15963]
Vuser 3 (thread 8132), ended OK."	[MsgId: MMSG-10695]
