Virtual User Script started at: 20.09.2020 17:24:55
Starting action vuser_init.
Web Turbo Replay of LoadRunner 12.55.0 for Windows 10; build 911 (июл 24 2017 19:46:00)  	[MsgId: MMSG-26983]
Run mode: HTML  	[MsgId: MMSG-26993]
Replay user agent: Mozilla/5.0 (Windows NT 10.0; WOW64) AppleWebKit/537.36 (KHTML, like Gecko) Chrome/85.0.4183.102 Safari/537.36  	[MsgId: MMSG-26988]
Run-Time Settings file: "C:\Users\Сабина\Desktop\SCRIPTS_02\Скрипты\01_Cancel_flight\\default.cfg"  	[MsgId: MMSG-27141]
Ending action vuser_init.
Running Vuser...
Starting iteration 1.
Maximum number of concurrent connections per server: 6  	[MsgId: MMSG-26989]
Starting action Action.
Action.c(3): Notify: Transaction "01_Cancel_flight" started.
Action.c(5): web_set_sockets_option started  	[MsgId: MMSG-26355]
Action.c(5): web_set_sockets_option was successful  	[MsgId: MMSG-26392]
Action.c(7): web_add_auto_header("Sec-Fetch-Site") started  	[MsgId: MMSG-26355]
Action.c(7): web_add_auto_header("Sec-Fetch-Site") was successful  	[MsgId: MMSG-26392]
Action.c(10): web_add_auto_header("Sec-Fetch-Dest") started  	[MsgId: MMSG-26355]
Action.c(10): web_add_auto_header("Sec-Fetch-Dest") was successful  	[MsgId: MMSG-26392]
Action.c(13): web_add_auto_header("Sec-Fetch-Mode") started  	[MsgId: MMSG-26355]
Action.c(13): web_add_auto_header("Sec-Fetch-Mode") was successful  	[MsgId: MMSG-26392]
Action.c(16): web_add_auto_header("Sec-Fetch-User") started  	[MsgId: MMSG-26355]
Action.c(16): web_add_auto_header("Sec-Fetch-User") was successful  	[MsgId: MMSG-26392]
Action.c(19): web_add_auto_header("Upgrade-Insecure-Requests") started  	[MsgId: MMSG-26355]
Action.c(19): web_add_auto_header("Upgrade-Insecure-Requests") was successful  	[MsgId: MMSG-26392]
Action.c(33): web_reg_save_param started  	[MsgId: MMSG-26355]
Action.c(33): Registering web_reg_save_param was successful  	[MsgId: MMSG-26390]
Action.c(40): web_reg_find started  	[MsgId: MMSG-26355]
Action.c(40): Registering web_reg_find was successful  	[MsgId: MMSG-26390]
Action.c(43): Notify: Transaction "connection" started.
Action.c(45): web_url("WebTours") started  	[MsgId: MMSG-26355]
Action.c(45): Detected non-resource "http://localhost:1080/WebTours/header.html" in "http://localhost:1080/WebTours/"  	[MsgId: MMSG-26574]
Action.c(45): Detected non-resource "http://localhost:1080/cgi-bin/welcome.pl?signOff=true" in "http://localhost:1080/WebTours/"  	[MsgId: MMSG-26574]
Action.c(45): Found resource "http://localhost:1080/WebTours/images/hp_logo.png" in HTML "http://localhost:1080/WebTours/header.html"  	[MsgId: MMSG-26659]
Action.c(45): Found resource "http://localhost:1080/WebTours/images/webtours.png" in HTML "http://localhost:1080/WebTours/header.html"  	[MsgId: MMSG-26659]
Action.c(45): Detected non-resource "http://localhost:1080/cgi-bin/nav.pl?in=home" in "http://localhost:1080/cgi-bin/welcome.pl?signOff=true"  	[MsgId: MMSG-26574]
Action.c(45): Detected non-resource "http://localhost:1080/WebTours/home.html" in "http://localhost:1080/cgi-bin/welcome.pl?signOff=true"  	[MsgId: MMSG-26574]
Action.c(45): Notify: Saving Parameter "userSession = 129656.694775213zzzQcVzpcDHftAAVfpcQHtcf".
Action.c(45): Found resource "http://localhost:1080/WebTours/images/mer_login.gif" in HTML "http://localhost:1080/cgi-bin/nav.pl?in=home"  	[MsgId: MMSG-26659]
Action.c(45): Registered web_reg_find successful for "Text=A Session ID has been created and loaded into a cookie called MSO." (count=1)  	[MsgId: MMSG-26364]
Action.c(45): web_url("WebTours") was successful, 10076 body bytes, 2371 header bytes, 24 chunking overhead bytes  	[MsgId: MMSG-26385]
Action.c(55): Notify: Transaction "connection" ended with a "Pass" status (Duration: 3.6023 Wasted Time: 0.3454).
Action.c(57): web_remove_auto_header("Sec-Fetch-User") started  	[MsgId: MMSG-26355]
Action.c(57): Previous automatically added web header for "Sec-Fetch-User" removed  	[MsgId: MMSG-26587]
Action.c(57): web_remove/revert_auto_header("Sec-Fetch-User") was successful  	[MsgId: MMSG-26392]
Action.c(59): web_add_auto_header("Sec-Fetch-Dest") started  	[MsgId: MMSG-26355]
Action.c(59): web_add_auto_header("Sec-Fetch-Dest") was successful  	[MsgId: MMSG-26392]
Action.c(62): web_remove_auto_header("Upgrade-Insecure-Requests") started  	[MsgId: MMSG-26355]
Action.c(62): Previous automatically added web header for "Upgrade-Insecure-Requests" removed  	[MsgId: MMSG-26587]
Action.c(62): web_remove/revert_auto_header("Upgrade-Insecure-Requests") was successful  	[MsgId: MMSG-26392]
Action.c(64): web_add_header("Origin") started  	[MsgId: MMSG-26355]
Action.c(64): web_add_header("Origin") was successful  	[MsgId: MMSG-26392]
Action.c(67): web_add_auto_header("Sec-Fetch-Site") started  	[MsgId: MMSG-26355]
Action.c(67): web_add_auto_header("Sec-Fetch-Site") was successful  	[MsgId: MMSG-26392]
Action.c(71): web_reg_find started  	[MsgId: MMSG-26355]
Action.c(71): Notify: Parameter Substitution: parameter "login" =  "VUser10"
Action.c(71): Registering web_reg_find was successful  	[MsgId: MMSG-26390]
Action.c(76): Notify: Transaction "login" started.
Action.c(78): web_submit_data("login.pl") started  	[MsgId: MMSG-26355]
Action.c(78): Notify: Parameter Substitution: parameter "userSession" =  "129656.694775213zzzQcVzpcDHftAAVfpcQHtcf"
Action.c(78): Notify: Parameter Substitution: parameter "login" =  "VUser10"
Action.c(78): Notify: Next row for parameter password = 10 [table  = password].
Action.c(78): Notify: Parameter Substitution: parameter "password" =  "VUser10"
Action.c(78): Detected non-resource "http://localhost:1080/cgi-bin/nav.pl?page=menu&in=home" in "http://localhost:1080/cgi-bin/login.pl"  	[MsgId: MMSG-26574]
Action.c(78): Detected non-resource "http://localhost:1080/cgi-bin/login.pl?intro=true" in "http://localhost:1080/cgi-bin/login.pl"  	[MsgId: MMSG-26574]
Action.c(78): Found resource "http://localhost:1080/WebTours/images/flights.gif" in HTML "http://localhost:1080/cgi-bin/nav.pl?page=menu&in=home"  	[MsgId: MMSG-26659]
Action.c(78): Found resource "http://localhost:1080/WebTours/images/itinerary.gif" in HTML "http://localhost:1080/cgi-bin/nav.pl?page=menu&in=home"  	[MsgId: MMSG-26659]
Action.c(78): Found resource "http://localhost:1080/WebTours/images/in_home.gif" in HTML "http://localhost:1080/cgi-bin/nav.pl?page=menu&in=home"  	[MsgId: MMSG-26659]
Action.c(78): Found resource "http://localhost:1080/WebTours/images/signoff.gif" in HTML "http://localhost:1080/cgi-bin/nav.pl?page=menu&in=home"  	[MsgId: MMSG-26659]
Action.c(78): Registered web_reg_find successful for "Text=Welcome, <b>VUser10</b>, to the Web Tours reservation pages" (count=1)  	[MsgId: MMSG-26364]
Action.c(78): web_submit_data("login.pl") was successful, 5782 body bytes, 2026 header bytes, 36 chunking overhead bytes  	[MsgId: MMSG-26385]
Action.c(95): Notify: Transaction "login" ended with a "Pass" status (Duration: 1.1915 Wasted Time: 0.0208).
Action.c(97): web_add_auto_header("Sec-Fetch-User") started  	[MsgId: MMSG-26355]
Action.c(97): web_add_auto_header("Sec-Fetch-User") was successful  	[MsgId: MMSG-26392]
Action.c(100): web_add_auto_header("Upgrade-Insecure-Requests") started  	[MsgId: MMSG-26355]
Action.c(100): web_add_auto_header("Upgrade-Insecure-Requests") was successful  	[MsgId: MMSG-26392]
Action.c(103): Think time - Waiting 5,00 seconds (according to limit).
Action.c(103): lr_think_time: 5,00 seconds (recorded think time was 6,00 seconds).
Action.c(105): web_url("Search Flights Button") started  	[MsgId: MMSG-26355]
Action.c(105): Detected non-resource "http://localhost:1080/cgi-bin/nav.pl?page=menu&in=flights" in "http://localhost:1080/cgi-bin/welcome.pl?page=search"  	[MsgId: MMSG-26574]
Action.c(105): Detected non-resource "http://localhost:1080/cgi-bin/reservations.pl?page=welcome" in "http://localhost:1080/cgi-bin/welcome.pl?page=search"  	[MsgId: MMSG-26574]
Action.c(105): Found resource "http://localhost:1080/WebTours/images/in_flights.gif" in HTML "http://localhost:1080/cgi-bin/nav.pl?page=menu&in=flights"  	[MsgId: MMSG-26659]
Action.c(105): Resource "http://localhost:1080/WebTours/images/itinerary.gif" is in the cache already and will not be downloaded again  	[MsgId: MMSG-26655]
Action.c(105): Found resource "http://localhost:1080/WebTours/images/home.gif" in HTML "http://localhost:1080/cgi-bin/nav.pl?page=menu&in=flights"  	[MsgId: MMSG-26659]
Action.c(105): Resource "http://localhost:1080/WebTours/images/signoff.gif" is in the cache already and will not be downloaded again  	[MsgId: MMSG-26655]
Action.c(105): Found resource "http://localhost:1080/WebTours/images/button_next.gif" in HTML "http://localhost:1080/cgi-bin/reservations.pl?page=welcome"  	[MsgId: MMSG-26659]
Action.c(105): web_url("Search Flights Button") was successful, 8516 body bytes, 1620 header bytes, 43 chunking overhead bytes  	[MsgId: MMSG-26385]
Action.c(115): web_add_auto_header("Origin") started  	[MsgId: MMSG-26355]
Action.c(115): web_add_auto_header("Origin") was successful  	[MsgId: MMSG-26392]
Action.c(118): Think time - Waiting 5.00 seconds (according to limit).
Action.c(118): lr_think_time: 5.00 seconds (recorded think time was 22.00 seconds).
Action.c(121): web_reg_find started  	[MsgId: MMSG-26355]
Action.c(121): Notify: Parameter Substitution: parameter "departure" =  "Los Angeles"
Action.c(121): Notify: Next row for parameter arrival = 10 [table  = arrival].
Action.c(121): Notify: Parameter Substitution: parameter "arrival" =  "Seattle"
Action.c(121): Notify: Parameter Substitution: parameter "departDate" =  "11/18/2020"
Action.c(121): Registering web_reg_find was successful  	[MsgId: MMSG-26390]
Action.c(125): web_reg_save_param_attrib started  	[MsgId: MMSG-26355]
Action.c(125): Notify: Parameter Substitution: parameter "randIndex" =  "4"
Action.c(125): Registering web_reg_save_param_attrib was successful  	[MsgId: MMSG-26390]
Action.c(136): web_reg_save_param started  	[MsgId: MMSG-26355]
Action.c(136): Notify: Parameter Substitution: parameter "randIndex" =  "4"
Action.c(136): Registering web_reg_save_param was successful  	[MsgId: MMSG-26390]
Action.c(142): web_reg_save_param started  	[MsgId: MMSG-26355]
Action.c(142): Notify: Parameter Substitution: parameter "randIndex" =  "4"
Action.c(142): Registering web_reg_save_param was successful  	[MsgId: MMSG-26390]
Action.c(148): Notify: Transaction "insert_info_for_ticket_search" started.
Action.c(150): web_submit_data("reservations.pl") started  	[MsgId: MMSG-26355]
Action.c(150): Notify: Parameter Substitution: parameter "departure" =  "Los Angeles"
Action.c(150): Notify: Parameter Substitution: parameter "departDate" =  "11/18/2020"
Action.c(150): Notify: Next row for parameter arrival = 10 [table  = arrival].
Action.c(150): Notify: Parameter Substitution: parameter "arrival" =  "Seattle"
Action.c(150): Notify: Next row for parameter returnDate = 2 [table  = returnDate].
Action.c(150): Notify: Parameter Substitution: parameter "returnDate" =  "11/18/2021"
Action.c(150): Notify: Parameter Substitution: parameter "numPassengers" =  "1"
Action.c(150): Notify: Parameter Substitution: parameter "seatPref" =  "Aisle"
Action.c(150): Notify: Parameter Substitution: parameter "seatType" =  "Coach"
Action.c(150): Notify: Saving Parameter "flight_id = 373".
Action.c(150): Notify: Saving Parameter "flight_time = 11p".
Action.c(150): Resource "http://localhost:1080/WebTours/images/button_next.gif" is in the cache already and will not be downloaded again  	[MsgId: MMSG-26655]
Action.c(150): Notify: Saving Parameter "outboundFlight_id = 373;143;11/18/2020".
Action.c(150): Registered web_reg_find successful for "Text=Flight departing from <B>Los Angeles</B> to <B>Seattle</B> on <B>11/18/2020</B>" (count=1)  	[MsgId: MMSG-26364]
Action.c(150): web_submit_data("reservations.pl") was successful, 2449 body bytes, 256 header bytes, 12 chunking overhead bytes  	[MsgId: MMSG-26385]
Action.c(174): Notify: Transaction "insert_info_for_ticket_search" ended with a "Pass" status (Duration: 0.3374 Wasted Time: 0.0544).
Action.c(176): Think time - Waiting 5.00 seconds (according to limit).
Action.c(176): lr_think_time: 5.00 seconds (recorded think time was 28.00 seconds).
Action.c(179): web_reg_find started  	[MsgId: MMSG-26355]
Action.c(179): Registering web_reg_find was successful  	[MsgId: MMSG-26390]
Action.c(186): Notify: Transaction "choose_the_flight" started.
Action.c(188): web_submit_data("reservations.pl_2") started  	[MsgId: MMSG-26355]
Action.c(188): Notify: Parameter Substitution: parameter "outboundFlight_id" =  "373;143;11/18/2020"
Action.c(188): Notify: Parameter Substitution: parameter "numPassengers" =  "1"
Action.c(188): Notify: Parameter Substitution: parameter "seatType" =  "Coach"
Action.c(188): Notify: Parameter Substitution: parameter "seatPref" =  "Aisle"
Action.c(188): Resource "http://localhost:1080/WebTours/images/button_next.gif" is in the cache already and will not be downloaded again  	[MsgId: MMSG-26655]
Action.c(188): Registered web_reg_find successful for "Text=Flight Reservation" (count=1)  	[MsgId: MMSG-26364]
Action.c(188): web_submit_data("reservations.pl_2") was successful, 2675 body bytes, 256 header bytes, 12 chunking overhead bytes  	[MsgId: MMSG-26385]
Action.c(206): Notify: Transaction "choose_the_flight" ended with a "Pass" status (Duration: 0.3425 Wasted Time: 0.0114).
Action.c(208): web_remove_auto_header("Origin") started  	[MsgId: MMSG-26355]
Action.c(208): Previous automatically added web header for "Origin" removed  	[MsgId: MMSG-26587]
Action.c(208): web_remove/revert_auto_header("Origin") was successful  	[MsgId: MMSG-26392]
Action.c(210): web_remove_auto_header("Sec-Fetch-User") started  	[MsgId: MMSG-26355]
Action.c(210): Previous automatically added web header for "Sec-Fetch-User" removed  	[MsgId: MMSG-26587]
Action.c(210): web_remove/revert_auto_header("Sec-Fetch-User") was successful  	[MsgId: MMSG-26392]
Action.c(212): web_remove_auto_header("Upgrade-Insecure-Requests") started  	[MsgId: MMSG-26355]
Action.c(212): Previous automatically added web header for "Upgrade-Insecure-Requests" removed  	[MsgId: MMSG-26587]
Action.c(212): web_remove/revert_auto_header("Upgrade-Insecure-Requests") was successful  	[MsgId: MMSG-26392]
Action.c(214): web_add_header("Origin") started  	[MsgId: MMSG-26355]
Action.c(214): web_add_header("Origin") was successful  	[MsgId: MMSG-26392]
Action.c(217): Think time - Waiting 5.00 seconds (according to limit).
Action.c(217): lr_think_time: 5.00 seconds (recorded think time was 27.00 seconds).
Action.c(220): web_reg_find started  	[MsgId: MMSG-26355]
Action.c(220): Notify: Parameter Substitution: parameter "departDate" =  "11/18/2020"
Action.c(220): Notify: Parameter Substitution: parameter "flight_time" =  "11p"
Action.c(220): Notify: Parameter Substitution: parameter "flight_id" =  "373"
Action.c(220): Notify: Parameter Substitution: parameter "departure" =  "Los Angeles"
Action.c(220): Notify: Next row for parameter arrival = 10 [table  = arrival].
Action.c(220): Notify: Parameter Substitution: parameter "arrival" =  "Seattle"
Action.c(220): Registering web_reg_find was successful  	[MsgId: MMSG-26390]
Action.c(229): Notify: Transaction "insert_payment_info" started.
Action.c(231): web_submit_data("reservations.pl_3") started  	[MsgId: MMSG-26355]
Action.c(231): Notify: Next row for parameter firstName = 10 [table  = firstName].
Action.c(231): Notify: Parameter Substitution: parameter "firstName" =  "Daniela"
Action.c(231): Notify: Next row for parameter lastName = 10 [table  = lastName].
Action.c(231): Notify: Parameter Substitution: parameter "lastName" =  "Hurt"
Action.c(231): Notify: Next row for parameter address1 = 10 [table  = address1].
Action.c(231): Notify: Parameter Substitution: parameter "address1" =  "Fazenda st., 90"
Action.c(231): Notify: Next row for parameter address2 = 10 [table  = address2].
Action.c(231): Notify: Parameter Substitution: parameter "address2" =  "Berlin"
Action.c(231): Notify: Next row for parameter pass1 = 10 [table  = pass1].
Action.c(231): Notify: Parameter Substitution: parameter "pass1" =  "Daniela Hurt"
Action.c(231): Notify: Next row for parameter creditCard = 10 [table  = creditCard].
Action.c(231): Notify: Parameter Substitution: parameter "creditCard" =  "8036041133066589"
Action.c(231): Notify: Next row for parameter expDate = 10 [table  = expDate].
Action.c(231): Notify: Parameter Substitution: parameter "expDate" =  "02/23"
Action.c(231): Notify: Parameter Substitution: parameter "numPassengers" =  "1"
Action.c(231): Notify: Parameter Substitution: parameter "seatType" =  "Coach"
Action.c(231): Notify: Parameter Substitution: parameter "seatPref" =  "Aisle"
Action.c(231): Notify: Parameter Substitution: parameter "outboundFlight_id" =  "373;143;11/18/2020"
Action.c(231): Found resource "http://localhost:1080/WebTours/images/bookanother.gif" in HTML "http://localhost:1080/cgi-bin/reservations.pl"  	[MsgId: MMSG-26659]
Action.c(231): Registered web_reg_find successful for "Text=11/18/2020 :  11pm : Flight 373 leaves Los Angeles  for Seattle." (count=1)  	[MsgId: MMSG-26364]
Action.c(231): web_submit_data("reservations.pl_3") was successful, 3299 body bytes, 655 header bytes, 12 chunking overhead bytes  	[MsgId: MMSG-26385]
Action.c(260): Notify: Transaction "insert_payment_info" ended with a "Pass" status (Duration: 0,3834 Wasted Time: 0,0124).
Action.c(262): web_add_auto_header("Sec-Fetch-User") started  	[MsgId: MMSG-26355]
Action.c(262): web_add_auto_header("Sec-Fetch-User") was successful  	[MsgId: MMSG-26392]
Action.c(265): web_add_auto_header("Upgrade-Insecure-Requests") started  	[MsgId: MMSG-26355]
Action.c(265): web_add_auto_header("Upgrade-Insecure-Requests") was successful  	[MsgId: MMSG-26392]
Action.c(268): Think time - Waiting 5,00 seconds (according to limit).
Action.c(268): lr_think_time: 5,00 seconds (recorded think time was 10,00 seconds).
Action.c(272): web_reg_find started  	[MsgId: MMSG-26355]
Action.c(272): Registering web_reg_find was successful  	[MsgId: MMSG-26390]
Action.c(277): web_reg_save_param started  	[MsgId: MMSG-26355]
Action.c(277): Registering web_reg_save_param was successful  	[MsgId: MMSG-26390]
Action.c(283): web_reg_save_param started  	[MsgId: MMSG-26355]
Action.c(283): Registering web_reg_save_param was successful  	[MsgId: MMSG-26390]
Action.c(289): Notify: Transaction "view_itinerary" started.
Action.c(291): web_url("Itinerary Button") started  	[MsgId: MMSG-26355]
Action.c(291): Detected non-resource "http://localhost:1080/cgi-bin/nav.pl?page=menu&in=itinerary" in "http://localhost:1080/cgi-bin/welcome.pl?page=itinerary"  	[MsgId: MMSG-26574]
Action.c(291): Detected non-resource "http://localhost:1080/cgi-bin/itinerary.pl" in "http://localhost:1080/cgi-bin/welcome.pl?page=itinerary"  	[MsgId: MMSG-26574]
Action.c(291): Resource "http://localhost:1080/WebTours/images/flights.gif" is in the cache already and will not be downloaded again  	[MsgId: MMSG-26655]
Action.c(291): Found resource "http://localhost:1080/WebTours/images/in_itinerary.gif" in HTML "http://localhost:1080/cgi-bin/nav.pl?page=menu&in=itinerary"  	[MsgId: MMSG-26659]
Action.c(291): Resource "http://localhost:1080/WebTours/images/home.gif" is in the cache already and will not be downloaded again  	[MsgId: MMSG-26655]
Action.c(291): Resource "http://localhost:1080/WebTours/images/signoff.gif" is in the cache already and will not be downloaded again  	[MsgId: MMSG-26655]
Action.c(291): Notify: Saving Parameter "flightsNum_1 = 1".
Action.c(291): Notify: Saving Parameter "flightID_1 = 611567446-7773-JB".
Action.c(291): Notify: Saving Parameter "flightsNum_2 = 2".
Action.c(291): Notify: Saving Parameter "flightID_2 = 78-1-OK".
Action.c(291): Notify: Saving Parameter "flightsNum_3 = 3".
Action.c(291): Notify: Saving Parameter "flightID_3 = 0-0-P".
Action.c(291): Notify: Saving Parameter "flightsNum_4 = 4".
Action.c(291): Notify: Saving Parameter "flightID_4 = 0-0-M".
Action.c(291): Notify: Saving Parameter "flightsNum_5 = 5".
Action.c(291): Notify: Saving Parameter "flightID_5 = 0-0-M".
Action.c(291): Notify: Saving Parameter "flightsNum_6 = 6".
Action.c(291): Notify: Saving Parameter "flightID_6 = 0-0-M".
Action.c(291): Notify: Saving Parameter "flightsNum_7 = 7".
Action.c(291): Notify: Saving Parameter "flightID_7 = 0-0-B".
Action.c(291): Notify: Saving Parameter "flightsNum_8 = 8".
Action.c(291): Notify: Saving Parameter "flightID_8 = 0-0-B".
Action.c(291): Notify: Saving Parameter "flightsNum_9 = 9".
Action.c(291): Notify: Saving Parameter "flightID_9 = 0-0-B".
Action.c(291): Notify: Saving Parameter "flightsNum_10 = 10".
Action.c(291): Notify: Saving Parameter "flightID_10 = 0-7-B".
Action.c(291): Found resource "http://localhost:1080/WebTours/images/cancelreservation.gif" in HTML "http://localhost:1080/cgi-bin/itinerary.pl"  	[MsgId: MMSG-26659]
Action.c(291): Found resource "http://localhost:1080/WebTours/images/cancelallreservations.gif" in HTML "http://localhost:1080/cgi-bin/itinerary.pl"  	[MsgId: MMSG-26659]
Action.c(291): Registered web_reg_find successful for "Text=Flight Transaction Summary" (count=1)  	[MsgId: MMSG-26364]
Action.c(291): Notify: Saving Parameter "flightID_count = 10".
Action.c(291): Notify: Saving Parameter "flightsNum_count = 10".
Action.c(291): web_url("Itinerary Button") was successful, 17127 body bytes, 1619 header bytes, 59 chunking overhead bytes  	[MsgId: MMSG-26385]
Action.c(301): Notify: Transaction "view_itinerary" ended with a "Pass" status (Duration: 0.5276 Wasted Time: 0.0489).
Action.c(303): web_add_header("Origin") started  	[MsgId: MMSG-26355]
Action.c(303): web_add_header("Origin") was successful  	[MsgId: MMSG-26392]
Action.c(306): lr_think_time: 5.00 seconds.
Action.c(308): Notify: Parameter Substitution: parameter "flightsNum_count" =  "10"
Action.c(308): Notify: Parameter Substitution: parameter "flightsNum_5" =  "5"
Action.c(308): Notify: Saving Parameter "randomFlightNum = 5".
Action.c(311): Notify: Parameter Substitution: parameter "randomFlightNum" =  "5"
Action.c(311): Notify: Saving Parameter "randFlightNumInt = 5".
Action.c(314): web_reg_find started  	[MsgId: MMSG-26355]
Action.c(314): Registering web_reg_find was successful  	[MsgId: MMSG-26390]
Action.c(318): Notify: Transaction "cancel_flight" started.
Action.c(320): web_submit_form("itinerary.pl") started  	[MsgId: MMSG-26355]
Action.c(320): Notify: Parameter Substitution: parameter "randomFlightNum" =  "5"
Action.c(320): Submitting form to "http://localhost:1080/cgi-bin/itinerary.pl", Target Frame=""  	[MsgId: MMSG-27978]
Action.c(320): Downloading resource "http://localhost:1080/cgi-bin/itinerary.pl" (specified by argument number 13)  	[MsgId: MMSG-26577]
Action.c(320): Resource "http://localhost:1080/WebTours/images/cancelreservation.gif" is in the cache already and will not be downloaded again  	[MsgId: MMSG-26655]
Action.c(320): Resource "http://localhost:1080/WebTours/images/cancelallreservations.gif" is in the cache already and will not be downloaded again  	[MsgId: MMSG-26655]
Action.c(320): Registered web_reg_find successful for "Text= Flight flightID_randFlightNumInt leaves "  	[MsgId: MMSG-26362]
Action.c(320): web_submit_form("itinerary.pl") was successful, 23956 body bytes, 512 header bytes, 54 chunking overhead bytes  	[MsgId: MMSG-26385]
Action.c(330): Notify: Transaction "cancel_flight" ended with a "Pass" status (Duration: 0.4955 Wasted Time: 0.0117).
Action.c(332): web_remove_auto_header("Sec-Fetch-User") started  	[MsgId: MMSG-26355]
Action.c(332): Previous automatically added web header for "Sec-Fetch-User" removed  	[MsgId: MMSG-26587]
Action.c(332): web_remove/revert_auto_header("Sec-Fetch-User") was successful  	[MsgId: MMSG-26392]
Action.c(334): web_add_header("Sec-Fetch-User") started  	[MsgId: MMSG-26355]
Action.c(334): web_add_header("Sec-Fetch-User") was successful  	[MsgId: MMSG-26392]
Action.c(337): Think time - Waiting 5.00 seconds (according to limit).
Action.c(337): lr_think_time: 5.00 seconds (recorded think time was 22.00 seconds).
Action.c(340): web_reg_find started  	[MsgId: MMSG-26355]
Action.c(340): Registering web_reg_find was successful  	[MsgId: MMSG-26390]
Action.c(343): Notify: Transaction "logout" started.
Action.c(345): web_url("welcome.pl") started  	[MsgId: MMSG-26355]
Action.c(345): Detected non-resource "http://localhost:1080/cgi-bin/nav.pl?in=home" in "http://localhost:1080/cgi-bin/welcome.pl?signOff=1"  	[MsgId: MMSG-26574]
Action.c(345): Detected non-resource "http://localhost:1080/WebTours/home.html" in "http://localhost:1080/cgi-bin/welcome.pl?signOff=1"  	[MsgId: MMSG-26574]
Action.c(345): Retrieving data from cache for "http://localhost:1080/WebTours/home.html"  	[MsgId: MMSG-26558]
Action.c(345): Resource "http://localhost:1080/WebTours/images/mer_login.gif" is in the cache already and will not be downloaded again  	[MsgId: MMSG-26655]
Action.c(345): Registered web_reg_find successful for "Text=A Session ID has been created and loaded into a cookie called MSO." (count=1)  	[MsgId: MMSG-26364]
Action.c(345): web_url("welcome.pl") was successful, 2170 body bytes, 584 header bytes, 24 chunking overhead bytes  	[MsgId: MMSG-26385]
Action.c(355): Notify: Transaction "logout" ended with a "Pass" status (Duration: 0.4845 Wasted Time: 0.0108).
Action.c(357): Notify: Transaction "01_Cancel_flight" ended with a "Pass" status (Duration: 43.6233 Think Time: 35.0059 Wasted Time: 0.5358).
Ending action Action.
Starting action Action1.
Action1.c(4): web_add_auto_header("Sec-Fetch-Site") started  	[MsgId: MMSG-26355]
Action1.c(4): web_add_auto_header("Sec-Fetch-Site") was successful  	[MsgId: MMSG-26392]
Action1.c(7): web_add_auto_header("Sec-Fetch-Dest") started  	[MsgId: MMSG-26355]
Action1.c(7): web_add_auto_header("Sec-Fetch-Dest") was successful  	[MsgId: MMSG-26392]
Action1.c(10): web_add_auto_header("Sec-Fetch-Mode") started  	[MsgId: MMSG-26355]
Action1.c(10): web_add_auto_header("Sec-Fetch-Mode") was successful  	[MsgId: MMSG-26392]
Action1.c(13): web_add_auto_header("Sec-Fetch-User") started  	[MsgId: MMSG-26355]
Action1.c(13): web_add_auto_header("Sec-Fetch-User") was successful  	[MsgId: MMSG-26392]
Action1.c(16): web_add_auto_header("Upgrade-Insecure-Requests") started  	[MsgId: MMSG-26355]
Action1.c(16): web_add_auto_header("Upgrade-Insecure-Requests") was successful  	[MsgId: MMSG-26392]
Action1.c(20): web_reg_save_param started  	[MsgId: MMSG-26355]
Action1.c(20): Registering web_reg_save_param was successful  	[MsgId: MMSG-26390]
Action1.c(26): web_reg_save_param_attrib started  	[MsgId: MMSG-26355]
Action1.c(26): Registering web_reg_save_param_attrib was successful  	[MsgId: MMSG-26390]
Action1.c(36): web_url("WebTours") started  	[MsgId: MMSG-26355]
Action1.c(36): Retrieving data from cache for "http://localhost:1080/WebTours/"  	[MsgId: MMSG-26558]
Action1.c(36): Detected non-resource "http://localhost:1080/WebTours/header.html" in "http://localhost:1080/WebTours/"  	[MsgId: MMSG-26574]
Action1.c(36): Retrieving data from cache for "http://localhost:1080/WebTours/header.html"  	[MsgId: MMSG-26558]
Action1.c(36): Resource "http://localhost:1080/WebTours/images/hp_logo.png" is in the cache already and will not be downloaded again  	[MsgId: MMSG-26655]
Action1.c(36): Resource "http://localhost:1080/WebTours/images/webtours.png" is in the cache already and will not be downloaded again  	[MsgId: MMSG-26655]
Action1.c(36): Detected non-resource "http://localhost:1080/cgi-bin/welcome.pl?signOff=true" in "http://localhost:1080/WebTours/"  	[MsgId: MMSG-26574]
Action1.c(36): Detected non-resource "http://localhost:1080/cgi-bin/nav.pl?in=home" in "http://localhost:1080/cgi-bin/welcome.pl?signOff=true"  	[MsgId: MMSG-26574]
Action1.c(36): Detected non-resource "http://localhost:1080/WebTours/home.html" in "http://localhost:1080/cgi-bin/welcome.pl?signOff=true"  	[MsgId: MMSG-26574]
Action1.c(36): Retrieving data from cache for "http://localhost:1080/WebTours/home.html"  	[MsgId: MMSG-26558]
Action1.c(36): Notify: Saving Parameter "userSession = 129656.6981774zzzQcVzptVcftAAVfpcQitHf".
Action1.c(36): Resource "http://localhost:1080/WebTours/images/mer_login.gif" is in the cache already and will not be downloaded again  	[MsgId: MMSG-26655]
Action1.c(36): Notify: Saving Parameter "userSession = ".
Action1.c(36): Error -35048: No match found for the requested parameter "userSession". Check whether the tag with specific attributes exists in the response data  	[MsgId: MERR-35048]
Action1.c(36): web_url("WebTours") highest severity level was "ERROR", 2170 body bytes, 582 header bytes, 24 chunking overhead bytes  	[MsgId: MMSG-26387]
Ending action Action1.
Ending iteration 1.
Starting iteration 2.
Notify: Next row for parameter seatPref = 1 [table  = seatPref].
Notify: Getting new value for parameter 'seatPref': table = '..\Parameters\seatPref.dat' column = '0' row = '1'.
Notify: Next row for parameter numPassengers = 1 [table  = numPassengers].
Notify: Getting new value for parameter 'numPassengers': table = '..\Parameters\numPassengers.dat' column = '0' row = '1'.
Notify: Next row for parameter departure = 8 [table  = departure].
Notify: Getting new value for parameter 'departure': table = '..\Parameters\departure.dat' column = '0' row = '8'.
Notify: Next row for parameter departDate = 8 [table  = departDate].
Notify: Getting new value for parameter 'departDate': table = '..\Parameters\departDate.dat' column = '0' row = '8'.
Notify: Next row for parameter seatType = 2 [table  = seatType].
Notify: Getting new value for parameter 'seatType': table = '..\Parameters\seatType.dat' column = '0' row = '2'.
Notify: Next row for parameter login = 13 [table  = login].
Notify: Getting new value for parameter 'login': table = '..\Parameters\login.dat' column = '0' row = '13'.
Notify: Next row for parameter creditCard = 13 [table  = creditCard].
Notify: Getting new value for parameter 'creditCard': table = '..\Parameters\login.dat' column = '7' row = '13'.
Notify: Next row for parameter returnDate = 8 [table  = returnDate].
Notify: Getting new value for parameter 'returnDate': table = '..\Parameters\departDate.dat' column = '1' row = '8'.
Notify: Next row for parameter expDate = 13 [table  = expDate].
Notify: Getting new value for parameter 'expDate': table = '..\Parameters\login.dat' column = '8' row = '13'.
Notify: Next row for parameter lastName = 13 [table  = lastName].
Notify: Getting new value for parameter 'lastName': table = '..\Parameters\login.dat' column = '3' row = '13'.
Notify: Next row for parameter pass1 = 13 [table  = pass1].
Notify: Getting new value for parameter 'pass1': table = '..\Parameters\login.dat' column = '6' row = '13'.
Notify: Next row for parameter password = 13 [table  = password].
Notify: Getting new value for parameter 'password': table = '..\Parameters\login.dat' column = '1' row = '13'.
Notify: Next row for parameter firstName = 13 [table  = firstName].
Notify: Getting new value for parameter 'firstName': table = '..\Parameters\login.dat' column = '2' row = '13'.
Notify: Next row for parameter address2 = 13 [table  = address2].
Notify: Getting new value for parameter 'address2': table = '..\Parameters\login.dat' column = '5' row = '13'.
Notify: Next row for parameter address1 = 13 [table  = address1].
Notify: Getting new value for parameter 'address1': table = '..\Parameters\login.dat' column = '4' row = '13'.
Notify: Next row for parameter arrival = 8 [table  = arrival].
Notify: Getting new value for parameter 'arrival': table = '..\Parameters\departure.dat' column = '1' row = '8'.
Starting action Action.
Action.c(3): Notify: Transaction "01_Cancel_flight" started.
Action.c(5): web_set_sockets_option started  	[MsgId: MMSG-26355]
Action.c(5): web_set_sockets_option was successful  	[MsgId: MMSG-26392]
Action.c(7): web_add_auto_header("Sec-Fetch-Site") started  	[MsgId: MMSG-26355]
Action.c(7): web_add_auto_header("Sec-Fetch-Site") was successful  	[MsgId: MMSG-26392]
Action.c(10): web_add_auto_header("Sec-Fetch-Dest") started  	[MsgId: MMSG-26355]
Action.c(10): web_add_auto_header("Sec-Fetch-Dest") was successful  	[MsgId: MMSG-26392]
Action.c(13): web_add_auto_header("Sec-Fetch-Mode") started  	[MsgId: MMSG-26355]
Action.c(13): web_add_auto_header("Sec-Fetch-Mode") was successful  	[MsgId: MMSG-26392]
Action.c(16): web_add_auto_header("Sec-Fetch-User") started  	[MsgId: MMSG-26355]
Action.c(16): web_add_auto_header("Sec-Fetch-User") was successful  	[MsgId: MMSG-26392]
Action.c(19): web_add_auto_header("Upgrade-Insecure-Requests") started  	[MsgId: MMSG-26355]
Action.c(19): web_add_auto_header("Upgrade-Insecure-Requests") was successful  	[MsgId: MMSG-26392]
Action.c(33): web_reg_save_param started  	[MsgId: MMSG-26355]
Action.c(33): Registering web_reg_save_param was successful  	[MsgId: MMSG-26390]
Action.c(40): web_reg_find started  	[MsgId: MMSG-26355]
Action.c(40): Registering web_reg_find was successful  	[MsgId: MMSG-26390]
Action.c(43): Notify: Transaction "connection" started.
Action.c(45): web_url("WebTours") started  	[MsgId: MMSG-26355]
Action.c(45): Detected non-resource "http://localhost:1080/WebTours/header.html" in "http://localhost:1080/WebTours/"  	[MsgId: MMSG-26574]
Action.c(45): Detected non-resource "http://localhost:1080/cgi-bin/welcome.pl?signOff=true" in "http://localhost:1080/WebTours/"  	[MsgId: MMSG-26574]
Action.c(45): Found resource "http://localhost:1080/WebTours/images/hp_logo.png" in HTML "http://localhost:1080/WebTours/header.html"  	[MsgId: MMSG-26659]
Action.c(45): Found resource "http://localhost:1080/WebTours/images/webtours.png" in HTML "http://localhost:1080/WebTours/header.html"  	[MsgId: MMSG-26659]
Action.c(45): Detected non-resource "http://localhost:1080/cgi-bin/nav.pl?in=home" in "http://localhost:1080/cgi-bin/welcome.pl?signOff=true"  	[MsgId: MMSG-26574]
Action.c(45): Detected non-resource "http://localhost:1080/WebTours/home.html" in "http://localhost:1080/cgi-bin/welcome.pl?signOff=true"  	[MsgId: MMSG-26574]
Action.c(45): Notify: Saving Parameter "userSession = 129656.698258404zzzQcVzptVzzzzzHtAAVfpcQif".
Action.c(45): Found resource "http://localhost:1080/WebTours/images/mer_login.gif" in HTML "http://localhost:1080/cgi-bin/nav.pl?in=home"  	[MsgId: MMSG-26659]
Action.c(45): Registered web_reg_find successful for "Text=A Session ID has been created and loaded into a cookie called MSO." (count=1)  	[MsgId: MMSG-26364]
Action.c(45): web_url("WebTours") was successful, 10078 body bytes, 2371 header bytes, 24 chunking overhead bytes  	[MsgId: MMSG-26385]
Action.c(55): Notify: Transaction "connection" ended with a "Pass" status (Duration: 0,5687 Wasted Time: 0,0248).
Action.c(57): web_remove_auto_header("Sec-Fetch-User") started  	[MsgId: MMSG-26355]
Action.c(57): Previous automatically added web header for "Sec-Fetch-User" removed  	[MsgId: MMSG-26587]
Action.c(57): web_remove/revert_auto_header("Sec-Fetch-User") was successful  	[MsgId: MMSG-26392]
Action.c(59): web_add_auto_header("Sec-Fetch-Dest") started  	[MsgId: MMSG-26355]
Action.c(59): web_add_auto_header("Sec-Fetch-Dest") was successful  	[MsgId: MMSG-26392]
Action.c(62): web_remove_auto_header("Upgrade-Insecure-Requests") started  	[MsgId: MMSG-26355]
Action.c(62): Previous automatically added web header for "Upgrade-Insecure-Requests" removed  	[MsgId: MMSG-26587]
Action.c(62): web_remove/revert_auto_header("Upgrade-Insecure-Requests") was successful  	[MsgId: MMSG-26392]
Action.c(64): web_add_header("Origin") started  	[MsgId: MMSG-26355]
Action.c(64): web_add_header("Origin") was successful  	[MsgId: MMSG-26392]
Action.c(67): web_add_auto_header("Sec-Fetch-Site") started  	[MsgId: MMSG-26355]
Action.c(67): web_add_auto_header("Sec-Fetch-Site") was successful  	[MsgId: MMSG-26392]
Action.c(71): web_reg_find started  	[MsgId: MMSG-26355]
Action.c(71): Notify: Parameter Substitution: parameter "login" =  "VUser13"
Action.c(71): Registering web_reg_find was successful  	[MsgId: MMSG-26390]
Action.c(76): Notify: Transaction "login" started.
Action.c(78): web_submit_data("login.pl") started  	[MsgId: MMSG-26355]
Action.c(78): Notify: Parameter Substitution: parameter "userSession" =  "129656.698258404zzzQcVzptVzzzzzHtAAVfpcQif"
Action.c(78): Notify: Parameter Substitution: parameter "login" =  "VUser13"
Action.c(78): Notify: Next row for parameter password = 13 [table  = password].
Action.c(78): Notify: Parameter Substitution: parameter "password" =  "VUser13"
Action.c(78): Detected non-resource "http://localhost:1080/cgi-bin/nav.pl?page=menu&in=home" in "http://localhost:1080/cgi-bin/login.pl"  	[MsgId: MMSG-26574]
Action.c(78): Detected non-resource "http://localhost:1080/cgi-bin/login.pl?intro=true" in "http://localhost:1080/cgi-bin/login.pl"  	[MsgId: MMSG-26574]
Action.c(78): Found resource "http://localhost:1080/WebTours/images/flights.gif" in HTML "http://localhost:1080/cgi-bin/nav.pl?page=menu&in=home"  	[MsgId: MMSG-26659]
Action.c(78): Found resource "http://localhost:1080/WebTours/images/itinerary.gif" in HTML "http://localhost:1080/cgi-bin/nav.pl?page=menu&in=home"  	[MsgId: MMSG-26659]
Action.c(78): Found resource "http://localhost:1080/WebTours/images/in_home.gif" in HTML "http://localhost:1080/cgi-bin/nav.pl?page=menu&in=home"  	[MsgId: MMSG-26659]
Action.c(78): Found resource "http://localhost:1080/WebTours/images/signoff.gif" in HTML "http://localhost:1080/cgi-bin/nav.pl?page=menu&in=home"  	[MsgId: MMSG-26659]
Action.c(78): Registered web_reg_find successful for "Text=Welcome, <b>VUser13</b>, to the Web Tours reservation pages" (count=1)  	[MsgId: MMSG-26364]
Action.c(78): web_submit_data("login.pl") was successful, 5782 body bytes, 2026 header bytes, 36 chunking overhead bytes  	[MsgId: MMSG-26385]
Action.c(95): Notify: Transaction "login" ended with a "Pass" status (Duration: 0,7073 Wasted Time: 0,0219).
Action.c(97): web_add_auto_header("Sec-Fetch-User") started  	[MsgId: MMSG-26355]
Action.c(97): web_add_auto_header("Sec-Fetch-User") was successful  	[MsgId: MMSG-26392]
Action.c(100): web_add_auto_header("Upgrade-Insecure-Requests") started  	[MsgId: MMSG-26355]
Action.c(100): web_add_auto_header("Upgrade-Insecure-Requests") was successful  	[MsgId: MMSG-26392]
Action.c(103): Think time - Waiting 5,00 seconds (according to limit).
Action.c(103): lr_think_time: 5,00 seconds (recorded think time was 6,00 seconds).
Action.c(105): web_url("Search Flights Button") started  	[MsgId: MMSG-26355]
Action.c(105): Detected non-resource "http://localhost:1080/cgi-bin/nav.pl?page=menu&in=flights" in "http://localhost:1080/cgi-bin/welcome.pl?page=search"  	[MsgId: MMSG-26574]
Action.c(105): Detected non-resource "http://localhost:1080/cgi-bin/reservations.pl?page=welcome" in "http://localhost:1080/cgi-bin/welcome.pl?page=search"  	[MsgId: MMSG-26574]
Action.c(105): Found resource "http://localhost:1080/WebTours/images/in_flights.gif" in HTML "http://localhost:1080/cgi-bin/nav.pl?page=menu&in=flights"  	[MsgId: MMSG-26659]
Action.c(105): Resource "http://localhost:1080/WebTours/images/itinerary.gif" is in the cache already and will not be downloaded again  	[MsgId: MMSG-26655]
Action.c(105): Found resource "http://localhost:1080/WebTours/images/home.gif" in HTML "http://localhost:1080/cgi-bin/nav.pl?page=menu&in=flights"  	[MsgId: MMSG-26659]
Action.c(105): Resource "http://localhost:1080/WebTours/images/signoff.gif" is in the cache already and will not be downloaded again  	[MsgId: MMSG-26655]
Action.c(105): Found resource "http://localhost:1080/WebTours/images/button_next.gif" in HTML "http://localhost:1080/cgi-bin/reservations.pl?page=welcome"  	[MsgId: MMSG-26659]
Action.c(105): web_url("Search Flights Button") was successful, 8516 body bytes, 1620 header bytes, 43 chunking overhead bytes  	[MsgId: MMSG-26385]
Action.c(115): web_add_auto_header("Origin") started  	[MsgId: MMSG-26355]
Action.c(115): web_add_auto_header("Origin") was successful  	[MsgId: MMSG-26392]
Action.c(118): Think time - Waiting 5,00 seconds (according to limit).
Action.c(118): lr_think_time: 5,00 seconds (recorded think time was 22,00 seconds).
Action.c(121): web_reg_find started  	[MsgId: MMSG-26355]
Action.c(121): Notify: Parameter Substitution: parameter "departure" =  "Frankfurt"
Action.c(121): Notify: Next row for parameter arrival = 8 [table  = arrival].
Action.c(121): Notify: Parameter Substitution: parameter "arrival" =  "Paris"
Action.c(121): Notify: Parameter Substitution: parameter "departDate" =  "08/25/2020"
Action.c(121): Registering web_reg_find was successful  	[MsgId: MMSG-26390]
Action.c(125): web_reg_save_param_attrib started  	[MsgId: MMSG-26355]
Action.c(125): Notify: Parameter Substitution: parameter "randIndex" =  "1"
Action.c(125): Registering web_reg_save_param_attrib was successful  	[MsgId: MMSG-26390]
Action.c(136): web_reg_save_param started  	[MsgId: MMSG-26355]
Action.c(136): Notify: Parameter Substitution: parameter "randIndex" =  "1"
Action.c(136): Registering web_reg_save_param was successful  	[MsgId: MMSG-26390]
Action.c(142): web_reg_save_param started  	[MsgId: MMSG-26355]
Action.c(142): Notify: Parameter Substitution: parameter "randIndex" =  "1"
Action.c(142): Registering web_reg_save_param was successful  	[MsgId: MMSG-26390]
Action.c(148): Notify: Transaction "insert_info_for_ticket_search" started.
Action.c(150): web_submit_data("reservations.pl") started  	[MsgId: MMSG-26355]
Action.c(150): Notify: Parameter Substitution: parameter "departure" =  "Frankfurt"
Action.c(150): Notify: Parameter Substitution: parameter "departDate" =  "08/25/2020"
Action.c(150): Notify: Next row for parameter arrival = 8 [table  = arrival].
Action.c(150): Notify: Parameter Substitution: parameter "arrival" =  "Paris"
Action.c(150): Notify: Next row for parameter returnDate = 8 [table  = returnDate].
Action.c(150): Notify: Parameter Substitution: parameter "returnDate" =  "08/25/2021"
Action.c(150): Notify: Parameter Substitution: parameter "numPassengers" =  "1"
Action.c(150): Notify: Parameter Substitution: parameter "seatPref" =  "Aisle"
Action.c(150): Notify: Parameter Substitution: parameter "seatType" =  "Business"
Action.c(150): Notify: Saving Parameter "flight_id = 140".
Action.c(150): Notify: Saving Parameter "flight_time = 8a".
Action.c(150): Resource "http://localhost:1080/WebTours/images/button_next.gif" is in the cache already and will not be downloaded again  	[MsgId: MMSG-26655]
Action.c(150): Notify: Saving Parameter "outboundFlight_id = 140;186;08/25/2020".
Action.c(150): Registered web_reg_find successful for "Text=Flight departing from <B>Frankfurt</B> to <B>Paris</B> on <B>08/25/2020</B>" (count=1)  	[MsgId: MMSG-26364]
Action.c(150): web_submit_data("reservations.pl") was successful, 2444 body bytes, 256 header bytes, 12 chunking overhead bytes  	[MsgId: MMSG-26385]
Action.c(174): Notify: Transaction "insert_info_for_ticket_search" ended with a "Pass" status (Duration: 0,3038 Wasted Time: 0,0154).
Action.c(176): Think time - Waiting 5,00 seconds (according to limit).
Action.c(176): lr_think_time: 5,00 seconds (recorded think time was 28,00 seconds).
Action.c(179): web_reg_find started  	[MsgId: MMSG-26355]
Action.c(179): Registering web_reg_find was successful  	[MsgId: MMSG-26390]
Action.c(186): Notify: Transaction "choose_the_flight" started.
Action.c(188): web_submit_data("reservations.pl_2") started  	[MsgId: MMSG-26355]
Action.c(188): Notify: Parameter Substitution: parameter "outboundFlight_id" =  "140;186;08/25/2020"
Action.c(188): Notify: Parameter Substitution: parameter "numPassengers" =  "1"
Action.c(188): Notify: Parameter Substitution: parameter "seatType" =  "Business"
Action.c(188): Notify: Parameter Substitution: parameter "seatPref" =  "Aisle"
Action.c(188): Resource "http://localhost:1080/WebTours/images/button_next.gif" is in the cache already and will not be downloaded again  	[MsgId: MMSG-26655]
Action.c(188): Registered web_reg_find successful for "Text=Flight Reservation" (count=1)  	[MsgId: MMSG-26364]
Action.c(188): web_submit_data("reservations.pl_2") was successful, 2678 body bytes, 256 header bytes, 12 chunking overhead bytes  	[MsgId: MMSG-26385]
Action.c(206): Notify: Transaction "choose_the_flight" ended with a "Pass" status (Duration: 0.3506 Wasted Time: 0.0139).
Action.c(208): web_remove_auto_header("Origin") started  	[MsgId: MMSG-26355]
Action.c(208): Previous automatically added web header for "Origin" removed  	[MsgId: MMSG-26587]
Action.c(208): web_remove/revert_auto_header("Origin") was successful  	[MsgId: MMSG-26392]
Action.c(210): web_remove_auto_header("Sec-Fetch-User") started  	[MsgId: MMSG-26355]
Action.c(210): Previous automatically added web header for "Sec-Fetch-User" removed  	[MsgId: MMSG-26587]
Action.c(210): web_remove/revert_auto_header("Sec-Fetch-User") was successful  	[MsgId: MMSG-26392]
Action.c(212): web_remove_auto_header("Upgrade-Insecure-Requests") started  	[MsgId: MMSG-26355]
Action.c(212): Previous automatically added web header for "Upgrade-Insecure-Requests" removed  	[MsgId: MMSG-26587]
Action.c(212): web_remove/revert_auto_header("Upgrade-Insecure-Requests") was successful  	[MsgId: MMSG-26392]
Action.c(214): web_add_header("Origin") started  	[MsgId: MMSG-26355]
Action.c(214): web_add_header("Origin") was successful  	[MsgId: MMSG-26392]
Action.c(217): Think time - Waiting 5.00 seconds (according to limit).
Action.c(217): lr_think_time: 5.00 seconds (recorded think time was 27.00 seconds).
Action.c(220): web_reg_find started  	[MsgId: MMSG-26355]
Action.c(220): Notify: Parameter Substitution: parameter "departDate" =  "08/25/2020"
Action.c(220): Notify: Parameter Substitution: parameter "flight_time" =  "8a"
Action.c(220): Notify: Parameter Substitution: parameter "flight_id" =  "140"
Action.c(220): Notify: Parameter Substitution: parameter "departure" =  "Frankfurt"
Action.c(220): Notify: Next row for parameter arrival = 8 [table  = arrival].
Action.c(220): Notify: Parameter Substitution: parameter "arrival" =  "Paris"
Action.c(220): Registering web_reg_find was successful  	[MsgId: MMSG-26390]
Action.c(229): Notify: Transaction "insert_payment_info" started.
Action.c(231): web_submit_data("reservations.pl_3") started  	[MsgId: MMSG-26355]
Action.c(231): Notify: Next row for parameter firstName = 13 [table  = firstName].
Action.c(231): Notify: Parameter Substitution: parameter "firstName" =  "Klarissa"
Action.c(231): Notify: Next row for parameter lastName = 13 [table  = lastName].
Action.c(231): Notify: Parameter Substitution: parameter "lastName" =  "Denver"
Action.c(231): Notify: Next row for parameter address1 = 13 [table  = address1].
Action.c(231): Notify: Parameter Substitution: parameter "address1" =  "Jerrindory scht., 8"
Action.c(231): Notify: Next row for parameter address2 = 13 [table  = address2].
Action.c(231): Notify: Parameter Substitution: parameter "address2" =  "Dresden"
Action.c(231): Notify: Next row for parameter pass1 = 13 [table  = pass1].
Action.c(231): Notify: Parameter Substitution: parameter "pass1" =  "Klarissa Denver"
Action.c(231): Notify: Next row for parameter creditCard = 13 [table  = creditCard].
Action.c(231): Notify: Parameter Substitution: parameter "creditCard" =  "3363358999977771"
Action.c(231): Notify: Next row for parameter expDate = 13 [table  = expDate].
Action.c(231): Notify: Parameter Substitution: parameter "expDate" =  "09/21"
Action.c(231): Notify: Parameter Substitution: parameter "numPassengers" =  "1"
Action.c(231): Notify: Parameter Substitution: parameter "seatType" =  "Business"
Action.c(231): Notify: Parameter Substitution: parameter "seatPref" =  "Aisle"
Action.c(231): Notify: Parameter Substitution: parameter "outboundFlight_id" =  "140;186;08/25/2020"
Action.c(231): Found resource "http://localhost:1080/WebTours/images/bookanother.gif" in HTML "http://localhost:1080/cgi-bin/reservations.pl"  	[MsgId: MMSG-26659]
Action.c(231): Registered web_reg_find successful for "Text=08/25/2020 :  8am : Flight 140 leaves Frankfurt  for Paris." (count=1)  	[MsgId: MMSG-26364]
Action.c(231): web_submit_data("reservations.pl_3") was successful, 3296 body bytes, 655 header bytes, 12 chunking overhead bytes  	[MsgId: MMSG-26385]
Action.c(260): Notify: Transaction "insert_payment_info" ended with a "Pass" status (Duration: 0.3607 Wasted Time: 0.0148).
Action.c(262): web_add_auto_header("Sec-Fetch-User") started  	[MsgId: MMSG-26355]
Action.c(262): web_add_auto_header("Sec-Fetch-User") was successful  	[MsgId: MMSG-26392]
Action.c(265): web_add_auto_header("Upgrade-Insecure-Requests") started  	[MsgId: MMSG-26355]
Action.c(265): web_add_auto_header("Upgrade-Insecure-Requests") was successful  	[MsgId: MMSG-26392]
Action.c(268): Think time - Waiting 5.00 seconds (according to limit).
Action.c(268): lr_think_time: 5.00 seconds (recorded think time was 10.00 seconds).
Action.c(272): web_reg_find started  	[MsgId: MMSG-26355]
Action.c(272): Registering web_reg_find was successful  	[MsgId: MMSG-26390]
Action.c(277): web_reg_save_param started  	[MsgId: MMSG-26355]
Action.c(277): Registering web_reg_save_param was successful  	[MsgId: MMSG-26390]
Action.c(283): web_reg_save_param started  	[MsgId: MMSG-26355]
Action.c(283): Registering web_reg_save_param was successful  	[MsgId: MMSG-26390]
Action.c(289): Notify: Transaction "view_itinerary" started.
Action.c(291): web_url("Itinerary Button") started  	[MsgId: MMSG-26355]
Action.c(291): Detected non-resource "http://localhost:1080/cgi-bin/nav.pl?page=menu&in=itinerary" in "http://localhost:1080/cgi-bin/welcome.pl?page=itinerary"  	[MsgId: MMSG-26574]
Action.c(291): Detected non-resource "http://localhost:1080/cgi-bin/itinerary.pl" in "http://localhost:1080/cgi-bin/welcome.pl?page=itinerary"  	[MsgId: MMSG-26574]
Action.c(291): Resource "http://localhost:1080/WebTours/images/flights.gif" is in the cache already and will not be downloaded again  	[MsgId: MMSG-26655]
Action.c(291): Found resource "http://localhost:1080/WebTours/images/in_itinerary.gif" in HTML "http://localhost:1080/cgi-bin/nav.pl?page=menu&in=itinerary"  	[MsgId: MMSG-26659]
Action.c(291): Resource "http://localhost:1080/WebTours/images/home.gif" is in the cache already and will not be downloaded again  	[MsgId: MMSG-26655]
Action.c(291): Resource "http://localhost:1080/WebTours/images/signoff.gif" is in the cache already and will not be downloaded again  	[MsgId: MMSG-26655]
Action.c(291): Notify: Saving Parameter "flightsNum_1 = 1".
Action.c(291): Notify: Saving Parameter "flightID_1 = 2685572-804-JK".
Action.c(291): Notify: Saving Parameter "flightsNum_2 = 2".
Action.c(291): Notify: Saving Parameter "flightID_2 = 2671856-1548-JK".
Action.c(291): Notify: Saving Parameter "flightsNum_3 = 3".
Action.c(291): Notify: Saving Parameter "flightID_3 = 287833720-2343-KD".
Action.c(291): Notify: Saving Parameter "flightsNum_4 = 4".
Action.c(291): Notify: Saving Parameter "flightID_4 = 287831539-3119-KD".
Action.c(291): Notify: Saving Parameter "flightsNum_5 = 5".
Action.c(291): Notify: Saving Parameter "flightID_5 = 287848272-3872-KD".
Action.c(291): Notify: Saving Parameter "flightsNum_6 = 6".
Action.c(291): Notify: Saving Parameter "flightID_6 = 287840492-46-KD".
Action.c(291): Notify: Saving Parameter "flightsNum_7 = 7".
Action.c(291): Notify: Saving Parameter "flightID_7 = 287820006-5398-KD".
Action.c(291): Found resource "http://localhost:1080/WebTours/images/cancelreservation.gif" in HTML "http://localhost:1080/cgi-bin/itinerary.pl"  	[MsgId: MMSG-26659]
Action.c(291): Found resource "http://localhost:1080/WebTours/images/cancelallreservations.gif" in HTML "http://localhost:1080/cgi-bin/itinerary.pl"  	[MsgId: MMSG-26659]
Action.c(291): Registered web_reg_find successful for "Text=Flight Transaction Summary" (count=1)  	[MsgId: MMSG-26364]
Action.c(291): Notify: Saving Parameter "flightID_count = 7".
Action.c(291): Notify: Saving Parameter "flightsNum_count = 7".
Action.c(291): web_url("Itinerary Button") was successful, 13901 body bytes, 1619 header bytes, 51 chunking overhead bytes  	[MsgId: MMSG-26385]
Action.c(301): Notify: Transaction "view_itinerary" ended with a "Pass" status (Duration: 0.5096 Wasted Time: 0.0265).
Action.c(303): web_add_header("Origin") started  	[MsgId: MMSG-26355]
Action.c(303): web_add_header("Origin") was successful  	[MsgId: MMSG-26392]
Action.c(306): lr_think_time: 5.00 seconds.
Action.c(308): Notify: Parameter Substitution: parameter "flightsNum_count" =  "7"
Action.c(308): Notify: Parameter Substitution: parameter "flightsNum_4" =  "4"
Action.c(308): Notify: Saving Parameter "randomFlightNum = 4".
Action.c(311): Notify: Parameter Substitution: parameter "randomFlightNum" =  "4"
Action.c(311): Notify: Saving Parameter "randFlightNumInt = 4".
Action.c(314): web_reg_find started  	[MsgId: MMSG-26355]
Action.c(314): Registering web_reg_find was successful  	[MsgId: MMSG-26390]
Action.c(318): Notify: Transaction "cancel_flight" started.
Action.c(320): web_submit_form("itinerary.pl") started  	[MsgId: MMSG-26355]
Action.c(320): Notify: Parameter Substitution: parameter "randomFlightNum" =  "4"
Action.c(320): Submitting form to "http://localhost:1080/cgi-bin/itinerary.pl", Target Frame=""  	[MsgId: MMSG-27978]
Action.c(320): Downloading resource "http://localhost:1080/cgi-bin/itinerary.pl" (specified by argument number 13)  	[MsgId: MMSG-26577]
Action.c(320): Resource "http://localhost:1080/WebTours/images/cancelreservation.gif" is in the cache already and will not be downloaded again  	[MsgId: MMSG-26655]
Action.c(320): Resource "http://localhost:1080/WebTours/images/cancelallreservations.gif" is in the cache already and will not be downloaded again  	[MsgId: MMSG-26655]
Action.c(320): Registered web_reg_find successful for "Text= Flight flightID_randFlightNumInt leaves "  	[MsgId: MMSG-26362]
Action.c(320): web_submit_form("itinerary.pl") was successful, 16740 body bytes, 512 header bytes, 54 chunking overhead bytes  	[MsgId: MMSG-26385]
Action.c(330): Notify: Transaction "cancel_flight" ended with a "Pass" status (Duration: 0.4926 Wasted Time: 0.0182).
Action.c(332): web_remove_auto_header("Sec-Fetch-User") started  	[MsgId: MMSG-26355]
Action.c(332): Previous automatically added web header for "Sec-Fetch-User" removed  	[MsgId: MMSG-26587]
Action.c(332): web_remove/revert_auto_header("Sec-Fetch-User") was successful  	[MsgId: MMSG-26392]
Action.c(334): web_add_header("Sec-Fetch-User") started  	[MsgId: MMSG-26355]
Action.c(334): web_add_header("Sec-Fetch-User") was successful  	[MsgId: MMSG-26392]
Action.c(337): Think time - Waiting 5.00 seconds (according to limit).
Action.c(337): lr_think_time: 5.00 seconds (recorded think time was 22.00 seconds).
Action.c(340): web_reg_find started  	[MsgId: MMSG-26355]
Action.c(340): Registering web_reg_find was successful  	[MsgId: MMSG-26390]
Action.c(343): Notify: Transaction "logout" started.
Action.c(345): web_url("welcome.pl") started  	[MsgId: MMSG-26355]
Action.c(345): Detected non-resource "http://localhost:1080/cgi-bin/nav.pl?in=home" in "http://localhost:1080/cgi-bin/welcome.pl?signOff=1"  	[MsgId: MMSG-26574]
Action.c(345): Detected non-resource "http://localhost:1080/WebTours/home.html" in "http://localhost:1080/cgi-bin/welcome.pl?signOff=1"  	[MsgId: MMSG-26574]
Action.c(345): Retrieving data from cache for "http://localhost:1080/WebTours/home.html"  	[MsgId: MMSG-26558]
Action.c(345): Resource "http://localhost:1080/WebTours/images/mer_login.gif" is in the cache already and will not be downloaded again  	[MsgId: MMSG-26655]
Action.c(345): Registered web_reg_find successful for "Text=A Session ID has been created and loaded into a cookie called MSO." (count=1)  	[MsgId: MMSG-26364]
Action.c(345): web_url("welcome.pl") was successful, 2176 body bytes, 584 header bytes, 24 chunking overhead bytes  	[MsgId: MMSG-26385]
Action.c(355): Notify: Transaction "logout" ended with a "Pass" status (Duration: 0.4864 Wasted Time: 0.0158).
Action.c(357): Notify: Transaction "01_Cancel_flight" ended with a "Pass" status (Duration: 39.6901 Think Time: 35.0070 Wasted Time: 0.1775).
Ending action Action.
Starting action Action1.
Action1.c(4): web_add_auto_header("Sec-Fetch-Site") started  	[MsgId: MMSG-26355]
Action1.c(4): web_add_auto_header("Sec-Fetch-Site") was successful  	[MsgId: MMSG-26392]
Action1.c(7): web_add_auto_header("Sec-Fetch-Dest") started  	[MsgId: MMSG-26355]
Action1.c(7): web_add_auto_header("Sec-Fetch-Dest") was successful  	[MsgId: MMSG-26392]
Action1.c(10): web_add_auto_header("Sec-Fetch-Mode") started  	[MsgId: MMSG-26355]
Action1.c(10): web_add_auto_header("Sec-Fetch-Mode") was successful  	[MsgId: MMSG-26392]
Action1.c(13): web_add_auto_header("Sec-Fetch-User") started  	[MsgId: MMSG-26355]
Action1.c(13): web_add_auto_header("Sec-Fetch-User") was successful  	[MsgId: MMSG-26392]
Action1.c(16): web_add_auto_header("Upgrade-Insecure-Requests") started  	[MsgId: MMSG-26355]
Action1.c(16): web_add_auto_header("Upgrade-Insecure-Requests") was successful  	[MsgId: MMSG-26392]
Action1.c(20): web_reg_save_param started  	[MsgId: MMSG-26355]
Action1.c(20): Registering web_reg_save_param was successful  	[MsgId: MMSG-26390]
Action1.c(26): web_reg_save_param_attrib started  	[MsgId: MMSG-26355]
Action1.c(26): Registering web_reg_save_param_attrib was successful  	[MsgId: MMSG-26390]
Action1.c(36): web_url("WebTours") started  	[MsgId: MMSG-26355]
Action1.c(36): Retrieving data from cache for "http://localhost:1080/WebTours/"  	[MsgId: MMSG-26558]
Action1.c(36): Detected non-resource "http://localhost:1080/WebTours/header.html" in "http://localhost:1080/WebTours/"  	[MsgId: MMSG-26574]
Action1.c(36): Retrieving data from cache for "http://localhost:1080/WebTours/header.html"  	[MsgId: MMSG-26558]
Action1.c(36): Resource "http://localhost:1080/WebTours/images/hp_logo.png" is in the cache already and will not be downloaded again  	[MsgId: MMSG-26655]
Action1.c(36): Resource "http://localhost:1080/WebTours/images/webtours.png" is in the cache already and will not be downloaded again  	[MsgId: MMSG-26655]
Action1.c(36): Detected non-resource "http://localhost:1080/cgi-bin/welcome.pl?signOff=true" in "http://localhost:1080/WebTours/"  	[MsgId: MMSG-26574]
Action1.c(36): Detected non-resource "http://localhost:1080/cgi-bin/nav.pl?in=home" in "http://localhost:1080/cgi-bin/welcome.pl?signOff=true"  	[MsgId: MMSG-26574]
Action1.c(36): Detected non-resource "http://localhost:1080/WebTours/home.html" in "http://localhost:1080/cgi-bin/welcome.pl?signOff=true"  	[MsgId: MMSG-26574]
Action1.c(36): Retrieving data from cache for "http://localhost:1080/WebTours/home.html"  	[MsgId: MMSG-26558]
Action1.c(36): Notify: Saving Parameter "userSession = 129656.701498582zzzQcVzpfiDDDDDDtAAVfpcQQf".
Action1.c(36): Resource "http://localhost:1080/WebTours/images/mer_login.gif" is in the cache already and will not be downloaded again  	[MsgId: MMSG-26655]
Action1.c(36): Notify: Saving Parameter "userSession = ".
Action1.c(36): Error -35048: No match found for the requested parameter "userSession". Check whether the tag with specific attributes exists in the response data  	[MsgId: MERR-35048]
Action1.c(36): web_url("WebTours") highest severity level was "ERROR", 2174 body bytes, 582 header bytes, 24 chunking overhead bytes  	[MsgId: MMSG-26387]
Ending action Action1.
Ending iteration 2.
Starting iteration 3.
Notify: Next row for parameter seatPref = 2 [table  = seatPref].
Notify: Getting new value for parameter 'seatPref': table = '..\Parameters\seatPref.dat' column = '0' row = '2'.
Notify: Next row for parameter numPassengers = 1 [table  = numPassengers].
Notify: Getting new value for parameter 'numPassengers': table = '..\Parameters\numPassengers.dat' column = '0' row = '1'.
Notify: Next row for parameter departure = 10 [table  = departure].
Notify: Getting new value for parameter 'departure': table = '..\Parameters\departure.dat' column = '0' row = '10'.
Notify: Next row for parameter departDate = 5 [table  = departDate].
Notify: Getting new value for parameter 'departDate': table = '..\Parameters\departDate.dat' column = '0' row = '5'.
Notify: Next row for parameter seatType = 1 [table  = seatType].
Notify: Getting new value for parameter 'seatType': table = '..\Parameters\seatType.dat' column = '0' row = '1'.
Notify: Next row for parameter login = 2 [table  = login].
Notify: Getting new value for parameter 'login': table = '..\Parameters\login.dat' column = '0' row = '2'.
Notify: Next row for parameter creditCard = 2 [table  = creditCard].
Notify: Getting new value for parameter 'creditCard': table = '..\Parameters\login.dat' column = '7' row = '2'.
Notify: Next row for parameter returnDate = 5 [table  = returnDate].
Notify: Getting new value for parameter 'returnDate': table = '..\Parameters\departDate.dat' column = '1' row = '5'.
Notify: Next row for parameter expDate = 2 [table  = expDate].
Notify: Getting new value for parameter 'expDate': table = '..\Parameters\login.dat' column = '8' row = '2'.
Notify: Next row for parameter lastName = 2 [table  = lastName].
Notify: Getting new value for parameter 'lastName': table = '..\Parameters\login.dat' column = '3' row = '2'.
Notify: Next row for parameter pass1 = 2 [table  = pass1].
Notify: Getting new value for parameter 'pass1': table = '..\Parameters\login.dat' column = '6' row = '2'.
Notify: Next row for parameter password = 2 [table  = password].
Notify: Getting new value for parameter 'password': table = '..\Parameters\login.dat' column = '1' row = '2'.
Notify: Next row for parameter firstName = 2 [table  = firstName].
Notify: Getting new value for parameter 'firstName': table = '..\Parameters\login.dat' column = '2' row = '2'.
Notify: Next row for parameter address2 = 2 [table  = address2].
Notify: Getting new value for parameter 'address2': table = '..\Parameters\login.dat' column = '5' row = '2'.
Notify: Next row for parameter address1 = 2 [table  = address1].
Notify: Getting new value for parameter 'address1': table = '..\Parameters\login.dat' column = '4' row = '2'.
Notify: Next row for parameter arrival = 10 [table  = arrival].
Notify: Getting new value for parameter 'arrival': table = '..\Parameters\departure.dat' column = '1' row = '10'.
Starting action Action.
Action.c(3): Notify: Transaction "01_Cancel_flight" started.
Action.c(5): web_set_sockets_option started  	[MsgId: MMSG-26355]
Action.c(5): web_set_sockets_option was successful  	[MsgId: MMSG-26392]
Action.c(7): web_add_auto_header("Sec-Fetch-Site") started  	[MsgId: MMSG-26355]
Action.c(7): web_add_auto_header("Sec-Fetch-Site") was successful  	[MsgId: MMSG-26392]
Action.c(10): web_add_auto_header("Sec-Fetch-Dest") started  	[MsgId: MMSG-26355]
Action.c(10): web_add_auto_header("Sec-Fetch-Dest") was successful  	[MsgId: MMSG-26392]
Action.c(13): web_add_auto_header("Sec-Fetch-Mode") started  	[MsgId: MMSG-26355]
Action.c(13): web_add_auto_header("Sec-Fetch-Mode") was successful  	[MsgId: MMSG-26392]
Action.c(16): web_add_auto_header("Sec-Fetch-User") started  	[MsgId: MMSG-26355]
Action.c(16): web_add_auto_header("Sec-Fetch-User") was successful  	[MsgId: MMSG-26392]
Action.c(19): web_add_auto_header("Upgrade-Insecure-Requests") started  	[MsgId: MMSG-26355]
Action.c(19): web_add_auto_header("Upgrade-Insecure-Requests") was successful  	[MsgId: MMSG-26392]
Action.c(33): web_reg_save_param started  	[MsgId: MMSG-26355]
Action.c(33): Registering web_reg_save_param was successful  	[MsgId: MMSG-26390]
Action.c(40): web_reg_find started  	[MsgId: MMSG-26355]
Action.c(40): Registering web_reg_find was successful  	[MsgId: MMSG-26390]
Action.c(43): Notify: Transaction "connection" started.
Action.c(45): web_url("WebTours") started  	[MsgId: MMSG-26355]
Action.c(45): Detected non-resource "http://localhost:1080/WebTours/header.html" in "http://localhost:1080/WebTours/"  	[MsgId: MMSG-26574]
Action.c(45): Detected non-resource "http://localhost:1080/cgi-bin/welcome.pl?signOff=true" in "http://localhost:1080/WebTours/"  	[MsgId: MMSG-26574]
Action.c(45): Found resource "http://localhost:1080/WebTours/images/hp_logo.png" in HTML "http://localhost:1080/WebTours/header.html"  	[MsgId: MMSG-26659]
Action.c(45): Found resource "http://localhost:1080/WebTours/images/webtours.png" in HTML "http://localhost:1080/WebTours/header.html"  	[MsgId: MMSG-26659]
Action.c(45): Detected non-resource "http://localhost:1080/cgi-bin/nav.pl?in=home" in "http://localhost:1080/cgi-bin/welcome.pl?signOff=true"  	[MsgId: MMSG-26574]
Action.c(45): Detected non-resource "http://localhost:1080/WebTours/home.html" in "http://localhost:1080/cgi-bin/welcome.pl?signOff=true"  	[MsgId: MMSG-26574]
Action.c(45): Notify: Saving Parameter "userSession = 129656.701498582zzzQcVzpfiDDDDDDtAAVfpcQQf".
Action.c(45): Found resource "http://localhost:1080/WebTours/images/mer_login.gif" in HTML "http://localhost:1080/cgi-bin/nav.pl?in=home"  	[MsgId: MMSG-26659]
Action.c(45): Registered web_reg_find successful for "Text=A Session ID has been created and loaded into a cookie called MSO." (count=1)  	[MsgId: MMSG-26364]
Action.c(45): web_url("WebTours") was successful, 10078 body bytes, 2371 header bytes, 24 chunking overhead bytes  	[MsgId: MMSG-26385]
Action.c(55): Notify: Transaction "connection" ended with a "Pass" status (Duration: 0.5018 Wasted Time: 0.0312).
Action.c(57): web_remove_auto_header("Sec-Fetch-User") started  	[MsgId: MMSG-26355]
Action.c(57): Previous automatically added web header for "Sec-Fetch-User" removed  	[MsgId: MMSG-26587]
Action.c(57): web_remove/revert_auto_header("Sec-Fetch-User") was successful  	[MsgId: MMSG-26392]
Action.c(59): web_add_auto_header("Sec-Fetch-Dest") started  	[MsgId: MMSG-26355]
Action.c(59): web_add_auto_header("Sec-Fetch-Dest") was successful  	[MsgId: MMSG-26392]
Action.c(62): web_remove_auto_header("Upgrade-Insecure-Requests") started  	[MsgId: MMSG-26355]
Action.c(62): Previous automatically added web header for "Upgrade-Insecure-Requests" removed  	[MsgId: MMSG-26587]
Action.c(62): web_remove/revert_auto_header("Upgrade-Insecure-Requests") was successful  	[MsgId: MMSG-26392]
Action.c(64): web_add_header("Origin") started  	[MsgId: MMSG-26355]
Action.c(64): web_add_header("Origin") was successful  	[MsgId: MMSG-26392]
Action.c(67): web_add_auto_header("Sec-Fetch-Site") started  	[MsgId: MMSG-26355]
Action.c(67): web_add_auto_header("Sec-Fetch-Site") was successful  	[MsgId: MMSG-26392]
Action.c(71): web_reg_find started  	[MsgId: MMSG-26355]
Action.c(71): Notify: Parameter Substitution: parameter "login" =  "VUser2"
Action.c(71): Registering web_reg_find was successful  	[MsgId: MMSG-26390]
Action.c(76): Notify: Transaction "login" started.
Action.c(78): web_submit_data("login.pl") started  	[MsgId: MMSG-26355]
Action.c(78): Notify: Parameter Substitution: parameter "userSession" =  "129656.701498582zzzQcVzpfiDDDDDDtAAVfpcQQf"
Action.c(78): Notify: Parameter Substitution: parameter "login" =  "VUser2"
Action.c(78): Notify: Next row for parameter password = 2 [table  = password].
Action.c(78): Notify: Parameter Substitution: parameter "password" =  "VUser2"
Action.c(78): Detected non-resource "http://localhost:1080/cgi-bin/nav.pl?page=menu&in=home" in "http://localhost:1080/cgi-bin/login.pl"  	[MsgId: MMSG-26574]
Action.c(78): Detected non-resource "http://localhost:1080/cgi-bin/login.pl?intro=true" in "http://localhost:1080/cgi-bin/login.pl"  	[MsgId: MMSG-26574]
Action.c(78): Found resource "http://localhost:1080/WebTours/images/flights.gif" in HTML "http://localhost:1080/cgi-bin/nav.pl?page=menu&in=home"  	[MsgId: MMSG-26659]
Action.c(78): Found resource "http://localhost:1080/WebTours/images/itinerary.gif" in HTML "http://localhost:1080/cgi-bin/nav.pl?page=menu&in=home"  	[MsgId: MMSG-26659]
Action.c(78): Found resource "http://localhost:1080/WebTours/images/in_home.gif" in HTML "http://localhost:1080/cgi-bin/nav.pl?page=menu&in=home"  	[MsgId: MMSG-26659]
Action.c(78): Found resource "http://localhost:1080/WebTours/images/signoff.gif" in HTML "http://localhost:1080/cgi-bin/nav.pl?page=menu&in=home"  	[MsgId: MMSG-26659]
Action.c(78): Registered web_reg_find successful for "Text=Welcome, <b>VUser2</b>, to the Web Tours reservation pages" (count=1)  	[MsgId: MMSG-26364]
Action.c(78): web_submit_data("login.pl") was successful, 5781 body bytes, 2026 header bytes, 36 chunking overhead bytes  	[MsgId: MMSG-26385]
Action.c(95): Notify: Transaction "login" ended with a "Pass" status (Duration: 0.5784 Wasted Time: 0.0289).
Action.c(97): web_add_auto_header("Sec-Fetch-User") started  	[MsgId: MMSG-26355]
Action.c(97): web_add_auto_header("Sec-Fetch-User") was successful  	[MsgId: MMSG-26392]
Action.c(100): web_add_auto_header("Upgrade-Insecure-Requests") started  	[MsgId: MMSG-26355]
Action.c(100): web_add_auto_header("Upgrade-Insecure-Requests") was successful  	[MsgId: MMSG-26392]
Action.c(103): Think time - Waiting 5.00 seconds (according to limit).
Action.c(103): lr_think_time: 5.00 seconds (recorded think time was 6.00 seconds).
Action.c(103): Notify: Transaction "01_Cancel_flight" ended with a "Stop" status (Duration: 1.6622 Wasted Time: 0.0601).
Abort was called from an action.
Ending Vuser...
Starting action vuser_end.
Ending action vuser_end.
Vuser Terminated.
Vuser 0 (thread 7708), ended OK."
