Action.c(296): Notify: Parameter Substitution: parameter "flightsNum_count" =  "10"	[MsgId: MMSG-13992]
Action.c(296): Notify: Parameter Substitution: parameter "flightsNum_3" =  "3"	[MsgId: MMSG-13992]
Action.c(296): Notify: Saving Parameter "randomFlightNum = 3".	[MsgId: MMSG-13798]
Action.c(299): Notify: Parameter Substitution: parameter "randomFlightNum" =  "3"	[MsgId: MMSG-13992]
Action.c(299): Notify: Saving Parameter "randFlightNumInt = 3".	[MsgId: MMSG-13798]
Action.c(302): web_reg_find started  	[MsgId: MMSG-26355]
Action.c(302): Registering web_reg_find was successful  	[MsgId: MMSG-26390]
Action.c(306): web_submit_form("itinerary.pl") started  	[MsgId: MMSG-26355]
Action.c(306): Notify: Parameter Substitution: parameter "randomFlightNum" =  "3"	[MsgId: MMSG-13992]
Action.c(306): Submitting form to "http://localhost:1080/cgi-bin/itinerary.pl", Target Frame=""  	[MsgId: MMSG-27978]
Action.c(306): Downloading resource "http://localhost:1080/cgi-bin/itinerary.pl" (specified by argument number 13)  	[MsgId: MMSG-26577]
Action.c(306): Resource "http://localhost:1080/WebTours/images/cancelreservation.gif" is in the cache already and will not be downloaded again  	[MsgId: MMSG-26655]
Action.c(306): Resource "http://localhost:1080/WebTours/images/cancelallreservations.gif" is in the cache already and will not be downloaded again  	[MsgId: MMSG-26655]
Action.c(306): Registered web_reg_find successful for "Text= Flight flightID_randFlightNumInt leaves "  	[MsgId: MMSG-26362]
Action.c(306): web_submit_form("itinerary.pl") was successful, 19428 body bytes, 512 header bytes, 54 chunking overhead bytes  	[MsgId: MMSG-26385]
Action.c(316): Notify: Transaction "cancel_flight" ended with a "Pass" status (Duration: 0,3748 Wasted Time: 0,0002).	[MsgId: MMSG-16871]
Action.c(318): web_remove_auto_header("Sec-Fetch-User") started  	[MsgId: MMSG-26355]
Action.c(318): Previous automatically added web header for "Sec-Fetch-User" removed  	[MsgId: MMSG-26587]
Action.c(318): web_remove/revert_auto_header("Sec-Fetch-User") was successful  	[MsgId: MMSG-26392]
Action.c(320): web_add_header("Sec-Fetch-User") started  	[MsgId: MMSG-26355]
Action.c(320): web_add_header("Sec-Fetch-User") was successful  	[MsgId: MMSG-26392]
Action.c(323): Think time - Waiting 5,00 seconds (according to limit).	[MsgId: MMSG-15946]
Action.c(323): lr_think_time: 5,00 seconds (recorded think time was 22,00 seconds).	[MsgId: MMSG-15947]
Action.c(325): Notify: Transaction "logout" started.	[MsgId: MMSG-16999]
Action.c(328): web_reg_find started  	[MsgId: MMSG-26355]
Action.c(328): Registering web_reg_find was successful  	[MsgId: MMSG-26390]
Action.c(331): web_url("welcome.pl") started  	[MsgId: MMSG-26355]
Action.c(331): Detected non-resource "http://localhost:1080/cgi-bin/nav.pl?in=home" in "http://localhost:1080/cgi-bin/welcome.pl?signOff=1"  	[MsgId: MMSG-26574]
Action.c(331): Detected non-resource "http://localhost:1080/WebTours/home.html" in "http://localhost:1080/cgi-bin/welcome.pl?signOff=1"  	[MsgId: MMSG-26574]
Action.c(331): Retrieving data from cache for "http://localhost:1080/WebTours/home.html"  	[MsgId: MMSG-26558]
Action.c(331): Resource "http://localhost:1080/WebTours/images/mer_login.gif" is in the cache already and will not be downloaded again  	[MsgId: MMSG-26655]
Action.c(331): Registered web_reg_find successful for "Text=A Session ID has been created and loaded into a cookie called MSO." (count=1)  	[MsgId: MMSG-26364]
Action.c(331): web_url("welcome.pl") was successful, 2170 body bytes, 584 header bytes, 24 chunking overhead bytes  	[MsgId: MMSG-26385]
Action.c(341): Notify: Transaction "logout" ended with a "Pass" status (Duration: 0,3672 Wasted Time: 0,0000).	[MsgId: MMSG-16871]
Action.c(343): Notify: Transaction "01_Cancel_flight" ended with a "Pass" status (Duration: 37,8671 Think Time: 35,0204 Wasted Time: 0,0050).	[MsgId: MMSG-16870]
Ending action Action.	[MsgId: MMSG-15918]
Action was aborted.	[MsgId: MMSG-10694]
Ending Vuser...	[MsgId: MMSG-15966]
Starting action vuser_end.	[MsgId: MMSG-15919]
Ending action vuser_end.	[MsgId: MMSG-15918]
Vuser Terminated.	[MsgId: MMSG-15963]
Vuser 3 (thread 372), ended OK."	[MsgId: MMSG-10695]
Starting iteration 9.	[MsgId: MMSG-15968]
Notify: Next row for parameter seatPref = 2 [table  = seatPref].	[MsgId: MMSG-13876]
Notify: Getting new value for parameter 'seatPref': table = '..\Parameters\seatPref.dat' column = '0' row = '2'.	[MsgId: MMSG-13877]
Notify: Next row for parameter numPassengers = 1 [table  = numPassengers].	[MsgId: MMSG-13876]
Notify: Getting new value for parameter 'numPassengers': table = '..\Parameters\numPassengers.dat' column = '0' row = '1'.	[MsgId: MMSG-13877]
Notify: Next row for parameter departure = 4 [table  = departure].	[MsgId: MMSG-13876]
Notify: Getting new value for parameter 'departure': table = '..\Parameters\departure.dat' column = '0' row = '4'.	[MsgId: MMSG-13877]
Notify: Next row for parameter seatType = 2 [table  = seatType].	[MsgId: MMSG-13876]
Notify: Getting new value for parameter 'seatType': table = '..\Parameters\seatType.dat' column = '0' row = '2'.	[MsgId: MMSG-13877]
Notify: Next row for parameter login = 8 [table  = login].	[MsgId: MMSG-13876]
Notify: Getting new value for parameter 'login': table = '..\Parameters\login.dat' column = '0' row = '8'.	[MsgId: MMSG-13877]
Notify: Next row for parameter creditCard = 8 [table  = creditCard].	[MsgId: MMSG-13876]
Notify: Getting new value for parameter 'creditCard': table = '..\Parameters\login.dat' column = '7' row = '8'.	[MsgId: MMSG-13877]
Notify: Next row for parameter expDate = 8 [table  = expDate].	[MsgId: MMSG-13876]
Notify: Getting new value for parameter 'expDate': table = '..\Parameters\login.dat' column = '8' row = '8'.	[MsgId: MMSG-13877]
Notify: Next row for parameter lastName = 8 [table  = lastName].	[MsgId: MMSG-13876]
Notify: Getting new value for parameter 'lastName': table = '..\Parameters\login.dat' column = '3' row = '8'.	[MsgId: MMSG-13877]
Notify: Next row for parameter pass1 = 8 [table  = pass1].	[MsgId: MMSG-13876]
Notify: Getting new value for parameter 'pass1': table = '..\Parameters\login.dat' column = '6' row = '8'.	[MsgId: MMSG-13877]
Notify: Next row for parameter password = 8 [table  = password].	[MsgId: MMSG-13876]
Notify: Getting new value for parameter 'password': table = '..\Parameters\login.dat' column = '1' row = '8'.	[MsgId: MMSG-13877]
Notify: Next row for parameter firstName = 8 [table  = firstName].	[MsgId: MMSG-13876]
Notify: Getting new value for parameter 'firstName': table = '..\Parameters\login.dat' column = '2' row = '8'.	[MsgId: MMSG-13877]
Notify: Next row for parameter address2 = 8 [table  = address2].	[MsgId: MMSG-13876]
Notify: Getting new value for parameter 'address2': table = '..\Parameters\login.dat' column = '5' row = '8'.	[MsgId: MMSG-13877]
Notify: Next row for parameter address1 = 8 [table  = address1].	[MsgId: MMSG-13876]
Notify: Getting new value for parameter 'address1': table = '..\Parameters\login.dat' column = '4' row = '8'.	[MsgId: MMSG-13877]
Notify: Next row for parameter arrival = 4 [table  = arrival].	[MsgId: MMSG-13876]
Notify: Getting new value for parameter 'arrival': table = '..\Parameters\departure.dat' column = '1' row = '4'.	[MsgId: MMSG-13877]
Starting action Action.	[MsgId: MMSG-15919]
Action.c(3): Notify: Transaction "01_Cancel_flight" started.	[MsgId: MMSG-16999]
Action.c(5): web_set_sockets_option started  	[MsgId: MMSG-26355]
Action.c(5): web_set_sockets_option was successful  	[MsgId: MMSG-26392]
Action.c(7): web_add_auto_header("Sec-Fetch-Site") started  	[MsgId: MMSG-26355]
Action.c(7): web_add_auto_header("Sec-Fetch-Site") was successful  	[MsgId: MMSG-26392]
Action.c(10): web_add_auto_header("Sec-Fetch-Dest") started  	[MsgId: MMSG-26355]
Action.c(10): web_add_auto_header("Sec-Fetch-Dest") was successful  	[MsgId: MMSG-26392]
Action.c(13): web_add_auto_header("Sec-Fetch-Mode") started  	[MsgId: MMSG-26355]
Action.c(13): web_add_auto_header("Sec-Fetch-Mode") was successful  	[MsgId: MMSG-26392]
Action.c(16): web_add_auto_header("Sec-Fetch-User") started  	[MsgId: MMSG-26355]
Action.c(16): web_add_auto_header("Sec-Fetch-User") was successful  	[MsgId: MMSG-26392]
Action.c(19): web_add_auto_header("Upgrade-Insecure-Requests") started  	[MsgId: MMSG-26355]
Action.c(19): web_add_auto_header("Upgrade-Insecure-Requests") was successful  	[MsgId: MMSG-26392]
Action.c(22): Notify: Transaction "connection" started.	[MsgId: MMSG-16999]
Action.c(25): web_reg_save_param started  	[MsgId: MMSG-26355]
Action.c(25): Registering web_reg_save_param was successful  	[MsgId: MMSG-26390]
Action.c(31): web_reg_find started  	[MsgId: MMSG-26355]
Action.c(31): Registering web_reg_find was successful  	[MsgId: MMSG-26390]
Action.c(34): web_url("WebTours") started  	[MsgId: MMSG-26355]
Action.c(34): Detected non-resource "http://localhost:1080/WebTours/header.html" in "http://localhost:1080/WebTours/"  	[MsgId: MMSG-26574]
Action.c(34): Detected non-resource "http://localhost:1080/cgi-bin/welcome.pl?signOff=true" in "http://localhost:1080/WebTours/"  	[MsgId: MMSG-26574]
Action.c(34): Found resource "http://localhost:1080/WebTours/images/hp_logo.png" in HTML "http://localhost:1080/WebTours/header.html"  	[MsgId: MMSG-26659]
Action.c(34): Found resource "http://localhost:1080/WebTours/images/webtours.png" in HTML "http://localhost:1080/WebTours/header.html"  	[MsgId: MMSG-26659]
Action.c(34): Detected non-resource "http://localhost:1080/cgi-bin/nav.pl?in=home" in "http://localhost:1080/cgi-bin/welcome.pl?signOff=true"  	[MsgId: MMSG-26574]
Action.c(34): Detected non-resource "http://localhost:1080/WebTours/home.html" in "http://localhost:1080/cgi-bin/welcome.pl?signOff=true"  	[MsgId: MMSG-26574]
Action.c(34): Notify: Saving Parameter "userSession = 129670.008991495zzzQQAVpAiHftAAVQptAzfcf".	[MsgId: MMSG-13798]
Action.c(34): Found resource "http://localhost:1080/WebTours/images/mer_login.gif" in HTML "http://localhost:1080/cgi-bin/nav.pl?in=home"  	[MsgId: MMSG-26659]
Action.c(34): Registered web_reg_find successful for "Text=A Session ID has been created and loaded into a cookie called MSO." (count=1)  	[MsgId: MMSG-26364]
Action.c(34): web_url("WebTours") was successful, 10076 body bytes, 2371 header bytes, 24 chunking overhead bytes  	[MsgId: MMSG-26385]
Action.c(44): Notify: Transaction "connection" ended with a "Pass" status (Duration: 0,5463 Wasted Time: 0,0004).	[MsgId: MMSG-16871]
Action.c(46): web_remove_auto_header("Sec-Fetch-User") started  	[MsgId: MMSG-26355]
Action.c(46): Previous automatically added web header for "Sec-Fetch-User" removed  	[MsgId: MMSG-26587]
Action.c(46): web_remove/revert_auto_header("Sec-Fetch-User") was successful  	[MsgId: MMSG-26392]
Action.c(48): web_add_auto_header("Sec-Fetch-Dest") started  	[MsgId: MMSG-26355]
Action.c(48): web_add_auto_header("Sec-Fetch-Dest") was successful  	[MsgId: MMSG-26392]
Action.c(51): web_remove_auto_header("Upgrade-Insecure-Requests") started  	[MsgId: MMSG-26355]
Action.c(51): Previous automatically added web header for "Upgrade-Insecure-Requests" removed  	[MsgId: MMSG-26587]
Action.c(51): web_remove/revert_auto_header("Upgrade-Insecure-Requests") was successful  	[MsgId: MMSG-26392]
Action.c(53): web_add_header("Origin") started  	[MsgId: MMSG-26355]
Action.c(53): web_add_header("Origin") was successful  	[MsgId: MMSG-26392]
Action.c(56): web_add_auto_header("Sec-Fetch-Site") started  	[MsgId: MMSG-26355]
Action.c(56): web_add_auto_header("Sec-Fetch-Site") was successful  	[MsgId: MMSG-26392]
Action.c(59): Notify: Transaction "login" started.	[MsgId: MMSG-16999]
Action.c(62): web_reg_find started  	[MsgId: MMSG-26355]
Action.c(62): Registering web_reg_find was successful  	[MsgId: MMSG-26390]
Action.c(65): web_submit_data("login.pl") started  	[MsgId: MMSG-26355]
Action.c(65): Notify: Parameter Substitution: parameter "userSession" =  "129670.008991495zzzQQAVpAiHftAAVQptAzfcf"	[MsgId: MMSG-13992]
Action.c(65): Notify: Parameter Substitution: parameter "login" =  "VUser8"	[MsgId: MMSG-13992]
Action.c(65): Notify: Next row for parameter password = 8 [table  = password].	[MsgId: MMSG-13876]
Action.c(65): Notify: Parameter Substitution: parameter "password" =  "VUser8"	[MsgId: MMSG-13992]
Action.c(65): Detected non-resource "http://localhost:1080/cgi-bin/nav.pl?page=menu&in=home" in "http://localhost:1080/cgi-bin/login.pl"  	[MsgId: MMSG-26574]
Action.c(65): Detected non-resource "http://localhost:1080/cgi-bin/login.pl?intro=true" in "http://localhost:1080/cgi-bin/login.pl"  	[MsgId: MMSG-26574]
Action.c(65): Found resource "http://localhost:1080/WebTours/images/flights.gif" in HTML "http://localhost:1080/cgi-bin/nav.pl?page=menu&in=home"  	[MsgId: MMSG-26659]
Action.c(65): Found resource "http://localhost:1080/WebTours/images/itinerary.gif" in HTML "http://localhost:1080/cgi-bin/nav.pl?page=menu&in=home"  	[MsgId: MMSG-26659]
Action.c(65): Found resource "http://localhost:1080/WebTours/images/in_home.gif" in HTML "http://localhost:1080/cgi-bin/nav.pl?page=menu&in=home"  	[MsgId: MMSG-26659]
Action.c(65): Found resource "http://localhost:1080/WebTours/images/signoff.gif" in HTML "http://localhost:1080/cgi-bin/nav.pl?page=menu&in=home"  	[MsgId: MMSG-26659]
Action.c(65): Registered web_reg_find successful for "Text=User password was correct - added a cookie with the user's default" (count=1)  	[MsgId: MMSG-26364]
Action.c(65): web_submit_data("login.pl") was successful, 5781 body bytes, 2026 header bytes, 36 chunking overhead bytes  	[MsgId: MMSG-26385]
Action.c(82): Notify: Transaction "login" ended with a "Pass" status (Duration: 0,5746 Wasted Time: 0,0000).	[MsgId: MMSG-16871]
Action.c(84): web_add_auto_header("Sec-Fetch-User") started  	[MsgId: MMSG-26355]
Action.c(84): web_add_auto_header("Sec-Fetch-User") was successful  	[MsgId: MMSG-26392]
Action.c(87): web_add_auto_header("Upgrade-Insecure-Requests") started  	[MsgId: MMSG-26355]
Action.c(87): web_add_auto_header("Upgrade-Insecure-Requests") was successful  	[MsgId: MMSG-26392]
Action.c(90): Think time - Waiting 5,00 seconds (according to limit).	[MsgId: MMSG-15946]
Action.c(90): lr_think_time: 5,00 seconds (recorded think time was 6,00 seconds).	[MsgId: MMSG-15947]
Action.c(92): web_url("Search Flights Button") started  	[MsgId: MMSG-26355]
Action.c(92): Detected non-resource "http://localhost:1080/cgi-bin/nav.pl?page=menu&in=flights" in "http://localhost:1080/cgi-bin/welcome.pl?page=search"  	[MsgId: MMSG-26574]
Action.c(92): Detected non-resource "http://localhost:1080/cgi-bin/reservations.pl?page=welcome" in "http://localhost:1080/cgi-bin/welcome.pl?page=search"  	[MsgId: MMSG-26574]
Action.c(92): Found resource "http://localhost:1080/WebTours/images/in_flights.gif" in HTML "http://localhost:1080/cgi-bin/nav.pl?page=menu&in=flights"  	[MsgId: MMSG-26659]
Action.c(92): Resource "http://localhost:1080/WebTours/images/itinerary.gif" is in the cache already and will not be downloaded again  	[MsgId: MMSG-26655]
Action.c(92): Found resource "http://localhost:1080/WebTours/images/home.gif" in HTML "http://localhost:1080/cgi-bin/nav.pl?page=menu&in=flights"  	[MsgId: MMSG-26659]
Action.c(92): Resource "http://localhost:1080/WebTours/images/signoff.gif" is in the cache already and will not be downloaded again  	[MsgId: MMSG-26655]
Action.c(92): Found resource "http://localhost:1080/WebTours/images/button_next.gif" in HTML "http://localhost:1080/cgi-bin/reservations.pl?page=welcome"  	[MsgId: MMSG-26659]
Action.c(92): web_url("Search Flights Button") was successful, 8516 body bytes, 1620 header bytes, 43 chunking overhead bytes  	[MsgId: MMSG-26385]
Action.c(102): web_add_auto_header("Origin") started  	[MsgId: MMSG-26355]
Action.c(102): web_add_auto_header("Origin") was successful  	[MsgId: MMSG-26392]
Action.c(105): Think time - Waiting 5,00 seconds (according to limit).	[MsgId: MMSG-15946]
Action.c(105): lr_think_time: 5,00 seconds (recorded think time was 22,00 seconds).	[MsgId: MMSG-15947]
Action.c(107): Notify: Transaction "insert_info_for_ticket_search" started.	[MsgId: MMSG-16999]
Action.c(110): web_reg_find started  	[MsgId: MMSG-26355]
Action.c(110): Notify: Parameter Substitution: parameter "departure" =  "Denver"	[MsgId: MMSG-13992]
Action.c(110): Notify: Next row for parameter arrival = 4 [table  = arrival].	[MsgId: MMSG-13876]
Action.c(110): Notify: Parameter Substitution: parameter "arrival" =  "San Francisco"	[MsgId: MMSG-13992]
Action.c(110): Notify: Parameter Substitution: parameter "departDate" =  "02/19/2021"	[MsgId: MMSG-13992]
Action.c(110): Registering web_reg_find was successful  	[MsgId: MMSG-26390]
Action.c(114): web_reg_save_param_attrib started  	[MsgId: MMSG-26355]
Action.c(114): Notify: Parameter Substitution: parameter "randIndex" =  "1"	[MsgId: MMSG-13992]
Action.c(114): Registering web_reg_save_param_attrib was successful  	[MsgId: MMSG-26390]
Action.c(125): web_reg_save_param started  	[MsgId: MMSG-26355]
Action.c(125): Notify: Parameter Substitution: parameter "randIndex" =  "1"	[MsgId: MMSG-13992]
Action.c(125): Registering web_reg_save_param was successful  	[MsgId: MMSG-26390]
Action.c(131): web_reg_save_param started  	[MsgId: MMSG-26355]
Action.c(131): Notify: Parameter Substitution: parameter "randIndex" =  "1"	[MsgId: MMSG-13992]
Action.c(131): Registering web_reg_save_param was successful  	[MsgId: MMSG-26390]
Action.c(137): web_submit_data("reservations.pl") started  	[MsgId: MMSG-26355]
Action.c(137): Notify: Parameter Substitution: parameter "departure" =  "Denver"	[MsgId: MMSG-13992]
Action.c(137): Notify: Parameter Substitution: parameter "departDate" =  "02/19/2021"	[MsgId: MMSG-13992]
Action.c(137): Notify: Next row for parameter arrival = 4 [table  = arrival].	[MsgId: MMSG-13876]
Action.c(137): Notify: Parameter Substitution: parameter "arrival" =  "San Francisco"	[MsgId: MMSG-13992]
Action.c(137): Notify: Parameter Substitution: parameter "returnDate" =  "05/30/2021"	[MsgId: MMSG-13992]
Action.c(137): Notify: Parameter Substitution: parameter "numPassengers" =  "1"	[MsgId: MMSG-13992]
Action.c(137): Notify: Parameter Substitution: parameter "seatPref" =  "Window"	[MsgId: MMSG-13992]
Action.c(137): Notify: Parameter Substitution: parameter "seatType" =  "Business"	[MsgId: MMSG-13992]
Action.c(137): Notify: Saving Parameter "flight_id = 060".	[MsgId: MMSG-13798]
Action.c(137): Notify: Saving Parameter "flight_time = 8a".	[MsgId: MMSG-13798]
Action.c(137): Resource "http://localhost:1080/WebTours/images/button_next.gif" is in the cache already and will not be downloaded again  	[MsgId: MMSG-26655]
Action.c(137): Notify: Saving Parameter "outboundFlight_id = 060;293;02/19/2021".	[MsgId: MMSG-13798]
Action.c(137): Registered web_reg_find successful for "Text=Flight departing from <B>Denver</B> to <B>San Francisco</B> on <B>02/19/2021</B>" (count=1)  	[MsgId: MMSG-26364]
Action.c(137): web_submit_data("reservations.pl") was successful, 2455 body bytes, 256 header bytes, 12 chunking overhead bytes  	[MsgId: MMSG-26385]
Action.c(161): Notify: Transaction "insert_info_for_ticket_search" ended with a "Pass" status (Duration: 0,2982 Wasted Time: 0,0013).	[MsgId: MMSG-16871]
Action.c(163): Think time - Waiting 5,00 seconds (according to limit).	[MsgId: MMSG-15946]
Action.c(163): lr_think_time: 5,00 seconds (recorded think time was 28,00 seconds).	[MsgId: MMSG-15947]
Action.c(165): Notify: Transaction "choose_the_flight" started.	[MsgId: MMSG-16999]
Action.c(168): web_reg_find started  	[MsgId: MMSG-26355]
Action.c(168): Registering web_reg_find was successful  	[MsgId: MMSG-26390]
Action.c(175): web_submit_data("reservations.pl_2") started  	[MsgId: MMSG-26355]
Action.c(175): Notify: Parameter Substitution: parameter "outboundFlight_id" =  "060;293;02/19/2021"	[MsgId: MMSG-13992]
Action.c(175): Notify: Parameter Substitution: parameter "numPassengers" =  "1"	[MsgId: MMSG-13992]
Action.c(175): Notify: Parameter Substitution: parameter "seatType" =  "Business"	[MsgId: MMSG-13992]
Action.c(175): Notify: Parameter Substitution: parameter "seatPref" =  "Window"	[MsgId: MMSG-13992]
Action.c(175): Resource "http://localhost:1080/WebTours/images/button_next.gif" is in the cache already and will not be downloaded again  	[MsgId: MMSG-26655]
Action.c(175): Registered web_reg_find successful for "Text=Flight Reservation" (count=1)  	[MsgId: MMSG-26364]
Action.c(175): web_submit_data("reservations.pl_2") was successful, 2679 body bytes, 255 header bytes, 12 chunking overhead bytes  	[MsgId: MMSG-26385]
Action.c(193): Notify: Transaction "choose_the_flight" ended with a "Pass" status (Duration: 0,2010 Wasted Time: 0,0000).	[MsgId: MMSG-16871]
Action.c(195): web_remove_auto_header("Origin") started  	[MsgId: MMSG-26355]
Action.c(195): Previous automatically added web header for "Origin" removed  	[MsgId: MMSG-26587]
Action.c(195): web_remove/revert_auto_header("Origin") was successful  	[MsgId: MMSG-26392]
Action.c(197): web_remove_auto_header("Sec-Fetch-User") started  	[MsgId: MMSG-26355]
Action.c(197): Previous automatically added web header for "Sec-Fetch-User" removed  	[MsgId: MMSG-26587]
Action.c(197): web_remove/revert_auto_header("Sec-Fetch-User") was successful  	[MsgId: MMSG-26392]
Action.c(199): web_remove_auto_header("Upgrade-Insecure-Requests") started  	[MsgId: MMSG-26355]
Action.c(199): Previous automatically added web header for "Upgrade-Insecure-Requests" removed  	[MsgId: MMSG-26587]
Action.c(199): web_remove/revert_auto_header("Upgrade-Insecure-Requests") was successful  	[MsgId: MMSG-26392]
Action.c(201): web_add_header("Origin") started  	[MsgId: MMSG-26355]
Action.c(201): web_add_header("Origin") was successful  	[MsgId: MMSG-26392]
Action.c(204): Think time - Waiting 5,00 seconds (according to limit).	[MsgId: MMSG-15946]
Action.c(204): lr_think_time: 5,00 seconds (recorded think time was 27,00 seconds).	[MsgId: MMSG-15947]
Action.c(206): Notify: Transaction "insert_payment_info" started.	[MsgId: MMSG-16999]
Action.c(209): web_reg_find started  	[MsgId: MMSG-26355]
Action.c(209): Notify: Parameter Substitution: parameter "departDate" =  "02/19/2021"	[MsgId: MMSG-13992]
Action.c(209): Notify: Parameter Substitution: parameter "flight_time" =  "8a"	[MsgId: MMSG-13992]
Action.c(209): Notify: Parameter Substitution: parameter "flight_id" =  "060"	[MsgId: MMSG-13992]
Action.c(209): Notify: Parameter Substitution: parameter "departure" =  "Denver"	[MsgId: MMSG-13992]
Action.c(209): Notify: Next row for parameter arrival = 4 [table  = arrival].	[MsgId: MMSG-13876]
Action.c(209): Notify: Parameter Substitution: parameter "arrival" =  "San Francisco"	[MsgId: MMSG-13992]
Action.c(209): Registering web_reg_find was successful  	[MsgId: MMSG-26390]
Action.c(218): web_submit_data("reservations.pl_3") started  	[MsgId: MMSG-26355]
Action.c(218): Notify: Next row for parameter firstName = 8 [table  = firstName].	[MsgId: MMSG-13876]
Action.c(218): Notify: Parameter Substitution: parameter "firstName" =  "Samantha"	[MsgId: MMSG-13992]
Action.c(218): Notify: Next row for parameter lastName = 8 [table  = lastName].	[MsgId: MMSG-13876]
Action.c(218): Notify: Parameter Substitution: parameter "lastName" =  "Chu"	[MsgId: MMSG-13992]
Action.c(218): Notify: Next row for parameter address1 = 8 [table  = address1].	[MsgId: MMSG-13876]
Action.c(218): Notify: Parameter Substitution: parameter "address1" =  "Fergusson st., 553"	[MsgId: MMSG-13992]
Action.c(218): Notify: Next row for parameter address2 = 8 [table  = address2].	[MsgId: MMSG-13876]
Action.c(218): Notify: Parameter Substitution: parameter "address2" =  "Forks"	[MsgId: MMSG-13992]
Action.c(218): Notify: Next row for parameter pass1 = 8 [table  = pass1].	[MsgId: MMSG-13876]
Action.c(218): Notify: Parameter Substitution: parameter "pass1" =  "Samantha Chu"	[MsgId: MMSG-13992]
Action.c(218): Notify: Next row for parameter creditCard = 8 [table  = creditCard].	[MsgId: MMSG-13876]
Action.c(218): Notify: Parameter Substitution: parameter "creditCard" =  "1136587902102132"	[MsgId: MMSG-13992]
Action.c(218): Notify: Next row for parameter expDate = 8 [table  = expDate].	[MsgId: MMSG-13876]
Action.c(218): Notify: Parameter Substitution: parameter "expDate" =  "08/23"	[MsgId: MMSG-13992]
Action.c(218): Notify: Parameter Substitution: parameter "numPassengers" =  "1"	[MsgId: MMSG-13992]
Action.c(218): Notify: Parameter Substitution: parameter "seatType" =  "Business"	[MsgId: MMSG-13992]
Action.c(218): Notify: Parameter Substitution: parameter "seatPref" =  "Window"	[MsgId: MMSG-13992]
Action.c(218): Notify: Parameter Substitution: parameter "outboundFlight_id" =  "060;293;02/19/2021"	[MsgId: MMSG-13992]
Action.c(218): Found resource "http://localhost:1080/WebTours/images/bookanother.gif" in HTML "http://localhost:1080/cgi-bin/reservations.pl"  	[MsgId: MMSG-26659]
Action.c(218): Registered web_reg_find successful for "Text=02/19/2021 :  8am : Flight 060 leaves Denver  for San Francisco." (count=1)  	[MsgId: MMSG-26364]
Action.c(218): web_submit_data("reservations.pl_3") was successful, 3303 body bytes, 654 header bytes, 12 chunking overhead bytes  	[MsgId: MMSG-26385]
Action.c(247): Notify: Transaction "insert_payment_info" ended with a "Pass" status (Duration: 0,2008 Wasted Time: 0,0000).	[MsgId: MMSG-16871]
Action.c(249): web_add_auto_header("Sec-Fetch-User") started  	[MsgId: MMSG-26355]
Action.c(249): web_add_auto_header("Sec-Fetch-User") was successful  	[MsgId: MMSG-26392]
Action.c(252): web_add_auto_header("Upgrade-Insecure-Requests") started  	[MsgId: MMSG-26355]
Action.c(252): web_add_auto_header("Upgrade-Insecure-Requests") was successful  	[MsgId: MMSG-26392]
Action.c(255): Think time - Waiting 5,00 seconds (according to limit).	[MsgId: MMSG-15946]
Action.c(255): lr_think_time: 5,00 seconds (recorded think time was 10,00 seconds).	[MsgId: MMSG-15947]
Action.c(257): Notify: Transaction "view_itinerary" started.	[MsgId: MMSG-16999]
Action.c(260): web_reg_find started  	[MsgId: MMSG-26355]
Action.c(260): Registering web_reg_find was successful  	[MsgId: MMSG-26390]
Action.c(265): web_reg_save_param started  	[MsgId: MMSG-26355]
Action.c(265): Registering web_reg_save_param was successful  	[MsgId: MMSG-26390]
Action.c(271): web_reg_save_param started  	[MsgId: MMSG-26355]
Action.c(271): Registering web_reg_save_param was successful  	[MsgId: MMSG-26390]
Action.c(277): web_url("Itinerary Button") started  	[MsgId: MMSG-26355]
Action.c(277): Detected non-resource "http://localhost:1080/cgi-bin/nav.pl?page=menu&in=itinerary" in "http://localhost:1080/cgi-bin/welcome.pl?page=itinerary"  	[MsgId: MMSG-26574]
Action.c(277): Detected non-resource "http://localhost:1080/cgi-bin/itinerary.pl" in "http://localhost:1080/cgi-bin/welcome.pl?page=itinerary"  	[MsgId: MMSG-26574]
Action.c(277): Resource "http://localhost:1080/WebTours/images/flights.gif" is in the cache already and will not be downloaded again  	[MsgId: MMSG-26655]
Action.c(277): Found resource "http://localhost:1080/WebTours/images/in_itinerary.gif" in HTML "http://localhost:1080/cgi-bin/nav.pl?page=menu&in=itinerary"  	[MsgId: MMSG-26659]
Action.c(277): Resource "http://localhost:1080/WebTours/images/home.gif" is in the cache already and will not be downloaded again  	[MsgId: MMSG-26655]
Action.c(277): Resource "http://localhost:1080/WebTours/images/signoff.gif" is in the cache already and will not be downloaded again  	[MsgId: MMSG-26655]
Action.c(277): Notify: Saving Parameter "flightsNum_1 = 1".	[MsgId: MMSG-13798]
Action.c(277): Notify: Saving Parameter "flightID_1 = 2692271-795-JK".	[MsgId: MMSG-13798]
Action.c(277): Notify: Saving Parameter "flightsNum_2 = 2".	[MsgId: MMSG-13798]
Action.c(277): Notify: Saving Parameter "flightID_2 = 148255679-1564-CV".	[MsgId: MMSG-13798]
Action.c(277): Notify: Saving Parameter "flightsNum_3 = 3".	[MsgId: MMSG-13798]
Action.c(277): Notify: Saving Parameter "flightID_3 = 78976746-2320-SC".	[MsgId: MMSG-13798]
Action.c(277): Notify: Saving Parameter "flightsNum_4 = 4".	[MsgId: MMSG-13798]
Action.c(277): Notify: Saving Parameter "flightID_4 = 78993801-30-SC".	[MsgId: MMSG-13798]
Action.c(277): Notify: Saving Parameter "flightsNum_5 = 5".	[MsgId: MMSG-13798]
Action.c(277): Notify: Saving Parameter "flightID_5 = 78965231-3866-SC".	[MsgId: MMSG-13798]
Action.c(277): Notify: Saving Parameter "flightsNum_6 = 6".	[MsgId: MMSG-13798]
Action.c(277): Notify: Saving Parameter "flightID_6 = 78965231-4635-SC".	[MsgId: MMSG-13798]
Action.c(277): Notify: Saving Parameter "flightsNum_7 = 7".	[MsgId: MMSG-13798]
Action.c(277): Notify: Saving Parameter "flightID_7 = 78996391-5429-SC".	[MsgId: MMSG-13798]
Action.c(277): Notify: Saving Parameter "flightsNum_8 = 8".	[MsgId: MMSG-13798]
Action.c(277): Notify: Saving Parameter "flightID_8 = 78976785-6169-SC".	[MsgId: MMSG-13798]
Action.c(277): Notify: Saving Parameter "flightsNum_9 = 9".	[MsgId: MMSG-13798]
Action.c(277): Notify: Saving Parameter "flightID_9 = 789918927-69310-SC".	[MsgId: MMSG-13798]
Action.c(277): Notify: Saving Parameter "flightsNum_10 = 10".	[MsgId: MMSG-13798]
Action.c(277): Notify: Saving Parameter "flightID_10 = 78981899-7714-SC".	[MsgId: MMSG-13798]
Action.c(277): Notify: Saving Parameter "flightsNum_11 = 11".	[MsgId: MMSG-13798]
Action.c(277): Notify: Saving Parameter "flightID_11 = 78965192-8477-SC".	[MsgId: MMSG-13798]
Action.c(277): Notify: Saving Parameter "flightsNum_12 = 12".	[MsgId: MMSG-13798]
Action.c(277): Notify: Saving Parameter "flightID_12 = 789715594-92389-SC".	[MsgId: MMSG-13798]
Action.c(277): Notify: Saving Parameter "flightsNum_13 = 13".	[MsgId: MMSG-13798]
Action.c(277): Notify: Saving Parameter "flightID_13 = 78981942-10033-SC".	[MsgId: MMSG-13798]
Action.c(277): Notify: Saving Parameter "flightsNum_14 = 14".	[MsgId: MMSG-13798]
Action.c(277): Notify: Saving Parameter "flightID_14 = 78988532-10798-SC".	[MsgId: MMSG-13798]
Action.c(277): Notify: Saving Parameter "flightsNum_15 = 15".	[MsgId: MMSG-13798]
Action.c(277): Notify: Saving Parameter "flightID_15 = 78965192-11554-SC".	[MsgId: MMSG-13798]
Action.c(277): Notify: Saving Parameter "flightsNum_16 = 16".	[MsgId: MMSG-13798]
Action.c(277): Notify: Saving Parameter "flightID_16 = 78976712-12325-SC".	[MsgId: MMSG-13798]
Action.c(277): Notify: Saving Parameter "flightsNum_17 = 17".	[MsgId: MMSG-13798]
Action.c(277): Notify: Saving Parameter "flightID_17 = 78981942-13110-SC".	[MsgId: MMSG-13798]
Action.c(277): Notify: Saving Parameter "flightsNum_18 = 18".	[MsgId: MMSG-13798]
Action.c(277): Notify: Saving Parameter "flightID_18 = 78976709-13858-SC".	[MsgId: MMSG-13798]
Action.c(277): Notify: Saving Parameter "flightsNum_19 = 19".	[MsgId: MMSG-13798]
Action.c(277): Notify: Saving Parameter "flightID_19 = 78993772-14681-SC".	[MsgId: MMSG-13798]
Action.c(277): Notify: Saving Parameter "flightsNum_20 = 20".	[MsgId: MMSG-13798]
Action.c(277): Notify: Saving Parameter "flightID_20 = 78981942-15418-SC".	[MsgId: MMSG-13798]
Action.c(277): Notify: Saving Parameter "flightsNum_21 = 21".	[MsgId: MMSG-13798]
Action.c(277): Notify: Saving Parameter "flightID_21 = 78993762-16199-SC".	[MsgId: MMSG-13798]
Action.c(277): Notify: Saving Parameter "flightsNum_22 = 22".	[MsgId: MMSG-13798]
Action.c(277): Notify: Saving Parameter "flightID_22 = 78991881-16984-SC".	[MsgId: MMSG-13798]
Action.c(277): Notify: Saving Parameter "flightsNum_23 = 23".	[MsgId: MMSG-13798]
Action.c(277): Notify: Saving Parameter "flightID_23 = 78993772-17758-SC".	[MsgId: MMSG-13798]
Action.c(277): Notify: Saving Parameter "flightsNum_24 = 24".	[MsgId: MMSG-13798]
Action.c(277): Notify: Saving Parameter "flightID_24 = 78979759-18500-SC".	[MsgId: MMSG-13798]
Action.c(277): Notify: Saving Parameter "flightsNum_25 = 25".	[MsgId: MMSG-13798]
Action.c(277): Notify: Saving Parameter "flightID_25 = 78993801-19279-SC".	[MsgId: MMSG-13798]
Action.c(277): Notify: Saving Parameter "flightsNum_26 = 26".	[MsgId: MMSG-13798]
Action.c(277): Notify: Saving Parameter "flightID_26 = 78965302-20012-SC".	[MsgId: MMSG-13798]
Action.c(277): Notify: Saving Parameter "flightsNum_27 = 27".	[MsgId: MMSG-13798]
Action.c(277): Notify: Saving Parameter "flightID_27 = 78996420-20795-SC".	[MsgId: MMSG-13798]
Action.c(277): Notify: Saving Parameter "flightsNum_28 = 28".	[MsgId: MMSG-13798]
Action.c(277): Notify: Saving Parameter "flightID_28 = 78991881-21600-SC".	[MsgId: MMSG-13798]
Action.c(277): Notify: Saving Parameter "flightsNum_29 = 29".	[MsgId: MMSG-13798]
Action.c(277): Notify: Saving Parameter "flightID_29 = 78996385-22338-SC".	[MsgId: MMSG-13798]
Action.c(277): Notify: Saving Parameter "flightsNum_30 = 30".	[MsgId: MMSG-13798]
Action.c(277): Notify: Saving Parameter "flightID_30 = 78981972-23097-SC".	[MsgId: MMSG-13798]
Action.c(277): Notify: Saving Parameter "flightsNum_31 = 31".	[MsgId: MMSG-13798]
Action.c(277): Notify: Saving Parameter "flightID_31 = 78991954-23904-SC".	[MsgId: MMSG-13798]
Action.c(277): Notify: Saving Parameter "flightsNum_32 = 32".	[MsgId: MMSG-13798]
Action.c(277): Notify: Saving Parameter "flightID_32 = 78976709-24627-SC".	[MsgId: MMSG-13798]
Action.c(277): Notify: Saving Parameter "flightsNum_33 = 33".	[MsgId: MMSG-13798]
Action.c(277): Notify: Saving Parameter "flightID_33 = 78991987-25435-SC".	[MsgId: MMSG-13798]
Action.c(277): Notify: Saving Parameter "flightsNum_34 = 34".	[MsgId: MMSG-13798]
Action.c(277): Notify: Saving Parameter "flightID_34 = 78968191-26166-SC".	[MsgId: MMSG-13798]
Action.c(277): Notify: Saving Parameter "flightsNum_35 = 35".	[MsgId: MMSG-13798]
Action.c(277): Notify: Saving Parameter "flightID_35 = 78968264-26934-SC".	[MsgId: MMSG-13798]
Action.c(277): Notify: Saving Parameter "flightsNum_36 = 36".	[MsgId: MMSG-13798]
Action.c(277): Notify: Saving Parameter "flightID_36 = 78965228-27706-SC".	[MsgId: MMSG-13798]
Action.c(277): Notify: Saving Parameter "flightsNum_37 = 37".	[MsgId: MMSG-13798]
Action.c(277): Notify: Saving Parameter "flightID_37 = 78968191-28474-SC".	[MsgId: MMSG-13798]
Action.c(277): Notify: Saving Parameter "flightsNum_38 = 38".	[MsgId: MMSG-13798]
Action.c(277): Notify: Saving Parameter "flightID_38 = 78996347-29259-SC".	[MsgId: MMSG-13798]
Action.c(277): Notify: Saving Parameter "flightsNum_39 = 39".	[MsgId: MMSG-13798]
Action.c(277): Notify: Saving Parameter "flightID_39 = 78971582-30056-SC".	[MsgId: MMSG-13798]
Action.c(277): Notify: Saving Parameter "flightsNum_40 = 40".	[MsgId: MMSG-13798]
Action.c(277): Notify: Saving Parameter "flightID_40 = 78965196-30791-SC".	[MsgId: MMSG-13798]
Action.c(277): Found resource "http://localhost:1080/WebTours/images/cancelreservation.gif" in HTML "http://localhost:1080/cgi-bin/itinerary.pl"  	[MsgId: MMSG-26659]
Action.c(277): Found resource "http://localhost:1080/WebTours/images/cancelallreservations.gif" in HTML "http://localhost:1080/cgi-bin/itinerary.pl"  	[MsgId: MMSG-26659]
Action.c(277): Notify: Transaction "http://localhost:1080/WebTours/images/cancelreservation.gif" will be skipped - could not calculate the transaction time (duration=0,0026, think_time=0,0000, wasted_time=0,0104).	[MsgId: MMSG-16889]
Action.c(277): Registered web_reg_find successful for "Text=Flight Transaction Summary" (count=1)  	[MsgId: MMSG-26364]
Action.c(277): Notify: Saving Parameter "flightID_count = 40".	[MsgId: MMSG-13798]
Action.c(277): Notify: Saving Parameter "flightsNum_count = 40".	[MsgId: MMSG-13798]
Action.c(277): web_url("Itinerary Button") was successful, 51817 body bytes, 1618 header bytes, 123 chunking overhead bytes  	[MsgId: MMSG-26385]
Action.c(287): Notify: Transaction "view_itinerary" ended with a "Pass" status (Duration: 0,3707 Wasted Time: 0,0104).	[MsgId: MMSG-16871]
Action.c(289): web_add_header("Origin") started  	[MsgId: MMSG-26355]
Action.c(289): web_add_header("Origin") was successful  	[MsgId: MMSG-26392]
Action.c(292): lr_think_time: 5,00 seconds.	[MsgId: MMSG-15948]
Action.c(294): Notify: Transaction "cancel_flight" started.	[MsgId: MMSG-16999]
Action.c(296): Notify: Parameter Substitution: parameter "flightsNum_count" =  "40"	[MsgId: MMSG-13992]
Action.c(296): Notify: Parameter Substitution: parameter "flightsNum_4" =  "4"	[MsgId: MMSG-13992]
Action.c(296): Notify: Saving Parameter "randomFlightNum = 4".	[MsgId: MMSG-13798]
Action.c(299): Notify: Parameter Substitution: parameter "randomFlightNum" =  "4"	[MsgId: MMSG-13992]
Action.c(299): Notify: Saving Parameter "randFlightNumInt = 4".	[MsgId: MMSG-13798]
Action.c(302): web_reg_find started  	[MsgId: MMSG-26355]
Action.c(302): Registering web_reg_find was successful  	[MsgId: MMSG-26390]
Action.c(306): web_submit_form("itinerary.pl") started  	[MsgId: MMSG-26355]
Action.c(306): Notify: Parameter Substitution: parameter "randomFlightNum" =  "4"	[MsgId: MMSG-13992]
Action.c(306): Submitting form to "http://localhost:1080/cgi-bin/itinerary.pl", Target Frame=""  	[MsgId: MMSG-27978]
Action.c(306): Downloading resource "http://localhost:1080/cgi-bin/itinerary.pl" (specified by argument number 13)  	[MsgId: MMSG-26577]
Action.c(306): Resource "http://localhost:1080/WebTours/images/cancelreservation.gif" is in the cache already and will not be downloaded again  	[MsgId: MMSG-26655]
Action.c(306): Resource "http://localhost:1080/WebTours/images/cancelallreservations.gif" is in the cache already and will not be downloaded again  	[MsgId: MMSG-26655]
Action.c(306): Registered web_reg_find successful for "Text= Flight flightID_randFlightNumInt leaves "  	[MsgId: MMSG-26362]
Action.c(306): web_submit_form("itinerary.pl") was successful, 92606 body bytes, 512 header bytes, 198 chunking overhead bytes  	[MsgId: MMSG-26385]
Action.c(316): Notify: Transaction "cancel_flight" ended with a "Pass" status (Duration: 0,3731 Wasted Time: 0,0009).	[MsgId: MMSG-16871]
Action.c(318): web_remove_auto_header("Sec-Fetch-User") started  	[MsgId: MMSG-26355]
Action.c(318): Previous automatically added web header for "Sec-Fetch-User" removed  	[MsgId: MMSG-26587]
Action.c(318): web_remove/revert_auto_header("Sec-Fetch-User") was successful  	[MsgId: MMSG-26392]
Action.c(320): web_add_header("Sec-Fetch-User") started  	[MsgId: MMSG-26355]
Action.c(320): web_add_header("Sec-Fetch-User") was successful  	[MsgId: MMSG-26392]
Action.c(323): Think time - Waiting 5,00 seconds (according to limit).	[MsgId: MMSG-15946]
Action.c(323): lr_think_time: 5,00 seconds (recorded think time was 22,00 seconds).	[MsgId: MMSG-15947]
Action.c(325): Notify: Transaction "logout" started.	[MsgId: MMSG-16999]
Action.c(328): web_reg_find started  	[MsgId: MMSG-26355]
Action.c(328): Registering web_reg_find was successful  	[MsgId: MMSG-26390]
Action.c(331): web_url("welcome.pl") started  	[MsgId: MMSG-26355]
Action.c(331): Detected non-resource "http://localhost:1080/cgi-bin/nav.pl?in=home" in "http://localhost:1080/cgi-bin/welcome.pl?signOff=1"  	[MsgId: MMSG-26574]
Action.c(331): Detected non-resource "http://localhost:1080/WebTours/home.html" in "http://localhost:1080/cgi-bin/welcome.pl?signOff=1"  	[MsgId: MMSG-26574]
Action.c(331): Retrieving data from cache for "http://localhost:1080/WebTours/home.html"  	[MsgId: MMSG-26558]
Action.c(331): Resource "http://localhost:1080/WebTours/images/mer_login.gif" is in the cache already and will not be downloaded again  	[MsgId: MMSG-26655]
Action.c(331): Registered web_reg_find successful for "Text=A Session ID has been created and loaded into a cookie called MSO." (count=1)  	[MsgId: MMSG-26364]
Action.c(331): web_url("welcome.pl") was successful, 2176 body bytes, 584 header bytes, 24 chunking overhead bytes  	[MsgId: MMSG-26385]
Action.c(341): Notify: Transaction "logout" ended with a "Pass" status (Duration: 0,3187 Wasted Time: 0,0000).	[MsgId: MMSG-16871]
Action.c(343): Notify: Transaction "01_Cancel_flight" ended with a "Pass" status (Duration: 38,4087 Think Time: 35,0072 Wasted Time: 0,0132).	[MsgId: MMSG-16870]
Ending action Action.	[MsgId: MMSG-15918]
Action was aborted.	[MsgId: MMSG-10694]
Ending Vuser...	[MsgId: MMSG-15966]
Starting action vuser_end.	[MsgId: MMSG-15919]
Ending action vuser_end.	[MsgId: MMSG-15918]
Vuser Terminated.	[MsgId: MMSG-15963]
Vuser 0 (thread 2524), ended OK."	[MsgId: MMSG-10695]
