Virtual User Script started at: 21.09.2020 13:14:02	[MsgId: MMSG-15967]
Virtual User Script started at: 21.09.2020 13:14:02	[MsgId: MMSG-15967]
Starting action vuser_init.	[MsgId: MMSG-15919]
Starting action vuser_init.	[MsgId: MMSG-15919]
Web Turbo Replay of LoadRunner 12.55.0 for Windows 10; build 911 (июл 24 2017 19:46:00)  	[MsgId: MMSG-26983]
Web Turbo Replay of LoadRunner 12.55.0 for Windows 10; build 911 (июл 24 2017 19:46:00)  	[MsgId: MMSG-26983]
Run mode: HTML  	[MsgId: MMSG-26993]
Run mode: HTML  	[MsgId: MMSG-26993]
Replay user agent: Mozilla/5.0 (Windows NT 10.0; WOW64) AppleWebKit/537.36 (KHTML, like Gecko) Chrome/85.0.4183.102 Safari/537.36  	[MsgId: MMSG-26988]
Replay user agent: Mozilla/5.0 (Windows NT 10.0; WOW64) AppleWebKit/537.36 (KHTML, like Gecko) Chrome/85.0.4183.102 Safari/537.36  	[MsgId: MMSG-26988]
Run-Time Settings file: "C:\Users\Сабина\AppData\Local\Temp\lr5tmpdiriz0.284\lrcfgJgc.285\cfguvz.304"  	[MsgId: MMSG-27141]
Run-Time Settings file: "C:\Users\Сабина\AppData\Local\Temp\lr5tmpdiriz0.284\lrcfgJgc.285\cfguvz.304"  	[MsgId: MMSG-27141]
Ending action vuser_init.	[MsgId: MMSG-15918]
Ending action vuser_init.	[MsgId: MMSG-15918]
Running Vuser...	[MsgId: MMSG-15964]
Running Vuser...	[MsgId: MMSG-15964]
Starting iteration 1.	[MsgId: MMSG-15968]
Maximum number of concurrent connections per server: 6  	[MsgId: MMSG-26989]
Starting action Action.	[MsgId: MMSG-15919]
Action.c(3): Notify: Transaction "05_Login_and_logout" started.	[MsgId: MMSG-16999]
Action.c(5): web_set_sockets_option started  	[MsgId: MMSG-26355]
Action.c(5): web_set_sockets_option was successful  	[MsgId: MMSG-26392]
Action.c(7): web_add_auto_header("Sec-Fetch-Site") started  	[MsgId: MMSG-26355]
Action.c(7): web_add_auto_header("Sec-Fetch-Site") was successful  	[MsgId: MMSG-26392]
Action.c(10): web_add_auto_header("Sec-Fetch-Dest") started  	[MsgId: MMSG-26355]
Action.c(10): web_add_auto_header("Sec-Fetch-Dest") was successful  	[MsgId: MMSG-26392]
Action.c(13): web_add_auto_header("Sec-Fetch-Mode") started  	[MsgId: MMSG-26355]
Action.c(13): web_add_auto_header("Sec-Fetch-Mode") was successful  	[MsgId: MMSG-26392]
Action.c(16): web_add_auto_header("Sec-Fetch-User") started  	[MsgId: MMSG-26355]
Action.c(16): web_add_auto_header("Sec-Fetch-User") was successful  	[MsgId: MMSG-26392]
Action.c(19): web_add_auto_header("Upgrade-Insecure-Requests") started  	[MsgId: MMSG-26355]
Action.c(19): web_add_auto_header("Upgrade-Insecure-Requests") was successful  	[MsgId: MMSG-26392]
Action.c(23): web_reg_save_param started  	[MsgId: MMSG-26355]
Action.c(23): Registering web_reg_save_param was successful  	[MsgId: MMSG-26390]
Action.c(29): web_reg_find started  	[MsgId: MMSG-26355]
Action.c(29): Registering web_reg_find was successful  	[MsgId: MMSG-26390]
Action.c(32): Notify: Transaction "connection" started.	[MsgId: MMSG-16999]
Action.c(34): web_url("WebTours") started  	[MsgId: MMSG-26355]
Action.c(34): Error -27792: Failed to connect to server "localhost:1080": [10061] Connection refused  	[MsgId: MERR-27792]
Action.c(34): Error -26377: No match found for the requested parameter "userSession". Either the specified boundaries were not found in the response or the matched text is longer than current max html parameter size of 256 bytes. The total length of the response is 0 bytes. You can use "web_set_max_html_param_len" to increase the max parameter size.  	[MsgId: MERR-26377]
Action.c(34): Error -26366: "Text=A Session ID has been created and loaded into a cookie called MSO." not found for web_reg_find  	[MsgId: MERR-26366]
Action.c(34): Error -26374: The above "not found" error(s) may be explained by header and body byte counts being 0 and 0, respectively.  	[MsgId: MERR-26374]
Action.c(34): web_url("WebTours") highest severity level was "ERROR", 0 body bytes, 0 header bytes  	[MsgId: MMSG-26388]
Action.c(34): Notify: Transaction "connection" ended with a "Fail" status (Duration: 2,0433).	[MsgId: MMSG-16873]
Action.c(34): Notify: Transaction "connection" has 4 error message(s).	[MsgId: MMSG-16818]
Action.c(34): Notify: The 1st error message associated with transaction "connection" is "Error -27792: Failed to connect to server "localhost:1080": [10061] Connection refused"	[MsgId: MMSG-16819]
Action.c(34): Notify: The 2nd error message associated with transaction "connection" is "Error -26377: No match found for the requested parameter "userSession". Either the specified boundaries were not found in the response or the matched text is longer than current max html parameter size of 256 bytes. The total length of the response is 0 bytes. You can use "web_set_max_html_param_len" to increase the max parameter size."	[MsgId: MMSG-16819]
Action.c(34): Notify: The 3rd error message associated with transaction "connection" is "Error -26366: "Text=A Session ID has been created and loaded into a cookie called MSO." not found for web_reg_find"	[MsgId: MMSG-16819]
Action.c(34): Notify: The 4th error message associated with transaction "connection" is "Error -26374: The above "not found" error(s) may be explained by header and body byte counts being 0 and 0, respectively."	[MsgId: MMSG-16819]
Action.c(34): Notify: Transaction "05_Login_and_logout" ended with a "Fail" status (Duration: 2,0466).	[MsgId: MMSG-16873]
Action.c(34): Notify: Transaction "05_Login_and_logout" has 4 error message(s).	[MsgId: MMSG-16818]
Action.c(34): Notify: The 1st error message associated with transaction "05_Login_and_logout" is "Error -27792: Failed to connect to server "localhost:1080": [10061] Connection refused"	[MsgId: MMSG-16819]
Action.c(34): Notify: The 2nd error message associated with transaction "05_Login_and_logout" is "Error -26377: No match found for the requested parameter "userSession". Either the specified boundaries were not found in the response or the matched text is longer than current max html parameter size of 256 bytes. The total length of the response is 0 bytes. You can use "web_set_max_html_param_len" to increase the max parameter size."	[MsgId: MMSG-16819]
Action.c(34): Notify: The 3rd error message associated with transaction "05_Login_and_logout" is "Error -26366: "Text=A Session ID has been created and loaded into a cookie called MSO." not found for web_reg_find"	[MsgId: MMSG-16819]
Action.c(34): Notify: The 4th error message associated with transaction "05_Login_and_logout" is "Error -26374: The above "not found" error(s) may be explained by header and body byte counts being 0 and 0, respectively."	[MsgId: MMSG-16819]
Ending action Action.	[MsgId: MMSG-15918]
Ending iteration 1.	[MsgId: MMSG-15965]
Waiting 42,9490 seconds for iteration pacing.	[MsgId: MMSG-15996]
Starting iteration 2.	[MsgId: MMSG-15968]
Starting action Action.	[MsgId: MMSG-15919]
Action.c(3): Notify: Transaction "05_Login_and_logout" started.	[MsgId: MMSG-16999]
Action.c(5): web_set_sockets_option started  	[MsgId: MMSG-26355]
Action.c(5): web_set_sockets_option was successful  	[MsgId: MMSG-26392]
Action.c(7): web_add_auto_header("Sec-Fetch-Site") started  	[MsgId: MMSG-26355]
Action.c(7): web_add_auto_header("Sec-Fetch-Site") was successful  	[MsgId: MMSG-26392]
Action.c(10): web_add_auto_header("Sec-Fetch-Dest") started  	[MsgId: MMSG-26355]
Action.c(10): web_add_auto_header("Sec-Fetch-Dest") was successful  	[MsgId: MMSG-26392]
Action.c(13): web_add_auto_header("Sec-Fetch-Mode") started  	[MsgId: MMSG-26355]
Action.c(13): web_add_auto_header("Sec-Fetch-Mode") was successful  	[MsgId: MMSG-26392]
Action.c(16): web_add_auto_header("Sec-Fetch-User") started  	[MsgId: MMSG-26355]
Action.c(16): web_add_auto_header("Sec-Fetch-User") was successful  	[MsgId: MMSG-26392]
Action.c(19): web_add_auto_header("Upgrade-Insecure-Requests") started  	[MsgId: MMSG-26355]
Action.c(19): web_add_auto_header("Upgrade-Insecure-Requests") was successful  	[MsgId: MMSG-26392]
Action.c(23): web_reg_save_param started  	[MsgId: MMSG-26355]
Action.c(23): Registering web_reg_save_param was successful  	[MsgId: MMSG-26390]
Action.c(29): web_reg_find started  	[MsgId: MMSG-26355]
Action.c(29): Registering web_reg_find was successful  	[MsgId: MMSG-26390]
Action.c(32): Notify: Transaction "connection" started.	[MsgId: MMSG-16999]
Action.c(34): web_url("WebTours") started  	[MsgId: MMSG-26355]
Action.c(34): Error -27792: Failed to connect to server "localhost:1080": [10061] Connection refused  	[MsgId: MERR-27792]
Action.c(34): Error -26377: No match found for the requested parameter "userSession". Either the specified boundaries were not found in the response or the matched text is longer than current max html parameter size of 256 bytes. The total length of the response is 0 bytes. You can use "web_set_max_html_param_len" to increase the max parameter size.  	[MsgId: MERR-26377]
Action.c(34): Error -26366: "Text=A Session ID has been created and loaded into a cookie called MSO." not found for web_reg_find  	[MsgId: MERR-26366]
Action.c(34): Error -26374: The above "not found" error(s) may be explained by header and body byte counts being 0 and 0, respectively.  	[MsgId: MERR-26374]
Action.c(34): web_url("WebTours") highest severity level was "ERROR", 0 body bytes, 0 header bytes  	[MsgId: MMSG-26388]
Action.c(34): Notify: Transaction "connection" ended with a "Fail" status (Duration: 2,0159).	[MsgId: MMSG-16873]
Action.c(34): Notify: Transaction "connection" has 4 error message(s).	[MsgId: MMSG-16818]
Action.c(34): Notify: The 1st error message associated with transaction "connection" is "Error -27792: Failed to connect to server "localhost:1080": [10061] Connection refused"	[MsgId: MMSG-16819]
Action.c(34): Notify: The 2nd error message associated with transaction "connection" is "Error -26377: No match found for the requested parameter "userSession". Either the specified boundaries were not found in the response or the matched text is longer than current max html parameter size of 256 bytes. The total length of the response is 0 bytes. You can use "web_set_max_html_param_len" to increase the max parameter size."	[MsgId: MMSG-16819]
Action.c(34): Notify: The 3rd error message associated with transaction "connection" is "Error -26366: "Text=A Session ID has been created and loaded into a cookie called MSO." not found for web_reg_find"	[MsgId: MMSG-16819]
Action.c(34): Notify: The 4th error message associated with transaction "connection" is "Error -26374: The above "not found" error(s) may be explained by header and body byte counts being 0 and 0, respectively."	[MsgId: MMSG-16819]
Action.c(34): Notify: Transaction "05_Login_and_logout" ended with a "Fail" status (Duration: 2,0189).	[MsgId: MMSG-16873]
Action.c(34): Notify: Transaction "05_Login_and_logout" has 4 error message(s).	[MsgId: MMSG-16818]
Action.c(34): Notify: The 1st error message associated with transaction "05_Login_and_logout" is "Error -27792: Failed to connect to server "localhost:1080": [10061] Connection refused"	[MsgId: MMSG-16819]
Action.c(34): Notify: The 2nd error message associated with transaction "05_Login_and_logout" is "Error -26377: No match found for the requested parameter "userSession". Either the specified boundaries were not found in the response or the matched text is longer than current max html parameter size of 256 bytes. The total length of the response is 0 bytes. You can use "web_set_max_html_param_len" to increase the max parameter size."	[MsgId: MMSG-16819]
Action.c(34): Notify: The 3rd error message associated with transaction "05_Login_and_logout" is "Error -26366: "Text=A Session ID has been created and loaded into a cookie called MSO." not found for web_reg_find"	[MsgId: MMSG-16819]
Action.c(34): Notify: The 4th error message associated with transaction "05_Login_and_logout" is "Error -26374: The above "not found" error(s) may be explained by header and body byte counts being 0 and 0, respectively."	[MsgId: MMSG-16819]
Ending action Action.	[MsgId: MMSG-15918]
Ending iteration 2.	[MsgId: MMSG-15965]
Waiting 42,9110 seconds for iteration pacing.	[MsgId: MMSG-15996]
Starting iteration 1.	[MsgId: MMSG-15968]
Maximum number of concurrent connections per server: 6  	[MsgId: MMSG-26989]
Starting action Action.	[MsgId: MMSG-15919]
Action.c(3): Notify: Transaction "05_Login_and_logout" started.	[MsgId: MMSG-16999]
Action.c(5): web_set_sockets_option started  	[MsgId: MMSG-26355]
Action.c(5): web_set_sockets_option was successful  	[MsgId: MMSG-26392]
Action.c(7): web_add_auto_header("Sec-Fetch-Site") started  	[MsgId: MMSG-26355]
Action.c(7): web_add_auto_header("Sec-Fetch-Site") was successful  	[MsgId: MMSG-26392]
Action.c(10): web_add_auto_header("Sec-Fetch-Dest") started  	[MsgId: MMSG-26355]
Action.c(10): web_add_auto_header("Sec-Fetch-Dest") was successful  	[MsgId: MMSG-26392]
Action.c(13): web_add_auto_header("Sec-Fetch-Mode") started  	[MsgId: MMSG-26355]
Action.c(13): web_add_auto_header("Sec-Fetch-Mode") was successful  	[MsgId: MMSG-26392]
Action.c(16): web_add_auto_header("Sec-Fetch-User") started  	[MsgId: MMSG-26355]
Action.c(16): web_add_auto_header("Sec-Fetch-User") was successful  	[MsgId: MMSG-26392]
Action.c(19): web_add_auto_header("Upgrade-Insecure-Requests") started  	[MsgId: MMSG-26355]
Action.c(19): web_add_auto_header("Upgrade-Insecure-Requests") was successful  	[MsgId: MMSG-26392]
Action.c(23): web_reg_save_param started  	[MsgId: MMSG-26355]
Action.c(23): Registering web_reg_save_param was successful  	[MsgId: MMSG-26390]
Action.c(29): web_reg_find started  	[MsgId: MMSG-26355]
Action.c(29): Registering web_reg_find was successful  	[MsgId: MMSG-26390]
Action.c(32): Notify: Transaction "connection" started.	[MsgId: MMSG-16999]
Action.c(34): web_url("WebTours") started  	[MsgId: MMSG-26355]
Action.c(34): Error -27792: Failed to connect to server "localhost:1080": [10061] Connection refused  	[MsgId: MERR-27792]
Action.c(34): Error -26377: No match found for the requested parameter "userSession". Either the specified boundaries were not found in the response or the matched text is longer than current max html parameter size of 256 bytes. The total length of the response is 0 bytes. You can use "web_set_max_html_param_len" to increase the max parameter size.  	[MsgId: MERR-26377]
Action.c(34): Error -26366: "Text=A Session ID has been created and loaded into a cookie called MSO." not found for web_reg_find  	[MsgId: MERR-26366]
Action.c(34): Error -26374: The above "not found" error(s) may be explained by header and body byte counts being 0 and 0, respectively.  	[MsgId: MERR-26374]
Action.c(34): web_url("WebTours") highest severity level was "ERROR", 0 body bytes, 0 header bytes  	[MsgId: MMSG-26388]
Action.c(34): Notify: Transaction "connection" ended with a "Fail" status (Duration: 2,0438).	[MsgId: MMSG-16873]
Action.c(34): Notify: Transaction "connection" has 4 error message(s).	[MsgId: MMSG-16818]
Action.c(34): Notify: The 1st error message associated with transaction "connection" is "Error -27792: Failed to connect to server "localhost:1080": [10061] Connection refused"	[MsgId: MMSG-16819]
Action.c(34): Notify: The 2nd error message associated with transaction "connection" is "Error -26377: No match found for the requested parameter "userSession". Either the specified boundaries were not found in the response or the matched text is longer than current max html parameter size of 256 bytes. The total length of the response is 0 bytes. You can use "web_set_max_html_param_len" to increase the max parameter size."	[MsgId: MMSG-16819]
Action.c(34): Notify: The 3rd error message associated with transaction "connection" is "Error -26366: "Text=A Session ID has been created and loaded into a cookie called MSO." not found for web_reg_find"	[MsgId: MMSG-16819]
Action.c(34): Notify: The 4th error message associated with transaction "connection" is "Error -26374: The above "not found" error(s) may be explained by header and body byte counts being 0 and 0, respectively."	[MsgId: MMSG-16819]
Action.c(34): Notify: Transaction "05_Login_and_logout" ended with a "Fail" status (Duration: 2,0470).	[MsgId: MMSG-16873]
Action.c(34): Notify: Transaction "05_Login_and_logout" has 4 error message(s).	[MsgId: MMSG-16818]
Action.c(34): Notify: The 1st error message associated with transaction "05_Login_and_logout" is "Error -27792: Failed to connect to server "localhost:1080": [10061] Connection refused"	[MsgId: MMSG-16819]
Action.c(34): Notify: The 2nd error message associated with transaction "05_Login_and_logout" is "Error -26377: No match found for the requested parameter "userSession". Either the specified boundaries were not found in the response or the matched text is longer than current max html parameter size of 256 bytes. The total length of the response is 0 bytes. You can use "web_set_max_html_param_len" to increase the max parameter size."	[MsgId: MMSG-16819]
Action.c(34): Notify: The 3rd error message associated with transaction "05_Login_and_logout" is "Error -26366: "Text=A Session ID has been created and loaded into a cookie called MSO." not found for web_reg_find"	[MsgId: MMSG-16819]
Action.c(34): Notify: The 4th error message associated with transaction "05_Login_and_logout" is "Error -26374: The above "not found" error(s) may be explained by header and body byte counts being 0 and 0, respectively."	[MsgId: MMSG-16819]
Ending action Action.	[MsgId: MMSG-15918]
Ending iteration 1.	[MsgId: MMSG-15965]
Waiting 42,9500 seconds for iteration pacing.	[MsgId: MMSG-15996]
Starting iteration 3.	[MsgId: MMSG-15968]
Starting action Action.	[MsgId: MMSG-15919]
Action.c(3): Notify: Transaction "05_Login_and_logout" started.	[MsgId: MMSG-16999]
Action.c(5): web_set_sockets_option started  	[MsgId: MMSG-26355]
Action.c(5): web_set_sockets_option was successful  	[MsgId: MMSG-26392]
Action.c(7): web_add_auto_header("Sec-Fetch-Site") started  	[MsgId: MMSG-26355]
Action.c(7): web_add_auto_header("Sec-Fetch-Site") was successful  	[MsgId: MMSG-26392]
Action.c(10): web_add_auto_header("Sec-Fetch-Dest") started  	[MsgId: MMSG-26355]
Action.c(10): web_add_auto_header("Sec-Fetch-Dest") was successful  	[MsgId: MMSG-26392]
Action.c(13): web_add_auto_header("Sec-Fetch-Mode") started  	[MsgId: MMSG-26355]
Action.c(13): web_add_auto_header("Sec-Fetch-Mode") was successful  	[MsgId: MMSG-26392]
Action.c(16): web_add_auto_header("Sec-Fetch-User") started  	[MsgId: MMSG-26355]
Action.c(16): web_add_auto_header("Sec-Fetch-User") was successful  	[MsgId: MMSG-26392]
Action.c(19): web_add_auto_header("Upgrade-Insecure-Requests") started  	[MsgId: MMSG-26355]
Action.c(19): web_add_auto_header("Upgrade-Insecure-Requests") was successful  	[MsgId: MMSG-26392]
Action.c(23): web_reg_save_param started  	[MsgId: MMSG-26355]
Action.c(23): Registering web_reg_save_param was successful  	[MsgId: MMSG-26390]
Action.c(29): web_reg_find started  	[MsgId: MMSG-26355]
Action.c(29): Registering web_reg_find was successful  	[MsgId: MMSG-26390]
Action.c(32): Notify: Transaction "connection" started.	[MsgId: MMSG-16999]
Action.c(34): web_url("WebTours") started  	[MsgId: MMSG-26355]
Action.c(34): Error -27792: Failed to connect to server "localhost:1080": [10061] Connection refused  	[MsgId: MERR-27792]
Action.c(34): Error -26377: No match found for the requested parameter "userSession". Either the specified boundaries were not found in the response or the matched text is longer than current max html parameter size of 256 bytes. The total length of the response is 0 bytes. You can use "web_set_max_html_param_len" to increase the max parameter size.  	[MsgId: MERR-26377]
Action.c(34): Error -26366: "Text=A Session ID has been created and loaded into a cookie called MSO." not found for web_reg_find  	[MsgId: MERR-26366]
Action.c(34): Error -26374: The above "not found" error(s) may be explained by header and body byte counts being 0 and 0, respectively.  	[MsgId: MERR-26374]
Action.c(34): web_url("WebTours") highest severity level was "ERROR", 0 body bytes, 0 header bytes  	[MsgId: MMSG-26388]
Action.c(34): Notify: Transaction "connection" ended with a "Fail" status (Duration: 2,0449).	[MsgId: MMSG-16873]
Action.c(34): Notify: Transaction "connection" has 4 error message(s).	[MsgId: MMSG-16818]
Action.c(34): Notify: The 1st error message associated with transaction "connection" is "Error -27792: Failed to connect to server "localhost:1080": [10061] Connection refused"	[MsgId: MMSG-16819]
Action.c(34): Notify: The 2nd error message associated with transaction "connection" is "Error -26377: No match found for the requested parameter "userSession". Either the specified boundaries were not found in the response or the matched text is longer than current max html parameter size of 256 bytes. The total length of the response is 0 bytes. You can use "web_set_max_html_param_len" to increase the max parameter size."	[MsgId: MMSG-16819]
Action.c(34): Notify: The 3rd error message associated with transaction "connection" is "Error -26366: "Text=A Session ID has been created and loaded into a cookie called MSO." not found for web_reg_find"	[MsgId: MMSG-16819]
Action.c(34): Notify: The 4th error message associated with transaction "connection" is "Error -26374: The above "not found" error(s) may be explained by header and body byte counts being 0 and 0, respectively."	[MsgId: MMSG-16819]
Action.c(34): Notify: Transaction "05_Login_and_logout" ended with a "Fail" status (Duration: 2,0480).	[MsgId: MMSG-16873]
Action.c(34): Notify: Transaction "05_Login_and_logout" has 4 error message(s).	[MsgId: MMSG-16818]
Action.c(34): Notify: The 1st error message associated with transaction "05_Login_and_logout" is "Error -27792: Failed to connect to server "localhost:1080": [10061] Connection refused"	[MsgId: MMSG-16819]
Action.c(34): Notify: The 2nd error message associated with transaction "05_Login_and_logout" is "Error -26377: No match found for the requested parameter "userSession". Either the specified boundaries were not found in the response or the matched text is longer than current max html parameter size of 256 bytes. The total length of the response is 0 bytes. You can use "web_set_max_html_param_len" to increase the max parameter size."	[MsgId: MMSG-16819]
Action.c(34): Notify: The 3rd error message associated with transaction "05_Login_and_logout" is "Error -26366: "Text=A Session ID has been created and loaded into a cookie called MSO." not found for web_reg_find"	[MsgId: MMSG-16819]
Action.c(34): Notify: The 4th error message associated with transaction "05_Login_and_logout" is "Error -26374: The above "not found" error(s) may be explained by header and body byte counts being 0 and 0, respectively."	[MsgId: MMSG-16819]
Ending action Action.	[MsgId: MMSG-15918]
Ending iteration 3.	[MsgId: MMSG-15965]
Waiting 42,9490 seconds for iteration pacing.	[MsgId: MMSG-15996]
Starting iteration 2.	[MsgId: MMSG-15968]
Starting action Action.	[MsgId: MMSG-15919]
Action.c(3): Notify: Transaction "05_Login_and_logout" started.	[MsgId: MMSG-16999]
Action.c(5): web_set_sockets_option started  	[MsgId: MMSG-26355]
Action.c(5): web_set_sockets_option was successful  	[MsgId: MMSG-26392]
Action.c(7): web_add_auto_header("Sec-Fetch-Site") started  	[MsgId: MMSG-26355]
Action.c(7): web_add_auto_header("Sec-Fetch-Site") was successful  	[MsgId: MMSG-26392]
Action.c(10): web_add_auto_header("Sec-Fetch-Dest") started  	[MsgId: MMSG-26355]
Action.c(10): web_add_auto_header("Sec-Fetch-Dest") was successful  	[MsgId: MMSG-26392]
Action.c(13): web_add_auto_header("Sec-Fetch-Mode") started  	[MsgId: MMSG-26355]
Action.c(13): web_add_auto_header("Sec-Fetch-Mode") was successful  	[MsgId: MMSG-26392]
Action.c(16): web_add_auto_header("Sec-Fetch-User") started  	[MsgId: MMSG-26355]
Action.c(16): web_add_auto_header("Sec-Fetch-User") was successful  	[MsgId: MMSG-26392]
Action.c(19): web_add_auto_header("Upgrade-Insecure-Requests") started  	[MsgId: MMSG-26355]
Action.c(19): web_add_auto_header("Upgrade-Insecure-Requests") was successful  	[MsgId: MMSG-26392]
Action.c(23): web_reg_save_param started  	[MsgId: MMSG-26355]
Action.c(23): Registering web_reg_save_param was successful  	[MsgId: MMSG-26390]
Action.c(29): web_reg_find started  	[MsgId: MMSG-26355]
Action.c(29): Registering web_reg_find was successful  	[MsgId: MMSG-26390]
Action.c(32): Notify: Transaction "connection" started.	[MsgId: MMSG-16999]
Action.c(34): web_url("WebTours") started  	[MsgId: MMSG-26355]
Action.c(34): Error -27792: Failed to connect to server "localhost:1080": [10061] Connection refused  	[MsgId: MERR-27792]
Action.c(34): Error -26377: No match found for the requested parameter "userSession". Either the specified boundaries were not found in the response or the matched text is longer than current max html parameter size of 256 bytes. The total length of the response is 0 bytes. You can use "web_set_max_html_param_len" to increase the max parameter size.  	[MsgId: MERR-26377]
Action.c(34): Error -26366: "Text=A Session ID has been created and loaded into a cookie called MSO." not found for web_reg_find  	[MsgId: MERR-26366]
Action.c(34): Error -26374: The above "not found" error(s) may be explained by header and body byte counts being 0 and 0, respectively.  	[MsgId: MERR-26374]
Action.c(34): web_url("WebTours") highest severity level was "ERROR", 0 body bytes, 0 header bytes  	[MsgId: MMSG-26388]
Action.c(34): Notify: Transaction "connection" ended with a "Fail" status (Duration: 2,0602).	[MsgId: MMSG-16873]
Action.c(34): Notify: Transaction "connection" has 4 error message(s).	[MsgId: MMSG-16818]
Action.c(34): Notify: The 1st error message associated with transaction "connection" is "Error -27792: Failed to connect to server "localhost:1080": [10061] Connection refused"	[MsgId: MMSG-16819]
Action.c(34): Notify: The 2nd error message associated with transaction "connection" is "Error -26377: No match found for the requested parameter "userSession". Either the specified boundaries were not found in the response or the matched text is longer than current max html parameter size of 256 bytes. The total length of the response is 0 bytes. You can use "web_set_max_html_param_len" to increase the max parameter size."	[MsgId: MMSG-16819]
Action.c(34): Notify: The 3rd error message associated with transaction "connection" is "Error -26366: "Text=A Session ID has been created and loaded into a cookie called MSO." not found for web_reg_find"	[MsgId: MMSG-16819]
Action.c(34): Notify: The 4th error message associated with transaction "connection" is "Error -26374: The above "not found" error(s) may be explained by header and body byte counts being 0 and 0, respectively."	[MsgId: MMSG-16819]
Action.c(34): Notify: Transaction "05_Login_and_logout" ended with a "Fail" status (Duration: 2,0629).	[MsgId: MMSG-16873]
Action.c(34): Notify: Transaction "05_Login_and_logout" has 4 error message(s).	[MsgId: MMSG-16818]
Action.c(34): Notify: The 1st error message associated with transaction "05_Login_and_logout" is "Error -27792: Failed to connect to server "localhost:1080": [10061] Connection refused"	[MsgId: MMSG-16819]
Action.c(34): Notify: The 2nd error message associated with transaction "05_Login_and_logout" is "Error -26377: No match found for the requested parameter "userSession". Either the specified boundaries were not found in the response or the matched text is longer than current max html parameter size of 256 bytes. The total length of the response is 0 bytes. You can use "web_set_max_html_param_len" to increase the max parameter size."	[MsgId: MMSG-16819]
Action.c(34): Notify: The 3rd error message associated with transaction "05_Login_and_logout" is "Error -26366: "Text=A Session ID has been created and loaded into a cookie called MSO." not found for web_reg_find"	[MsgId: MMSG-16819]
Action.c(34): Notify: The 4th error message associated with transaction "05_Login_and_logout" is "Error -26374: The above "not found" error(s) may be explained by header and body byte counts being 0 and 0, respectively."	[MsgId: MMSG-16819]
Ending action Action.	[MsgId: MMSG-15918]
Ending iteration 2.	[MsgId: MMSG-15965]
Waiting 42,9350 seconds for iteration pacing.	[MsgId: MMSG-15996]
Starting iteration 4.	[MsgId: MMSG-15968]
Starting action Action.	[MsgId: MMSG-15919]
Action.c(3): Notify: Transaction "05_Login_and_logout" started.	[MsgId: MMSG-16999]
Action.c(5): web_set_sockets_option started  	[MsgId: MMSG-26355]
Action.c(5): web_set_sockets_option was successful  	[MsgId: MMSG-26392]
Action.c(7): web_add_auto_header("Sec-Fetch-Site") started  	[MsgId: MMSG-26355]
Action.c(7): web_add_auto_header("Sec-Fetch-Site") was successful  	[MsgId: MMSG-26392]
Action.c(10): web_add_auto_header("Sec-Fetch-Dest") started  	[MsgId: MMSG-26355]
Action.c(10): web_add_auto_header("Sec-Fetch-Dest") was successful  	[MsgId: MMSG-26392]
Action.c(13): web_add_auto_header("Sec-Fetch-Mode") started  	[MsgId: MMSG-26355]
Action.c(13): web_add_auto_header("Sec-Fetch-Mode") was successful  	[MsgId: MMSG-26392]
Action.c(16): web_add_auto_header("Sec-Fetch-User") started  	[MsgId: MMSG-26355]
Action.c(16): web_add_auto_header("Sec-Fetch-User") was successful  	[MsgId: MMSG-26392]
Action.c(19): web_add_auto_header("Upgrade-Insecure-Requests") started  	[MsgId: MMSG-26355]
Action.c(19): web_add_auto_header("Upgrade-Insecure-Requests") was successful  	[MsgId: MMSG-26392]
Action.c(23): web_reg_save_param started  	[MsgId: MMSG-26355]
Action.c(23): Registering web_reg_save_param was successful  	[MsgId: MMSG-26390]
Action.c(29): web_reg_find started  	[MsgId: MMSG-26355]
Action.c(29): Registering web_reg_find was successful  	[MsgId: MMSG-26390]
Action.c(32): Notify: Transaction "connection" started.	[MsgId: MMSG-16999]
Action.c(34): web_url("WebTours") started  	[MsgId: MMSG-26355]
Action.c(34): Error -27792: Failed to connect to server "localhost:1080": [10061] Connection refused  	[MsgId: MERR-27792]
Action.c(34): Error -26377: No match found for the requested parameter "userSession". Either the specified boundaries were not found in the response or the matched text is longer than current max html parameter size of 256 bytes. The total length of the response is 0 bytes. You can use "web_set_max_html_param_len" to increase the max parameter size.  	[MsgId: MERR-26377]
Action.c(34): Error -26366: "Text=A Session ID has been created and loaded into a cookie called MSO." not found for web_reg_find  	[MsgId: MERR-26366]
Action.c(34): Error -26374: The above "not found" error(s) may be explained by header and body byte counts being 0 and 0, respectively.  	[MsgId: MERR-26374]
Action.c(34): web_url("WebTours") highest severity level was "ERROR", 0 body bytes, 0 header bytes  	[MsgId: MMSG-26388]
Action.c(34): Notify: Transaction "connection" ended with a "Fail" status (Duration: 2,0441).	[MsgId: MMSG-16873]
Action.c(34): Notify: Transaction "connection" has 4 error message(s).	[MsgId: MMSG-16818]
Action.c(34): Notify: The 1st error message associated with transaction "connection" is "Error -27792: Failed to connect to server "localhost:1080": [10061] Connection refused"	[MsgId: MMSG-16819]
Action.c(34): Notify: The 2nd error message associated with transaction "connection" is "Error -26377: No match found for the requested parameter "userSession". Either the specified boundaries were not found in the response or the matched text is longer than current max html parameter size of 256 bytes. The total length of the response is 0 bytes. You can use "web_set_max_html_param_len" to increase the max parameter size."	[MsgId: MMSG-16819]
Action.c(34): Notify: The 3rd error message associated with transaction "connection" is "Error -26366: "Text=A Session ID has been created and loaded into a cookie called MSO." not found for web_reg_find"	[MsgId: MMSG-16819]
Action.c(34): Notify: The 4th error message associated with transaction "connection" is "Error -26374: The above "not found" error(s) may be explained by header and body byte counts being 0 and 0, respectively."	[MsgId: MMSG-16819]
Action.c(34): Notify: Transaction "05_Login_and_logout" ended with a "Fail" status (Duration: 2,0468).	[MsgId: MMSG-16873]
Action.c(34): Notify: Transaction "05_Login_and_logout" has 4 error message(s).	[MsgId: MMSG-16818]
Action.c(34): Notify: The 1st error message associated with transaction "05_Login_and_logout" is "Error -27792: Failed to connect to server "localhost:1080": [10061] Connection refused"	[MsgId: MMSG-16819]
Action.c(34): Notify: The 2nd error message associated with transaction "05_Login_and_logout" is "Error -26377: No match found for the requested parameter "userSession". Either the specified boundaries were not found in the response or the matched text is longer than current max html parameter size of 256 bytes. The total length of the response is 0 bytes. You can use "web_set_max_html_param_len" to increase the max parameter size."	[MsgId: MMSG-16819]
Action.c(34): Notify: The 3rd error message associated with transaction "05_Login_and_logout" is "Error -26366: "Text=A Session ID has been created and loaded into a cookie called MSO." not found for web_reg_find"	[MsgId: MMSG-16819]
Action.c(34): Notify: The 4th error message associated with transaction "05_Login_and_logout" is "Error -26374: The above "not found" error(s) may be explained by header and body byte counts being 0 and 0, respectively."	[MsgId: MMSG-16819]
Ending action Action.	[MsgId: MMSG-15918]
Ending Vuser...	[MsgId: MMSG-15966]
Starting action vuser_end.	[MsgId: MMSG-15919]
Ending action vuser_end.	[MsgId: MMSG-15918]
Vuser Terminated.	[MsgId: MMSG-15963]
Starting iteration 3.	[MsgId: MMSG-15968]
Starting action Action.	[MsgId: MMSG-15919]
Action.c(3): Notify: Transaction "05_Login_and_logout" started.	[MsgId: MMSG-16999]
Action.c(5): web_set_sockets_option started  	[MsgId: MMSG-26355]
Action.c(5): web_set_sockets_option was successful  	[MsgId: MMSG-26392]
Action.c(7): web_add_auto_header("Sec-Fetch-Site") started  	[MsgId: MMSG-26355]
Action.c(7): web_add_auto_header("Sec-Fetch-Site") was successful  	[MsgId: MMSG-26392]
Action.c(10): web_add_auto_header("Sec-Fetch-Dest") started  	[MsgId: MMSG-26355]
Action.c(10): web_add_auto_header("Sec-Fetch-Dest") was successful  	[MsgId: MMSG-26392]
Action.c(13): web_add_auto_header("Sec-Fetch-Mode") started  	[MsgId: MMSG-26355]
Action.c(13): web_add_auto_header("Sec-Fetch-Mode") was successful  	[MsgId: MMSG-26392]
Action.c(16): web_add_auto_header("Sec-Fetch-User") started  	[MsgId: MMSG-26355]
Action.c(16): web_add_auto_header("Sec-Fetch-User") was successful  	[MsgId: MMSG-26392]
Action.c(19): web_add_auto_header("Upgrade-Insecure-Requests") started  	[MsgId: MMSG-26355]
Action.c(19): web_add_auto_header("Upgrade-Insecure-Requests") was successful  	[MsgId: MMSG-26392]
Action.c(23): web_reg_save_param started  	[MsgId: MMSG-26355]
Action.c(23): Registering web_reg_save_param was successful  	[MsgId: MMSG-26390]
Action.c(29): web_reg_find started  	[MsgId: MMSG-26355]
Action.c(29): Registering web_reg_find was successful  	[MsgId: MMSG-26390]
Action.c(32): Notify: Transaction "connection" started.	[MsgId: MMSG-16999]
Action.c(34): web_url("WebTours") started  	[MsgId: MMSG-26355]
Action.c(34): Error -27792: Failed to connect to server "localhost:1080": [10061] Connection refused  	[MsgId: MERR-27792]
Action.c(34): Error -26377: No match found for the requested parameter "userSession". Either the specified boundaries were not found in the response or the matched text is longer than current max html parameter size of 256 bytes. The total length of the response is 0 bytes. You can use "web_set_max_html_param_len" to increase the max parameter size.  	[MsgId: MERR-26377]
Action.c(34): Error -26366: "Text=A Session ID has been created and loaded into a cookie called MSO." not found for web_reg_find  	[MsgId: MERR-26366]
Action.c(34): Error -26374: The above "not found" error(s) may be explained by header and body byte counts being 0 and 0, respectively.  	[MsgId: MERR-26374]
Action.c(34): web_url("WebTours") highest severity level was "ERROR", 0 body bytes, 0 header bytes  	[MsgId: MMSG-26388]
Action.c(34): Notify: Transaction "connection" ended with a "Fail" status (Duration: 2,0419).	[MsgId: MMSG-16873]
Action.c(34): Notify: Transaction "connection" has 4 error message(s).	[MsgId: MMSG-16818]
Action.c(34): Notify: The 1st error message associated with transaction "connection" is "Error -27792: Failed to connect to server "localhost:1080": [10061] Connection refused"	[MsgId: MMSG-16819]
Action.c(34): Notify: The 2nd error message associated with transaction "connection" is "Error -26377: No match found for the requested parameter "userSession". Either the specified boundaries were not found in the response or the matched text is longer than current max html parameter size of 256 bytes. The total length of the response is 0 bytes. You can use "web_set_max_html_param_len" to increase the max parameter size."	[MsgId: MMSG-16819]
Action.c(34): Notify: The 3rd error message associated with transaction "connection" is "Error -26366: "Text=A Session ID has been created and loaded into a cookie called MSO." not found for web_reg_find"	[MsgId: MMSG-16819]
Action.c(34): Notify: The 4th error message associated with transaction "connection" is "Error -26374: The above "not found" error(s) may be explained by header and body byte counts being 0 and 0, respectively."	[MsgId: MMSG-16819]
Action.c(34): Notify: Transaction "05_Login_and_logout" ended with a "Fail" status (Duration: 2,0450).	[MsgId: MMSG-16873]
Action.c(34): Notify: Transaction "05_Login_and_logout" has 4 error message(s).	[MsgId: MMSG-16818]
Action.c(34): Notify: The 1st error message associated with transaction "05_Login_and_logout" is "Error -27792: Failed to connect to server "localhost:1080": [10061] Connection refused"	[MsgId: MMSG-16819]
Action.c(34): Notify: The 2nd error message associated with transaction "05_Login_and_logout" is "Error -26377: No match found for the requested parameter "userSession". Either the specified boundaries were not found in the response or the matched text is longer than current max html parameter size of 256 bytes. The total length of the response is 0 bytes. You can use "web_set_max_html_param_len" to increase the max parameter size."	[MsgId: MMSG-16819]
Action.c(34): Notify: The 3rd error message associated with transaction "05_Login_and_logout" is "Error -26366: "Text=A Session ID has been created and loaded into a cookie called MSO." not found for web_reg_find"	[MsgId: MMSG-16819]
Action.c(34): Notify: The 4th error message associated with transaction "05_Login_and_logout" is "Error -26374: The above "not found" error(s) may be explained by header and body byte counts being 0 and 0, respectively."	[MsgId: MMSG-16819]
Ending action Action.	[MsgId: MMSG-15918]
Ending Vuser...	[MsgId: MMSG-15966]
Starting action vuser_end.	[MsgId: MMSG-15919]
Ending action vuser_end.	[MsgId: MMSG-15918]
Vuser Terminated.	[MsgId: MMSG-15963]
