Start auto log messages stack - Iteration 12.	[MsgId: MMSG-10545]
Action.c(59): Notify: Transaction "login" started.	[MsgId: MMSG-16999]
Action.c(62): web_reg_find started  	[MsgId: MMSG-26355]
Action.c(62): Registering web_reg_find was successful  	[MsgId: MMSG-26390]
Action.c(67): web_submit_data("login.pl") started  	[MsgId: MMSG-26355]
Action.c(67): Detected non-resource "http://localhost:1080/cgi-bin/nav.pl?username=VUser15&password=VUser15" in "http://localhost:1080/cgi-bin/login.pl"  	[MsgId: MMSG-26574]
Action.c(67): Detected non-resource "http://localhost:1080/cgi-bin/error.pl?error=badPassword" in "http://localhost:1080/cgi-bin/login.pl"  	[MsgId: MMSG-26574]
Action.c(67): Resource "http://localhost:1080/WebTours/images/mer_login.gif" is in the cache already and will not be downloaded again  	[MsgId: MMSG-26655]
Action.c(67): Error -26366: "Text=Welcome, <b>VUser15</b>, to the Web Tours reservation pages" not found for web_reg_find  	[MsgId: MERR-26366]
End auto log messages stack.	[MsgId: MMSG-10544]


Start auto log messages stack - Iteration 20.	[MsgId: MMSG-10545]
Action.c(59): Notify: Transaction "login" started.	[MsgId: MMSG-16999]
Action.c(62): web_reg_find started  	[MsgId: MMSG-26355]
Action.c(62): Registering web_reg_find was successful  	[MsgId: MMSG-26390]
Action.c(67): web_submit_data("login.pl") started  	[MsgId: MMSG-26355]
Action.c(67): Detected non-resource "http://localhost:1080/cgi-bin/nav.pl?username=VUser15&password=VUser15" in "http://localhost:1080/cgi-bin/login.pl"  	[MsgId: MMSG-26574]
Action.c(67): Detected non-resource "http://localhost:1080/cgi-bin/error.pl?error=badPassword" in "http://localhost:1080/cgi-bin/login.pl"  	[MsgId: MMSG-26574]
Action.c(67): Resource "http://localhost:1080/WebTours/images/mer_login.gif" is in the cache already and will not be downloaded again  	[MsgId: MMSG-26655]
Action.c(67): Error -26366: "Text=Welcome, <b>VUser15</b>, to the Web Tours reservation pages" not found for web_reg_find  	[MsgId: MERR-26366]
End auto log messages stack.	[MsgId: MMSG-10544]


